2023-08-29 10:29:49,892 [INFO] Activator:176 - 


2023-08-29 10:29:49,907 [INFO] Activator:177 - !SESSION log4j initialized
2023-08-29 10:30:01,199 [INFO] LogOutputStream:77 - [STDOUT_REDIRECT] 
2023-08-29 10:30:04,840 [INFO] ApplicationProperties:184 - Using Application install path: /opt/st/stm32cubeide_1.13.0/plugins/com.st.stm32cube.common.mx_6.9.0.202307051724
2023-08-29 10:30:04,919 [INFO] DbMcusXml:78 - Set database path to: /opt/st/stm32cubeide_1.13.0/plugins/com.st.stm32cube.common.mx_6.9.0.202307051724//db//mcu/
2023-08-29 10:30:04,920 [INFO] ApiDb:274 - Set plugin database path to: /opt/st/stm32cubeide_1.13.0/plugins/com.st.stm32cube.common.mx_6.9.0.202307051724//db//plugins/boardmanager/
2023-08-29 10:30:04,922 [WARN] ApiDb:259 - Overriding images path with different value:  => /opt/st/stm32cubeide_1.13.0/plugins/com.st.stm32cube.common.mx_6.9.0.202307051724//db//plugins/mcufinder/images/
2023-08-29 10:30:04,966 [INFO] ApiDb:250 - Set database path to: /home/northy/.stmcufinder/plugins/mcufinder//mcu/
2023-08-29 10:30:04,970 [INFO] DbMcusAds:125 - Set database path to: /home/northy/.stmcufinder/plugins/mcufinder//mcu/
2023-08-29 10:30:04,988 [INFO] CrossReferenceDbSqlite:203 - Set database path to: /home/northy/.stmcufinder/plugins/mcufinder//mcu/cs/
2023-08-29 10:30:05,354 [INFO] RulesReader:64 - Compatibility file has been processed (293 Rules)
2023-08-29 10:30:05,526 [INFO] DbMcusXml:78 - Set database path to: /opt/st/stm32cubeide_1.13.0/plugins/com.st.stm32cube.common.mx_6.9.0.202307051724//db//mcu/
2023-08-29 10:30:05,526 [INFO] ApiDb:274 - Set plugin database path to: /opt/st/stm32cubeide_1.13.0/plugins/com.st.stm32cube.common.mx_6.9.0.202307051724//db//plugins/boardmanager/
2023-08-29 10:30:05,527 [INFO] ApiDb:261 - Set plugin images path to: /opt/st/stm32cubeide_1.13.0/plugins/com.st.stm32cube.common.mx_6.9.0.202307051724//db//plugins/mcufinder/images/
2023-08-29 10:30:05,527 [WARN] DbFile:41 - Overriding database path with different value: /home/northy/.stmcufinder/plugins/mcufinder/ => /home/northy/.stmcufinder/plugins/mcufinder
2023-08-29 10:30:05,528 [INFO] ApiDb:250 - Set database path to: /home/northy/.stmcufinder/plugins/mcufinder//mcu/
2023-08-29 10:30:05,528 [WARN] DbFile:41 - Overriding database path with different value: /home/northy/.stmcufinder/plugins/mcufinder/ => /home/northy/.stmcufinder/plugins/mcufinder
2023-08-29 10:30:05,529 [INFO] DbMcusAds:125 - Set database path to: /home/northy/.stmcufinder/plugins/mcufinder//mcu/
2023-08-29 10:30:05,529 [WARN] DbFile:41 - Overriding database path with different value: /home/northy/.stmcufinder/plugins/mcufinder/ => /home/northy/.stmcufinder/plugins/mcufinder
2023-08-29 10:30:05,529 [WARN] DbFile:41 - Overriding database path with different value: /home/northy/.stmcufinder/plugins/mcufinder/ => /home/northy/.stmcufinder/plugins/mcufinder
2023-08-29 10:30:05,529 [INFO] CrossReferenceDbSqlite:203 - Set database path to: /home/northy/.stmcufinder/plugins/mcufinder//mcu/cs/
2023-08-29 10:30:05,720 [INFO] MainPanel:262 - HeapMemory: 268435456
2023-08-29 10:30:05,977 [INFO] DbMcusXml:78 - Set database path to: /opt/st/stm32cubeide_1.13.0/plugins/com.st.stm32cube.common.mx_6.9.0.202307051724//db//mcu/
2023-08-29 10:30:05,978 [INFO] ApiDb:274 - Set plugin database path to: /opt/st/stm32cubeide_1.13.0/plugins/com.st.stm32cube.common.mx_6.9.0.202307051724//db//plugins/boardmanager/
2023-08-29 10:30:05,978 [INFO] ApiDb:261 - Set plugin images path to: /opt/st/stm32cubeide_1.13.0/plugins/com.st.stm32cube.common.mx_6.9.0.202307051724//db//plugins/mcufinder/images/
2023-08-29 10:30:05,979 [WARN] DbFile:41 - Overriding database path with different value: /home/northy/.stmcufinder/plugins/mcufinder/ => /home/northy/.stmcufinder/plugins/mcufinder
2023-08-29 10:30:05,980 [INFO] ApiDb:250 - Set database path to: /home/northy/.stmcufinder/plugins/mcufinder//mcu/
2023-08-29 10:30:05,980 [WARN] DbFile:41 - Overriding database path with different value: /home/northy/.stmcufinder/plugins/mcufinder/ => /home/northy/.stmcufinder/plugins/mcufinder
2023-08-29 10:30:05,980 [INFO] DbMcusAds:125 - Set database path to: /home/northy/.stmcufinder/plugins/mcufinder//mcu/
2023-08-29 10:30:05,981 [WARN] DbFile:41 - Overriding database path with different value: /home/northy/.stmcufinder/plugins/mcufinder/ => /home/northy/.stmcufinder/plugins/mcufinder
2023-08-29 10:30:05,982 [WARN] DbFile:41 - Overriding database path with different value: /home/northy/.stmcufinder/plugins/mcufinder/ => /home/northy/.stmcufinder/plugins/mcufinder
2023-08-29 10:30:05,983 [INFO] CrossReferenceDbSqlite:203 - Set database path to: /home/northy/.stmcufinder/plugins/mcufinder//mcu/cs/
2023-08-29 10:30:06,029 [INFO] ApplicationProperties:184 - Using Application install path: /opt/st/stm32cubeide_1.13.0/plugins/com.st.stm32cube.common.mx_6.9.0.202307051724
2023-08-29 10:30:06,034 [INFO] PluginManage:196 - Search for loadable plugins [exclusion list=, ]
2023-08-29 10:30:06,037 [INFO] PluginManage:310 - Check plugin analytics
2023-08-29 10:30:06,552 [INFO] AnalyticsPlugin:253 - Accepted Software Licenses: 
2023-08-29 10:30:06,553 [INFO] AnalyticsPlugin:255 - Accepted CMSIS Pack Licenses: 
2023-08-29 10:30:06,554 [INFO] AnalyticsPlugin:257 - Accepted Firmware Licenses: FW.F7.1.17.0
2023-08-29 10:30:06,568 [INFO] PluginManage:359 - Loaded plugin analytics (category:tool,tabindex:-1)
2023-08-29 10:30:06,569 [INFO] PluginManage:310 - Check plugin cadmodel
2023-08-29 10:30:06,794 [INFO] CADModel:105 - Init CAD model plugin
2023-08-29 10:30:06,795 [INFO] PluginManage:359 - Loaded plugin cadmodel (category:power,tabindex:5)
2023-08-29 10:30:06,796 [INFO] PluginManage:310 - Check plugin clock
2023-08-29 10:30:06,835 [INFO] PluginManage:359 - Loaded plugin clock (category:base,tabindex:2)
2023-08-29 10:30:06,836 [INFO] PluginManage:310 - Check plugin ddr
2023-08-29 10:30:06,841 [INFO] PluginManage:359 - Loaded plugin ddr (category:tool,tabindex:6)
2023-08-29 10:30:06,842 [INFO] PluginManage:310 - Check plugin filemanager
2023-08-29 10:30:07,136 [INFO] PluginManage:359 - Loaded plugin filemanager (category:base,tabindex:10)
2023-08-29 10:30:07,136 [INFO] PluginManage:310 - Check plugin ipmanager
2023-08-29 10:30:07,149 [INFO] PluginManage:359 - Loaded plugin ipmanager (category:base,tabindex:5)
2023-08-29 10:30:07,150 [INFO] PluginManage:310 - Check plugin lpbam
2023-08-29 10:30:07,174 [INFO] PluginManage:359 - Loaded plugin lpbam (category:base,tabindex:0)
2023-08-29 10:30:07,174 [INFO] PluginManage:310 - Check plugin memorymap
2023-08-29 10:30:07,202 [INFO] PluginManage:359 - Loaded plugin memorymap (category:base,tabindex:4)
2023-08-29 10:30:07,203 [INFO] PluginManage:310 - Check plugin pinoutandconfiguration
2023-08-29 10:30:07,220 [INFO] PluginManage:359 - Loaded plugin pinoutandconfiguration (category:base,tabindex:1)
2023-08-29 10:30:07,221 [INFO] PluginManage:310 - Check plugin pinoutconfig
2023-08-29 10:30:07,449 [WARN] SupportedApi:132 - Cannot load RTOS API schema: s4s-elt-must-match.1: The content of 'definitions' must match (annotation?, (simpleType | complexType)?, (unique | key | keyref)*)). A problem was found starting at: attribute.
2023-08-29 10:30:07,840 [INFO] PluginManage:359 - Loaded plugin pinoutconfig (category:base,tabindex:0)
2023-08-29 10:30:07,840 [INFO] PluginManage:310 - Check plugin power
2023-08-29 10:30:07,869 [INFO] PluginManage:359 - Loaded plugin power (category:power,tabindex:4)
2023-08-29 10:30:07,870 [INFO] PluginManage:310 - Check plugin projectmanager
2023-08-29 10:30:07,905 [INFO] PluginManage:359 - Loaded plugin projectmanager (category:projectmanager,tabindex:3)
2023-08-29 10:30:07,906 [INFO] PluginManage:310 - Check plugin thirdparty
2023-08-29 10:30:08,223 [INFO] PluginManage:359 - Loaded plugin thirdparty (category:base,tabindex:-1)
2023-08-29 10:30:08,223 [WARN] IntegrityCheckThread:84 - waiting for thirdparty lock release [integrity check]
2023-08-29 10:30:08,224 [INFO] IntegrityCheckThread:86 - entering critical section [integrity check]
2023-08-29 10:30:08,224 [INFO] PluginManage:310 - Check plugin tools
2023-08-29 10:30:08,227 [INFO] ThirdPartyUpdaterWithRetryManager:70 - Updater plugin not ready yet. [1/15]
2023-08-29 10:30:08,232 [INFO] PluginManage:359 - Loaded plugin tools (category:base,tabindex:7)
2023-08-29 10:30:08,233 [INFO] PluginManage:310 - Check plugin tutovideos
2023-08-29 10:30:08,653 [INFO] PluginManage:359 - Loaded plugin tutovideos (category:base,tabindex:-1)
2023-08-29 10:30:08,653 [INFO] PluginManage:310 - Check plugin updater
2023-08-29 10:30:08,681 [INFO] PluginManage:359 - Loaded plugin updater (category:base,tabindex:12)
2023-08-29 10:30:08,681 [INFO] PluginManage:310 - Check plugin userauth
2023-08-29 10:30:08,693 [INFO] UserAuth:113 - Init User Auth plugin
2023-08-29 10:30:08,693 [INFO] PluginManage:359 - Loaded plugin userauth (category:base,tabindex:14)
2023-08-29 10:30:08,694 [INFO] PluginManage:283 - PluginManage : Loaded plugins [17]
2023-08-29 10:30:09,160 [INFO] PinOutPanel:1499 - setPackage(No Configuration,No Configuration)
2023-08-29 10:30:09,368 [INFO] CADModel:165 - CPN selected for project level
2023-08-29 10:30:09,369 [INFO] CADModel:114 - Register for checkConnection events
2023-08-29 10:30:09,393 [INFO] IPUIPlugin:80 - create IPUIPlugin
2023-08-29 10:30:09,394 [INFO] PluginManager:220 - loadIPPluginJar : add ts
2023-08-29 10:30:09,407 [INFO] IPUIPlugin:80 - create IPUIPlugin
2023-08-29 10:30:09,407 [INFO] PluginManager:220 - loadIPPluginJar : add pdm2pcm
2023-08-29 10:30:09,410 [INFO] IPUIPlugin:80 - create IPUIPlugin
2023-08-29 10:30:09,410 [INFO] PluginManager:220 - loadIPPluginJar : add fatfs
2023-08-29 10:30:09,415 [INFO] IPUIPlugin:80 - create IPUIPlugin
2023-08-29 10:30:09,416 [INFO] PluginManager:220 - loadIPPluginJar : add gfxmmu
2023-08-29 10:30:09,428 [INFO] IPUIPlugin:80 - create IPUIPlugin
2023-08-29 10:30:09,429 [INFO] PluginManager:220 - loadIPPluginJar : add gpio
2023-08-29 10:30:09,440 [INFO] IPUIPlugin:80 - create IPUIPlugin
2023-08-29 10:30:09,441 [INFO] PluginManager:220 - loadIPPluginJar : add freertos
2023-08-29 10:30:09,446 [INFO] IPUIPlugin:80 - create IPUIPlugin
2023-08-29 10:30:09,447 [INFO] PluginManager:220 - loadIPPluginJar : add spi
2023-08-29 10:30:09,450 [INFO] IPUIPlugin:80 - create IPUIPlugin
2023-08-29 10:30:09,451 [INFO] PluginManager:220 - loadIPPluginJar : add quadspi
2023-08-29 10:30:09,456 [INFO] IPUIPlugin:80 - create IPUIPlugin
2023-08-29 10:30:09,456 [INFO] PluginManager:220 - loadIPPluginJar : add tim
2023-08-29 10:30:09,462 [INFO] IPUIPlugin:80 - create IPUIPlugin
2023-08-29 10:30:09,463 [INFO] PluginManager:220 - loadIPPluginJar : add aes
2023-08-29 10:30:09,478 [INFO] IPUIPlugin:80 - create IPUIPlugin
2023-08-29 10:30:09,479 [INFO] PluginManager:220 - loadIPPluginJar : add dma
2023-08-29 10:30:09,484 [INFO] IPUIPlugin:80 - create IPUIPlugin
2023-08-29 10:30:09,485 [INFO] PluginManager:220 - loadIPPluginJar : add tracer_emb
2023-08-29 10:30:09,489 [INFO] IPUIPlugin:80 - create IPUIPlugin
2023-08-29 10:30:09,490 [INFO] PluginManager:220 - loadIPPluginJar : add comp
2023-08-29 10:30:09,497 [INFO] IPUIPlugin:80 - create IPUIPlugin
2023-08-29 10:30:09,498 [INFO] PluginManager:220 - loadIPPluginJar : add openamp
2023-08-29 10:30:09,505 [INFO] IPUIPlugin:80 - create IPUIPlugin
2023-08-29 10:30:09,506 [INFO] PluginManager:220 - loadIPPluginJar : add dfsdm
2023-08-29 10:30:09,512 [INFO] IPUIPlugin:80 - create IPUIPlugin
2023-08-29 10:30:09,513 [INFO] PluginManager:220 - loadIPPluginJar : add cryp
2023-08-29 10:30:09,519 [INFO] IPUIPlugin:80 - create IPUIPlugin
2023-08-29 10:30:09,519 [INFO] PluginManager:220 - loadIPPluginJar : add i2s
2023-08-29 10:30:09,538 [INFO] IPUIPlugin:80 - create IPUIPlugin
2023-08-29 10:30:09,547 [INFO] PluginManager:220 - loadIPPluginJar : add plateformsettings
2023-08-29 10:30:09,556 [INFO] IPUIPlugin:80 - create IPUIPlugin
2023-08-29 10:30:09,556 [INFO] PluginManager:220 - loadIPPluginJar : add touchsensing
2023-08-29 10:30:09,563 [INFO] IPUIPlugin:80 - create IPUIPlugin
2023-08-29 10:30:09,563 [INFO] PluginManager:220 - loadIPPluginJar : add i3c
2023-08-29 10:30:09,571 [INFO] IPUIPlugin:80 - create IPUIPlugin
2023-08-29 10:30:09,571 [INFO] PluginManager:220 - loadIPPluginJar : add usart
2023-08-29 10:30:09,579 [INFO] IPUIPlugin:80 - create IPUIPlugin
2023-08-29 10:30:09,580 [INFO] PluginManager:220 - loadIPPluginJar : add i2c
2023-08-29 10:30:09,598 [INFO] IPUIPlugin:80 - create IPUIPlugin
2023-08-29 10:30:09,599 [INFO] PluginManager:220 - loadIPPluginJar : add mdma
2023-08-29 10:30:09,604 [INFO] IPUIPlugin:80 - create IPUIPlugin
2023-08-29 10:30:09,604 [INFO] PluginManager:220 - loadIPPluginJar : add ucpd
2023-08-29 10:30:09,611 [INFO] IPUIPlugin:80 - create IPUIPlugin
2023-08-29 10:30:09,611 [INFO] PluginManager:220 - loadIPPluginJar : add lorawan
2023-08-29 10:30:09,616 [INFO] IPUIPlugin:80 - create IPUIPlugin
2023-08-29 10:30:09,617 [INFO] PluginManager:220 - loadIPPluginJar : add ltdc
2023-08-29 10:30:09,626 [INFO] IPUIPlugin:80 - create IPUIPlugin
2023-08-29 10:30:09,627 [INFO] PluginManager:220 - loadIPPluginJar : add ipddr
2023-08-29 10:30:09,643 [INFO] IPUIPlugin:80 - create IPUIPlugin
2023-08-29 10:30:09,644 [INFO] PluginManager:220 - loadIPPluginJar : add stm32_wpan
2023-08-29 10:30:09,648 [INFO] IPUIPlugin:80 - create IPUIPlugin
2023-08-29 10:30:09,648 [INFO] PluginManager:220 - loadIPPluginJar : add genericplugin
2023-08-29 10:30:09,666 [INFO] IPUIPlugin:80 - create IPUIPlugin
2023-08-29 10:30:09,666 [INFO] PluginManager:220 - loadIPPluginJar : add adc
2023-08-29 10:30:09,677 [INFO] IPUIPlugin:80 - create IPUIPlugin
2023-08-29 10:30:09,678 [INFO] PluginManager:220 - loadIPPluginJar : add nvic
2023-08-29 10:30:09,686 [INFO] IPUIPlugin:80 - create IPUIPlugin
2023-08-29 10:30:09,686 [INFO] PluginManager:220 - loadIPPluginJar : add sai
2023-08-29 10:30:09,690 [INFO] IPUIPlugin:80 - create IPUIPlugin
2023-08-29 10:30:09,691 [INFO] PluginManager:220 - loadIPPluginJar : add tsc
2023-08-29 10:30:09,704 [INFO] IPUIPlugin:80 - create IPUIPlugin
2023-08-29 10:30:09,705 [INFO] PluginManager:220 - loadIPPluginJar : add gic
2023-08-29 10:30:09,722 [INFO] IPUIPlugin:80 - create IPUIPlugin
2023-08-29 10:30:09,722 [INFO] PluginManager:220 - loadIPPluginJar : add linkedlist
2023-08-29 10:30:09,732 [INFO] IPUIPlugin:80 - create IPUIPlugin
2023-08-29 10:30:09,732 [INFO] PluginManager:220 - loadIPPluginJar : add resmgrutility
2023-08-29 10:30:09,738 [INFO] IPUIPlugin:80 - create IPUIPlugin
2023-08-29 10:30:09,739 [INFO] PluginManager:220 - loadIPPluginJar : add dma3
2023-08-29 10:30:09,746 [INFO] IPUIPlugin:80 - create IPUIPlugin
2023-08-29 10:30:09,746 [INFO] PluginManager:220 - loadIPPluginJar : add usbx
2023-08-29 10:30:09,753 [INFO] IPUIPlugin:80 - create IPUIPlugin
2023-08-29 10:30:09,753 [INFO] PluginManager:220 - loadIPPluginJar : add can
2023-08-29 10:30:09,760 [INFO] IPUIPlugin:80 - create IPUIPlugin
2023-08-29 10:30:09,761 [INFO] PluginManager:220 - loadIPPluginJar : add gtzc
2023-08-29 10:30:09,771 [INFO] IPUIPlugin:80 - create IPUIPlugin
2023-08-29 10:30:09,772 [INFO] PluginManager:220 - loadIPPluginJar : add fmc
2023-08-29 10:30:09,777 [INFO] IPUIPlugin:80 - create IPUIPlugin
2023-08-29 10:30:09,778 [INFO] PluginManager:220 - loadIPPluginJar : add hash
2023-08-29 10:30:09,786 [INFO] IPUIPlugin:80 - create IPUIPlugin
2023-08-29 10:30:09,786 [INFO] PluginManager:220 - loadIPPluginJar : add opamp
2023-08-29 10:30:09,942 [INFO] CADModel:165 - CPN selected for project level
2023-08-29 10:30:09,943 [INFO] CADModel:114 - Register for checkConnection events
2023-08-29 10:30:09,943 [FATAL] Updater:308 - Updater called before beeing initialized
2023-08-29 10:30:09,944 [ERROR] CADModel:125 - Updater not yet initialized, retry later 
2023-08-29 10:30:10,231 [INFO] CADModel:165 - CPN selected for project level
2023-08-29 10:30:10,232 [INFO] CADModel:114 - Register for checkConnection events
2023-08-29 10:30:10,232 [FATAL] Updater:308 - Updater called before beeing initialized
2023-08-29 10:30:10,232 [ERROR] CADModel:125 - Updater not yet initialized, retry later 
2023-08-29 10:30:10,241 [FATAL] Updater:308 - Updater called before beeing initialized
2023-08-29 10:30:10,486 [FATAL] Updater:308 - Updater called before beeing initialized
2023-08-29 10:30:10,498 [INFO] DbMcusAds:53 - JSON generation date=Tue Mar 07 15:50:55 ICT 2023 (1678179055114)
2023-08-29 10:30:10,498 [FATAL] Updater:308 - Updater called before beeing initialized
2023-08-29 10:30:10,578 [WARN] DetailPanel:346 - Failed to get advertising image, set to default
2023-08-29 10:30:10,759 [FATAL] Updater:308 - Updater called before beeing initialized
2023-08-29 10:30:10,763 [FATAL] Updater:308 - Updater called before beeing initialized
2023-08-29 10:30:10,764 [FATAL] Updater:308 - Updater called before beeing initialized
2023-08-29 10:30:10,764 [WARN] DetailPanel:346 - Failed to get advertising image, set to default
2023-08-29 10:30:10,765 [FATAL] Updater:308 - Updater called before beeing initialized
2023-08-29 10:30:10,844 [ERROR] Updater:1120 - MainUpdater not yet initialized. External WinMGr cannot be set.
2023-08-29 10:30:10,848 [INFO] Updater:1056 - Updater Version found : 6.9.0
2023-08-29 10:30:10,894 [INFO] ApplicationProperties:184 - Using Application install path: /opt/st/stm32cubeide_1.13.0/plugins/com.st.stm32cube.common.mx_6.9.0.202307051724
2023-08-29 10:30:11,124 [INFO] MainUpdater:2868 - connection check result : 10
2023-08-29 10:30:11,124 [INFO] MainUpdater:3562 - Updater definition file requires update
2023-08-29 10:30:11,127 [INFO] MainUpdater:285 - Updater Check For Update Now.
2023-08-29 10:30:11,128 [INFO] MicroXplorer:498 - Change Database Version : DB.6.0.90
2023-08-29 10:30:11,145 [INFO] McuFinderGlobals:63 - Set McuFinder mode to 2 (CubeIDE integrated)
2023-08-29 10:30:11,229 [WARN] MainUpdater:1189 - Updater busy. Cannot search thirdparties
2023-08-29 10:30:11,230 [INFO] ThirdPartyUpdaterWithRetryManager:96 - Updater plugin is busy. [1/15]
2023-08-29 10:30:12,996 [INFO] ServerAccessManage:473 - Download File updaters.zip
2023-08-29 10:30:13,119 [INFO] FileExtend:240 - Unzip File : updaters.zip
2023-08-29 10:30:13,120 [INFO] FileExtend:255 - Standard Zip Deflate
2023-08-29 10:30:14,231 [WARN] MainUpdater:1189 - Updater busy. Cannot search thirdparties
2023-08-29 10:30:14,231 [INFO] ThirdPartyUpdaterWithRetryManager:96 - Updater plugin is busy. [2/15]
2023-08-29 10:30:14,431 [INFO] ServerAccessManage:473 - Download File PacksControlFlags.xml
2023-08-29 10:30:15,441 [INFO] ServerAccessManage:473 - Download File cubemx.pidx
2023-08-29 10:30:16,961 [INFO] ServerAccessManage:473 - Download File STMicroelectronics.X-CUBE-FREERTOS.pdsc
2023-08-29 10:30:17,231 [WARN] MainUpdater:1189 - Updater busy. Cannot search thirdparties
2023-08-29 10:30:17,232 [INFO] ThirdPartyUpdaterWithRetryManager:96 - Updater plugin is busy. [3/15]
2023-08-29 10:30:20,233 [WARN] MainUpdater:1189 - Updater busy. Cannot search thirdparties
2023-08-29 10:30:20,233 [INFO] ThirdPartyUpdaterWithRetryManager:96 - Updater plugin is busy. [4/15]
2023-08-29 10:30:20,851 [ERROR] ServerAccessManage:1096 - Problem, Http access forbiden
2023-08-29 10:30:20,852 [ERROR] ServerAccessManage:651 - Problem, Http access forbiden : RoweBots.I-CUBE-UNISONRTOS.pdsc.
2023-08-29 10:30:21,172 [WARN] PackLoader:240 - Cannot read IP mode file for STMicroelectronics.X-CUBE-FREERTOS.1.1.0
2023-08-29 10:30:21,179 [INFO] PopulateThirdPartyThread:66 - Ending populate Thread
2023-08-29 10:30:21,183 [INFO] ThirdParty:1030 - CMSIS Pack Vendor :STMicroelectronics X-CUBE-FREERTOS 1.1.0
2023-08-29 10:30:21,185 [INFO] LoadServerUpdatesThread:373 - End of LoadServerUpdate Thread
2023-08-29 10:30:21,330 [INFO] CheckServerUpdateThread:120 - End of CheckServer Thread
2023-08-29 10:30:23,437 [WARN] PackLoader:240 - Cannot read IP mode file for STMicroelectronics.X-CUBE-SMBUS.2.1.0
2023-08-29 10:30:23,500 [WARN] PackLoader:240 - Cannot read IP mode file for STMicroelectronics.X-CUBE-AZRTOS-F7.1.1.0
2023-08-29 10:30:23,533 [WARN] PackLoader:240 - Cannot read IP mode file for STMicroelectronics.FP-SNS-MOTENV1.4.3.2
2023-08-29 10:30:23,550 [WARN] PackLoader:240 - Cannot read IP mode file for STMicroelectronics.FP-SNS-FLIGHT1.5.0.1
2023-08-29 10:30:23,569 [WARN] PackLoader:240 - Cannot read IP mode file for STMicroelectronics.X-CUBE-BLE1.6.2.4
2023-08-29 10:30:23,580 [WARN] PackLoader:240 - Cannot read IP mode file for STMicroelectronics.FP-SNS-FLIGHT1.5.0.2
2023-08-29 10:30:23,606 [WARN] PackLoader:240 - Cannot read IP mode file for STMicroelectronics.X-CUBE-DISPLAY.3.0.0
2023-08-29 10:30:23,635 [WARN] PackLoader:240 - Cannot read IP mode file for STMicroelectronics.X-CUBE-BLE1.7.0.0
2023-08-29 10:30:23,648 [WARN] PackLoader:240 - Cannot read IP mode file for emotas.I-CUBE-CANOPEN.1.3.0
2023-08-29 10:30:23,656 [WARN] PackLoader:240 - Cannot read IP mode file for STMicroelectronics.X-CUBE-TOUCHGFX.4.22.0
2023-08-29 10:30:23,688 [INFO] LogOutputStream:77 - [STDOUT_REDIRECT] 1 : Invalid condition id : UX_CORESTACK_Condition cause : null
2023-08-29 10:30:23,689 [INFO] LogOutputStream:77 - [STDOUT_REDIRECT] 1 : Invalid condition id : UX_CORESTACK_Condition cause : null
2023-08-29 10:30:23,690 [INFO] LogOutputStream:77 - [STDOUT_REDIRECT] 1 : Invalid condition id : UX_CORESTACK_Condition cause : null
2023-08-29 10:30:23,692 [INFO] LogOutputStream:77 - [STDOUT_REDIRECT] 1 : Invalid condition id : UX_CORESTACK_Condition cause : null
2023-08-29 10:30:23,693 [INFO] LogOutputStream:77 - [STDOUT_REDIRECT] 1 : Invalid condition id : UX_CORESTACK_Condition cause : null
2023-08-29 10:30:23,709 [WARN] PackLoader:240 - Cannot read IP mode file for STMicroelectronics.X-CUBE-AZRTOS-WL.2.0.0
2023-08-29 10:30:23,729 [WARN] PackLoader:240 - Cannot read IP mode file for WES.I-CUBE-Cesium.1.3.0
2023-08-29 10:30:23,744 [WARN] PackLoader:240 - Cannot read IP mode file for STMicroelectronics.X-CUBE-BLE2.3.3.0
2023-08-29 10:30:23,760 [WARN] PackLoader:240 - Cannot read IP mode file for STMicroelectronics.X-CUBE-ALGOBUILD.1.3.0
2023-08-29 10:30:23,812 [WARN] PackLoader:240 - Cannot read IP mode file for STMicroelectronics.X-CUBE-AZRTOS-G0.1.1.0
2023-08-29 10:30:23,835 [WARN] PackLoader:240 - Cannot read IP mode file for STMicroelectronics.X-CUBE-NFC4.3.0.0
2023-08-29 10:30:23,853 [WARN] PackLoader:240 - Cannot read IP mode file for STMicroelectronics.FP-ATR-SIGFOX1.3.2.0
2023-08-29 10:30:23,958 [WARN] PackLoader:240 - Cannot read IP mode file for SEGGER.I-CUBE-embOS.1.3.1
2023-08-29 10:30:24,074 [WARN] PackLoader:240 - Cannot read IP mode file for STMicroelectronics.X-CUBE-GNSS1.6.0.0
2023-08-29 10:30:24,119 [WARN] PackLoader:240 - Cannot read IP mode file for STMicroelectronics.X-CUBE-AZRTOS-F4.1.1.0
2023-08-29 10:30:24,133 [WARN] PackLoader:240 - Cannot read IP mode file for wolfSSL.I-CUBE-wolfSSL.5.6.3
2023-08-29 10:30:24,179 [WARN] PackLoader:240 - Cannot read IP mode file for STMicroelectronics.X-CUBE-AZRTOS-L5.2.0.0
2023-08-29 10:30:24,289 [WARN] PackLoader:240 - Cannot read IP mode file for STMicroelectronics.X-CUBE-MEMS1.9.6.0
2023-08-29 10:30:24,639 [WARN] PackLoader:240 - Cannot read IP mode file for STMicroelectronics.X-CUBE-BLEMGR.2.0.0
2023-08-29 10:30:24,677 [WARN] ConditionMgr:438 - getConditionDescription Invalid condition id : UX DEVICE CLASS RTOS Condition cause : null
2023-08-29 10:30:24,678 [WARN] ConditionMgr:438 - getConditionDescription Invalid condition id : UX DEVICE CLASS RTOS Condition cause : null
2023-08-29 10:30:24,685 [WARN] PackLoader:240 - Cannot read IP mode file for STMicroelectronics.X-CUBE-AZRTOS-H7.3.1.0
2023-08-29 10:30:24,688 [WARN] ConditionMgr:1039 - genDependencies : Invalid condition id : UX DEVICE CLASS RTOS Condition cause : null
2023-08-29 10:30:24,688 [WARN] ConditionMgr:1039 - genDependencies : Invalid condition id : UX DEVICE CLASS RTOS Condition cause : null
2023-08-29 10:30:24,690 [WARN] ConditionMgr:1039 - genDependencies : Invalid condition id : UX DEVICE CLASS RTOS Condition cause : null
2023-08-29 10:30:24,691 [WARN] ConditionMgr:1039 - genDependencies : Invalid condition id : UX DEVICE CLASS RTOS Condition cause : null
2023-08-29 10:30:24,692 [WARN] ConditionMgr:1039 - genDependencies : Invalid condition id : UX DEVICE CLASS RTOS Condition cause : null
2023-08-29 10:30:24,703 [WARN] PackLoader:240 - Cannot read IP mode file for STMicroelectronics.X-CUBE-NFC7.1.0.1
2023-08-29 10:30:24,713 [WARN] PackLoader:240 - Cannot read IP mode file for STMicroelectronics.X-CUBE-EEPRMA1.4.1.0
2023-08-29 10:30:24,721 [WARN] PackLoader:240 - Cannot read IP mode file for STMicroelectronics.X-CUBE-AI.8.1.0
2023-08-29 10:30:24,754 [WARN] ConditionMgr:438 - getConditionDescription Invalid condition id : LAN8742 Phy interface Condition cause : null
2023-08-29 10:30:24,756 [WARN] PackLoader:240 - Cannot read IP mode file for STMicroelectronics.X-CUBE-AZRTOS-L4.2.0.0
2023-08-29 10:30:24,759 [WARN] ConditionMgr:1039 - genDependencies : Invalid condition id : LAN8742 Phy interface Condition cause : null
2023-08-29 10:30:24,760 [WARN] ConditionMgr:1039 - genDependencies : Invalid condition id : LAN8742 Phy interface Condition cause : null
2023-08-29 10:30:24,763 [WARN] ConditionMgr:1039 - genDependencies : Invalid condition id : LAN8742 Phy interface Condition cause : null
2023-08-29 10:30:24,780 [WARN] PackLoader:240 - Cannot read IP mode file for STMicroelectronics.X-CUBE-SFXS2LP1.4.0.0
2023-08-29 10:30:24,792 [WARN] PackLoader:240 - Cannot read IP mode file for STMicroelectronics.X-CUBE-ISPU.1.1.0
2023-08-29 10:30:24,824 [WARN] ConditionMgr:438 - getConditionDescription Invalid condition id : UX DEVICE CLASS RTOS Condition cause : null
2023-08-29 10:30:24,826 [WARN] ConditionMgr:438 - getConditionDescription Invalid condition id : UX DEVICE CLASS RTOS Condition cause : null
2023-08-29 10:30:24,833 [WARN] PackLoader:240 - Cannot read IP mode file for STMicroelectronics.X-CUBE-AZRTOS-WB.2.0.0
2023-08-29 10:30:24,836 [WARN] ConditionMgr:1039 - genDependencies : Invalid condition id : UX DEVICE CLASS RTOS Condition cause : null
2023-08-29 10:30:24,837 [WARN] ConditionMgr:1039 - genDependencies : Invalid condition id : UX DEVICE CLASS RTOS Condition cause : null
2023-08-29 10:30:24,838 [WARN] ConditionMgr:1039 - genDependencies : Invalid condition id : UX DEVICE CLASS RTOS Condition cause : null
2023-08-29 10:30:24,839 [WARN] ConditionMgr:1039 - genDependencies : Invalid condition id : UX DEVICE CLASS RTOS Condition cause : null
2023-08-29 10:30:24,840 [WARN] ConditionMgr:1039 - genDependencies : Invalid condition id : UX DEVICE CLASS RTOS Condition cause : null
2023-08-29 10:30:24,869 [WARN] PackLoader:240 - Cannot read IP mode file for STMicroelectronics.X-CUBE-FREERTOS.1.0.1
2023-08-29 10:30:24,900 [WARN] PackLoader:240 - Cannot read IP mode file for STMicroelectronics.X-CUBE-AZRTOS-L5.1.1.0
2023-08-29 10:30:24,912 [WARN] PackLoader:240 - Cannot read IP mode file for STMicroelectronics.X-CUBE-AI.8.0.1
2023-08-29 10:30:24,932 [WARN] PackLoader:240 - Cannot read IP mode file for STMicroelectronics.X-CUBE-SUBG2.5.0.0
2023-08-29 10:30:24,966 [WARN] PackLoader:240 - Cannot read IP mode file for STMicroelectronics.X-CUBE-TOF1.3.3.1
2023-08-29 10:30:25,011 [WARN] PackLoader:240 - Cannot read IP mode file for STMicroelectronics.X-CUBE-AZRTOS-G4.2.0.0
2023-08-29 10:30:25,040 [WARN] PackLoader:240 - Cannot read IP mode file for STMicroelectronics.X-CUBE-TOF1.3.3.0
2023-08-29 10:30:25,065 [WARN] PackLoader:240 - Cannot read IP mode file for STMicroelectronics.X-CUBE-FREERTOS.1.1.0
2023-08-29 10:30:25,076 [WARN] PackLoader:240 - Cannot read IP mode file for portGmbH.I-Cube-SoM-uGOAL.1.1.0
2023-08-29 10:30:25,087 [WARN] PackLoader:240 - Cannot read IP mode file for STMicroelectronics.X-CUBE-ALS.1.0.1
2023-08-29 10:30:25,119 [WARN] PackLoader:240 - Cannot read IP mode file for STMicroelectronics.X-CUBE-AZRTOS-WB.1.1.0
2023-08-29 10:30:25,133 [WARN] PackLoader:240 - Cannot read IP mode file for STMicroelectronics.FP-ATR-ASTRA1.2.0.0
2023-08-29 10:30:25,136 [INFO] ThirdParty:978 - Integrity check success = true
2023-08-29 10:30:25,136 [INFO] IntegrityCheckThread:100 - exiting critical section [integrity check]
2023-08-29 10:30:25,136 [INFO] IntegrityCheckThread:103 - End integrity checks thread
2023-08-29 10:30:32,544 [ERROR] LogOutputStream:75 - [STDERR_REDIRECT] SLF4J: Failed to load class "org.slf4j.impl.StaticLoggerBinder".
2023-08-29 10:30:32,546 [ERROR] LogOutputStream:75 - [STDERR_REDIRECT] SLF4J: Defaulting to no-operation (NOP) logger implementation
2023-08-29 10:30:32,547 [ERROR] LogOutputStream:75 - [STDERR_REDIRECT] SLF4J: See http://www.slf4j.org/codes.html#StaticLoggerBinder for further details.
2023-08-29 13:12:59,174 [INFO] McuFinderGlobals:63 - Set McuFinder mode to 2 (CubeIDE integrated)
2023-08-29 13:12:59,183 [INFO] MainUpdater:2868 - connection check result : 10
2023-08-29 13:12:59,184 [INFO] MainUpdater:2868 - connection check result : 10
2023-08-29 13:12:59,242 [INFO] MicroXplorer:468 - Change Database Path : 
2023-08-29 13:12:59,243 [INFO] MicroXplorer:498 - Change Database Version : DB.6.0.90
2023-08-29 13:12:59,252 [WARN] ThirdParty:871 - waiting for thirdparty lock release [close project]
2023-08-29 13:12:59,253 [INFO] ThirdParty:873 - entering critical section [close project]
2023-08-29 13:12:59,256 [INFO] ThirdParty:883 - exiting critical section [close project]
2023-08-29 13:12:59,261 [INFO] PinOutPanel:1499 - setPackage(No Configuration,No Configuration)
2023-08-29 13:12:59,287 [INFO] UtilMem:75 - Begin LoadConfig() Used Memory: 378505240 Bytes (497025024)
2023-08-29 13:12:59,289 [INFO] MicroXplorer:468 - Change Database Path : 
2023-08-29 13:12:59,290 [INFO] MicroXplorer:498 - Change Database Version : DB.6.0.90
2023-08-29 13:12:59,290 [INFO] OpenFileManager:308 - Change cursor
2023-08-29 13:12:59,381 [INFO] Mcu:1946 - Initializing MCU STM32F767ZITx STM32F767ZITx STM32F767ZIT6
2023-08-29 13:13:03,583 [INFO] Context:659 - Trying to add GPIOservice into a context  which must be forbidden
2023-08-29 13:13:05,116 [INFO] RtosManager:555 - Registered RTOS mode: class=CMSIS, group=RTOS, mode=CMSIS_V1, owner=FREERTOS
2023-08-29 13:13:05,117 [INFO] RtosManager:555 - Registered RTOS mode: class=CMSIS, group=RTOS2, mode=CMSIS_V2, owner=FREERTOS
2023-08-29 13:13:05,117 [INFO] RtosManager:555 - Registered RTOS mode: class=RTOS, group=Core, mode=CMSIS_V1, owner=FREERTOS
2023-08-29 13:13:05,117 [INFO] RtosManager:555 - Registered RTOS mode: class=RTOS, group=Core, mode=CMSIS_V2, owner=FREERTOS
2023-08-29 13:13:05,118 [WARN] ModelIntegratedComponent:184 - Missing modes for component STMicroelectronics:FreeRTOS:0.0.1:STMicroelectronics:RTOS:FreeRTOS:Core:::10.2.0:
2023-08-29 13:13:05,145 [WARN] ModelIntegratedComponent:63 - No mode defined for component null
2023-08-29 13:13:05,145 [WARN] ModelIntegratedComponent:63 - No mode defined for component null
2023-08-29 13:13:05,145 [WARN] ModelIntegratedComponent:63 - No mode defined for component null
2023-08-29 13:13:05,145 [WARN] ModelIntegratedComponent:63 - No mode defined for component null
2023-08-29 13:13:05,145 [WARN] ModelIntegratedComponent:63 - No mode defined for component null
2023-08-29 13:13:05,146 [WARN] ModelIntegratedComponent:63 - No mode defined for component null
2023-08-29 13:13:05,146 [WARN] ModelIntegratedComponent:63 - No mode defined for component null
2023-08-29 13:13:05,146 [WARN] ModelIntegratedComponent:63 - No mode defined for component null
2023-08-29 13:13:05,146 [WARN] ModelIntegratedComponent:63 - No mode defined for component null
2023-08-29 13:13:05,146 [WARN] ModelIntegratedComponent:63 - No mode defined for component null
2023-08-29 13:13:05,146 [WARN] ModelIntegratedComponent:63 - No mode defined for component null
2023-08-29 13:13:05,146 [WARN] ModelIntegratedComponent:63 - No mode defined for component null
2023-08-29 13:13:05,146 [WARN] ModelIntegratedComponent:63 - No mode defined for component null
2023-08-29 13:13:05,146 [WARN] ModelIntegratedComponent:63 - No mode defined for component null
2023-08-29 13:13:05,147 [WARN] ModelIntegratedComponent:63 - No mode defined for component null
2023-08-29 13:13:05,147 [WARN] ModelIntegratedComponent:63 - No mode defined for component null
2023-08-29 13:13:05,147 [WARN] ModelIntegratedComponent:63 - No mode defined for component null
2023-08-29 13:13:05,147 [WARN] ModelIntegratedComponent:63 - No mode defined for component null
2023-08-29 13:13:05,147 [WARN] ModelIntegratedComponent:63 - No mode defined for component null
2023-08-29 13:13:05,147 [WARN] ModelIntegratedComponent:63 - No mode defined for component null
2023-08-29 13:13:05,147 [WARN] ModelIntegratedComponent:63 - No mode defined for component null
2023-08-29 13:13:05,147 [WARN] ModelIntegratedComponent:63 - No mode defined for component null
2023-08-29 13:13:05,147 [WARN] ModelIntegratedComponent:63 - No mode defined for component null
2023-08-29 13:13:05,147 [WARN] ModelIntegratedComponent:63 - No mode defined for component null
2023-08-29 13:13:05,147 [WARN] ModelIntegratedComponent:63 - No mode defined for component null
2023-08-29 13:13:05,148 [WARN] ModelIntegratedComponent:63 - No mode defined for component null
2023-08-29 13:13:05,148 [WARN] ModelIntegratedComponent:63 - No mode defined for component null
2023-08-29 13:13:05,148 [WARN] ModelIntegratedComponent:63 - No mode defined for component null
2023-08-29 13:13:05,148 [WARN] ModelIntegratedComponent:63 - No mode defined for component null
2023-08-29 13:13:05,148 [WARN] ModelIntegratedComponent:63 - No mode defined for component null
2023-08-29 13:13:05,148 [WARN] ModelIntegratedComponent:63 - No mode defined for component null
2023-08-29 13:13:05,148 [WARN] ModelIntegratedComponent:63 - No mode defined for component null
2023-08-29 13:13:05,148 [WARN] ModelIntegratedComponent:63 - No mode defined for component null
2023-08-29 13:13:05,191 [INFO] ThirdPartyModel:298 - Start build external matchings
2023-08-29 13:13:05,818 [INFO] ThirdPartyModel:316 - End build external matchings
2023-08-29 13:13:06,454 [INFO] UtilMem:75 - End LoadConfig() Used Memory: 233998080 Bytes (497025024)
2023-08-29 13:13:06,677 [INFO] ApiDb:581 - Connected to CubeFinder SQLite database (/home/northy/.stmcufinder/plugins/mcufinder/mcu/cube-finder-db.db)
2023-08-29 13:13:06,776 [INFO] ApiDb:668 - CubeFinder database Data Model version=2.1
2023-08-29 13:13:06,777 [INFO] ApiDb:669 - CubeFinder database Configuration version=3.0.37
2023-08-29 13:13:06,781 [INFO] ApiDb:670 - CubeFinder database generation date=2023-08-09 (1691586011)
2023-08-29 13:13:06,781 [INFO] ApiDb:671 - CubeFinder database FW Pack versions=[FP-ATR-ASTRA1_V2.0.0, FP-SNS-FLIGHT1_V5.0.1, FP-SNS-FLIGHT1_V5.0.2, FP-SNS-MOTENV1_V4.3.1, FP-SNS-MOTENV1_V4.3.2, STM32Cube_FW_C0_V1.1.0, STM32Cube_FW_F4_V1.27.1, STM32Cube_FW_F7_V1.17.0, STM32Cube_FW_G0_V1.6.1, STM32Cube_FW_G4_V1.5.1, STM32Cube_FW_H5_V0.5.1, STM32Cube_FW_H5_V1.1.0, STM32Cube_FW_H7_V1.11.0, STM32Cube_FW_L0_V1.12.2, STM32Cube_FW_L5_V1.5.0, STM32Cube_FW_U5_V1.3.0, STM32Cube_FW_U5_V1.3.0RC4, STM32Cube_FW_WBA_V1.0.0RC1, STM32Cube_FW_WBA_V1.1.0, STM32Cube_FW_WBA_V1.1.0RC1, STM32Cube_FW_WB_V1.15.0RC1, STM32Cube_FW_WB_V1.16.0, STM32Cube_FW_WB_V1.16.0RC2, STM32Cube_FW_WB_V1.17.0, STM32Cube_FW_WL_V1.3.0, X-CUBE-ALGOBUILD_V1.3.0, X-CUBE-ALS_V1.0.1, X-CUBE-AZRTOS-F4_V1.1.0, X-CUBE-AZRTOS-F7_V1.1.0, X-CUBE-AZRTOS-G0_V1.1.0, X-CUBE-AZRTOS-G4_V2.0.0, X-CUBE-AZRTOS-H7_V3.1.0, X-CUBE-AZRTOS-L4_V1.0.0, X-CUBE-AZRTOS-L4_V2.0.0, X-CUBE-AZRTOS-L5_V1.1.0, X-CUBE-AZRTOS-WB_V1.1.0, X-CUBE-AZRTOS-WL_V2.0.0, X-CUBE-BLE1_V7.0.0, X-CUBE-BLE2_V3.3.0, X-CUBE-BLEMGR_V2.0.0, X-CUBE-EEPRMA1_V4.1.0, X-CUBE-FREERTOS_V1.1.0, X-CUBE-GNSS1_V6.0.0, X-CUBE-MEMS1_V9.1.0, X-CUBE-MEMS1_V9.4.0, X-CUBE-MEMS1_V9.6.0, X-CUBE-NFC4_V3.0.0, X-CUBE-NFC7_V1.0.0, X-CUBE-SFXS2LP1_V4.0.0, X-CUBE-SUBG2_V5.0.0, X-CUBE-TOF1_V3.3.1]
2023-08-29 13:13:10,351 [INFO] ApiDb:240 - Found 323 in-development CPN: [B-G473E-ZEST1S, B-WB1M-WPAN1, B-WL5M-SUBG1, NUCLEO-C031C6, NUCLEO-H503RB, NUCLEO-H563ZI, NUCLEO-U545RE-Q, NUCLEO-U5A5ZJ-Q, NUCLEO-WBA52CG, STEVAL-PROTEUS1, STEVAL-SMARTAG2, STEVAL-STWINBX1, STM320518-EVAL, STM32C0116-DK, STM32C011D6Y3TR, STM32C011D6Y6TR, STM32C011F4P3, STM32C011F4P6, STM32C011F4U3, STM32C011F4U6TR, STM32C011F6P3, STM32C011F6P6, STM32C011F6U3, STM32C011F6U6TR, STM32C011J4M3, STM32C011J4M6, STM32C011J6M3, STM32C011J6M6, STM32C0316-DK, STM32C031C4T3, STM32C031C4T6, STM32C031C4U3, STM32C031C4U6, STM32C031C6T3, STM32C031C6T6, STM32C031C6U3, STM32C031C6U6, STM32C031F4P3, STM32C031F4P6, STM32C031F6P3, STM32C031F6P6, STM32C031G4U3, STM32C031G4U6, STM32C031G6U3, STM32C031G6U6, STM32C031K4T3, STM32C031K4T6, STM32C031K4U3, STM32C031K4U6, STM32C031K6T3, STM32C031K6T6, STM32C031K6U3, STM32C031K6U6, STM32G071K8TXN, STM32G071K8UXN, STM32G081GBU6N, STM32G081KBT6N, STM32G081KBUXN, STM32G0B1CCT6N, STM32G0B1KCT6, STM32G0B1NEY6TR, STM32G0B1RCT6N, STM32G0C1CCT6, STM32G0C1CCT6N, STM32G0C1CCU6N, STM32G0C1CET6N, STM32G0C1CEU6N, STM32G0C1KCT6, STM32G0C1NEY6TR, STM32G0C1RCI6N, STM32G0C1RCT6N, STM32G0C1REI6N, STM32G0C1RET6N, STM32G0C1VCI6, STM32G0C1VEI6, STM32G471CCT6, STM32G471CCU6, STM32G471CET3, STM32G471CET6, STM32G471CEU3, STM32G471CEU6, STM32G471MCT6, STM32G471MET3, STM32G471MET6, STM32G471MEY6TR, STM32G471QCT6, STM32G471QET3, STM32G471RCT6, STM32G471RET3, STM32G471RET6, STM32G471VCH6, STM32G471VCI6, STM32G471VCT6, STM32G471VEH3, STM32G471VEH6, STM32G471VEI3, STM32G471VEI6, STM32G471VET3, STM32G471VET6, STM32G474CCT6, STM32H503CBT6, STM32H503CBU6, STM32H503EBY6TR, STM32H503KBU6, STM32H503RBT6, STM32H562AGI6, STM32H562AII6, STM32H562IGK6, STM32H562IGT6, STM32H562IIK6, STM32H562IIT6, STM32H562RGT6, STM32H562RGV6, STM32H562RIT6, STM32H562RIV6, STM32H562VGT6, STM32H562VIT6, STM32H562ZGT6, STM32H562ZIT6, STM32H563AGI6, STM32H563AII3Q, STM32H563AII6, STM32H563IGK6, STM32H563IGT6, STM32H563IIK3Q, STM32H563IIK6, STM32H563IIT3Q, STM32H563IIT6, STM32H563MIY3QTR, STM32H563RGT6, STM32H563RGV6, STM32H563RIT6, STM32H563RIV6, STM32H563VGT6, STM32H563VIT3Q, STM32H563VIT6, STM32H563ZGT6, STM32H563ZIT3Q, STM32H563ZIT6, STM32H573AII3Q, STM32H573AII6, STM32H573I-DK, STM32H573IIK3Q, STM32H573IIK6, STM32H573IIT3Q, STM32H573IIT6, STM32H573MIY3QTR, STM32H573RIT6, STM32H573RIV6, STM32H573VIT3Q, STM32H573VIT6, STM32H573ZIT3Q, STM32H573ZIT6, STM32L4R5QGI6STR, STM32MP131AAE3, STM32MP131AAF3, STM32MP131AAG3, STM32MP131CAE3, STM32MP131CAF3, STM32MP131CAG3, STM32MP131DAE7, STM32MP131DAF7, STM32MP131DAG7, STM32MP131FAE7, STM32MP131FAF7, STM32MP131FAG7, STM32MP133AAE3, STM32MP133AAF3, STM32MP133AAG3, STM32MP133CAE3, STM32MP133CAF3, STM32MP133CAG3, STM32MP133DAE7, STM32MP133DAF7, STM32MP133DAG7, STM32MP133FAE7, STM32MP133FAF7, STM32MP133FAG7, STM32MP135AAE3, STM32MP135AAF3, STM32MP135AAG3, STM32MP135CAE3, STM32MP135CAF3, STM32MP135CAG3, STM32MP135DAE7, STM32MP135DAF7, STM32MP135DAG7, STM32MP135F-DK, STM32MP135FAE7, STM32MP135FAF7, STM32MP135FAF7T, STM32MP135FAF7U, STM32MP135FAG7, STM32U535CBT6, STM32U535CBT6Q, STM32U535CBU6, STM32U535CBU6Q, STM32U535CCT6, STM32U535CCT6Q, STM32U535CCU6, STM32U535CCU6Q, STM32U535CET6, STM32U535CET6Q, STM32U535CEU6, STM32U535CEU6Q, STM32U535JEY6QTR, STM32U535NCY6QTR, STM32U535NEY6QTR, STM32U535RBI6, STM32U535RBI6Q, STM32U535RBT6, STM32U535RBT6Q, STM32U535RCI6, STM32U535RCI6Q, STM32U535RCT6, STM32U535RCT6Q, STM32U535REI6, STM32U535REI6Q, STM32U535RET6, STM32U535RET6Q, STM32U535VCI6, STM32U535VCI6Q, STM32U535VCT6, STM32U535VCT6Q, STM32U535VEI6, STM32U535VEI6Q, STM32U535VET6, STM32U535VET6Q, STM32U545CET6, STM32U545CET6Q, STM32U545CEU6, STM32U545CEU6Q, STM32U545JEY6QTR, STM32U545NEY6QTR, STM32U545REI6, STM32U545REI6Q, STM32U545RET6, STM32U545RET6Q, STM32U545VEI6, STM32U545VEI6Q, STM32U545VET6, STM32U545VET6Q, STM32U595AIH6, STM32U595AIH6Q, STM32U595AJH6, STM32U595AJH6Q, STM32U595QII6, STM32U595QII6Q, STM32U595QJI6, STM32U595QJI6Q, STM32U595RIT6, STM32U595RIT6Q, STM32U595RJT6, STM32U595RJT6Q, STM32U595VIT6, STM32U595VIT6Q, STM32U595VJT6, STM32U595VJT6Q, STM32U595ZIT6, STM32U595ZIT6Q, STM32U595ZIY6QTR, STM32U595ZJT6, STM32U595ZJT6Q, STM32U595ZJY6QTR, STM32U599BJY6QTR, STM32U599NIH6Q, STM32U599NJH6Q, STM32U599VIT6Q, STM32U599VJT6, STM32U599VJT6Q, STM32U599ZIT6Q, STM32U599ZIY6QTR, STM32U599ZJT6Q, STM32U599ZJY6QTR, STM32U5A5AJH6, STM32U5A5AJH6Q, STM32U5A5QJI6, STM32U5A5QJI6Q, STM32U5A5RJT6, STM32U5A5RJT6Q, STM32U5A5VJT6, STM32U5A5VJT6Q, STM32U5A5ZJT6, STM32U5A5ZJT6Q, STM32U5A5ZJY6QTR, STM32U5A9BJY6QTR, STM32U5A9J-DK, STM32U5A9NJH6Q, STM32U5A9VJT6Q, STM32U5A9ZJT6Q, STM32U5A9ZJY6QTR, STM32U5F7VIT6, STM32U5F7VIT6Q, STM32U5F7VJT6, STM32U5F7VJT6Q, STM32U5F9BJY6QTR, STM32U5F9NJH6Q, STM32U5F9VIT6Q, STM32U5F9VJT6Q, STM32U5F9ZIJ6QTR, STM32U5F9ZIT6Q, STM32U5F9ZJJ6QTR, STM32U5F9ZJT6Q, STM32U5G7VJT6, STM32U5G7VJT6Q, STM32U5G9BJY6QTR, STM32U5G9J-DK1, STM32U5G9J-DK2, STM32U5G9NJH6Q, STM32U5G9VJT6Q, STM32U5G9ZJJ6QTR, STM32U5G9ZJT6Q, STM32WB1MMCH6, STM32WBA52CEU6, STM32WBA52CEU6T, STM32WBA52CGU6, STM32WBA52CGU6T, STM32WBA52KEU6, STM32WBA52KEU6T, STM32WBA52KGU6, STM32WBA52KGU6T, STM32WL5MOCH6, STM32WL5MOCH6TR]
2023-08-29 13:13:10,361 [INFO] DbMcus:217 - Found 3848 MCUs, 3848 are supported
2023-08-29 13:13:10,362 [INFO] ApiDb:423 - Load user favorites file /home/northy/.stm32cubeide/favorites.mcus.txt: 0 item(s)
2023-08-29 13:13:10,363 [INFO] ApiDb:427 - User favorites MCUs=[]
2023-08-29 13:13:10,363 [INFO] DbMcus:223 - Set 0 / 0 favorites MCUs
2023-08-29 13:13:10,896 [WARN] ThirdParty:833 - waiting for thirdparty lock release [change project]
2023-08-29 13:13:10,896 [INFO] ThirdParty:835 - entering critical section [change project]
2023-08-29 13:13:10,896 [INFO] ThirdParty:1030 - CMSIS Pack Vendor :STMicroelectronics X-CUBE-ISPU 1.1.0
2023-08-29 13:13:10,896 [INFO] ThirdParty:1030 - CMSIS Pack Vendor :STMicroelectronics USBPD 4.1
2023-08-29 13:13:10,896 [INFO] ThirdParty:1030 - CMSIS Pack Vendor :STMicroelectronics X-CUBE-GNSS1 6.0.0
2023-08-29 13:13:10,896 [INFO] ThirdParty:1030 - CMSIS Pack Vendor :STMicroelectronics USB_HOST 2.0.0
2023-08-29 13:13:10,896 [INFO] ThirdParty:1030 - CMSIS Pack Vendor :STMicroelectronics X-CUBE-AZRTOS-F4 1.1.0
2023-08-29 13:13:10,896 [INFO] ThirdParty:1030 - CMSIS Pack Vendor :STMicroelectronics LIBJPEG 8.0.0
2023-08-29 13:13:10,896 [INFO] ThirdParty:1030 - CMSIS Pack Vendor :wolfSSL I-CUBE-wolfSSL 5.6.3
2023-08-29 13:13:10,896 [INFO] ThirdParty:1030 - CMSIS Pack Vendor :STMicroelectronics X-CUBE-SMBUS 2.1.0
2023-08-29 13:13:10,896 [INFO] ThirdParty:1030 - CMSIS Pack Vendor :STMicroelectronics USB_DEVICE 3.0.0
2023-08-29 13:13:10,897 [INFO] ThirdParty:1030 - CMSIS Pack Vendor :STMicroelectronics X-CUBE-AZRTOS-WB 2.0.0
2023-08-29 13:13:10,897 [INFO] ThirdParty:1030 - CMSIS Pack Vendor :STMicroelectronics X-CUBE-FREERTOS 1.0.1
2023-08-29 13:13:10,897 [INFO] ThirdParty:1030 - CMSIS Pack Vendor :STMicroelectronics X-CUBE-AZRTOS-F7 1.1.0
2023-08-29 13:13:10,897 [INFO] ThirdParty:1030 - CMSIS Pack Vendor :STMicroelectronics X-CUBE-AZRTOS-L5 2.0.0
2023-08-29 13:13:10,897 [INFO] ThirdParty:1030 - CMSIS Pack Vendor :STMicroelectronics USB_DEVICE 2.0.0
2023-08-29 13:13:10,897 [INFO] ThirdParty:1030 - CMSIS Pack Vendor :STMicroelectronics X-CUBE-MEMS1 9.6.0
2023-08-29 13:13:10,897 [INFO] ThirdParty:1030 - CMSIS Pack Vendor :STMicroelectronics FP-SNS-MOTENV1 4.3.2
2023-08-29 13:13:10,897 [INFO] ThirdParty:1030 - CMSIS Pack Vendor :STMicroelectronics FP-SNS-FLIGHT1 5.0.1
2023-08-29 13:13:10,897 [INFO] ThirdParty:1030 - CMSIS Pack Vendor :STMicroelectronics X-CUBE-ALGOBUILD 1.3.0
2023-08-29 13:13:10,897 [INFO] ThirdParty:1030 - CMSIS Pack Vendor :STMicroelectronics X-CUBE-BLE1 6.2.4
2023-08-29 13:13:10,897 [INFO] ThirdParty:1030 - CMSIS Pack Vendor :STMicroelectronics X-CUBE-AZRTOS-L5 1.1.0
2023-08-29 13:13:10,897 [INFO] ThirdParty:1030 - CMSIS Pack Vendor :STMicroelectronics FreeRTOS 0.0.1
2023-08-29 13:13:10,897 [INFO] ThirdParty:1030 - CMSIS Pack Vendor :STMicroelectronics X-CUBE-AZRTOS-G0 1.1.0
2023-08-29 13:13:10,898 [INFO] ThirdParty:1030 - CMSIS Pack Vendor :STMicroelectronics X-CUBE-BLEMGR 2.0.0
2023-08-29 13:13:10,898 [INFO] ThirdParty:1030 - CMSIS Pack Vendor :STMicroelectronics X-CUBE-AI 8.0.1
2023-08-29 13:13:10,898 [INFO] ThirdParty:1030 - CMSIS Pack Vendor :STMicroelectronics X-CUBE-NFC4 3.0.0
2023-08-29 13:13:10,898 [INFO] ThirdParty:1030 - CMSIS Pack Vendor :STMicroelectronics X-CUBE-SUBG2 5.0.0
2023-08-29 13:13:10,898 [INFO] ThirdParty:1030 - CMSIS Pack Vendor :STMicroelectronics STM32_WPAN 1.0.0
2023-08-29 13:13:10,898 [INFO] ThirdParty:1030 - CMSIS Pack Vendor :STMicroelectronics lwIP 2.0.3
2023-08-29 13:13:10,898 [INFO] ThirdParty:1030 - CMSIS Pack Vendor :STMicroelectronics FP-SNS-FLIGHT1 5.0.2
2023-08-29 13:13:10,898 [INFO] ThirdParty:1030 - CMSIS Pack Vendor :STMicroelectronics USB_HOST 1.0.0
2023-08-29 13:13:10,898 [INFO] ThirdParty:1030 - CMSIS Pack Vendor :STMicroelectronics X-CUBE-TOF1 3.3.1
2023-08-29 13:13:10,898 [INFO] ThirdParty:1030 - CMSIS Pack Vendor :STMicroelectronics X-CUBE-AZRTOS-G4 2.0.0
2023-08-29 13:13:10,898 [INFO] ThirdParty:1030 - CMSIS Pack Vendor :STMicroelectronics PDM2PCM 3.1.0
2023-08-29 13:13:10,898 [INFO] ThirdParty:1030 - CMSIS Pack Vendor :STMicroelectronics X-CUBE-AZRTOS-H7 3.1.0
2023-08-29 13:13:10,899 [INFO] ThirdParty:1030 - CMSIS Pack Vendor :STMicroelectronics X-CUBE-TOF1 3.3.0
2023-08-29 13:13:10,899 [INFO] ThirdParty:1030 - CMSIS Pack Vendor :STMicroelectronics PDM2PCM 3.3.0
2023-08-29 13:13:10,899 [INFO] ThirdParty:1030 - CMSIS Pack Vendor :STMicroelectronics X-CUBE-DISPLAY 3.0.0
2023-08-29 13:13:10,899 [INFO] ThirdParty:1030 - CMSIS Pack Vendor :STMicroelectronics X-CUBE-BLE1 7.0.0
2023-08-29 13:13:10,899 [INFO] ThirdParty:1030 - CMSIS Pack Vendor :STMicroelectronics FP-ATR-SIGFOX1 3.2.0
2023-08-29 13:13:10,899 [INFO] ThirdParty:1030 - CMSIS Pack Vendor :STMicroelectronics HAL Drivers 0.0.0
2023-08-29 13:13:10,899 [INFO] ThirdParty:1030 - CMSIS Pack Vendor :STMicroelectronics MBEDTLS 2.16.2
2023-08-29 13:13:10,899 [INFO] ThirdParty:1030 - CMSIS Pack Vendor :emotas I-CUBE-CANOPEN 1.3.0
2023-08-29 13:13:10,899 [INFO] ThirdParty:1030 - CMSIS Pack Vendor :STMicroelectronics X-CUBE-FREERTOS 1.1.0
2023-08-29 13:13:10,899 [INFO] ThirdParty:1030 - CMSIS Pack Vendor :STMicroelectronics X-CUBE-TOUCHGFX 4.22.0
2023-08-29 13:13:10,899 [INFO] ThirdParty:1030 - CMSIS Pack Vendor :STMicroelectronics X-CUBE-NFC7 1.0.1
2023-08-29 13:13:10,899 [INFO] ThirdParty:1030 - CMSIS Pack Vendor :STMicroelectronics MBEDTLS 2.14.1
2023-08-29 13:13:10,900 [INFO] ThirdParty:1030 - CMSIS Pack Vendor :STMicroelectronics X-CUBE-EEPRMA1 4.1.0
2023-08-29 13:13:10,900 [INFO] ThirdParty:1030 - CMSIS Pack Vendor :portGmbH I-Cube-SoM-uGOAL 1.1.0
2023-08-29 13:13:10,900 [INFO] ThirdParty:1030 - CMSIS Pack Vendor :STMicroelectronics X-CUBE-ALS 1.0.1
2023-08-29 13:13:10,900 [INFO] ThirdParty:1030 - CMSIS Pack Vendor :STMicroelectronics ThreadX 1.0.0
2023-08-29 13:13:10,900 [INFO] ThirdParty:1030 - CMSIS Pack Vendor :STMicroelectronics X-CUBE-AZRTOS-WB 1.1.0
2023-08-29 13:13:10,900 [INFO] ThirdParty:1030 - CMSIS Pack Vendor :STMicroelectronics X-CUBE-AZRTOS-WL 2.0.0
2023-08-29 13:13:10,900 [INFO] ThirdParty:1030 - CMSIS Pack Vendor :SEGGER I-CUBE-embOS 1.3.1
2023-08-29 13:13:10,900 [INFO] ThirdParty:1030 - CMSIS Pack Vendor :STMicroelectronics USB_DEVICE 1.0.0
2023-08-29 13:13:10,900 [INFO] ThirdParty:1030 - CMSIS Pack Vendor :STMicroelectronics X-CUBE-AI 8.1.0
2023-08-29 13:13:10,900 [INFO] ThirdParty:1030 - CMSIS Pack Vendor :STMicroelectronics X-CUBE-AZRTOS-L4 2.0.0
2023-08-29 13:13:10,900 [INFO] ThirdParty:1030 - CMSIS Pack Vendor :STMicroelectronics ThreadX 0.0.2
2023-08-29 13:13:10,900 [INFO] ThirdParty:1030 - CMSIS Pack Vendor :WES I-CUBE-Cesium 1.3.0
2023-08-29 13:13:10,900 [INFO] ThirdParty:1030 - CMSIS Pack Vendor :STMicroelectronics FP-ATR-ASTRA1 2.0.0
2023-08-29 13:13:10,900 [INFO] ThirdParty:1030 - CMSIS Pack Vendor :STMicroelectronics lwIP 2.1.2
2023-08-29 13:13:10,901 [INFO] ThirdParty:1030 - CMSIS Pack Vendor :STMicroelectronics X-CUBE-SFXS2LP1 4.0.0
2023-08-29 13:13:10,901 [INFO] ThirdParty:1030 - CMSIS Pack Vendor :STMicroelectronics X-CUBE-BLE2 3.3.0
2023-08-29 13:13:10,901 [INFO] ThirdParty:1030 - CMSIS Pack Vendor :STMicroelectronics PDM2PCM 3.2.0
2023-08-29 13:13:10,901 [INFO] ThirdParty:841 - exiting critical section [change project]
2023-08-29 13:13:12,163 [INFO] PinOutPanel:1499 - setPackage(No Configuration,No Configuration)
2023-08-29 13:13:12,166 [INFO] PinOutPanel:1499 - setPackage(STM32F767ZITx,LQFP144)
2023-08-29 13:13:13,608 [INFO] UtilMem:75 - Before build in PCC Used Memory: 289696288 Bytes (497025024)
2023-08-29 13:13:14,930 [INFO] UtilMem:75 - After build in PCC Used Memory: 235535568 Bytes (497025024)
2023-08-29 13:13:15,012 [INFO] IPUIPlugin:80 - create IPUIPlugin
2023-08-29 13:13:15,013 [INFO] IPUIPlugin:80 - create IPUIPlugin
2023-08-29 13:13:15,013 [INFO] IPUIPlugin:80 - create IPUIPlugin
2023-08-29 13:13:15,014 [INFO] IPUIPlugin:80 - create IPUIPlugin
2023-08-29 13:13:15,014 [INFO] IPUIPlugin:80 - create IPUIPlugin
2023-08-29 13:13:15,014 [INFO] IPUIPlugin:80 - create IPUIPlugin
2023-08-29 13:13:15,014 [INFO] IPUIPlugin:80 - create IPUIPlugin
2023-08-29 13:13:15,015 [INFO] IPUIPlugin:80 - create IPUIPlugin
2023-08-29 13:13:15,015 [INFO] IPUIPlugin:80 - create IPUIPlugin
2023-08-29 13:13:15,015 [INFO] IPUIPlugin:80 - create IPUIPlugin
2023-08-29 13:13:15,015 [INFO] IPUIPlugin:80 - create IPUIPlugin
2023-08-29 13:13:15,016 [INFO] IPUIPlugin:80 - create IPUIPlugin
2023-08-29 13:13:15,016 [INFO] IPUIPlugin:80 - create IPUIPlugin
2023-08-29 13:13:15,017 [INFO] IPUIPlugin:80 - create IPUIPlugin
2023-08-29 13:13:15,017 [INFO] IPUIPlugin:80 - create IPUIPlugin
2023-08-29 13:13:15,017 [INFO] IPUIPlugin:80 - create IPUIPlugin
2023-08-29 13:13:15,018 [INFO] IPUIPlugin:80 - create IPUIPlugin
2023-08-29 13:13:15,018 [INFO] IPUIPlugin:80 - create IPUIPlugin
2023-08-29 13:13:15,018 [INFO] IPUIPlugin:80 - create IPUIPlugin
2023-08-29 13:13:15,019 [INFO] IPUIPlugin:80 - create IPUIPlugin
2023-08-29 13:13:15,019 [INFO] IPUIPlugin:80 - create IPUIPlugin
2023-08-29 13:13:15,019 [INFO] IPUIPlugin:80 - create IPUIPlugin
2023-08-29 13:13:15,019 [INFO] IPUIPlugin:80 - create IPUIPlugin
2023-08-29 13:13:15,020 [INFO] IPUIPlugin:80 - create IPUIPlugin
2023-08-29 13:13:15,020 [INFO] IPUIPlugin:80 - create IPUIPlugin
2023-08-29 13:13:15,020 [INFO] IPUIPlugin:80 - create IPUIPlugin
2023-08-29 13:13:15,020 [INFO] IPUIPlugin:80 - create IPUIPlugin
2023-08-29 13:13:15,021 [INFO] IPUIPlugin:80 - create IPUIPlugin
2023-08-29 13:13:15,022 [INFO] IPUIPlugin:80 - create IPUIPlugin
2023-08-29 13:13:15,023 [INFO] IPUIPlugin:80 - create IPUIPlugin
2023-08-29 13:13:15,024 [INFO] IPUIPlugin:80 - create IPUIPlugin
2023-08-29 13:13:15,024 [INFO] IPUIPlugin:80 - create IPUIPlugin
2023-08-29 13:13:15,024 [INFO] IPUIPlugin:80 - create IPUIPlugin
2023-08-29 13:13:15,025 [INFO] IPUIPlugin:80 - create IPUIPlugin
2023-08-29 13:13:15,025 [INFO] IPUIPlugin:80 - create IPUIPlugin
2023-08-29 13:13:15,025 [INFO] IPUIPlugin:80 - create IPUIPlugin
2023-08-29 13:13:15,025 [INFO] IPUIPlugin:80 - create IPUIPlugin
2023-08-29 13:13:15,026 [INFO] IPUIPlugin:80 - create IPUIPlugin
2023-08-29 13:13:15,027 [INFO] IPUIPlugin:80 - create IPUIPlugin
2023-08-29 13:13:15,027 [INFO] IPUIPlugin:80 - create IPUIPlugin
2023-08-29 13:13:15,028 [INFO] IPUIPlugin:80 - create IPUIPlugin
2023-08-29 13:13:15,028 [INFO] IPUIPlugin:80 - create IPUIPlugin
2023-08-29 13:13:15,029 [INFO] IPUIPlugin:80 - create IPUIPlugin
2023-08-29 13:13:15,029 [INFO] IPUIPlugin:80 - create IPUIPlugin
2023-08-29 13:13:15,029 [INFO] IPUIPlugin:80 - create IPUIPlugin
2023-08-29 13:13:15,030 [INFO] IPUIPlugin:80 - create IPUIPlugin
2023-08-29 13:13:15,030 [INFO] IPUIPlugin:80 - create IPUIPlugin
2023-08-29 13:13:15,030 [INFO] IPUIPlugin:80 - create IPUIPlugin
2023-08-29 13:13:15,030 [INFO] IPUIPlugin:80 - create IPUIPlugin
2023-08-29 13:13:15,030 [INFO] IPUIPlugin:80 - create IPUIPlugin
2023-08-29 13:13:15,030 [INFO] IPUIPlugin:80 - create IPUIPlugin
2023-08-29 13:13:15,031 [INFO] IPUIPlugin:80 - create IPUIPlugin
2023-08-29 13:13:15,031 [INFO] IPUIPlugin:80 - create IPUIPlugin
2023-08-29 13:13:15,031 [INFO] IPUIPlugin:80 - create IPUIPlugin
2023-08-29 13:13:15,032 [INFO] IPUIPlugin:80 - create IPUIPlugin
2023-08-29 13:13:15,032 [INFO] IPUIPlugin:80 - create IPUIPlugin
2023-08-29 13:13:15,032 [INFO] IPUIPlugin:80 - create IPUIPlugin
2023-08-29 13:13:15,032 [INFO] IPUIPlugin:80 - create IPUIPlugin
2023-08-29 13:13:15,032 [INFO] IPUIPlugin:80 - create IPUIPlugin
2023-08-29 13:13:15,032 [INFO] IPUIPlugin:80 - create IPUIPlugin
2023-08-29 13:13:15,033 [INFO] IPUIPlugin:80 - create IPUIPlugin
2023-08-29 13:13:15,033 [INFO] IPUIPlugin:80 - create IPUIPlugin
2023-08-29 13:13:15,033 [INFO] IPUIPlugin:80 - create IPUIPlugin
2023-08-29 13:13:15,033 [INFO] IPUIPlugin:80 - create IPUIPlugin
2023-08-29 13:13:15,034 [INFO] IPUIPlugin:80 - create IPUIPlugin
2023-08-29 13:13:15,034 [INFO] IPUIPlugin:80 - create IPUIPlugin
2023-08-29 13:13:15,034 [INFO] IPUIPlugin:80 - create IPUIPlugin
2023-08-29 13:13:15,034 [INFO] IPUIPlugin:80 - create IPUIPlugin
2023-08-29 13:13:15,035 [INFO] IPUIPlugin:80 - create IPUIPlugin
2023-08-29 13:13:15,035 [INFO] IPUIPlugin:80 - create IPUIPlugin
2023-08-29 13:13:15,036 [INFO] IPUIPlugin:80 - create IPUIPlugin
2023-08-29 13:13:15,036 [INFO] IPUIPlugin:80 - create IPUIPlugin
2023-08-29 13:13:15,036 [INFO] IPUIPlugin:80 - create IPUIPlugin
2023-08-29 13:13:15,037 [INFO] IPUIPlugin:80 - create IPUIPlugin
2023-08-29 13:13:15,038 [INFO] IPUIPlugin:80 - create IPUIPlugin
2023-08-29 13:13:15,040 [INFO] IPUIPlugin:80 - create IPUIPlugin
2023-08-29 13:13:15,041 [INFO] IPUIPlugin:80 - create IPUIPlugin
2023-08-29 13:13:15,042 [INFO] IPUIPlugin:80 - create IPUIPlugin
2023-08-29 13:13:15,043 [INFO] IPUIPlugin:80 - create IPUIPlugin
2023-08-29 13:13:15,121 [INFO] ApiDbMcu:507 - Load IP Config File for PDM2PCM
2023-08-29 13:13:15,535 [INFO] CADModel:165 - CPN selected for project levelSTM32F767ZIT6
2023-08-29 13:13:15,535 [INFO] CADModel:114 - Register for checkConnection events
2023-08-29 13:13:15,587 [INFO] OpenFileManager:328 - Restore cursor
2023-08-29 13:13:24,210 [INFO] Gpio:273 - dependency for GPIO [USART2, USART3]
2023-08-29 13:17:53,327 [INFO] Gpio:273 - dependency for GPIO [USART2, USART3]
2023-08-29 13:20:08,898 [INFO] UtilMem:75 - End SaveConfig() Used Memory: 255860864 Bytes (580911104)
2023-08-29 13:20:10,921 [INFO] UtilMem:75 - End SaveConfig() Used Memory: 364915480 Bytes (580911104)
2023-08-29 13:20:35,021 [INFO] UtilMem:75 - End SaveConfig() Used Memory: 394062944 Bytes (580911104)
2023-08-29 13:20:36,044 [INFO] BlockDiagram:2759 - set Specific Code input for plugin: RCC
2023-08-29 13:20:36,045 [INFO] BlockDiagram:2759 - set Specific Code input for plugin: NVIC
2023-08-29 13:20:36,045 [INFO] BlockDiagram:2759 - set Specific Code input for plugin: USART
2023-08-29 13:20:36,045 [INFO] BlockDiagram:2759 - set Specific Code input for plugin: USART
2023-08-29 13:20:36,047 [INFO] BlockDiagram:2759 - set Specific Code input for plugin: GPIO
2023-08-29 13:20:36,049 [INFO] CodeGenerator:799 - code generatio: config db path: /opt/st/stm32cubeide_1.13.0/plugins/com.st.stm32cube.common.mx_6.9.0.202307051724//db/
2023-08-29 13:20:36,707 [INFO] CodeEngine:255 - oldGeneratedFile, /home/northy/STM32CubeIDE/MAD_Lab/Special_Problem1/MXTmpFiles/license.tmp_save
2023-08-29 13:20:37,675 [INFO] CodeEngine:279 - Generated code: /home/northy/STM32CubeIDE/MAD_Lab/Special_Problem1/MXTmpFiles/license.tmp
2023-08-29 13:20:37,851 [INFO] CodeEngine:255 - oldGeneratedFile, /home/northy/STM32CubeIDE/MAD_Lab/Special_Problem1/Core/Src/gpio.c_save
2023-08-29 13:20:38,110 [INFO] CodeEngine:279 - Generated code: /home/northy/STM32CubeIDE/MAD_Lab/Special_Problem1/Core/Src/gpio.c
2023-08-29 13:20:38,114 [INFO] CodeEngine:255 - oldGeneratedFile, /home/northy/STM32CubeIDE/MAD_Lab/Special_Problem1/Core/Inc/gpio.h_save
2023-08-29 13:20:38,288 [INFO] CodeEngine:279 - Generated code: /home/northy/STM32CubeIDE/MAD_Lab/Special_Problem1/Core/Inc/gpio.h
2023-08-29 13:20:38,591 [INFO] CodeEngine:255 - oldGeneratedFile, /home/northy/STM32CubeIDE/MAD_Lab/Special_Problem1/MXTmpFiles/cortex.tmp_save
2023-08-29 13:20:38,841 [INFO] CodeEngine:279 - Generated code: /home/northy/STM32CubeIDE/MAD_Lab/Special_Problem1/MXTmpFiles/cortex.tmp
2023-08-29 13:20:38,858 [INFO] CodeEngine:255 - oldGeneratedFile, /home/northy/STM32CubeIDE/MAD_Lab/Special_Problem1/Core/Src/usart.c_save
2023-08-29 13:20:39,329 [INFO] CodeEngine:279 - Generated code: /home/northy/STM32CubeIDE/MAD_Lab/Special_Problem1/Core/Src/usart.c
2023-08-29 13:20:39,337 [INFO] CodeEngine:255 - oldGeneratedFile, /home/northy/STM32CubeIDE/MAD_Lab/Special_Problem1/Core/Inc/usart.h_save
2023-08-29 13:20:39,582 [INFO] CodeEngine:279 - Generated code: /home/northy/STM32CubeIDE/MAD_Lab/Special_Problem1/Core/Inc/usart.h
2023-08-29 13:20:39,610 [INFO] CodeEngine:255 - oldGeneratedFile, /home/northy/STM32CubeIDE/MAD_Lab/Special_Problem1/Core/Src/stm32f7xx_it.c_save
2023-08-29 13:20:39,928 [INFO] CodeEngine:279 - Generated code: /home/northy/STM32CubeIDE/MAD_Lab/Special_Problem1/Core/Src/stm32f7xx_it.c
2023-08-29 13:20:39,934 [INFO] CodeEngine:255 - oldGeneratedFile, /home/northy/STM32CubeIDE/MAD_Lab/Special_Problem1/Core/Inc/stm32f7xx_it.h_save
2023-08-29 13:20:40,188 [INFO] CodeEngine:279 - Generated code: /home/northy/STM32CubeIDE/MAD_Lab/Special_Problem1/Core/Inc/stm32f7xx_it.h
2023-08-29 13:20:40,296 [INFO] CodeEngine:255 - oldGeneratedFile, /home/northy/STM32CubeIDE/MAD_Lab/Special_Problem1/Core/Src/stm32f7xx_hal_msp.c_save
2023-08-29 13:20:40,609 [INFO] CodeEngine:279 - Generated code: /home/northy/STM32CubeIDE/MAD_Lab/Special_Problem1/Core/Src/stm32f7xx_hal_msp.c
2023-08-29 13:20:40,613 [INFO] CodeEngine:255 - oldGeneratedFile, /home/northy/STM32CubeIDE/MAD_Lab/Special_Problem1/MXTmpFiles/system.tmp_save
2023-08-29 13:20:40,837 [INFO] CodeEngine:279 - Generated code: /home/northy/STM32CubeIDE/MAD_Lab/Special_Problem1/MXTmpFiles/system.tmp
2023-08-29 13:20:40,847 [INFO] CodeEngine:311 - oldGeneratedFile, /home/northy/STM32CubeIDE/MAD_Lab/Special_Problem1/Core/Inc/stm32f7xx_hal_conf.h_save
2023-08-29 13:20:41,103 [INFO] CodeEngine:335 - Generated code: /home/northy/STM32CubeIDE/MAD_Lab/Special_Problem1/Core/Inc/stm32f7xx_hal_conf.h
2023-08-29 13:20:41,196 [INFO] CodeEngine:255 - oldGeneratedFile, /home/northy/STM32CubeIDE/MAD_Lab/Special_Problem1/Core/Inc/main.h_save
2023-08-29 13:20:41,442 [INFO] CodeEngine:279 - Generated code: /home/northy/STM32CubeIDE/MAD_Lab/Special_Problem1/Core/Inc/main.h
2023-08-29 13:20:41,448 [INFO] CodeEngine:255 - oldGeneratedFile, /home/northy/STM32CubeIDE/MAD_Lab/Special_Problem1/Core/Src/main.c_save
2023-08-29 13:20:41,739 [INFO] CodeEngine:279 - Generated code: /home/northy/STM32CubeIDE/MAD_Lab/Special_Problem1/Core/Src/main.c
2023-08-29 13:20:42,909 [INFO] ProjectBuilder:3064 - Time for Copy HAL[1] : 96mS.
2023-08-29 13:20:42,916 [INFO] ProjectBuilder:4404 - Project Generator version: 4.1.0
2023-08-29 13:20:43,693 [INFO] ConfigFileManager:1457 - The Die is : DIE451
2023-08-29 13:20:43,713 [INFO] ApiDbMcu:507 - Load IP Config File for FATFS
2023-08-29 13:20:43,731 [INFO] ApiDbMcu:507 - Load IP Config File for FREERTOS
2023-08-29 13:20:43,741 [INFO] ApiDbMcu:507 - Load IP Config File for LIBJPEG
2023-08-29 13:20:43,768 [INFO] ApiDbMcu:507 - Load IP Config File for LWIP
2023-08-29 13:20:43,802 [INFO] ApiDbMcu:507 - Load IP Config File for MBEDTLS
2023-08-29 13:20:43,831 [INFO] ApiDbMcu:507 - Load IP Config File for USB_DEVICE
2023-08-29 13:20:43,842 [INFO] ApiDbMcu:507 - Load IP Config File for USB_HOST
2023-08-29 13:20:45,441 [INFO] LogOutputStream:77 - [STDOUT_REDIRECT] 
2023-08-29 13:20:47,725 [INFO] ProjectBuilder:4626 - Time for Generating toolchain IDE Files: 4804mS.
2023-08-29 13:20:47,726 [INFO] ProjectBuilder:2935 - Time for Copy CMSIS : 1mS.
2023-08-29 13:20:47,728 [INFO] ProjectBuilder:2935 - Time for Copy CMSIS : 0mS.
2023-08-29 13:30:36,322 [INFO] MainUpdater:2868 - connection check result : 10
2023-08-29 13:30:36,323 [INFO] MainUpdater:2868 - connection check result : 10
2023-08-29 13:30:36,375 [INFO] MicroXplorer:468 - Change Database Path : 
2023-08-29 13:30:36,376 [INFO] MicroXplorer:498 - Change Database Version : DB.6.0.90
2023-08-29 13:30:36,422 [WARN] ThirdParty:871 - waiting for thirdparty lock release [close project]
2023-08-29 13:30:36,422 [INFO] ThirdParty:873 - entering critical section [close project]
2023-08-29 13:30:36,422 [INFO] ThirdParty:883 - exiting critical section [close project]
2023-08-29 13:30:36,428 [INFO] PinOutPanel:1499 - setPackage(No Configuration,No Configuration)
2023-08-29 13:30:36,464 [WARN] IpParametersView:151 - Warning: This peripheral hasn't parameters
2023-08-29 13:30:36,496 [WARN] MainPanel:272 - <html><b><center>Warning: This peripheral has no parameters to be configured<br></b></html>
2023-08-29 13:30:36,512 [INFO] UtilMem:75 - Begin LoadConfig() Used Memory: 378539264 Bytes (901775360)
2023-08-29 13:30:36,513 [INFO] MicroXplorer:468 - Change Database Path : 
2023-08-29 13:30:36,514 [INFO] MicroXplorer:498 - Change Database Version : DB.6.0.90
2023-08-29 13:30:36,514 [INFO] OpenFileManager:308 - Change cursor
2023-08-29 13:30:36,555 [INFO] RulesReader:64 - Compatibility file has been processed (293 Rules)
2023-08-29 13:30:36,567 [INFO] Mcu:1946 - Initializing MCU STM32F767ZITx STM32F767ZITx STM32F767ZIT6
2023-08-29 13:30:39,182 [INFO] Context:659 - Trying to add GPIOservice into a context  which must be forbidden
2023-08-29 13:30:40,499 [INFO] RtosManager:555 - Registered RTOS mode: class=CMSIS, group=RTOS, mode=CMSIS_V1, owner=FREERTOS
2023-08-29 13:30:40,499 [INFO] RtosManager:555 - Registered RTOS mode: class=CMSIS, group=RTOS2, mode=CMSIS_V2, owner=FREERTOS
2023-08-29 13:30:40,499 [INFO] RtosManager:555 - Registered RTOS mode: class=RTOS, group=Core, mode=CMSIS_V1, owner=FREERTOS
2023-08-29 13:30:40,499 [INFO] RtosManager:555 - Registered RTOS mode: class=RTOS, group=Core, mode=CMSIS_V2, owner=FREERTOS
2023-08-29 13:30:40,499 [WARN] ModelIntegratedComponent:184 - Missing modes for component STMicroelectronics:FreeRTOS:0.0.1:STMicroelectronics:RTOS:FreeRTOS:Core:::10.2.0:
2023-08-29 13:30:40,515 [WARN] ModelIntegratedComponent:63 - No mode defined for component null
2023-08-29 13:30:40,516 [WARN] ModelIntegratedComponent:63 - No mode defined for component null
2023-08-29 13:30:40,516 [WARN] ModelIntegratedComponent:63 - No mode defined for component null
2023-08-29 13:30:40,516 [WARN] ModelIntegratedComponent:63 - No mode defined for component null
2023-08-29 13:30:40,516 [WARN] ModelIntegratedComponent:63 - No mode defined for component null
2023-08-29 13:30:40,516 [WARN] ModelIntegratedComponent:63 - No mode defined for component null
2023-08-29 13:30:40,516 [WARN] ModelIntegratedComponent:63 - No mode defined for component null
2023-08-29 13:30:40,516 [WARN] ModelIntegratedComponent:63 - No mode defined for component null
2023-08-29 13:30:40,516 [WARN] ModelIntegratedComponent:63 - No mode defined for component null
2023-08-29 13:30:40,516 [WARN] ModelIntegratedComponent:63 - No mode defined for component null
2023-08-29 13:30:40,516 [WARN] ModelIntegratedComponent:63 - No mode defined for component null
2023-08-29 13:30:40,517 [WARN] ModelIntegratedComponent:63 - No mode defined for component null
2023-08-29 13:30:40,517 [WARN] ModelIntegratedComponent:63 - No mode defined for component null
2023-08-29 13:30:40,517 [WARN] ModelIntegratedComponent:63 - No mode defined for component null
2023-08-29 13:30:40,517 [WARN] ModelIntegratedComponent:63 - No mode defined for component null
2023-08-29 13:30:40,517 [WARN] ModelIntegratedComponent:63 - No mode defined for component null
2023-08-29 13:30:40,517 [WARN] ModelIntegratedComponent:63 - No mode defined for component null
2023-08-29 13:30:40,517 [WARN] ModelIntegratedComponent:63 - No mode defined for component null
2023-08-29 13:30:40,517 [WARN] ModelIntegratedComponent:63 - No mode defined for component null
2023-08-29 13:30:40,517 [WARN] ModelIntegratedComponent:63 - No mode defined for component null
2023-08-29 13:30:40,517 [WARN] ModelIntegratedComponent:63 - No mode defined for component null
2023-08-29 13:30:40,517 [WARN] ModelIntegratedComponent:63 - No mode defined for component null
2023-08-29 13:30:40,517 [WARN] ModelIntegratedComponent:63 - No mode defined for component null
2023-08-29 13:30:40,518 [WARN] ModelIntegratedComponent:63 - No mode defined for component null
2023-08-29 13:30:40,518 [WARN] ModelIntegratedComponent:63 - No mode defined for component null
2023-08-29 13:30:40,518 [WARN] ModelIntegratedComponent:63 - No mode defined for component null
2023-08-29 13:30:40,518 [WARN] ModelIntegratedComponent:63 - No mode defined for component null
2023-08-29 13:30:40,518 [WARN] ModelIntegratedComponent:63 - No mode defined for component null
2023-08-29 13:30:40,518 [WARN] ModelIntegratedComponent:63 - No mode defined for component null
2023-08-29 13:30:40,518 [WARN] ModelIntegratedComponent:63 - No mode defined for component null
2023-08-29 13:30:40,518 [WARN] ModelIntegratedComponent:63 - No mode defined for component null
2023-08-29 13:30:40,518 [WARN] ModelIntegratedComponent:63 - No mode defined for component null
2023-08-29 13:30:40,518 [WARN] ModelIntegratedComponent:63 - No mode defined for component null
2023-08-29 13:30:40,540 [INFO] ThirdPartyModel:298 - Start build external matchings
2023-08-29 13:30:41,198 [INFO] ThirdPartyModel:316 - End build external matchings
2023-08-29 13:30:41,589 [INFO] UtilMem:75 - End LoadConfig() Used Memory: 451692096 Bytes (936378368)
2023-08-29 13:30:41,621 [WARN] ThirdParty:833 - waiting for thirdparty lock release [change project]
2023-08-29 13:30:41,622 [INFO] ThirdParty:835 - entering critical section [change project]
2023-08-29 13:30:41,622 [INFO] ThirdParty:1030 - CMSIS Pack Vendor :STMicroelectronics X-CUBE-ISPU 1.1.0
2023-08-29 13:30:41,622 [INFO] ThirdParty:1030 - CMSIS Pack Vendor :STMicroelectronics USBPD 4.1
2023-08-29 13:30:41,622 [INFO] ThirdParty:1030 - CMSIS Pack Vendor :STMicroelectronics X-CUBE-GNSS1 6.0.0
2023-08-29 13:30:41,622 [INFO] ThirdParty:1030 - CMSIS Pack Vendor :STMicroelectronics USB_HOST 2.0.0
2023-08-29 13:30:41,623 [INFO] ThirdParty:1030 - CMSIS Pack Vendor :STMicroelectronics X-CUBE-AZRTOS-F4 1.1.0
2023-08-29 13:30:41,623 [INFO] ThirdParty:1030 - CMSIS Pack Vendor :STMicroelectronics LIBJPEG 8.0.0
2023-08-29 13:30:41,623 [INFO] ThirdParty:1030 - CMSIS Pack Vendor :wolfSSL I-CUBE-wolfSSL 5.6.3
2023-08-29 13:30:41,623 [INFO] ThirdParty:1030 - CMSIS Pack Vendor :STMicroelectronics X-CUBE-SMBUS 2.1.0
2023-08-29 13:30:41,623 [INFO] ThirdParty:1030 - CMSIS Pack Vendor :STMicroelectronics USB_DEVICE 3.0.0
2023-08-29 13:30:41,623 [INFO] ThirdParty:1030 - CMSIS Pack Vendor :STMicroelectronics X-CUBE-AZRTOS-WB 2.0.0
2023-08-29 13:30:41,623 [INFO] ThirdParty:1030 - CMSIS Pack Vendor :STMicroelectronics X-CUBE-FREERTOS 1.0.1
2023-08-29 13:30:41,623 [INFO] ThirdParty:1030 - CMSIS Pack Vendor :STMicroelectronics X-CUBE-AZRTOS-F7 1.1.0
2023-08-29 13:30:41,624 [INFO] ThirdParty:1030 - CMSIS Pack Vendor :STMicroelectronics X-CUBE-AZRTOS-L5 2.0.0
2023-08-29 13:30:41,624 [INFO] ThirdParty:1030 - CMSIS Pack Vendor :STMicroelectronics USB_DEVICE 2.0.0
2023-08-29 13:30:41,624 [INFO] ThirdParty:1030 - CMSIS Pack Vendor :STMicroelectronics X-CUBE-MEMS1 9.6.0
2023-08-29 13:30:41,624 [INFO] ThirdParty:1030 - CMSIS Pack Vendor :STMicroelectronics FP-SNS-MOTENV1 4.3.2
2023-08-29 13:30:41,624 [INFO] ThirdParty:1030 - CMSIS Pack Vendor :STMicroelectronics FP-SNS-FLIGHT1 5.0.1
2023-08-29 13:30:41,624 [INFO] ThirdParty:1030 - CMSIS Pack Vendor :STMicroelectronics X-CUBE-ALGOBUILD 1.3.0
2023-08-29 13:30:41,624 [INFO] ThirdParty:1030 - CMSIS Pack Vendor :STMicroelectronics X-CUBE-BLE1 6.2.4
2023-08-29 13:30:41,624 [INFO] ThirdParty:1030 - CMSIS Pack Vendor :STMicroelectronics X-CUBE-AZRTOS-L5 1.1.0
2023-08-29 13:30:41,624 [INFO] ThirdParty:1030 - CMSIS Pack Vendor :STMicroelectronics FreeRTOS 0.0.1
2023-08-29 13:30:41,624 [INFO] ThirdParty:1030 - CMSIS Pack Vendor :STMicroelectronics X-CUBE-AZRTOS-G0 1.1.0
2023-08-29 13:30:41,625 [INFO] ThirdParty:1030 - CMSIS Pack Vendor :STMicroelectronics X-CUBE-BLEMGR 2.0.0
2023-08-29 13:30:41,625 [INFO] ThirdParty:1030 - CMSIS Pack Vendor :STMicroelectronics X-CUBE-AI 8.0.1
2023-08-29 13:30:41,625 [INFO] ThirdParty:1030 - CMSIS Pack Vendor :STMicroelectronics X-CUBE-NFC4 3.0.0
2023-08-29 13:30:41,625 [INFO] ThirdParty:1030 - CMSIS Pack Vendor :STMicroelectronics X-CUBE-SUBG2 5.0.0
2023-08-29 13:30:41,625 [INFO] ThirdParty:1030 - CMSIS Pack Vendor :STMicroelectronics STM32_WPAN 1.0.0
2023-08-29 13:30:41,625 [INFO] ThirdParty:1030 - CMSIS Pack Vendor :STMicroelectronics lwIP 2.0.3
2023-08-29 13:30:41,625 [INFO] ThirdParty:1030 - CMSIS Pack Vendor :STMicroelectronics FP-SNS-FLIGHT1 5.0.2
2023-08-29 13:30:41,625 [INFO] ThirdParty:1030 - CMSIS Pack Vendor :STMicroelectronics USB_HOST 1.0.0
2023-08-29 13:30:41,626 [INFO] ThirdParty:1030 - CMSIS Pack Vendor :STMicroelectronics X-CUBE-TOF1 3.3.1
2023-08-29 13:30:41,626 [INFO] ThirdParty:1030 - CMSIS Pack Vendor :STMicroelectronics X-CUBE-AZRTOS-G4 2.0.0
2023-08-29 13:30:41,626 [INFO] ThirdParty:1030 - CMSIS Pack Vendor :STMicroelectronics PDM2PCM 3.1.0
2023-08-29 13:30:41,626 [INFO] ThirdParty:1030 - CMSIS Pack Vendor :STMicroelectronics X-CUBE-AZRTOS-H7 3.1.0
2023-08-29 13:30:41,626 [INFO] ThirdParty:1030 - CMSIS Pack Vendor :STMicroelectronics X-CUBE-TOF1 3.3.0
2023-08-29 13:30:41,626 [INFO] ThirdParty:1030 - CMSIS Pack Vendor :STMicroelectronics PDM2PCM 3.3.0
2023-08-29 13:30:41,626 [INFO] ThirdParty:1030 - CMSIS Pack Vendor :STMicroelectronics X-CUBE-DISPLAY 3.0.0
2023-08-29 13:30:41,627 [INFO] ThirdParty:1030 - CMSIS Pack Vendor :STMicroelectronics X-CUBE-BLE1 7.0.0
2023-08-29 13:30:41,627 [INFO] ThirdParty:1030 - CMSIS Pack Vendor :STMicroelectronics FP-ATR-SIGFOX1 3.2.0
2023-08-29 13:30:41,627 [INFO] ThirdParty:1030 - CMSIS Pack Vendor :STMicroelectronics HAL Drivers 0.0.0
2023-08-29 13:30:41,627 [INFO] ThirdParty:1030 - CMSIS Pack Vendor :STMicroelectronics MBEDTLS 2.16.2
2023-08-29 13:30:41,627 [INFO] ThirdParty:1030 - CMSIS Pack Vendor :emotas I-CUBE-CANOPEN 1.3.0
2023-08-29 13:30:41,627 [INFO] ThirdParty:1030 - CMSIS Pack Vendor :STMicroelectronics X-CUBE-FREERTOS 1.1.0
2023-08-29 13:30:41,627 [INFO] ThirdParty:1030 - CMSIS Pack Vendor :STMicroelectronics X-CUBE-TOUCHGFX 4.22.0
2023-08-29 13:30:41,627 [INFO] ThirdParty:1030 - CMSIS Pack Vendor :STMicroelectronics X-CUBE-NFC7 1.0.1
2023-08-29 13:30:41,627 [INFO] ThirdParty:1030 - CMSIS Pack Vendor :STMicroelectronics MBEDTLS 2.14.1
2023-08-29 13:30:41,628 [INFO] ThirdParty:1030 - CMSIS Pack Vendor :STMicroelectronics X-CUBE-EEPRMA1 4.1.0
2023-08-29 13:30:41,628 [INFO] ThirdParty:1030 - CMSIS Pack Vendor :portGmbH I-Cube-SoM-uGOAL 1.1.0
2023-08-29 13:30:41,628 [INFO] ThirdParty:1030 - CMSIS Pack Vendor :STMicroelectronics X-CUBE-ALS 1.0.1
2023-08-29 13:30:41,628 [INFO] ThirdParty:1030 - CMSIS Pack Vendor :STMicroelectronics ThreadX 1.0.0
2023-08-29 13:30:41,628 [INFO] ThirdParty:1030 - CMSIS Pack Vendor :STMicroelectronics X-CUBE-AZRTOS-WB 1.1.0
2023-08-29 13:30:41,628 [INFO] ThirdParty:1030 - CMSIS Pack Vendor :STMicroelectronics X-CUBE-AZRTOS-WL 2.0.0
2023-08-29 13:30:41,628 [INFO] ThirdParty:1030 - CMSIS Pack Vendor :SEGGER I-CUBE-embOS 1.3.1
2023-08-29 13:30:41,628 [INFO] ThirdParty:1030 - CMSIS Pack Vendor :STMicroelectronics USB_DEVICE 1.0.0
2023-08-29 13:30:41,628 [INFO] ThirdParty:1030 - CMSIS Pack Vendor :STMicroelectronics X-CUBE-AI 8.1.0
2023-08-29 13:30:41,628 [INFO] ThirdParty:1030 - CMSIS Pack Vendor :STMicroelectronics X-CUBE-AZRTOS-L4 2.0.0
2023-08-29 13:30:41,629 [INFO] ThirdParty:1030 - CMSIS Pack Vendor :STMicroelectronics ThreadX 0.0.2
2023-08-29 13:30:41,629 [INFO] ThirdParty:1030 - CMSIS Pack Vendor :WES I-CUBE-Cesium 1.3.0
2023-08-29 13:30:41,629 [INFO] ThirdParty:1030 - CMSIS Pack Vendor :STMicroelectronics FP-ATR-ASTRA1 2.0.0
2023-08-29 13:30:41,629 [INFO] ThirdParty:1030 - CMSIS Pack Vendor :STMicroelectronics lwIP 2.1.2
2023-08-29 13:30:41,629 [INFO] ThirdParty:1030 - CMSIS Pack Vendor :STMicroelectronics X-CUBE-SFXS2LP1 4.0.0
2023-08-29 13:30:41,629 [INFO] ThirdParty:1030 - CMSIS Pack Vendor :STMicroelectronics X-CUBE-BLE2 3.3.0
2023-08-29 13:30:41,629 [INFO] ThirdParty:1030 - CMSIS Pack Vendor :STMicroelectronics PDM2PCM 3.2.0
2023-08-29 13:30:41,630 [INFO] ThirdParty:841 - exiting critical section [change project]
2023-08-29 13:30:42,562 [INFO] PinOutPanel:1499 - setPackage(No Configuration,No Configuration)
2023-08-29 13:30:42,563 [INFO] PinOutPanel:1499 - setPackage(STM32F767ZITx,LQFP144)
2023-08-29 13:30:43,297 [INFO] UtilMem:75 - Before build in PCC Used Memory: 796572728 Bytes (936378368)
2023-08-29 13:30:43,749 [INFO] UtilMem:75 - After build in PCC Used Memory: 348837952 Bytes (936378368)
2023-08-29 13:30:43,835 [INFO] IPUIPlugin:80 - create IPUIPlugin
2023-08-29 13:30:43,836 [INFO] IPUIPlugin:80 - create IPUIPlugin
2023-08-29 13:30:43,836 [INFO] IPUIPlugin:80 - create IPUIPlugin
2023-08-29 13:30:43,836 [INFO] IPUIPlugin:80 - create IPUIPlugin
2023-08-29 13:30:43,837 [INFO] IPUIPlugin:80 - create IPUIPlugin
2023-08-29 13:30:43,837 [INFO] IPUIPlugin:80 - create IPUIPlugin
2023-08-29 13:30:43,837 [INFO] IPUIPlugin:80 - create IPUIPlugin
2023-08-29 13:30:43,837 [INFO] IPUIPlugin:80 - create IPUIPlugin
2023-08-29 13:30:43,837 [INFO] IPUIPlugin:80 - create IPUIPlugin
2023-08-29 13:30:43,838 [INFO] IPUIPlugin:80 - create IPUIPlugin
2023-08-29 13:30:43,838 [INFO] IPUIPlugin:80 - create IPUIPlugin
2023-08-29 13:30:43,838 [INFO] IPUIPlugin:80 - create IPUIPlugin
2023-08-29 13:30:43,838 [INFO] IPUIPlugin:80 - create IPUIPlugin
2023-08-29 13:30:43,839 [INFO] IPUIPlugin:80 - create IPUIPlugin
2023-08-29 13:30:43,839 [INFO] IPUIPlugin:80 - create IPUIPlugin
2023-08-29 13:30:43,839 [INFO] IPUIPlugin:80 - create IPUIPlugin
2023-08-29 13:30:43,839 [INFO] IPUIPlugin:80 - create IPUIPlugin
2023-08-29 13:30:43,839 [INFO] IPUIPlugin:80 - create IPUIPlugin
2023-08-29 13:30:43,840 [INFO] IPUIPlugin:80 - create IPUIPlugin
2023-08-29 13:30:43,840 [INFO] IPUIPlugin:80 - create IPUIPlugin
2023-08-29 13:30:43,840 [INFO] IPUIPlugin:80 - create IPUIPlugin
2023-08-29 13:30:43,840 [INFO] IPUIPlugin:80 - create IPUIPlugin
2023-08-29 13:30:43,841 [INFO] IPUIPlugin:80 - create IPUIPlugin
2023-08-29 13:30:43,841 [INFO] IPUIPlugin:80 - create IPUIPlugin
2023-08-29 13:30:43,841 [INFO] IPUIPlugin:80 - create IPUIPlugin
2023-08-29 13:30:43,841 [INFO] IPUIPlugin:80 - create IPUIPlugin
2023-08-29 13:30:43,842 [INFO] IPUIPlugin:80 - create IPUIPlugin
2023-08-29 13:30:43,842 [INFO] IPUIPlugin:80 - create IPUIPlugin
2023-08-29 13:30:43,842 [INFO] IPUIPlugin:80 - create IPUIPlugin
2023-08-29 13:30:43,843 [INFO] IPUIPlugin:80 - create IPUIPlugin
2023-08-29 13:30:43,843 [INFO] IPUIPlugin:80 - create IPUIPlugin
2023-08-29 13:30:43,844 [INFO] IPUIPlugin:80 - create IPUIPlugin
2023-08-29 13:30:43,844 [INFO] IPUIPlugin:80 - create IPUIPlugin
2023-08-29 13:30:43,844 [INFO] IPUIPlugin:80 - create IPUIPlugin
2023-08-29 13:30:43,845 [INFO] IPUIPlugin:80 - create IPUIPlugin
2023-08-29 13:30:43,845 [INFO] IPUIPlugin:80 - create IPUIPlugin
2023-08-29 13:30:43,845 [INFO] IPUIPlugin:80 - create IPUIPlugin
2023-08-29 13:30:43,846 [INFO] IPUIPlugin:80 - create IPUIPlugin
2023-08-29 13:30:43,847 [INFO] IPUIPlugin:80 - create IPUIPlugin
2023-08-29 13:30:43,848 [INFO] IPUIPlugin:80 - create IPUIPlugin
2023-08-29 13:30:43,848 [INFO] IPUIPlugin:80 - create IPUIPlugin
2023-08-29 13:30:43,849 [INFO] IPUIPlugin:80 - create IPUIPlugin
2023-08-29 13:30:43,849 [INFO] IPUIPlugin:80 - create IPUIPlugin
2023-08-29 13:30:43,850 [INFO] IPUIPlugin:80 - create IPUIPlugin
2023-08-29 13:30:43,850 [INFO] IPUIPlugin:80 - create IPUIPlugin
2023-08-29 13:30:43,851 [INFO] IPUIPlugin:80 - create IPUIPlugin
2023-08-29 13:30:43,851 [INFO] IPUIPlugin:80 - create IPUIPlugin
2023-08-29 13:30:43,851 [INFO] IPUIPlugin:80 - create IPUIPlugin
2023-08-29 13:30:43,851 [INFO] IPUIPlugin:80 - create IPUIPlugin
2023-08-29 13:30:43,851 [INFO] IPUIPlugin:80 - create IPUIPlugin
2023-08-29 13:30:43,851 [INFO] IPUIPlugin:80 - create IPUIPlugin
2023-08-29 13:30:43,852 [INFO] IPUIPlugin:80 - create IPUIPlugin
2023-08-29 13:30:43,852 [INFO] IPUIPlugin:80 - create IPUIPlugin
2023-08-29 13:30:43,852 [INFO] IPUIPlugin:80 - create IPUIPlugin
2023-08-29 13:30:43,853 [INFO] IPUIPlugin:80 - create IPUIPlugin
2023-08-29 13:30:43,853 [INFO] IPUIPlugin:80 - create IPUIPlugin
2023-08-29 13:30:43,853 [INFO] IPUIPlugin:80 - create IPUIPlugin
2023-08-29 13:30:43,853 [INFO] IPUIPlugin:80 - create IPUIPlugin
2023-08-29 13:30:43,853 [INFO] IPUIPlugin:80 - create IPUIPlugin
2023-08-29 13:30:43,854 [INFO] IPUIPlugin:80 - create IPUIPlugin
2023-08-29 13:30:43,854 [INFO] IPUIPlugin:80 - create IPUIPlugin
2023-08-29 13:30:43,854 [INFO] IPUIPlugin:80 - create IPUIPlugin
2023-08-29 13:30:43,854 [INFO] IPUIPlugin:80 - create IPUIPlugin
2023-08-29 13:30:43,854 [INFO] IPUIPlugin:80 - create IPUIPlugin
2023-08-29 13:30:43,855 [INFO] IPUIPlugin:80 - create IPUIPlugin
2023-08-29 13:30:43,855 [INFO] IPUIPlugin:80 - create IPUIPlugin
2023-08-29 13:30:43,855 [INFO] IPUIPlugin:80 - create IPUIPlugin
2023-08-29 13:30:43,856 [INFO] IPUIPlugin:80 - create IPUIPlugin
2023-08-29 13:30:43,856 [INFO] IPUIPlugin:80 - create IPUIPlugin
2023-08-29 13:30:43,857 [INFO] IPUIPlugin:80 - create IPUIPlugin
2023-08-29 13:30:43,857 [INFO] IPUIPlugin:80 - create IPUIPlugin
2023-08-29 13:30:43,858 [INFO] IPUIPlugin:80 - create IPUIPlugin
2023-08-29 13:30:43,858 [INFO] IPUIPlugin:80 - create IPUIPlugin
2023-08-29 13:30:43,859 [INFO] IPUIPlugin:80 - create IPUIPlugin
2023-08-29 13:30:43,859 [INFO] IPUIPlugin:80 - create IPUIPlugin
2023-08-29 13:30:43,861 [INFO] IPUIPlugin:80 - create IPUIPlugin
2023-08-29 13:30:43,862 [INFO] IPUIPlugin:80 - create IPUIPlugin
2023-08-29 13:30:43,863 [INFO] IPUIPlugin:80 - create IPUIPlugin
2023-08-29 13:30:43,863 [INFO] IPUIPlugin:80 - create IPUIPlugin
2023-08-29 13:30:43,867 [INFO] ApiDbMcu:507 - Load IP Config File for PDM2PCM
2023-08-29 13:30:43,984 [INFO] CADModel:165 - CPN selected for project levelSTM32F767ZIT6
2023-08-29 13:30:43,984 [INFO] CADModel:114 - Register for checkConnection events
2023-08-29 13:30:44,029 [INFO] OpenFileManager:328 - Restore cursor
2023-08-29 13:30:52,425 [INFO] Gpio:273 - dependency for GPIO [USART2, USART3]
2023-08-29 13:36:38,855 [INFO] UtilMem:75 - End SaveConfig() Used Memory: 663293008 Bytes (936378368)
2023-08-29 13:36:42,204 [INFO] UtilMem:75 - End SaveConfig() Used Memory: 700520104 Bytes (936378368)
2023-08-29 13:38:23,433 [INFO] UtilMem:75 - End SaveConfig() Used Memory: 318782736 Bytes (936378368)
2023-08-29 13:38:23,978 [INFO] BlockDiagram:2759 - set Specific Code input for plugin: RCC
2023-08-29 13:38:23,979 [INFO] BlockDiagram:2759 - set Specific Code input for plugin: NVIC
2023-08-29 13:38:23,979 [INFO] BlockDiagram:2759 - set Specific Code input for plugin: USART
2023-08-29 13:38:23,979 [INFO] BlockDiagram:2759 - set Specific Code input for plugin: USART
2023-08-29 13:38:23,981 [INFO] BlockDiagram:2759 - set Specific Code input for plugin: GPIO
2023-08-29 13:38:23,982 [INFO] CodeGenerator:799 - code generatio: config db path: /opt/st/stm32cubeide_1.13.0/plugins/com.st.stm32cube.common.mx_6.9.0.202307051724//db/
2023-08-29 13:38:24,502 [INFO] CodeEngine:255 - oldGeneratedFile, /home/northy/STM32CubeIDE/MAD_Lab/Special_Problem1/MXTmpFiles/license.tmp_save
2023-08-29 13:38:24,834 [INFO] CodeEngine:279 - Generated code: /home/northy/STM32CubeIDE/MAD_Lab/Special_Problem1/MXTmpFiles/license.tmp
2023-08-29 13:38:24,937 [INFO] CodeEngine:255 - oldGeneratedFile, /home/northy/STM32CubeIDE/MAD_Lab/Special_Problem1/Core/Src/gpio.c_save
2023-08-29 13:38:25,152 [INFO] CodeEngine:279 - Generated code: /home/northy/STM32CubeIDE/MAD_Lab/Special_Problem1/Core/Src/gpio.c
2023-08-29 13:38:25,162 [INFO] CodeEngine:255 - oldGeneratedFile, /home/northy/STM32CubeIDE/MAD_Lab/Special_Problem1/Core/Inc/gpio.h_save
2023-08-29 13:38:25,340 [INFO] CodeEngine:279 - Generated code: /home/northy/STM32CubeIDE/MAD_Lab/Special_Problem1/Core/Inc/gpio.h
2023-08-29 13:38:25,599 [INFO] CodeEngine:255 - oldGeneratedFile, /home/northy/STM32CubeIDE/MAD_Lab/Special_Problem1/MXTmpFiles/cortex.tmp_save
2023-08-29 13:38:25,744 [INFO] CodeEngine:279 - Generated code: /home/northy/STM32CubeIDE/MAD_Lab/Special_Problem1/MXTmpFiles/cortex.tmp
2023-08-29 13:38:25,751 [INFO] CodeEngine:255 - oldGeneratedFile, /home/northy/STM32CubeIDE/MAD_Lab/Special_Problem1/Core/Src/usart.c_save
2023-08-29 13:38:26,004 [INFO] CodeEngine:279 - Generated code: /home/northy/STM32CubeIDE/MAD_Lab/Special_Problem1/Core/Src/usart.c
2023-08-29 13:38:26,008 [INFO] CodeEngine:255 - oldGeneratedFile, /home/northy/STM32CubeIDE/MAD_Lab/Special_Problem1/Core/Inc/usart.h_save
2023-08-29 13:38:26,209 [INFO] CodeEngine:279 - Generated code: /home/northy/STM32CubeIDE/MAD_Lab/Special_Problem1/Core/Inc/usart.h
2023-08-29 13:38:26,227 [INFO] CodeEngine:255 - oldGeneratedFile, /home/northy/STM32CubeIDE/MAD_Lab/Special_Problem1/Core/Src/stm32f7xx_it.c_save
2023-08-29 13:38:26,738 [INFO] CodeEngine:279 - Generated code: /home/northy/STM32CubeIDE/MAD_Lab/Special_Problem1/Core/Src/stm32f7xx_it.c
2023-08-29 13:38:26,744 [INFO] CodeEngine:255 - oldGeneratedFile, /home/northy/STM32CubeIDE/MAD_Lab/Special_Problem1/Core/Inc/stm32f7xx_it.h_save
2023-08-29 13:38:26,924 [INFO] CodeEngine:279 - Generated code: /home/northy/STM32CubeIDE/MAD_Lab/Special_Problem1/Core/Inc/stm32f7xx_it.h
2023-08-29 13:38:26,954 [INFO] CodeEngine:255 - oldGeneratedFile, /home/northy/STM32CubeIDE/MAD_Lab/Special_Problem1/Core/Src/stm32f7xx_hal_msp.c_save
2023-08-29 13:38:27,113 [INFO] CodeEngine:279 - Generated code: /home/northy/STM32CubeIDE/MAD_Lab/Special_Problem1/Core/Src/stm32f7xx_hal_msp.c
2023-08-29 13:38:27,115 [INFO] CodeEngine:255 - oldGeneratedFile, /home/northy/STM32CubeIDE/MAD_Lab/Special_Problem1/MXTmpFiles/system.tmp_save
2023-08-29 13:38:27,215 [INFO] CodeEngine:279 - Generated code: /home/northy/STM32CubeIDE/MAD_Lab/Special_Problem1/MXTmpFiles/system.tmp
2023-08-29 13:38:27,221 [INFO] CodeEngine:311 - oldGeneratedFile, /home/northy/STM32CubeIDE/MAD_Lab/Special_Problem1/Core/Inc/stm32f7xx_hal_conf.h_save
2023-08-29 13:38:27,344 [INFO] CodeEngine:335 - Generated code: /home/northy/STM32CubeIDE/MAD_Lab/Special_Problem1/Core/Inc/stm32f7xx_hal_conf.h
2023-08-29 13:38:27,385 [INFO] CodeEngine:255 - oldGeneratedFile, /home/northy/STM32CubeIDE/MAD_Lab/Special_Problem1/Core/Inc/main.h_save
2023-08-29 13:38:27,525 [INFO] CodeEngine:279 - Generated code: /home/northy/STM32CubeIDE/MAD_Lab/Special_Problem1/Core/Inc/main.h
2023-08-29 13:38:27,529 [INFO] CodeEngine:255 - oldGeneratedFile, /home/northy/STM32CubeIDE/MAD_Lab/Special_Problem1/Core/Src/main.c_save
2023-08-29 13:38:27,838 [INFO] CodeEngine:279 - Generated code: /home/northy/STM32CubeIDE/MAD_Lab/Special_Problem1/Core/Src/main.c
2023-08-29 13:38:28,556 [INFO] ProjectBuilder:3064 - Time for Copy HAL[1] : 37mS.
2023-08-29 13:38:28,558 [INFO] ProjectBuilder:4404 - Project Generator version: 4.1.0
2023-08-29 13:38:28,864 [INFO] ConfigFileManager:1457 - The Die is : DIE451
2023-08-29 13:38:28,871 [INFO] ApiDbMcu:507 - Load IP Config File for FATFS
2023-08-29 13:38:28,880 [INFO] ApiDbMcu:507 - Load IP Config File for FREERTOS
2023-08-29 13:38:28,884 [INFO] ApiDbMcu:507 - Load IP Config File for LIBJPEG
2023-08-29 13:38:28,895 [INFO] ApiDbMcu:507 - Load IP Config File for LWIP
2023-08-29 13:38:28,903 [INFO] ApiDbMcu:507 - Load IP Config File for MBEDTLS
2023-08-29 13:38:28,914 [INFO] ApiDbMcu:507 - Load IP Config File for USB_DEVICE
2023-08-29 13:38:28,918 [INFO] ApiDbMcu:507 - Load IP Config File for USB_HOST
2023-08-29 13:38:31,493 [INFO] ProjectBuilder:4626 - Time for Generating toolchain IDE Files: 2934mS.
2023-08-29 13:38:31,494 [INFO] ProjectBuilder:2935 - Time for Copy CMSIS : 1mS.
2023-08-29 13:38:31,496 [INFO] ProjectBuilder:2935 - Time for Copy CMSIS : 0mS.
2023-08-29 13:40:00,305 [ERROR] ConfigurationRetriever:142 - IOException on connection: Read timed out
2023-08-29 13:40:02,315 [ERROR] ConfigurationRetriever:142 - IOException on connection: Read timed out
2023-08-29 14:18:21,040 [ERROR] ConfigurationRetriever:142 - IOException on connection: Read timed out
2023-08-29 14:46:26,733 [ERROR] ConfigurationRetriever:142 - IOException on connection: Read timed out
2023-08-29 14:48:43,451 [ERROR] ConfigurationRetriever:142 - IOException on connection: Read timed out
2023-08-29 14:48:45,460 [ERROR] ConfigurationRetriever:142 - IOException on connection: Read timed out
2023-08-29 14:48:49,583 [ERROR] ConfigurationRetriever:142 - IOException on connection: Connection reset
2023-08-29 15:35:54,793 [ERROR] ConfigurationRetriever:142 - IOException on connection: Connection reset
2023-08-29 16:53:14,691 [ERROR] ConfigurationRetriever:142 - IOException on connection: Connection reset
2023-08-29 17:23:48,485 [ERROR] ConfigurationRetriever:142 - IOException on connection: Connection reset
2023-08-29 19:40:24,860 [ERROR] ConfigurationRetriever:142 - IOException on connection: sw-center.st.com
2023-08-29 19:40:24,861 [ERROR] ConfigurationRetriever:142 - IOException on connection: sw-center.st.com
2023-08-29 19:40:24,861 [ERROR] ConfigurationRetriever:142 - IOException on connection: sw-center.st.com
