2023-09-28 07:41:51,876 [INFO] Activator:176 - 


2023-09-28 07:41:51,886 [INFO] Activator:177 - !SESSION log4j initialized
2023-09-28 07:41:59,263 [INFO] LogOutputStream:77 - [STDOUT_REDIRECT] 
2023-09-28 07:42:02,298 [INFO] ApplicationProperties:184 - Using Application install path: /opt/st/stm32cubeide_1.13.0/plugins/com.st.stm32cube.common.mx_6.9.0.202307051724
2023-09-28 07:42:02,331 [INFO] DbMcusXml:78 - Set database path to: /opt/st/stm32cubeide_1.13.0/plugins/com.st.stm32cube.common.mx_6.9.0.202307051724//db//mcu/
2023-09-28 07:42:02,332 [INFO] ApiDb:274 - Set plugin database path to: /opt/st/stm32cubeide_1.13.0/plugins/com.st.stm32cube.common.mx_6.9.0.202307051724//db//plugins/boardmanager/
2023-09-28 07:42:02,332 [WARN] ApiDb:259 - Overriding images path with different value:  => /opt/st/stm32cubeide_1.13.0/plugins/com.st.stm32cube.common.mx_6.9.0.202307051724//db//plugins/mcufinder/images/
2023-09-28 07:42:02,355 [INFO] ApiDb:250 - Set database path to: /home/northy/.stmcufinder/plugins/mcufinder//mcu/
2023-09-28 07:42:02,358 [INFO] DbMcusAds:125 - Set database path to: /home/northy/.stmcufinder/plugins/mcufinder//mcu/
2023-09-28 07:42:02,363 [INFO] CrossReferenceDbSqlite:203 - Set database path to: /home/northy/.stmcufinder/plugins/mcufinder//mcu/cs/
2023-09-28 07:42:02,588 [INFO] RulesReader:64 - Compatibility file has been processed (293 Rules)
2023-09-28 07:42:02,739 [INFO] DbMcusXml:78 - Set database path to: /opt/st/stm32cubeide_1.13.0/plugins/com.st.stm32cube.common.mx_6.9.0.202307051724//db//mcu/
2023-09-28 07:42:02,739 [INFO] ApiDb:274 - Set plugin database path to: /opt/st/stm32cubeide_1.13.0/plugins/com.st.stm32cube.common.mx_6.9.0.202307051724//db//plugins/boardmanager/
2023-09-28 07:42:02,740 [INFO] ApiDb:261 - Set plugin images path to: /opt/st/stm32cubeide_1.13.0/plugins/com.st.stm32cube.common.mx_6.9.0.202307051724//db//plugins/mcufinder/images/
2023-09-28 07:42:02,740 [WARN] DbFile:41 - Overriding database path with different value: /home/northy/.stmcufinder/plugins/mcufinder/ => /home/northy/.stmcufinder/plugins/mcufinder
2023-09-28 07:42:02,740 [INFO] ApiDb:250 - Set database path to: /home/northy/.stmcufinder/plugins/mcufinder//mcu/
2023-09-28 07:42:02,741 [WARN] DbFile:41 - Overriding database path with different value: /home/northy/.stmcufinder/plugins/mcufinder/ => /home/northy/.stmcufinder/plugins/mcufinder
2023-09-28 07:42:02,741 [INFO] DbMcusAds:125 - Set database path to: /home/northy/.stmcufinder/plugins/mcufinder//mcu/
2023-09-28 07:42:02,741 [WARN] DbFile:41 - Overriding database path with different value: /home/northy/.stmcufinder/plugins/mcufinder/ => /home/northy/.stmcufinder/plugins/mcufinder
2023-09-28 07:42:02,741 [WARN] DbFile:41 - Overriding database path with different value: /home/northy/.stmcufinder/plugins/mcufinder/ => /home/northy/.stmcufinder/plugins/mcufinder
2023-09-28 07:42:02,741 [INFO] CrossReferenceDbSqlite:203 - Set database path to: /home/northy/.stmcufinder/plugins/mcufinder//mcu/cs/
2023-09-28 07:42:02,863 [INFO] MainPanel:262 - HeapMemory: 268435456
2023-09-28 07:42:03,018 [INFO] DbMcusXml:78 - Set database path to: /opt/st/stm32cubeide_1.13.0/plugins/com.st.stm32cube.common.mx_6.9.0.202307051724//db//mcu/
2023-09-28 07:42:03,019 [INFO] ApiDb:274 - Set plugin database path to: /opt/st/stm32cubeide_1.13.0/plugins/com.st.stm32cube.common.mx_6.9.0.202307051724//db//plugins/boardmanager/
2023-09-28 07:42:03,019 [INFO] ApiDb:261 - Set plugin images path to: /opt/st/stm32cubeide_1.13.0/plugins/com.st.stm32cube.common.mx_6.9.0.202307051724//db//plugins/mcufinder/images/
2023-09-28 07:42:03,020 [WARN] DbFile:41 - Overriding database path with different value: /home/northy/.stmcufinder/plugins/mcufinder/ => /home/northy/.stmcufinder/plugins/mcufinder
2023-09-28 07:42:03,020 [INFO] ApiDb:250 - Set database path to: /home/northy/.stmcufinder/plugins/mcufinder//mcu/
2023-09-28 07:42:03,020 [WARN] DbFile:41 - Overriding database path with different value: /home/northy/.stmcufinder/plugins/mcufinder/ => /home/northy/.stmcufinder/plugins/mcufinder
2023-09-28 07:42:03,021 [INFO] DbMcusAds:125 - Set database path to: /home/northy/.stmcufinder/plugins/mcufinder//mcu/
2023-09-28 07:42:03,021 [WARN] DbFile:41 - Overriding database path with different value: /home/northy/.stmcufinder/plugins/mcufinder/ => /home/northy/.stmcufinder/plugins/mcufinder
2023-09-28 07:42:03,021 [WARN] DbFile:41 - Overriding database path with different value: /home/northy/.stmcufinder/plugins/mcufinder/ => /home/northy/.stmcufinder/plugins/mcufinder
2023-09-28 07:42:03,021 [INFO] CrossReferenceDbSqlite:203 - Set database path to: /home/northy/.stmcufinder/plugins/mcufinder//mcu/cs/
2023-09-28 07:42:03,053 [INFO] ApplicationProperties:184 - Using Application install path: /opt/st/stm32cubeide_1.13.0/plugins/com.st.stm32cube.common.mx_6.9.0.202307051724
2023-09-28 07:42:03,056 [INFO] PluginManage:196 - Search for loadable plugins [exclusion list=, ]
2023-09-28 07:42:03,059 [INFO] PluginManage:310 - Check plugin analytics
2023-09-28 07:42:03,348 [INFO] AnalyticsPlugin:253 - Accepted Software Licenses: 
2023-09-28 07:42:03,349 [INFO] AnalyticsPlugin:255 - Accepted CMSIS Pack Licenses: 
2023-09-28 07:42:03,349 [INFO] AnalyticsPlugin:257 - Accepted Firmware Licenses: FW.F7.1.17.0
2023-09-28 07:42:03,356 [INFO] PluginManage:359 - Loaded plugin analytics (category:tool,tabindex:-1)
2023-09-28 07:42:03,356 [INFO] PluginManage:310 - Check plugin cadmodel
2023-09-28 07:42:03,465 [INFO] CADModel:105 - Init CAD model plugin
2023-09-28 07:42:03,466 [INFO] PluginManage:359 - Loaded plugin cadmodel (category:power,tabindex:5)
2023-09-28 07:42:03,466 [INFO] PluginManage:310 - Check plugin clock
2023-09-28 07:42:03,484 [INFO] PluginManage:359 - Loaded plugin clock (category:base,tabindex:2)
2023-09-28 07:42:03,484 [INFO] PluginManage:310 - Check plugin ddr
2023-09-28 07:42:03,488 [INFO] PluginManage:359 - Loaded plugin ddr (category:tool,tabindex:6)
2023-09-28 07:42:03,488 [INFO] PluginManage:310 - Check plugin filemanager
2023-09-28 07:42:03,705 [INFO] PluginManage:359 - Loaded plugin filemanager (category:base,tabindex:10)
2023-09-28 07:42:03,706 [INFO] PluginManage:310 - Check plugin ipmanager
2023-09-28 07:42:03,718 [INFO] PluginManage:359 - Loaded plugin ipmanager (category:base,tabindex:5)
2023-09-28 07:42:03,718 [INFO] PluginManage:310 - Check plugin lpbam
2023-09-28 07:42:03,738 [INFO] PluginManage:359 - Loaded plugin lpbam (category:base,tabindex:0)
2023-09-28 07:42:03,738 [INFO] PluginManage:310 - Check plugin memorymap
2023-09-28 07:42:03,761 [INFO] PluginManage:359 - Loaded plugin memorymap (category:base,tabindex:4)
2023-09-28 07:42:03,762 [INFO] PluginManage:310 - Check plugin pinoutandconfiguration
2023-09-28 07:42:03,776 [INFO] PluginManage:359 - Loaded plugin pinoutandconfiguration (category:base,tabindex:1)
2023-09-28 07:42:03,776 [INFO] PluginManage:310 - Check plugin pinoutconfig
2023-09-28 07:42:03,936 [WARN] SupportedApi:132 - Cannot load RTOS API schema: s4s-elt-must-match.1: The content of 'definitions' must match (annotation?, (simpleType | complexType)?, (unique | key | keyref)*)). A problem was found starting at: attribute.
2023-09-28 07:42:04,185 [INFO] PluginManage:359 - Loaded plugin pinoutconfig (category:base,tabindex:0)
2023-09-28 07:42:04,186 [INFO] PluginManage:310 - Check plugin power
2023-09-28 07:42:04,208 [INFO] PluginManage:359 - Loaded plugin power (category:power,tabindex:4)
2023-09-28 07:42:04,208 [INFO] PluginManage:310 - Check plugin projectmanager
2023-09-28 07:42:04,237 [INFO] PluginManage:359 - Loaded plugin projectmanager (category:projectmanager,tabindex:3)
2023-09-28 07:42:04,238 [INFO] PluginManage:310 - Check plugin thirdparty
2023-09-28 07:42:04,493 [WARN] IntegrityCheckThread:84 - waiting for thirdparty lock release [integrity check]
2023-09-28 07:42:04,494 [INFO] PluginManage:359 - Loaded plugin thirdparty (category:base,tabindex:-1)
2023-09-28 07:42:04,494 [INFO] IntegrityCheckThread:86 - entering critical section [integrity check]
2023-09-28 07:42:04,494 [INFO] PluginManage:310 - Check plugin tools
2023-09-28 07:42:04,495 [INFO] ThirdPartyUpdaterWithRetryManager:70 - Updater plugin not ready yet. [1/15]
2023-09-28 07:42:04,499 [INFO] PluginManage:359 - Loaded plugin tools (category:base,tabindex:7)
2023-09-28 07:42:04,499 [INFO] PluginManage:310 - Check plugin tutovideos
2023-09-28 07:42:04,811 [INFO] PluginManage:359 - Loaded plugin tutovideos (category:base,tabindex:-1)
2023-09-28 07:42:04,811 [INFO] PluginManage:310 - Check plugin updater
2023-09-28 07:42:04,830 [INFO] PluginManage:359 - Loaded plugin updater (category:base,tabindex:12)
2023-09-28 07:42:04,830 [INFO] PluginManage:310 - Check plugin userauth
2023-09-28 07:42:04,839 [INFO] UserAuth:113 - Init User Auth plugin
2023-09-28 07:42:04,839 [INFO] PluginManage:359 - Loaded plugin userauth (category:base,tabindex:14)
2023-09-28 07:42:04,840 [INFO] PluginManage:283 - PluginManage : Loaded plugins [17]
2023-09-28 07:42:05,149 [INFO] PinOutPanel:1499 - setPackage(No Configuration,No Configuration)
2023-09-28 07:42:05,292 [INFO] CADModel:165 - CPN selected for project level
2023-09-28 07:42:05,292 [INFO] CADModel:114 - Register for checkConnection events
2023-09-28 07:42:05,309 [INFO] IPUIPlugin:80 - create IPUIPlugin
2023-09-28 07:42:05,309 [INFO] PluginManager:220 - loadIPPluginJar : add ts
2023-09-28 07:42:05,319 [INFO] IPUIPlugin:80 - create IPUIPlugin
2023-09-28 07:42:05,319 [INFO] PluginManager:220 - loadIPPluginJar : add pdm2pcm
2023-09-28 07:42:05,322 [INFO] IPUIPlugin:80 - create IPUIPlugin
2023-09-28 07:42:05,322 [INFO] PluginManager:220 - loadIPPluginJar : add fatfs
2023-09-28 07:42:05,326 [INFO] IPUIPlugin:80 - create IPUIPlugin
2023-09-28 07:42:05,327 [INFO] PluginManager:220 - loadIPPluginJar : add gfxmmu
2023-09-28 07:42:05,336 [INFO] IPUIPlugin:80 - create IPUIPlugin
2023-09-28 07:42:05,338 [INFO] PluginManager:220 - loadIPPluginJar : add gpio
2023-09-28 07:42:05,349 [INFO] IPUIPlugin:80 - create IPUIPlugin
2023-09-28 07:42:05,349 [INFO] PluginManager:220 - loadIPPluginJar : add freertos
2023-09-28 07:42:05,354 [INFO] IPUIPlugin:80 - create IPUIPlugin
2023-09-28 07:42:05,354 [INFO] PluginManager:220 - loadIPPluginJar : add spi
2023-09-28 07:42:05,356 [INFO] IPUIPlugin:80 - create IPUIPlugin
2023-09-28 07:42:05,356 [INFO] PluginManager:220 - loadIPPluginJar : add quadspi
2023-09-28 07:42:05,359 [INFO] IPUIPlugin:80 - create IPUIPlugin
2023-09-28 07:42:05,359 [INFO] PluginManager:220 - loadIPPluginJar : add tim
2023-09-28 07:42:05,363 [INFO] IPUIPlugin:80 - create IPUIPlugin
2023-09-28 07:42:05,364 [INFO] PluginManager:220 - loadIPPluginJar : add aes
2023-09-28 07:42:05,374 [INFO] IPUIPlugin:80 - create IPUIPlugin
2023-09-28 07:42:05,374 [INFO] PluginManager:220 - loadIPPluginJar : add dma
2023-09-28 07:42:05,377 [INFO] IPUIPlugin:80 - create IPUIPlugin
2023-09-28 07:42:05,377 [INFO] PluginManager:220 - loadIPPluginJar : add tracer_emb
2023-09-28 07:42:05,380 [INFO] IPUIPlugin:80 - create IPUIPlugin
2023-09-28 07:42:05,380 [INFO] PluginManager:220 - loadIPPluginJar : add comp
2023-09-28 07:42:05,384 [INFO] IPUIPlugin:80 - create IPUIPlugin
2023-09-28 07:42:05,385 [INFO] PluginManager:220 - loadIPPluginJar : add openamp
2023-09-28 07:42:05,389 [INFO] IPUIPlugin:80 - create IPUIPlugin
2023-09-28 07:42:05,389 [INFO] PluginManager:220 - loadIPPluginJar : add dfsdm
2023-09-28 07:42:05,393 [INFO] IPUIPlugin:80 - create IPUIPlugin
2023-09-28 07:42:05,393 [INFO] PluginManager:220 - loadIPPluginJar : add cryp
2023-09-28 07:42:05,397 [INFO] IPUIPlugin:80 - create IPUIPlugin
2023-09-28 07:42:05,398 [INFO] PluginManager:220 - loadIPPluginJar : add i2s
2023-09-28 07:42:05,410 [INFO] IPUIPlugin:80 - create IPUIPlugin
2023-09-28 07:42:05,415 [INFO] PluginManager:220 - loadIPPluginJar : add plateformsettings
2023-09-28 07:42:05,420 [INFO] IPUIPlugin:80 - create IPUIPlugin
2023-09-28 07:42:05,420 [INFO] PluginManager:220 - loadIPPluginJar : add touchsensing
2023-09-28 07:42:05,424 [INFO] IPUIPlugin:80 - create IPUIPlugin
2023-09-28 07:42:05,425 [INFO] PluginManager:220 - loadIPPluginJar : add i3c
2023-09-28 07:42:05,430 [INFO] IPUIPlugin:80 - create IPUIPlugin
2023-09-28 07:42:05,430 [INFO] PluginManager:220 - loadIPPluginJar : add usart
2023-09-28 07:42:05,436 [INFO] IPUIPlugin:80 - create IPUIPlugin
2023-09-28 07:42:05,436 [INFO] PluginManager:220 - loadIPPluginJar : add i2c
2023-09-28 07:42:05,449 [INFO] IPUIPlugin:80 - create IPUIPlugin
2023-09-28 07:42:05,449 [INFO] PluginManager:220 - loadIPPluginJar : add mdma
2023-09-28 07:42:05,453 [INFO] IPUIPlugin:80 - create IPUIPlugin
2023-09-28 07:42:05,453 [INFO] PluginManager:220 - loadIPPluginJar : add ucpd
2023-09-28 07:42:05,458 [INFO] IPUIPlugin:80 - create IPUIPlugin
2023-09-28 07:42:05,458 [INFO] PluginManager:220 - loadIPPluginJar : add lorawan
2023-09-28 07:42:05,461 [INFO] IPUIPlugin:80 - create IPUIPlugin
2023-09-28 07:42:05,461 [INFO] PluginManager:220 - loadIPPluginJar : add ltdc
2023-09-28 07:42:05,467 [INFO] IPUIPlugin:80 - create IPUIPlugin
2023-09-28 07:42:05,467 [INFO] PluginManager:220 - loadIPPluginJar : add ipddr
2023-09-28 07:42:05,480 [INFO] IPUIPlugin:80 - create IPUIPlugin
2023-09-28 07:42:05,480 [INFO] PluginManager:220 - loadIPPluginJar : add stm32_wpan
2023-09-28 07:42:05,483 [INFO] IPUIPlugin:80 - create IPUIPlugin
2023-09-28 07:42:05,483 [INFO] PluginManager:220 - loadIPPluginJar : add genericplugin
2023-09-28 07:42:05,495 [INFO] IPUIPlugin:80 - create IPUIPlugin
2023-09-28 07:42:05,495 [INFO] PluginManager:220 - loadIPPluginJar : add adc
2023-09-28 07:42:05,502 [INFO] IPUIPlugin:80 - create IPUIPlugin
2023-09-28 07:42:05,503 [INFO] PluginManager:220 - loadIPPluginJar : add nvic
2023-09-28 07:42:05,509 [INFO] IPUIPlugin:80 - create IPUIPlugin
2023-09-28 07:42:05,509 [INFO] PluginManager:220 - loadIPPluginJar : add sai
2023-09-28 07:42:05,512 [INFO] IPUIPlugin:80 - create IPUIPlugin
2023-09-28 07:42:05,512 [INFO] PluginManager:220 - loadIPPluginJar : add tsc
2023-09-28 07:42:05,523 [INFO] IPUIPlugin:80 - create IPUIPlugin
2023-09-28 07:42:05,523 [INFO] PluginManager:220 - loadIPPluginJar : add gic
2023-09-28 07:42:05,536 [INFO] IPUIPlugin:80 - create IPUIPlugin
2023-09-28 07:42:05,537 [INFO] PluginManager:220 - loadIPPluginJar : add linkedlist
2023-09-28 07:42:05,544 [INFO] IPUIPlugin:80 - create IPUIPlugin
2023-09-28 07:42:05,544 [INFO] PluginManager:220 - loadIPPluginJar : add resmgrutility
2023-09-28 07:42:05,549 [INFO] IPUIPlugin:80 - create IPUIPlugin
2023-09-28 07:42:05,549 [INFO] PluginManager:220 - loadIPPluginJar : add dma3
2023-09-28 07:42:05,554 [INFO] IPUIPlugin:80 - create IPUIPlugin
2023-09-28 07:42:05,555 [INFO] PluginManager:220 - loadIPPluginJar : add usbx
2023-09-28 07:42:05,560 [INFO] IPUIPlugin:80 - create IPUIPlugin
2023-09-28 07:42:05,560 [INFO] PluginManager:220 - loadIPPluginJar : add can
2023-09-28 07:42:05,566 [INFO] IPUIPlugin:80 - create IPUIPlugin
2023-09-28 07:42:05,566 [INFO] PluginManager:220 - loadIPPluginJar : add gtzc
2023-09-28 07:42:05,574 [INFO] IPUIPlugin:80 - create IPUIPlugin
2023-09-28 07:42:05,575 [INFO] PluginManager:220 - loadIPPluginJar : add fmc
2023-09-28 07:42:05,579 [INFO] IPUIPlugin:80 - create IPUIPlugin
2023-09-28 07:42:05,579 [INFO] PluginManager:220 - loadIPPluginJar : add hash
2023-09-28 07:42:05,584 [INFO] IPUIPlugin:80 - create IPUIPlugin
2023-09-28 07:42:05,584 [INFO] PluginManager:220 - loadIPPluginJar : add opamp
2023-09-28 07:42:05,722 [INFO] CADModel:165 - CPN selected for project level
2023-09-28 07:42:05,722 [INFO] CADModel:114 - Register for checkConnection events
2023-09-28 07:42:05,723 [FATAL] Updater:308 - Updater called before beeing initialized
2023-09-28 07:42:05,723 [ERROR] CADModel:125 - Updater not yet initialized, retry later 
2023-09-28 07:42:05,975 [INFO] CADModel:165 - CPN selected for project level
2023-09-28 07:42:05,976 [INFO] CADModel:114 - Register for checkConnection events
2023-09-28 07:42:05,976 [FATAL] Updater:308 - Updater called before beeing initialized
2023-09-28 07:42:05,976 [ERROR] CADModel:125 - Updater not yet initialized, retry later 
2023-09-28 07:42:05,982 [FATAL] Updater:308 - Updater called before beeing initialized
2023-09-28 07:42:06,119 [FATAL] Updater:308 - Updater called before beeing initialized
2023-09-28 07:42:06,129 [INFO] DbMcusAds:53 - JSON generation date=Tue Mar 07 15:50:55 ICT 2023 (1678179055114)
2023-09-28 07:42:06,129 [FATAL] Updater:308 - Updater called before beeing initialized
2023-09-28 07:42:06,202 [WARN] DetailPanel:346 - Failed to get advertising image, set to default
2023-09-28 07:42:06,381 [FATAL] Updater:308 - Updater called before beeing initialized
2023-09-28 07:42:06,385 [FATAL] Updater:308 - Updater called before beeing initialized
2023-09-28 07:42:06,386 [FATAL] Updater:308 - Updater called before beeing initialized
2023-09-28 07:42:06,386 [WARN] DetailPanel:346 - Failed to get advertising image, set to default
2023-09-28 07:42:06,388 [FATAL] Updater:308 - Updater called before beeing initialized
2023-09-28 07:42:06,465 [ERROR] Updater:1120 - MainUpdater not yet initialized. External WinMGr cannot be set.
2023-09-28 07:42:06,468 [INFO] Updater:1056 - Updater Version found : 6.9.0
2023-09-28 07:42:06,511 [INFO] ApplicationProperties:184 - Using Application install path: /opt/st/stm32cubeide_1.13.0/plugins/com.st.stm32cube.common.mx_6.9.0.202307051724
2023-09-28 07:42:07,495 [INFO] ThirdPartyUpdaterWithRetryManager:70 - Updater plugin not ready yet. [2/15]
2023-09-28 07:42:07,743 [INFO] MainUpdater:2868 - connection check result : 10
2023-09-28 07:42:07,745 [INFO] MainUpdater:285 - Updater Check For Update Now.
2023-09-28 07:42:07,746 [INFO] MicroXplorer:498 - Change Database Version : DB.6.0.90
2023-09-28 07:42:07,756 [INFO] McuFinderGlobals:63 - Set McuFinder mode to 2 (CubeIDE integrated)
2023-09-28 07:42:07,999 [INFO] CheckServerUpdateThread:120 - End of CheckServer Thread
2023-09-28 07:42:10,679 [WARN] PackLoader:240 - Cannot read IP mode file for STMicroelectronics.X-CUBE-SMBUS.2.1.0
2023-09-28 07:42:10,744 [WARN] PackLoader:240 - Cannot read IP mode file for STMicroelectronics.X-CUBE-AZRTOS-F7.1.1.0
2023-09-28 07:42:10,763 [WARN] PackLoader:240 - Cannot read IP mode file for STMicroelectronics.FP-SNS-MOTENV1.4.3.2
2023-09-28 07:42:10,774 [WARN] PackLoader:240 - Cannot read IP mode file for STMicroelectronics.FP-SNS-FLIGHT1.5.0.1
2023-09-28 07:42:10,784 [WARN] PackLoader:240 - Cannot read IP mode file for STMicroelectronics.X-CUBE-BLE1.6.2.4
2023-09-28 07:42:10,791 [WARN] PackLoader:240 - Cannot read IP mode file for STMicroelectronics.FP-SNS-FLIGHT1.5.0.2
2023-09-28 07:42:10,804 [WARN] PackLoader:240 - Cannot read IP mode file for STMicroelectronics.X-CUBE-DISPLAY.3.0.0
2023-09-28 07:42:10,820 [WARN] PackLoader:240 - Cannot read IP mode file for STMicroelectronics.X-CUBE-BLE1.7.0.0
2023-09-28 07:42:10,828 [WARN] PackLoader:240 - Cannot read IP mode file for emotas.I-CUBE-CANOPEN.1.3.0
2023-09-28 07:42:10,834 [WARN] PackLoader:240 - Cannot read IP mode file for STMicroelectronics.X-CUBE-TOUCHGFX.4.22.0
2023-09-28 07:42:10,840 [WARN] PackLoader:240 - Cannot read IP mode file for STMicroelectronics.FP-SNS-SMARTAG2.1.2.0
2023-09-28 07:42:10,858 [INFO] LogOutputStream:77 - [STDOUT_REDIRECT] 1 : Invalid condition id : UX_CORESTACK_Condition cause : null
2023-09-28 07:42:10,859 [INFO] LogOutputStream:77 - [STDOUT_REDIRECT] 1 : Invalid condition id : UX_CORESTACK_Condition cause : null
2023-09-28 07:42:10,860 [INFO] LogOutputStream:77 - [STDOUT_REDIRECT] 1 : Invalid condition id : UX_CORESTACK_Condition cause : null
2023-09-28 07:42:10,860 [INFO] LogOutputStream:77 - [STDOUT_REDIRECT] 1 : Invalid condition id : UX_CORESTACK_Condition cause : null
2023-09-28 07:42:10,860 [INFO] LogOutputStream:77 - [STDOUT_REDIRECT] 1 : Invalid condition id : UX_CORESTACK_Condition cause : null
2023-09-28 07:42:10,867 [WARN] PackLoader:240 - Cannot read IP mode file for STMicroelectronics.X-CUBE-AZRTOS-WL.2.0.0
2023-09-28 07:42:10,881 [WARN] PackLoader:240 - Cannot read IP mode file for WES.I-CUBE-Cesium.1.3.0
2023-09-28 07:42:10,889 [WARN] PackLoader:240 - Cannot read IP mode file for STMicroelectronics.X-CUBE-BLE2.3.3.0
2023-09-28 07:42:10,899 [WARN] PackLoader:240 - Cannot read IP mode file for STMicroelectronics.X-CUBE-ALGOBUILD.1.3.0
2023-09-28 07:42:10,940 [WARN] PackLoader:240 - Cannot read IP mode file for STMicroelectronics.X-CUBE-AZRTOS-G0.1.1.0
2023-09-28 07:42:10,956 [WARN] PackLoader:240 - Cannot read IP mode file for STMicroelectronics.X-CUBE-NFC4.3.0.0
2023-09-28 07:42:10,966 [WARN] PackLoader:240 - Cannot read IP mode file for STMicroelectronics.FP-ATR-SIGFOX1.3.2.0
2023-09-28 07:42:11,028 [WARN] PackLoader:240 - Cannot read IP mode file for SEGGER.I-CUBE-embOS.1.3.1
2023-09-28 07:42:11,107 [WARN] PackLoader:240 - Cannot read IP mode file for STMicroelectronics.X-CUBE-GNSS1.6.0.0
2023-09-28 07:42:11,141 [WARN] PackLoader:240 - Cannot read IP mode file for STMicroelectronics.X-CUBE-AZRTOS-F4.1.1.0
2023-09-28 07:42:11,150 [WARN] PackLoader:240 - Cannot read IP mode file for wolfSSL.I-CUBE-wolfSSL.5.6.3
2023-09-28 07:42:11,178 [WARN] PackLoader:240 - Cannot read IP mode file for STMicroelectronics.X-CUBE-AZRTOS-L5.2.0.0
2023-09-28 07:42:11,253 [WARN] PackLoader:240 - Cannot read IP mode file for STMicroelectronics.X-CUBE-MEMS1.9.6.0
2023-09-28 07:42:11,750 [WARN] PackLoader:240 - Cannot read IP mode file for STMicroelectronics.X-CUBE-BLEMGR.2.0.0
2023-09-28 07:42:11,778 [WARN] ConditionMgr:438 - getConditionDescription Invalid condition id : UX DEVICE CLASS RTOS Condition cause : null
2023-09-28 07:42:11,778 [WARN] ConditionMgr:438 - getConditionDescription Invalid condition id : UX DEVICE CLASS RTOS Condition cause : null
2023-09-28 07:42:11,783 [WARN] PackLoader:240 - Cannot read IP mode file for STMicroelectronics.X-CUBE-AZRTOS-H7.3.1.0
2023-09-28 07:42:11,785 [WARN] ConditionMgr:1039 - genDependencies : Invalid condition id : UX DEVICE CLASS RTOS Condition cause : null
2023-09-28 07:42:11,786 [WARN] ConditionMgr:1039 - genDependencies : Invalid condition id : UX DEVICE CLASS RTOS Condition cause : null
2023-09-28 07:42:11,787 [WARN] ConditionMgr:1039 - genDependencies : Invalid condition id : UX DEVICE CLASS RTOS Condition cause : null
2023-09-28 07:42:11,788 [WARN] ConditionMgr:1039 - genDependencies : Invalid condition id : UX DEVICE CLASS RTOS Condition cause : null
2023-09-28 07:42:11,788 [WARN] ConditionMgr:1039 - genDependencies : Invalid condition id : UX DEVICE CLASS RTOS Condition cause : null
2023-09-28 07:42:11,798 [WARN] PackLoader:240 - Cannot read IP mode file for STMicroelectronics.X-CUBE-NFC7.1.0.1
2023-09-28 07:42:11,809 [WARN] PackLoader:240 - Cannot read IP mode file for STMicroelectronics.X-CUBE-NFC6.3.0.0
2023-09-28 07:42:11,819 [WARN] PackLoader:240 - Cannot read IP mode file for STMicroelectronics.X-CUBE-EEPRMA1.4.1.0
2023-09-28 07:42:11,825 [WARN] PackLoader:240 - Cannot read IP mode file for STMicroelectronics.X-CUBE-AI.8.1.0
2023-09-28 07:42:11,863 [WARN] ConditionMgr:438 - getConditionDescription Invalid condition id : LAN8742 Phy interface Condition cause : null
2023-09-28 07:42:11,864 [WARN] PackLoader:240 - Cannot read IP mode file for STMicroelectronics.X-CUBE-AZRTOS-L4.2.0.0
2023-09-28 07:42:11,866 [WARN] ConditionMgr:1039 - genDependencies : Invalid condition id : LAN8742 Phy interface Condition cause : null
2023-09-28 07:42:11,866 [WARN] ConditionMgr:1039 - genDependencies : Invalid condition id : LAN8742 Phy interface Condition cause : null
2023-09-28 07:42:11,868 [WARN] ConditionMgr:1039 - genDependencies : Invalid condition id : LAN8742 Phy interface Condition cause : null
2023-09-28 07:42:11,879 [WARN] PackLoader:240 - Cannot read IP mode file for STMicroelectronics.X-CUBE-SFXS2LP1.4.0.0
2023-09-28 07:42:11,886 [WARN] PackLoader:240 - Cannot read IP mode file for STMicroelectronics.X-CUBE-ISPU.1.1.0
2023-09-28 07:42:11,913 [WARN] ConditionMgr:438 - getConditionDescription Invalid condition id : UX DEVICE CLASS RTOS Condition cause : null
2023-09-28 07:42:11,914 [WARN] ConditionMgr:438 - getConditionDescription Invalid condition id : UX DEVICE CLASS RTOS Condition cause : null
2023-09-28 07:42:11,918 [WARN] PackLoader:240 - Cannot read IP mode file for STMicroelectronics.X-CUBE-AZRTOS-WB.2.0.0
2023-09-28 07:42:11,920 [WARN] ConditionMgr:1039 - genDependencies : Invalid condition id : UX DEVICE CLASS RTOS Condition cause : null
2023-09-28 07:42:11,920 [WARN] ConditionMgr:1039 - genDependencies : Invalid condition id : UX DEVICE CLASS RTOS Condition cause : null
2023-09-28 07:42:11,922 [WARN] ConditionMgr:1039 - genDependencies : Invalid condition id : UX DEVICE CLASS RTOS Condition cause : null
2023-09-28 07:42:11,922 [WARN] ConditionMgr:1039 - genDependencies : Invalid condition id : UX DEVICE CLASS RTOS Condition cause : null
2023-09-28 07:42:11,923 [WARN] ConditionMgr:1039 - genDependencies : Invalid condition id : UX DEVICE CLASS RTOS Condition cause : null
2023-09-28 07:42:11,931 [WARN] PackLoader:240 - Cannot read IP mode file for STMicroelectronics.X-CUBE-FREERTOS.1.0.1
2023-09-28 07:42:11,961 [WARN] PackLoader:240 - Cannot read IP mode file for STMicroelectronics.X-CUBE-AZRTOS-L5.1.1.0
2023-09-28 07:42:11,970 [WARN] PackLoader:240 - Cannot read IP mode file for STMicroelectronics.X-CUBE-AI.8.0.1
2023-09-28 07:42:11,988 [WARN] PackLoader:240 - Cannot read IP mode file for STMicroelectronics.X-CUBE-SUBG2.5.0.0
2023-09-28 07:42:12,018 [WARN] PackLoader:240 - Cannot read IP mode file for STMicroelectronics.X-CUBE-TOF1.3.3.1
2023-09-28 07:42:12,063 [WARN] PackLoader:240 - Cannot read IP mode file for STMicroelectronics.X-CUBE-AZRTOS-G4.2.0.0
2023-09-28 07:42:12,085 [WARN] PackLoader:240 - Cannot read IP mode file for STMicroelectronics.X-CUBE-TOF1.3.3.0
2023-09-28 07:42:12,106 [WARN] PackLoader:240 - Cannot read IP mode file for STMicroelectronics.X-CUBE-FREERTOS.1.1.0
2023-09-28 07:42:12,112 [WARN] PackLoader:240 - Cannot read IP mode file for portGmbH.I-Cube-SoM-uGOAL.1.1.0
2023-09-28 07:42:12,116 [WARN] PackLoader:240 - Cannot read IP mode file for STMicroelectronics.X-CUBE-ALS.1.0.1
2023-09-28 07:42:12,134 [WARN] PackLoader:240 - Cannot read IP mode file for STMicroelectronics.X-CUBE-AZRTOS-WB.1.1.0
2023-09-28 07:42:12,140 [WARN] PackLoader:240 - Cannot read IP mode file for STMicroelectronics.FP-ATR-ASTRA1.2.0.0
2023-09-28 07:42:12,141 [INFO] ThirdParty:978 - Integrity check success = true
2023-09-28 07:42:12,141 [INFO] IntegrityCheckThread:100 - exiting critical section [integrity check]
2023-09-28 07:42:12,141 [INFO] IntegrityCheckThread:103 - End integrity checks thread
2023-09-28 07:42:29,285 [ERROR] LogOutputStream:75 - [STDERR_REDIRECT] SLF4J: Failed to load class "org.slf4j.impl.StaticLoggerBinder".
2023-09-28 07:42:29,286 [ERROR] LogOutputStream:75 - [STDERR_REDIRECT] SLF4J: Defaulting to no-operation (NOP) logger implementation
2023-09-28 07:42:29,286 [ERROR] LogOutputStream:75 - [STDERR_REDIRECT] SLF4J: See http://www.slf4j.org/codes.html#StaticLoggerBinder for further details.
2023-09-28 09:14:34,492 [INFO] Activator:176 - 


2023-09-28 09:14:34,496 [INFO] Activator:177 - !SESSION log4j initialized
2023-09-28 09:14:41,591 [INFO] LogOutputStream:77 - [STDOUT_REDIRECT] 
2023-09-28 09:14:43,768 [INFO] ApplicationProperties:184 - Using Application install path: /opt/st/stm32cubeide_1.13.0/plugins/com.st.stm32cube.common.mx_6.9.0.202307051724
2023-09-28 09:14:43,797 [INFO] DbMcusXml:78 - Set database path to: /opt/st/stm32cubeide_1.13.0/plugins/com.st.stm32cube.common.mx_6.9.0.202307051724//db//mcu/
2023-09-28 09:14:43,798 [INFO] ApiDb:274 - Set plugin database path to: /opt/st/stm32cubeide_1.13.0/plugins/com.st.stm32cube.common.mx_6.9.0.202307051724//db//plugins/boardmanager/
2023-09-28 09:14:43,798 [WARN] ApiDb:259 - Overriding images path with different value:  => /opt/st/stm32cubeide_1.13.0/plugins/com.st.stm32cube.common.mx_6.9.0.202307051724//db//plugins/mcufinder/images/
2023-09-28 09:14:43,818 [INFO] ApiDb:250 - Set database path to: /home/northy/.stmcufinder/plugins/mcufinder//mcu/
2023-09-28 09:14:43,820 [INFO] DbMcusAds:125 - Set database path to: /home/northy/.stmcufinder/plugins/mcufinder//mcu/
2023-09-28 09:14:43,825 [INFO] CrossReferenceDbSqlite:203 - Set database path to: /home/northy/.stmcufinder/plugins/mcufinder//mcu/cs/
2023-09-28 09:14:44,032 [INFO] RulesReader:64 - Compatibility file has been processed (293 Rules)
2023-09-28 09:14:44,173 [INFO] DbMcusXml:78 - Set database path to: /opt/st/stm32cubeide_1.13.0/plugins/com.st.stm32cube.common.mx_6.9.0.202307051724//db//mcu/
2023-09-28 09:14:44,174 [INFO] ApiDb:274 - Set plugin database path to: /opt/st/stm32cubeide_1.13.0/plugins/com.st.stm32cube.common.mx_6.9.0.202307051724//db//plugins/boardmanager/
2023-09-28 09:14:44,174 [INFO] ApiDb:261 - Set plugin images path to: /opt/st/stm32cubeide_1.13.0/plugins/com.st.stm32cube.common.mx_6.9.0.202307051724//db//plugins/mcufinder/images/
2023-09-28 09:14:44,175 [WARN] DbFile:41 - Overriding database path with different value: /home/northy/.stmcufinder/plugins/mcufinder/ => /home/northy/.stmcufinder/plugins/mcufinder
2023-09-28 09:14:44,175 [INFO] ApiDb:250 - Set database path to: /home/northy/.stmcufinder/plugins/mcufinder//mcu/
2023-09-28 09:14:44,176 [WARN] DbFile:41 - Overriding database path with different value: /home/northy/.stmcufinder/plugins/mcufinder/ => /home/northy/.stmcufinder/plugins/mcufinder
2023-09-28 09:14:44,176 [INFO] DbMcusAds:125 - Set database path to: /home/northy/.stmcufinder/plugins/mcufinder//mcu/
2023-09-28 09:14:44,176 [WARN] DbFile:41 - Overriding database path with different value: /home/northy/.stmcufinder/plugins/mcufinder/ => /home/northy/.stmcufinder/plugins/mcufinder
2023-09-28 09:14:44,176 [WARN] DbFile:41 - Overriding database path with different value: /home/northy/.stmcufinder/plugins/mcufinder/ => /home/northy/.stmcufinder/plugins/mcufinder
2023-09-28 09:14:44,177 [INFO] CrossReferenceDbSqlite:203 - Set database path to: /home/northy/.stmcufinder/plugins/mcufinder//mcu/cs/
2023-09-28 09:14:44,312 [INFO] MainPanel:262 - HeapMemory: 268435456
2023-09-28 09:14:44,494 [INFO] DbMcusXml:78 - Set database path to: /opt/st/stm32cubeide_1.13.0/plugins/com.st.stm32cube.common.mx_6.9.0.202307051724//db//mcu/
2023-09-28 09:14:44,494 [INFO] ApiDb:274 - Set plugin database path to: /opt/st/stm32cubeide_1.13.0/plugins/com.st.stm32cube.common.mx_6.9.0.202307051724//db//plugins/boardmanager/
2023-09-28 09:14:44,494 [INFO] ApiDb:261 - Set plugin images path to: /opt/st/stm32cubeide_1.13.0/plugins/com.st.stm32cube.common.mx_6.9.0.202307051724//db//plugins/mcufinder/images/
2023-09-28 09:14:44,495 [WARN] DbFile:41 - Overriding database path with different value: /home/northy/.stmcufinder/plugins/mcufinder/ => /home/northy/.stmcufinder/plugins/mcufinder
2023-09-28 09:14:44,495 [INFO] ApiDb:250 - Set database path to: /home/northy/.stmcufinder/plugins/mcufinder//mcu/
2023-09-28 09:14:44,495 [WARN] DbFile:41 - Overriding database path with different value: /home/northy/.stmcufinder/plugins/mcufinder/ => /home/northy/.stmcufinder/plugins/mcufinder
2023-09-28 09:14:44,495 [INFO] DbMcusAds:125 - Set database path to: /home/northy/.stmcufinder/plugins/mcufinder//mcu/
2023-09-28 09:14:44,496 [WARN] DbFile:41 - Overriding database path with different value: /home/northy/.stmcufinder/plugins/mcufinder/ => /home/northy/.stmcufinder/plugins/mcufinder
2023-09-28 09:14:44,496 [WARN] DbFile:41 - Overriding database path with different value: /home/northy/.stmcufinder/plugins/mcufinder/ => /home/northy/.stmcufinder/plugins/mcufinder
2023-09-28 09:14:44,496 [INFO] CrossReferenceDbSqlite:203 - Set database path to: /home/northy/.stmcufinder/plugins/mcufinder//mcu/cs/
2023-09-28 09:14:44,525 [INFO] ApplicationProperties:184 - Using Application install path: /opt/st/stm32cubeide_1.13.0/plugins/com.st.stm32cube.common.mx_6.9.0.202307051724
2023-09-28 09:14:44,527 [INFO] PluginManage:196 - Search for loadable plugins [exclusion list=, ]
2023-09-28 09:14:44,530 [INFO] PluginManage:310 - Check plugin analytics
2023-09-28 09:14:44,807 [INFO] AnalyticsPlugin:253 - Accepted Software Licenses: 
2023-09-28 09:14:44,808 [INFO] AnalyticsPlugin:255 - Accepted CMSIS Pack Licenses: 
2023-09-28 09:14:44,808 [INFO] AnalyticsPlugin:257 - Accepted Firmware Licenses: FW.F7.1.17.0
2023-09-28 09:14:44,814 [INFO] PluginManage:359 - Loaded plugin analytics (category:tool,tabindex:-1)
2023-09-28 09:14:44,815 [INFO] PluginManage:310 - Check plugin cadmodel
2023-09-28 09:14:44,928 [INFO] CADModel:105 - Init CAD model plugin
2023-09-28 09:14:44,929 [INFO] PluginManage:359 - Loaded plugin cadmodel (category:power,tabindex:5)
2023-09-28 09:14:44,930 [INFO] PluginManage:310 - Check plugin clock
2023-09-28 09:14:44,951 [INFO] PluginManage:359 - Loaded plugin clock (category:base,tabindex:2)
2023-09-28 09:14:44,951 [INFO] PluginManage:310 - Check plugin ddr
2023-09-28 09:14:44,957 [INFO] PluginManage:359 - Loaded plugin ddr (category:tool,tabindex:6)
2023-09-28 09:14:44,957 [INFO] PluginManage:310 - Check plugin filemanager
2023-09-28 09:14:45,201 [INFO] PluginManage:359 - Loaded plugin filemanager (category:base,tabindex:10)
2023-09-28 09:14:45,201 [INFO] PluginManage:310 - Check plugin ipmanager
2023-09-28 09:14:45,213 [INFO] PluginManage:359 - Loaded plugin ipmanager (category:base,tabindex:5)
2023-09-28 09:14:45,213 [INFO] PluginManage:310 - Check plugin lpbam
2023-09-28 09:14:45,234 [INFO] PluginManage:359 - Loaded plugin lpbam (category:base,tabindex:0)
2023-09-28 09:14:45,234 [INFO] PluginManage:310 - Check plugin memorymap
2023-09-28 09:14:45,257 [INFO] PluginManage:359 - Loaded plugin memorymap (category:base,tabindex:4)
2023-09-28 09:14:45,258 [INFO] PluginManage:310 - Check plugin pinoutandconfiguration
2023-09-28 09:14:45,272 [INFO] PluginManage:359 - Loaded plugin pinoutandconfiguration (category:base,tabindex:1)
2023-09-28 09:14:45,273 [INFO] PluginManage:310 - Check plugin pinoutconfig
2023-09-28 09:14:45,429 [WARN] SupportedApi:132 - Cannot load RTOS API schema: s4s-elt-must-match.1: The content of 'definitions' must match (annotation?, (simpleType | complexType)?, (unique | key | keyref)*)). A problem was found starting at: attribute.
2023-09-28 09:14:45,669 [INFO] PluginManage:359 - Loaded plugin pinoutconfig (category:base,tabindex:0)
2023-09-28 09:14:45,669 [INFO] PluginManage:310 - Check plugin power
2023-09-28 09:14:45,694 [INFO] PluginManage:359 - Loaded plugin power (category:power,tabindex:4)
2023-09-28 09:14:45,694 [INFO] PluginManage:310 - Check plugin projectmanager
2023-09-28 09:14:45,727 [INFO] PluginManage:359 - Loaded plugin projectmanager (category:projectmanager,tabindex:3)
2023-09-28 09:14:45,727 [INFO] PluginManage:310 - Check plugin thirdparty
2023-09-28 09:14:46,002 [WARN] IntegrityCheckThread:84 - waiting for thirdparty lock release [integrity check]
2023-09-28 09:14:46,003 [INFO] PluginManage:359 - Loaded plugin thirdparty (category:base,tabindex:-1)
2023-09-28 09:14:46,003 [INFO] IntegrityCheckThread:86 - entering critical section [integrity check]
2023-09-28 09:14:46,003 [INFO] PluginManage:310 - Check plugin tools
2023-09-28 09:14:46,004 [INFO] ThirdPartyUpdaterWithRetryManager:70 - Updater plugin not ready yet. [1/15]
2023-09-28 09:14:46,008 [INFO] PluginManage:359 - Loaded plugin tools (category:base,tabindex:7)
2023-09-28 09:14:46,008 [INFO] PluginManage:310 - Check plugin tutovideos
2023-09-28 09:14:46,335 [INFO] PluginManage:359 - Loaded plugin tutovideos (category:base,tabindex:-1)
2023-09-28 09:14:46,335 [INFO] PluginManage:310 - Check plugin updater
2023-09-28 09:14:46,357 [INFO] PluginManage:359 - Loaded plugin updater (category:base,tabindex:12)
2023-09-28 09:14:46,357 [INFO] PluginManage:310 - Check plugin userauth
2023-09-28 09:14:46,366 [INFO] UserAuth:113 - Init User Auth plugin
2023-09-28 09:14:46,367 [INFO] PluginManage:359 - Loaded plugin userauth (category:base,tabindex:14)
2023-09-28 09:14:46,368 [INFO] PluginManage:283 - PluginManage : Loaded plugins [17]
2023-09-28 09:14:46,734 [INFO] PinOutPanel:1499 - setPackage(No Configuration,No Configuration)
2023-09-28 09:14:46,875 [INFO] CADModel:165 - CPN selected for project level
2023-09-28 09:14:46,876 [INFO] CADModel:114 - Register for checkConnection events
2023-09-28 09:14:46,892 [INFO] IPUIPlugin:80 - create IPUIPlugin
2023-09-28 09:14:46,892 [INFO] PluginManager:220 - loadIPPluginJar : add ts
2023-09-28 09:14:46,900 [INFO] IPUIPlugin:80 - create IPUIPlugin
2023-09-28 09:14:46,901 [INFO] PluginManager:220 - loadIPPluginJar : add pdm2pcm
2023-09-28 09:14:46,903 [INFO] IPUIPlugin:80 - create IPUIPlugin
2023-09-28 09:14:46,903 [INFO] PluginManager:220 - loadIPPluginJar : add fatfs
2023-09-28 09:14:46,907 [INFO] IPUIPlugin:80 - create IPUIPlugin
2023-09-28 09:14:46,907 [INFO] PluginManager:220 - loadIPPluginJar : add gfxmmu
2023-09-28 09:14:46,915 [INFO] IPUIPlugin:80 - create IPUIPlugin
2023-09-28 09:14:46,916 [INFO] PluginManager:220 - loadIPPluginJar : add gpio
2023-09-28 09:14:46,924 [INFO] IPUIPlugin:80 - create IPUIPlugin
2023-09-28 09:14:46,925 [INFO] PluginManager:220 - loadIPPluginJar : add freertos
2023-09-28 09:14:46,929 [INFO] IPUIPlugin:80 - create IPUIPlugin
2023-09-28 09:14:46,929 [INFO] PluginManager:220 - loadIPPluginJar : add spi
2023-09-28 09:14:46,931 [INFO] IPUIPlugin:80 - create IPUIPlugin
2023-09-28 09:14:46,932 [INFO] PluginManager:220 - loadIPPluginJar : add quadspi
2023-09-28 09:14:46,934 [INFO] IPUIPlugin:80 - create IPUIPlugin
2023-09-28 09:14:46,935 [INFO] PluginManager:220 - loadIPPluginJar : add tim
2023-09-28 09:14:46,938 [INFO] IPUIPlugin:80 - create IPUIPlugin
2023-09-28 09:14:46,939 [INFO] PluginManager:220 - loadIPPluginJar : add aes
2023-09-28 09:14:46,947 [INFO] IPUIPlugin:80 - create IPUIPlugin
2023-09-28 09:14:46,948 [INFO] PluginManager:220 - loadIPPluginJar : add dma
2023-09-28 09:14:46,951 [INFO] IPUIPlugin:80 - create IPUIPlugin
2023-09-28 09:14:46,951 [INFO] PluginManager:220 - loadIPPluginJar : add tracer_emb
2023-09-28 09:14:46,953 [INFO] IPUIPlugin:80 - create IPUIPlugin
2023-09-28 09:14:46,953 [INFO] PluginManager:220 - loadIPPluginJar : add comp
2023-09-28 09:14:46,958 [INFO] IPUIPlugin:80 - create IPUIPlugin
2023-09-28 09:14:46,958 [INFO] PluginManager:220 - loadIPPluginJar : add openamp
2023-09-28 09:14:46,962 [INFO] IPUIPlugin:80 - create IPUIPlugin
2023-09-28 09:14:46,962 [INFO] PluginManager:220 - loadIPPluginJar : add dfsdm
2023-09-28 09:14:46,966 [INFO] IPUIPlugin:80 - create IPUIPlugin
2023-09-28 09:14:46,966 [INFO] PluginManager:220 - loadIPPluginJar : add cryp
2023-09-28 09:14:46,970 [INFO] IPUIPlugin:80 - create IPUIPlugin
2023-09-28 09:14:46,970 [INFO] PluginManager:220 - loadIPPluginJar : add i2s
2023-09-28 09:14:46,981 [INFO] IPUIPlugin:80 - create IPUIPlugin
2023-09-28 09:14:46,986 [INFO] PluginManager:220 - loadIPPluginJar : add plateformsettings
2023-09-28 09:14:46,991 [INFO] IPUIPlugin:80 - create IPUIPlugin
2023-09-28 09:14:46,991 [INFO] PluginManager:220 - loadIPPluginJar : add touchsensing
2023-09-28 09:14:46,995 [INFO] IPUIPlugin:80 - create IPUIPlugin
2023-09-28 09:14:46,996 [INFO] PluginManager:220 - loadIPPluginJar : add i3c
2023-09-28 09:14:47,000 [INFO] IPUIPlugin:80 - create IPUIPlugin
2023-09-28 09:14:47,000 [INFO] PluginManager:220 - loadIPPluginJar : add usart
2023-09-28 09:14:47,004 [INFO] IPUIPlugin:80 - create IPUIPlugin
2023-09-28 09:14:47,004 [INFO] PluginManager:220 - loadIPPluginJar : add i2c
2023-09-28 09:14:47,014 [INFO] IPUIPlugin:80 - create IPUIPlugin
2023-09-28 09:14:47,014 [INFO] PluginManager:220 - loadIPPluginJar : add mdma
2023-09-28 09:14:47,017 [INFO] IPUIPlugin:80 - create IPUIPlugin
2023-09-28 09:14:47,017 [INFO] PluginManager:220 - loadIPPluginJar : add ucpd
2023-09-28 09:14:47,021 [INFO] IPUIPlugin:80 - create IPUIPlugin
2023-09-28 09:14:47,021 [INFO] PluginManager:220 - loadIPPluginJar : add lorawan
2023-09-28 09:14:47,024 [INFO] IPUIPlugin:80 - create IPUIPlugin
2023-09-28 09:14:47,024 [INFO] PluginManager:220 - loadIPPluginJar : add ltdc
2023-09-28 09:14:47,029 [INFO] IPUIPlugin:80 - create IPUIPlugin
2023-09-28 09:14:47,029 [INFO] PluginManager:220 - loadIPPluginJar : add ipddr
2023-09-28 09:14:47,039 [INFO] IPUIPlugin:80 - create IPUIPlugin
2023-09-28 09:14:47,039 [INFO] PluginManager:220 - loadIPPluginJar : add stm32_wpan
2023-09-28 09:14:47,042 [INFO] IPUIPlugin:80 - create IPUIPlugin
2023-09-28 09:14:47,042 [INFO] PluginManager:220 - loadIPPluginJar : add genericplugin
2023-09-28 09:14:47,050 [INFO] IPUIPlugin:80 - create IPUIPlugin
2023-09-28 09:14:47,051 [INFO] PluginManager:220 - loadIPPluginJar : add adc
2023-09-28 09:14:47,057 [INFO] IPUIPlugin:80 - create IPUIPlugin
2023-09-28 09:14:47,057 [INFO] PluginManager:220 - loadIPPluginJar : add nvic
2023-09-28 09:14:47,062 [INFO] IPUIPlugin:80 - create IPUIPlugin
2023-09-28 09:14:47,062 [INFO] PluginManager:220 - loadIPPluginJar : add sai
2023-09-28 09:14:47,064 [INFO] IPUIPlugin:80 - create IPUIPlugin
2023-09-28 09:14:47,065 [INFO] PluginManager:220 - loadIPPluginJar : add tsc
2023-09-28 09:14:47,072 [INFO] IPUIPlugin:80 - create IPUIPlugin
2023-09-28 09:14:47,073 [INFO] PluginManager:220 - loadIPPluginJar : add gic
2023-09-28 09:14:47,082 [INFO] IPUIPlugin:80 - create IPUIPlugin
2023-09-28 09:14:47,083 [INFO] PluginManager:220 - loadIPPluginJar : add linkedlist
2023-09-28 09:14:47,088 [INFO] IPUIPlugin:80 - create IPUIPlugin
2023-09-28 09:14:47,088 [INFO] PluginManager:220 - loadIPPluginJar : add resmgrutility
2023-09-28 09:14:47,092 [INFO] IPUIPlugin:80 - create IPUIPlugin
2023-09-28 09:14:47,092 [INFO] PluginManager:220 - loadIPPluginJar : add dma3
2023-09-28 09:14:47,097 [INFO] IPUIPlugin:80 - create IPUIPlugin
2023-09-28 09:14:47,097 [INFO] PluginManager:220 - loadIPPluginJar : add usbx
2023-09-28 09:14:47,101 [INFO] IPUIPlugin:80 - create IPUIPlugin
2023-09-28 09:14:47,101 [INFO] PluginManager:220 - loadIPPluginJar : add can
2023-09-28 09:14:47,106 [INFO] IPUIPlugin:80 - create IPUIPlugin
2023-09-28 09:14:47,107 [INFO] PluginManager:220 - loadIPPluginJar : add gtzc
2023-09-28 09:14:47,113 [INFO] IPUIPlugin:80 - create IPUIPlugin
2023-09-28 09:14:47,114 [INFO] PluginManager:220 - loadIPPluginJar : add fmc
2023-09-28 09:14:47,117 [INFO] IPUIPlugin:80 - create IPUIPlugin
2023-09-28 09:14:47,117 [INFO] PluginManager:220 - loadIPPluginJar : add hash
2023-09-28 09:14:47,122 [INFO] IPUIPlugin:80 - create IPUIPlugin
2023-09-28 09:14:47,122 [INFO] PluginManager:220 - loadIPPluginJar : add opamp
2023-09-28 09:14:47,243 [INFO] CADModel:165 - CPN selected for project level
2023-09-28 09:14:47,243 [INFO] CADModel:114 - Register for checkConnection events
2023-09-28 09:14:47,244 [FATAL] Updater:308 - Updater called before beeing initialized
2023-09-28 09:14:47,244 [ERROR] CADModel:125 - Updater not yet initialized, retry later 
2023-09-28 09:14:47,443 [INFO] CADModel:165 - CPN selected for project level
2023-09-28 09:14:47,443 [INFO] CADModel:114 - Register for checkConnection events
2023-09-28 09:14:47,444 [FATAL] Updater:308 - Updater called before beeing initialized
2023-09-28 09:14:47,444 [ERROR] CADModel:125 - Updater not yet initialized, retry later 
2023-09-28 09:14:47,449 [FATAL] Updater:308 - Updater called before beeing initialized
2023-09-28 09:14:47,585 [FATAL] Updater:308 - Updater called before beeing initialized
2023-09-28 09:14:47,594 [INFO] DbMcusAds:53 - JSON generation date=Tue Mar 07 15:50:55 ICT 2023 (1678179055114)
2023-09-28 09:14:47,594 [FATAL] Updater:308 - Updater called before beeing initialized
2023-09-28 09:14:47,659 [WARN] DetailPanel:346 - Failed to get advertising image, set to default
2023-09-28 09:14:47,821 [FATAL] Updater:308 - Updater called before beeing initialized
2023-09-28 09:14:47,824 [FATAL] Updater:308 - Updater called before beeing initialized
2023-09-28 09:14:47,824 [FATAL] Updater:308 - Updater called before beeing initialized
2023-09-28 09:14:47,824 [WARN] DetailPanel:346 - Failed to get advertising image, set to default
2023-09-28 09:14:47,826 [FATAL] Updater:308 - Updater called before beeing initialized
2023-09-28 09:14:47,885 [ERROR] Updater:1120 - MainUpdater not yet initialized. External WinMGr cannot be set.
2023-09-28 09:14:47,887 [INFO] Updater:1056 - Updater Version found : 6.9.0
2023-09-28 09:14:47,917 [INFO] ApplicationProperties:184 - Using Application install path: /opt/st/stm32cubeide_1.13.0/plugins/com.st.stm32cube.common.mx_6.9.0.202307051724
2023-09-28 09:14:48,103 [INFO] MainUpdater:2868 - connection check result : 10
2023-09-28 09:14:48,105 [INFO] MainUpdater:285 - Updater Check For Update Now.
2023-09-28 09:14:48,105 [INFO] MicroXplorer:498 - Change Database Version : DB.6.0.90
2023-09-28 09:14:48,114 [INFO] McuFinderGlobals:63 - Set McuFinder mode to 2 (CubeIDE integrated)
2023-09-28 09:14:48,358 [INFO] CheckServerUpdateThread:120 - End of CheckServer Thread
2023-09-28 09:14:49,199 [WARN] PackLoader:240 - Cannot read IP mode file for STMicroelectronics.X-CUBE-SMBUS.2.1.0
2023-09-28 09:14:49,289 [WARN] PackLoader:240 - Cannot read IP mode file for STMicroelectronics.X-CUBE-AZRTOS-F7.1.1.0
2023-09-28 09:14:49,331 [WARN] PackLoader:240 - Cannot read IP mode file for STMicroelectronics.FP-SNS-MOTENV1.4.3.2
2023-09-28 09:14:49,360 [WARN] PackLoader:240 - Cannot read IP mode file for STMicroelectronics.FP-SNS-FLIGHT1.5.0.1
2023-09-28 09:14:49,375 [WARN] PackLoader:240 - Cannot read IP mode file for STMicroelectronics.X-CUBE-BLE1.6.2.4
2023-09-28 09:14:49,384 [WARN] PackLoader:240 - Cannot read IP mode file for STMicroelectronics.FP-SNS-FLIGHT1.5.0.2
2023-09-28 09:14:49,403 [WARN] PackLoader:240 - Cannot read IP mode file for STMicroelectronics.X-CUBE-DISPLAY.3.0.0
2023-09-28 09:14:49,426 [WARN] PackLoader:240 - Cannot read IP mode file for STMicroelectronics.X-CUBE-BLE1.7.0.0
2023-09-28 09:14:49,437 [WARN] PackLoader:240 - Cannot read IP mode file for emotas.I-CUBE-CANOPEN.1.3.0
2023-09-28 09:14:49,444 [WARN] PackLoader:240 - Cannot read IP mode file for STMicroelectronics.X-CUBE-TOUCHGFX.4.22.0
2023-09-28 09:14:49,453 [WARN] PackLoader:240 - Cannot read IP mode file for STMicroelectronics.FP-SNS-SMARTAG2.1.2.0
2023-09-28 09:14:49,482 [INFO] LogOutputStream:77 - [STDOUT_REDIRECT] 1 : Invalid condition id : UX_CORESTACK_Condition cause : null
2023-09-28 09:14:49,483 [INFO] LogOutputStream:77 - [STDOUT_REDIRECT] 1 : Invalid condition id : UX_CORESTACK_Condition cause : null
2023-09-28 09:14:49,483 [INFO] LogOutputStream:77 - [STDOUT_REDIRECT] 1 : Invalid condition id : UX_CORESTACK_Condition cause : null
2023-09-28 09:14:49,484 [INFO] LogOutputStream:77 - [STDOUT_REDIRECT] 1 : Invalid condition id : UX_CORESTACK_Condition cause : null
2023-09-28 09:14:49,485 [INFO] LogOutputStream:77 - [STDOUT_REDIRECT] 1 : Invalid condition id : UX_CORESTACK_Condition cause : null
2023-09-28 09:14:49,494 [WARN] PackLoader:240 - Cannot read IP mode file for STMicroelectronics.X-CUBE-AZRTOS-WL.2.0.0
2023-09-28 09:14:49,513 [WARN] PackLoader:240 - Cannot read IP mode file for WES.I-CUBE-Cesium.1.3.0
2023-09-28 09:14:49,522 [WARN] PackLoader:240 - Cannot read IP mode file for STMicroelectronics.X-CUBE-BLE2.3.3.0
2023-09-28 09:14:49,534 [WARN] PackLoader:240 - Cannot read IP mode file for STMicroelectronics.X-CUBE-ALGOBUILD.1.3.0
2023-09-28 09:14:49,573 [WARN] PackLoader:240 - Cannot read IP mode file for STMicroelectronics.X-CUBE-AZRTOS-G0.1.1.0
2023-09-28 09:14:49,591 [WARN] PackLoader:240 - Cannot read IP mode file for STMicroelectronics.X-CUBE-NFC4.3.0.0
2023-09-28 09:14:49,599 [WARN] PackLoader:240 - Cannot read IP mode file for STMicroelectronics.FP-ATR-SIGFOX1.3.2.0
2023-09-28 09:14:49,659 [WARN] PackLoader:240 - Cannot read IP mode file for SEGGER.I-CUBE-embOS.1.3.1
2023-09-28 09:14:49,755 [WARN] PackLoader:240 - Cannot read IP mode file for STMicroelectronics.X-CUBE-GNSS1.6.0.0
2023-09-28 09:14:49,794 [WARN] PackLoader:240 - Cannot read IP mode file for STMicroelectronics.X-CUBE-AZRTOS-F4.1.1.0
2023-09-28 09:14:49,806 [WARN] PackLoader:240 - Cannot read IP mode file for wolfSSL.I-CUBE-wolfSSL.5.6.3
2023-09-28 09:14:49,850 [WARN] PackLoader:240 - Cannot read IP mode file for STMicroelectronics.X-CUBE-AZRTOS-L5.2.0.0
2023-09-28 09:14:49,929 [WARN] PackLoader:240 - Cannot read IP mode file for STMicroelectronics.X-CUBE-MEMS1.9.6.0
2023-09-28 09:14:50,276 [WARN] PackLoader:240 - Cannot read IP mode file for STMicroelectronics.X-CUBE-BLEMGR.2.0.0
2023-09-28 09:14:50,314 [WARN] ConditionMgr:438 - getConditionDescription Invalid condition id : UX DEVICE CLASS RTOS Condition cause : null
2023-09-28 09:14:50,315 [WARN] ConditionMgr:438 - getConditionDescription Invalid condition id : UX DEVICE CLASS RTOS Condition cause : null
2023-09-28 09:14:50,333 [WARN] PackLoader:240 - Cannot read IP mode file for STMicroelectronics.X-CUBE-AZRTOS-H7.3.1.0
2023-09-28 09:14:50,335 [WARN] ConditionMgr:1039 - genDependencies : Invalid condition id : UX DEVICE CLASS RTOS Condition cause : null
2023-09-28 09:14:50,336 [WARN] ConditionMgr:1039 - genDependencies : Invalid condition id : UX DEVICE CLASS RTOS Condition cause : null
2023-09-28 09:14:50,337 [WARN] ConditionMgr:1039 - genDependencies : Invalid condition id : UX DEVICE CLASS RTOS Condition cause : null
2023-09-28 09:14:50,338 [WARN] ConditionMgr:1039 - genDependencies : Invalid condition id : UX DEVICE CLASS RTOS Condition cause : null
2023-09-28 09:14:50,338 [WARN] ConditionMgr:1039 - genDependencies : Invalid condition id : UX DEVICE CLASS RTOS Condition cause : null
2023-09-28 09:14:50,347 [WARN] PackLoader:240 - Cannot read IP mode file for STMicroelectronics.X-CUBE-NFC7.1.0.1
2023-09-28 09:14:50,358 [WARN] PackLoader:240 - Cannot read IP mode file for STMicroelectronics.X-CUBE-NFC6.3.0.0
2023-09-28 09:14:50,368 [WARN] PackLoader:240 - Cannot read IP mode file for STMicroelectronics.X-CUBE-EEPRMA1.4.1.0
2023-09-28 09:14:50,375 [WARN] PackLoader:240 - Cannot read IP mode file for STMicroelectronics.X-CUBE-AI.8.1.0
2023-09-28 09:14:50,399 [WARN] ConditionMgr:438 - getConditionDescription Invalid condition id : LAN8742 Phy interface Condition cause : null
2023-09-28 09:14:50,401 [WARN] PackLoader:240 - Cannot read IP mode file for STMicroelectronics.X-CUBE-AZRTOS-L4.2.0.0
2023-09-28 09:14:50,403 [WARN] ConditionMgr:1039 - genDependencies : Invalid condition id : LAN8742 Phy interface Condition cause : null
2023-09-28 09:14:50,404 [WARN] ConditionMgr:1039 - genDependencies : Invalid condition id : LAN8742 Phy interface Condition cause : null
2023-09-28 09:14:50,405 [WARN] ConditionMgr:1039 - genDependencies : Invalid condition id : LAN8742 Phy interface Condition cause : null
2023-09-28 09:14:50,414 [WARN] PackLoader:240 - Cannot read IP mode file for STMicroelectronics.X-CUBE-SFXS2LP1.4.0.0
2023-09-28 09:14:50,420 [WARN] PackLoader:240 - Cannot read IP mode file for STMicroelectronics.X-CUBE-ISPU.1.1.0
2023-09-28 09:14:50,437 [WARN] ConditionMgr:438 - getConditionDescription Invalid condition id : UX DEVICE CLASS RTOS Condition cause : null
2023-09-28 09:14:50,438 [WARN] ConditionMgr:438 - getConditionDescription Invalid condition id : UX DEVICE CLASS RTOS Condition cause : null
2023-09-28 09:14:50,441 [WARN] PackLoader:240 - Cannot read IP mode file for STMicroelectronics.X-CUBE-AZRTOS-WB.2.0.0
2023-09-28 09:14:50,442 [WARN] ConditionMgr:1039 - genDependencies : Invalid condition id : UX DEVICE CLASS RTOS Condition cause : null
2023-09-28 09:14:50,442 [WARN] ConditionMgr:1039 - genDependencies : Invalid condition id : UX DEVICE CLASS RTOS Condition cause : null
2023-09-28 09:14:50,443 [WARN] ConditionMgr:1039 - genDependencies : Invalid condition id : UX DEVICE CLASS RTOS Condition cause : null
2023-09-28 09:14:50,444 [WARN] ConditionMgr:1039 - genDependencies : Invalid condition id : UX DEVICE CLASS RTOS Condition cause : null
2023-09-28 09:14:50,444 [WARN] ConditionMgr:1039 - genDependencies : Invalid condition id : UX DEVICE CLASS RTOS Condition cause : null
2023-09-28 09:14:50,452 [WARN] PackLoader:240 - Cannot read IP mode file for STMicroelectronics.X-CUBE-FREERTOS.1.0.1
2023-09-28 09:14:50,475 [WARN] PackLoader:240 - Cannot read IP mode file for STMicroelectronics.X-CUBE-AZRTOS-L5.1.1.0
2023-09-28 09:14:50,484 [WARN] PackLoader:240 - Cannot read IP mode file for STMicroelectronics.X-CUBE-AI.8.0.1
2023-09-28 09:14:50,498 [WARN] PackLoader:240 - Cannot read IP mode file for STMicroelectronics.X-CUBE-SUBG2.5.0.0
2023-09-28 09:14:50,525 [WARN] PackLoader:240 - Cannot read IP mode file for STMicroelectronics.X-CUBE-TOF1.3.3.1
2023-09-28 09:14:50,563 [WARN] PackLoader:240 - Cannot read IP mode file for STMicroelectronics.X-CUBE-AZRTOS-G4.2.0.0
2023-09-28 09:14:50,581 [WARN] PackLoader:240 - Cannot read IP mode file for STMicroelectronics.X-CUBE-TOF1.3.3.0
2023-09-28 09:14:50,601 [WARN] PackLoader:240 - Cannot read IP mode file for STMicroelectronics.X-CUBE-FREERTOS.1.1.0
2023-09-28 09:14:50,607 [WARN] PackLoader:240 - Cannot read IP mode file for portGmbH.I-Cube-SoM-uGOAL.1.1.0
2023-09-28 09:14:50,612 [WARN] PackLoader:240 - Cannot read IP mode file for STMicroelectronics.X-CUBE-ALS.1.0.1
2023-09-28 09:14:50,631 [WARN] PackLoader:240 - Cannot read IP mode file for STMicroelectronics.X-CUBE-AZRTOS-WB.1.1.0
2023-09-28 09:14:50,638 [WARN] PackLoader:240 - Cannot read IP mode file for STMicroelectronics.FP-ATR-ASTRA1.2.0.0
2023-09-28 09:14:50,639 [INFO] ThirdParty:978 - Integrity check success = true
2023-09-28 09:14:50,639 [INFO] IntegrityCheckThread:100 - exiting critical section [integrity check]
2023-09-28 09:14:50,640 [INFO] IntegrityCheckThread:103 - End integrity checks thread
2023-09-28 09:15:09,758 [ERROR] LogOutputStream:75 - [STDERR_REDIRECT] SLF4J: Failed to load class "org.slf4j.impl.StaticLoggerBinder".
2023-09-28 09:15:09,759 [ERROR] LogOutputStream:75 - [STDERR_REDIRECT] SLF4J: Defaulting to no-operation (NOP) logger implementation
2023-09-28 09:15:09,760 [ERROR] LogOutputStream:75 - [STDERR_REDIRECT] SLF4J: See http://www.slf4j.org/codes.html#StaticLoggerBinder for further details.
2023-09-28 15:53:04,162 [INFO] Activator:176 - 


2023-09-28 15:53:04,166 [INFO] Activator:177 - !SESSION log4j initialized
2023-09-28 15:53:11,069 [INFO] LogOutputStream:77 - [STDOUT_REDIRECT] 
2023-09-28 15:53:13,962 [INFO] ApplicationProperties:184 - Using Application install path: /opt/st/stm32cubeide_1.13.0/plugins/com.st.stm32cube.common.mx_6.9.0.202307051724
2023-09-28 15:53:13,991 [INFO] DbMcusXml:78 - Set database path to: /opt/st/stm32cubeide_1.13.0/plugins/com.st.stm32cube.common.mx_6.9.0.202307051724//db//mcu/
2023-09-28 15:53:13,992 [INFO] ApiDb:274 - Set plugin database path to: /opt/st/stm32cubeide_1.13.0/plugins/com.st.stm32cube.common.mx_6.9.0.202307051724//db//plugins/boardmanager/
2023-09-28 15:53:13,993 [WARN] ApiDb:259 - Overriding images path with different value:  => /opt/st/stm32cubeide_1.13.0/plugins/com.st.stm32cube.common.mx_6.9.0.202307051724//db//plugins/mcufinder/images/
2023-09-28 15:53:14,022 [INFO] ApiDb:250 - Set database path to: /home/northy/.stmcufinder/plugins/mcufinder//mcu/
2023-09-28 15:53:14,025 [INFO] DbMcusAds:125 - Set database path to: /home/northy/.stmcufinder/plugins/mcufinder//mcu/
2023-09-28 15:53:14,031 [INFO] CrossReferenceDbSqlite:203 - Set database path to: /home/northy/.stmcufinder/plugins/mcufinder//mcu/cs/
2023-09-28 15:53:14,325 [INFO] RulesReader:64 - Compatibility file has been processed (293 Rules)
2023-09-28 15:53:14,454 [INFO] DbMcusXml:78 - Set database path to: /opt/st/stm32cubeide_1.13.0/plugins/com.st.stm32cube.common.mx_6.9.0.202307051724//db//mcu/
2023-09-28 15:53:14,455 [INFO] ApiDb:274 - Set plugin database path to: /opt/st/stm32cubeide_1.13.0/plugins/com.st.stm32cube.common.mx_6.9.0.202307051724//db//plugins/boardmanager/
2023-09-28 15:53:14,455 [INFO] ApiDb:261 - Set plugin images path to: /opt/st/stm32cubeide_1.13.0/plugins/com.st.stm32cube.common.mx_6.9.0.202307051724//db//plugins/mcufinder/images/
2023-09-28 15:53:14,455 [WARN] DbFile:41 - Overriding database path with different value: /home/northy/.stmcufinder/plugins/mcufinder/ => /home/northy/.stmcufinder/plugins/mcufinder
2023-09-28 15:53:14,456 [INFO] ApiDb:250 - Set database path to: /home/northy/.stmcufinder/plugins/mcufinder//mcu/
2023-09-28 15:53:14,456 [WARN] DbFile:41 - Overriding database path with different value: /home/northy/.stmcufinder/plugins/mcufinder/ => /home/northy/.stmcufinder/plugins/mcufinder
2023-09-28 15:53:14,456 [INFO] DbMcusAds:125 - Set database path to: /home/northy/.stmcufinder/plugins/mcufinder//mcu/
2023-09-28 15:53:14,456 [WARN] DbFile:41 - Overriding database path with different value: /home/northy/.stmcufinder/plugins/mcufinder/ => /home/northy/.stmcufinder/plugins/mcufinder
2023-09-28 15:53:14,457 [WARN] DbFile:41 - Overriding database path with different value: /home/northy/.stmcufinder/plugins/mcufinder/ => /home/northy/.stmcufinder/plugins/mcufinder
2023-09-28 15:53:14,457 [INFO] CrossReferenceDbSqlite:203 - Set database path to: /home/northy/.stmcufinder/plugins/mcufinder//mcu/cs/
2023-09-28 15:53:14,588 [INFO] MainPanel:262 - HeapMemory: 268435456
2023-09-28 15:53:14,793 [INFO] DbMcusXml:78 - Set database path to: /opt/st/stm32cubeide_1.13.0/plugins/com.st.stm32cube.common.mx_6.9.0.202307051724//db//mcu/
2023-09-28 15:53:14,794 [INFO] ApiDb:274 - Set plugin database path to: /opt/st/stm32cubeide_1.13.0/plugins/com.st.stm32cube.common.mx_6.9.0.202307051724//db//plugins/boardmanager/
2023-09-28 15:53:14,794 [INFO] ApiDb:261 - Set plugin images path to: /opt/st/stm32cubeide_1.13.0/plugins/com.st.stm32cube.common.mx_6.9.0.202307051724//db//plugins/mcufinder/images/
2023-09-28 15:53:14,795 [WARN] DbFile:41 - Overriding database path with different value: /home/northy/.stmcufinder/plugins/mcufinder/ => /home/northy/.stmcufinder/plugins/mcufinder
2023-09-28 15:53:14,796 [INFO] ApiDb:250 - Set database path to: /home/northy/.stmcufinder/plugins/mcufinder//mcu/
2023-09-28 15:53:14,796 [WARN] DbFile:41 - Overriding database path with different value: /home/northy/.stmcufinder/plugins/mcufinder/ => /home/northy/.stmcufinder/plugins/mcufinder
2023-09-28 15:53:14,796 [INFO] DbMcusAds:125 - Set database path to: /home/northy/.stmcufinder/plugins/mcufinder//mcu/
2023-09-28 15:53:14,797 [WARN] DbFile:41 - Overriding database path with different value: /home/northy/.stmcufinder/plugins/mcufinder/ => /home/northy/.stmcufinder/plugins/mcufinder
2023-09-28 15:53:14,797 [WARN] DbFile:41 - Overriding database path with different value: /home/northy/.stmcufinder/plugins/mcufinder/ => /home/northy/.stmcufinder/plugins/mcufinder
2023-09-28 15:53:14,797 [INFO] CrossReferenceDbSqlite:203 - Set database path to: /home/northy/.stmcufinder/plugins/mcufinder//mcu/cs/
2023-09-28 15:53:14,833 [INFO] ApplicationProperties:184 - Using Application install path: /opt/st/stm32cubeide_1.13.0/plugins/com.st.stm32cube.common.mx_6.9.0.202307051724
2023-09-28 15:53:14,836 [INFO] PluginManage:196 - Search for loadable plugins [exclusion list=, ]
2023-09-28 15:53:14,838 [INFO] PluginManage:310 - Check plugin analytics
2023-09-28 15:53:15,149 [INFO] AnalyticsPlugin:253 - Accepted Software Licenses: 
2023-09-28 15:53:15,149 [INFO] AnalyticsPlugin:255 - Accepted CMSIS Pack Licenses: 
2023-09-28 15:53:15,150 [INFO] AnalyticsPlugin:257 - Accepted Firmware Licenses: FW.F7.1.17.0
2023-09-28 15:53:15,154 [INFO] PluginManage:359 - Loaded plugin analytics (category:tool,tabindex:-1)
2023-09-28 15:53:15,155 [INFO] PluginManage:310 - Check plugin cadmodel
2023-09-28 15:53:15,266 [INFO] CADModel:105 - Init CAD model plugin
2023-09-28 15:53:15,266 [INFO] PluginManage:359 - Loaded plugin cadmodel (category:power,tabindex:5)
2023-09-28 15:53:15,267 [INFO] PluginManage:310 - Check plugin clock
2023-09-28 15:53:15,284 [INFO] PluginManage:359 - Loaded plugin clock (category:base,tabindex:2)
2023-09-28 15:53:15,284 [INFO] PluginManage:310 - Check plugin ddr
2023-09-28 15:53:15,287 [INFO] PluginManage:359 - Loaded plugin ddr (category:tool,tabindex:6)
2023-09-28 15:53:15,287 [INFO] PluginManage:310 - Check plugin filemanager
2023-09-28 15:53:15,537 [INFO] PluginManage:359 - Loaded plugin filemanager (category:base,tabindex:10)
2023-09-28 15:53:15,538 [INFO] PluginManage:310 - Check plugin ipmanager
2023-09-28 15:53:15,550 [INFO] PluginManage:359 - Loaded plugin ipmanager (category:base,tabindex:5)
2023-09-28 15:53:15,550 [INFO] PluginManage:310 - Check plugin lpbam
2023-09-28 15:53:15,569 [INFO] PluginManage:359 - Loaded plugin lpbam (category:base,tabindex:0)
2023-09-28 15:53:15,570 [INFO] PluginManage:310 - Check plugin memorymap
2023-09-28 15:53:15,591 [INFO] PluginManage:359 - Loaded plugin memorymap (category:base,tabindex:4)
2023-09-28 15:53:15,592 [INFO] PluginManage:310 - Check plugin pinoutandconfiguration
2023-09-28 15:53:15,606 [INFO] PluginManage:359 - Loaded plugin pinoutandconfiguration (category:base,tabindex:1)
2023-09-28 15:53:15,607 [INFO] PluginManage:310 - Check plugin pinoutconfig
2023-09-28 15:53:15,746 [WARN] SupportedApi:132 - Cannot load RTOS API schema: s4s-elt-must-match.1: The content of 'definitions' must match (annotation?, (simpleType | complexType)?, (unique | key | keyref)*)). A problem was found starting at: attribute.
2023-09-28 15:53:15,984 [INFO] PluginManage:359 - Loaded plugin pinoutconfig (category:base,tabindex:0)
2023-09-28 15:53:15,984 [INFO] PluginManage:310 - Check plugin power
2023-09-28 15:53:16,004 [INFO] PluginManage:359 - Loaded plugin power (category:power,tabindex:4)
2023-09-28 15:53:16,005 [INFO] PluginManage:310 - Check plugin projectmanager
2023-09-28 15:53:16,034 [INFO] PluginManage:359 - Loaded plugin projectmanager (category:projectmanager,tabindex:3)
2023-09-28 15:53:16,035 [INFO] PluginManage:310 - Check plugin thirdparty
2023-09-28 15:53:16,285 [INFO] PluginManage:359 - Loaded plugin thirdparty (category:base,tabindex:-1)
2023-09-28 15:53:16,285 [WARN] IntegrityCheckThread:84 - waiting for thirdparty lock release [integrity check]
2023-09-28 15:53:16,286 [INFO] IntegrityCheckThread:86 - entering critical section [integrity check]
2023-09-28 15:53:16,286 [INFO] PluginManage:310 - Check plugin tools
2023-09-28 15:53:16,287 [INFO] ThirdPartyUpdaterWithRetryManager:70 - Updater plugin not ready yet. [1/15]
2023-09-28 15:53:16,290 [INFO] PluginManage:359 - Loaded plugin tools (category:base,tabindex:7)
2023-09-28 15:53:16,291 [INFO] PluginManage:310 - Check plugin tutovideos
2023-09-28 15:53:16,554 [INFO] PluginManage:359 - Loaded plugin tutovideos (category:base,tabindex:-1)
2023-09-28 15:53:16,555 [INFO] PluginManage:310 - Check plugin updater
2023-09-28 15:53:16,574 [INFO] PluginManage:359 - Loaded plugin updater (category:base,tabindex:12)
2023-09-28 15:53:16,574 [INFO] PluginManage:310 - Check plugin userauth
2023-09-28 15:53:16,583 [INFO] UserAuth:113 - Init User Auth plugin
2023-09-28 15:53:16,583 [INFO] PluginManage:359 - Loaded plugin userauth (category:base,tabindex:14)
2023-09-28 15:53:16,584 [INFO] PluginManage:283 - PluginManage : Loaded plugins [17]
2023-09-28 15:53:16,912 [INFO] PinOutPanel:1499 - setPackage(No Configuration,No Configuration)
2023-09-28 15:53:17,049 [INFO] CADModel:165 - CPN selected for project level
2023-09-28 15:53:17,050 [INFO] CADModel:114 - Register for checkConnection events
2023-09-28 15:53:17,065 [INFO] IPUIPlugin:80 - create IPUIPlugin
2023-09-28 15:53:17,065 [INFO] PluginManager:220 - loadIPPluginJar : add ts
2023-09-28 15:53:17,073 [INFO] IPUIPlugin:80 - create IPUIPlugin
2023-09-28 15:53:17,073 [INFO] PluginManager:220 - loadIPPluginJar : add pdm2pcm
2023-09-28 15:53:17,075 [INFO] IPUIPlugin:80 - create IPUIPlugin
2023-09-28 15:53:17,076 [INFO] PluginManager:220 - loadIPPluginJar : add fatfs
2023-09-28 15:53:17,079 [INFO] IPUIPlugin:80 - create IPUIPlugin
2023-09-28 15:53:17,080 [INFO] PluginManager:220 - loadIPPluginJar : add gfxmmu
2023-09-28 15:53:17,088 [INFO] IPUIPlugin:80 - create IPUIPlugin
2023-09-28 15:53:17,089 [INFO] PluginManager:220 - loadIPPluginJar : add gpio
2023-09-28 15:53:17,096 [INFO] IPUIPlugin:80 - create IPUIPlugin
2023-09-28 15:53:17,097 [INFO] PluginManager:220 - loadIPPluginJar : add freertos
2023-09-28 15:53:17,100 [INFO] IPUIPlugin:80 - create IPUIPlugin
2023-09-28 15:53:17,100 [INFO] PluginManager:220 - loadIPPluginJar : add spi
2023-09-28 15:53:17,102 [INFO] IPUIPlugin:80 - create IPUIPlugin
2023-09-28 15:53:17,103 [INFO] PluginManager:220 - loadIPPluginJar : add quadspi
2023-09-28 15:53:17,105 [INFO] IPUIPlugin:80 - create IPUIPlugin
2023-09-28 15:53:17,105 [INFO] PluginManager:220 - loadIPPluginJar : add tim
2023-09-28 15:53:17,108 [INFO] IPUIPlugin:80 - create IPUIPlugin
2023-09-28 15:53:17,109 [INFO] PluginManager:220 - loadIPPluginJar : add aes
2023-09-28 15:53:17,116 [INFO] IPUIPlugin:80 - create IPUIPlugin
2023-09-28 15:53:17,117 [INFO] PluginManager:220 - loadIPPluginJar : add dma
2023-09-28 15:53:17,119 [INFO] IPUIPlugin:80 - create IPUIPlugin
2023-09-28 15:53:17,119 [INFO] PluginManager:220 - loadIPPluginJar : add tracer_emb
2023-09-28 15:53:17,121 [INFO] IPUIPlugin:80 - create IPUIPlugin
2023-09-28 15:53:17,122 [INFO] PluginManager:220 - loadIPPluginJar : add comp
2023-09-28 15:53:17,126 [INFO] IPUIPlugin:80 - create IPUIPlugin
2023-09-28 15:53:17,126 [INFO] PluginManager:220 - loadIPPluginJar : add openamp
2023-09-28 15:53:17,130 [INFO] IPUIPlugin:80 - create IPUIPlugin
2023-09-28 15:53:17,130 [INFO] PluginManager:220 - loadIPPluginJar : add dfsdm
2023-09-28 15:53:17,133 [INFO] IPUIPlugin:80 - create IPUIPlugin
2023-09-28 15:53:17,133 [INFO] PluginManager:220 - loadIPPluginJar : add cryp
2023-09-28 15:53:17,136 [INFO] IPUIPlugin:80 - create IPUIPlugin
2023-09-28 15:53:17,137 [INFO] PluginManager:220 - loadIPPluginJar : add i2s
2023-09-28 15:53:17,146 [INFO] IPUIPlugin:80 - create IPUIPlugin
2023-09-28 15:53:17,150 [INFO] PluginManager:220 - loadIPPluginJar : add plateformsettings
2023-09-28 15:53:17,155 [INFO] IPUIPlugin:80 - create IPUIPlugin
2023-09-28 15:53:17,155 [INFO] PluginManager:220 - loadIPPluginJar : add touchsensing
2023-09-28 15:53:17,159 [INFO] IPUIPlugin:80 - create IPUIPlugin
2023-09-28 15:53:17,159 [INFO] PluginManager:220 - loadIPPluginJar : add i3c
2023-09-28 15:53:17,162 [INFO] IPUIPlugin:80 - create IPUIPlugin
2023-09-28 15:53:17,162 [INFO] PluginManager:220 - loadIPPluginJar : add usart
2023-09-28 15:53:17,166 [INFO] IPUIPlugin:80 - create IPUIPlugin
2023-09-28 15:53:17,166 [INFO] PluginManager:220 - loadIPPluginJar : add i2c
2023-09-28 15:53:17,174 [INFO] IPUIPlugin:80 - create IPUIPlugin
2023-09-28 15:53:17,174 [INFO] PluginManager:220 - loadIPPluginJar : add mdma
2023-09-28 15:53:17,176 [INFO] IPUIPlugin:80 - create IPUIPlugin
2023-09-28 15:53:17,177 [INFO] PluginManager:220 - loadIPPluginJar : add ucpd
2023-09-28 15:53:17,180 [INFO] IPUIPlugin:80 - create IPUIPlugin
2023-09-28 15:53:17,180 [INFO] PluginManager:220 - loadIPPluginJar : add lorawan
2023-09-28 15:53:17,182 [INFO] IPUIPlugin:80 - create IPUIPlugin
2023-09-28 15:53:17,183 [INFO] PluginManager:220 - loadIPPluginJar : add ltdc
2023-09-28 15:53:17,187 [INFO] IPUIPlugin:80 - create IPUIPlugin
2023-09-28 15:53:17,187 [INFO] PluginManager:220 - loadIPPluginJar : add ipddr
2023-09-28 15:53:17,195 [INFO] IPUIPlugin:80 - create IPUIPlugin
2023-09-28 15:53:17,196 [INFO] PluginManager:220 - loadIPPluginJar : add stm32_wpan
2023-09-28 15:53:17,198 [INFO] IPUIPlugin:80 - create IPUIPlugin
2023-09-28 15:53:17,198 [INFO] PluginManager:220 - loadIPPluginJar : add genericplugin
2023-09-28 15:53:17,205 [INFO] IPUIPlugin:80 - create IPUIPlugin
2023-09-28 15:53:17,205 [INFO] PluginManager:220 - loadIPPluginJar : add adc
2023-09-28 15:53:17,211 [INFO] IPUIPlugin:80 - create IPUIPlugin
2023-09-28 15:53:17,211 [INFO] PluginManager:220 - loadIPPluginJar : add nvic
2023-09-28 15:53:17,215 [INFO] IPUIPlugin:80 - create IPUIPlugin
2023-09-28 15:53:17,215 [INFO] PluginManager:220 - loadIPPluginJar : add sai
2023-09-28 15:53:17,217 [INFO] IPUIPlugin:80 - create IPUIPlugin
2023-09-28 15:53:17,217 [INFO] PluginManager:220 - loadIPPluginJar : add tsc
2023-09-28 15:53:17,223 [INFO] IPUIPlugin:80 - create IPUIPlugin
2023-09-28 15:53:17,224 [INFO] PluginManager:220 - loadIPPluginJar : add gic
2023-09-28 15:53:17,233 [INFO] IPUIPlugin:80 - create IPUIPlugin
2023-09-28 15:53:17,233 [INFO] PluginManager:220 - loadIPPluginJar : add linkedlist
2023-09-28 15:53:17,238 [INFO] IPUIPlugin:80 - create IPUIPlugin
2023-09-28 15:53:17,239 [INFO] PluginManager:220 - loadIPPluginJar : add resmgrutility
2023-09-28 15:53:17,242 [INFO] IPUIPlugin:80 - create IPUIPlugin
2023-09-28 15:53:17,242 [INFO] PluginManager:220 - loadIPPluginJar : add dma3
2023-09-28 15:53:17,246 [INFO] IPUIPlugin:80 - create IPUIPlugin
2023-09-28 15:53:17,246 [INFO] PluginManager:220 - loadIPPluginJar : add usbx
2023-09-28 15:53:17,250 [INFO] IPUIPlugin:80 - create IPUIPlugin
2023-09-28 15:53:17,250 [INFO] PluginManager:220 - loadIPPluginJar : add can
2023-09-28 15:53:17,254 [INFO] IPUIPlugin:80 - create IPUIPlugin
2023-09-28 15:53:17,254 [INFO] PluginManager:220 - loadIPPluginJar : add gtzc
2023-09-28 15:53:17,260 [INFO] IPUIPlugin:80 - create IPUIPlugin
2023-09-28 15:53:17,260 [INFO] PluginManager:220 - loadIPPluginJar : add fmc
2023-09-28 15:53:17,263 [INFO] IPUIPlugin:80 - create IPUIPlugin
2023-09-28 15:53:17,263 [INFO] PluginManager:220 - loadIPPluginJar : add hash
2023-09-28 15:53:17,267 [INFO] IPUIPlugin:80 - create IPUIPlugin
2023-09-28 15:53:17,267 [INFO] PluginManager:220 - loadIPPluginJar : add opamp
2023-09-28 15:53:17,391 [INFO] CADModel:165 - CPN selected for project level
2023-09-28 15:53:17,391 [INFO] CADModel:114 - Register for checkConnection events
2023-09-28 15:53:17,392 [FATAL] Updater:308 - Updater called before beeing initialized
2023-09-28 15:53:17,392 [ERROR] CADModel:125 - Updater not yet initialized, retry later 
2023-09-28 15:53:17,627 [INFO] CADModel:165 - CPN selected for project level
2023-09-28 15:53:17,628 [INFO] CADModel:114 - Register for checkConnection events
2023-09-28 15:53:17,628 [FATAL] Updater:308 - Updater called before beeing initialized
2023-09-28 15:53:17,628 [ERROR] CADModel:125 - Updater not yet initialized, retry later 
2023-09-28 15:53:17,635 [FATAL] Updater:308 - Updater called before beeing initialized
2023-09-28 15:53:17,811 [FATAL] Updater:308 - Updater called before beeing initialized
2023-09-28 15:53:17,828 [INFO] DbMcusAds:53 - JSON generation date=Tue Mar 07 15:50:55 ICT 2023 (1678179055114)
2023-09-28 15:53:17,829 [FATAL] Updater:308 - Updater called before beeing initialized
2023-09-28 15:53:17,891 [WARN] DetailPanel:346 - Failed to get advertising image, set to default
2023-09-28 15:53:18,153 [FATAL] Updater:308 - Updater called before beeing initialized
2023-09-28 15:53:18,156 [FATAL] Updater:308 - Updater called before beeing initialized
2023-09-28 15:53:18,156 [FATAL] Updater:308 - Updater called before beeing initialized
2023-09-28 15:53:18,156 [WARN] DetailPanel:346 - Failed to get advertising image, set to default
2023-09-28 15:53:18,158 [FATAL] Updater:308 - Updater called before beeing initialized
2023-09-28 15:53:18,227 [ERROR] Updater:1120 - MainUpdater not yet initialized. External WinMGr cannot be set.
2023-09-28 15:53:18,231 [INFO] Updater:1056 - Updater Version found : 6.9.0
2023-09-28 15:53:18,268 [INFO] ApplicationProperties:184 - Using Application install path: /opt/st/stm32cubeide_1.13.0/plugins/com.st.stm32cube.common.mx_6.9.0.202307051724
2023-09-28 15:53:18,480 [INFO] MainUpdater:2868 - connection check result : 10
2023-09-28 15:53:18,481 [INFO] MainUpdater:285 - Updater Check For Update Now.
2023-09-28 15:53:18,482 [INFO] MicroXplorer:498 - Change Database Version : DB.6.0.90
2023-09-28 15:53:18,490 [INFO] McuFinderGlobals:63 - Set McuFinder mode to 2 (CubeIDE integrated)
2023-09-28 15:53:18,738 [INFO] CheckServerUpdateThread:120 - End of CheckServer Thread
2023-09-28 15:53:19,467 [WARN] PackLoader:240 - Cannot read IP mode file for STMicroelectronics.X-CUBE-SMBUS.2.1.0
2023-09-28 15:53:19,539 [WARN] PackLoader:240 - Cannot read IP mode file for STMicroelectronics.X-CUBE-AZRTOS-F7.1.1.0
2023-09-28 15:53:19,563 [WARN] PackLoader:240 - Cannot read IP mode file for STMicroelectronics.FP-SNS-MOTENV1.4.3.2
2023-09-28 15:53:19,577 [WARN] PackLoader:240 - Cannot read IP mode file for STMicroelectronics.FP-SNS-FLIGHT1.5.0.1
2023-09-28 15:53:19,590 [WARN] PackLoader:240 - Cannot read IP mode file for STMicroelectronics.X-CUBE-BLE1.6.2.4
2023-09-28 15:53:19,598 [WARN] PackLoader:240 - Cannot read IP mode file for STMicroelectronics.FP-SNS-FLIGHT1.5.0.2
2023-09-28 15:53:19,614 [WARN] PackLoader:240 - Cannot read IP mode file for STMicroelectronics.X-CUBE-DISPLAY.3.0.0
2023-09-28 15:53:19,635 [WARN] PackLoader:240 - Cannot read IP mode file for STMicroelectronics.X-CUBE-BLE1.7.0.0
2023-09-28 15:53:19,646 [WARN] PackLoader:240 - Cannot read IP mode file for emotas.I-CUBE-CANOPEN.1.3.0
2023-09-28 15:53:19,653 [WARN] PackLoader:240 - Cannot read IP mode file for STMicroelectronics.X-CUBE-TOUCHGFX.4.22.0
2023-09-28 15:53:19,661 [WARN] PackLoader:240 - Cannot read IP mode file for STMicroelectronics.FP-SNS-SMARTAG2.1.2.0
2023-09-28 15:53:19,682 [INFO] LogOutputStream:77 - [STDOUT_REDIRECT] 1 : Invalid condition id : UX_CORESTACK_Condition cause : null
2023-09-28 15:53:19,683 [INFO] LogOutputStream:77 - [STDOUT_REDIRECT] 1 : Invalid condition id : UX_CORESTACK_Condition cause : null
2023-09-28 15:53:19,683 [INFO] LogOutputStream:77 - [STDOUT_REDIRECT] 1 : Invalid condition id : UX_CORESTACK_Condition cause : null
2023-09-28 15:53:19,684 [INFO] LogOutputStream:77 - [STDOUT_REDIRECT] 1 : Invalid condition id : UX_CORESTACK_Condition cause : null
2023-09-28 15:53:19,684 [INFO] LogOutputStream:77 - [STDOUT_REDIRECT] 1 : Invalid condition id : UX_CORESTACK_Condition cause : null
2023-09-28 15:53:19,693 [WARN] PackLoader:240 - Cannot read IP mode file for STMicroelectronics.X-CUBE-AZRTOS-WL.2.0.0
2023-09-28 15:53:19,710 [WARN] PackLoader:240 - Cannot read IP mode file for WES.I-CUBE-Cesium.1.3.0
2023-09-28 15:53:19,718 [WARN] PackLoader:240 - Cannot read IP mode file for STMicroelectronics.X-CUBE-BLE2.3.3.0
2023-09-28 15:53:19,729 [WARN] PackLoader:240 - Cannot read IP mode file for STMicroelectronics.X-CUBE-ALGOBUILD.1.3.0
2023-09-28 15:53:19,761 [WARN] PackLoader:240 - Cannot read IP mode file for STMicroelectronics.X-CUBE-AZRTOS-G0.1.1.0
2023-09-28 15:53:19,774 [WARN] PackLoader:240 - Cannot read IP mode file for STMicroelectronics.X-CUBE-NFC4.3.0.0
2023-09-28 15:53:19,783 [WARN] PackLoader:240 - Cannot read IP mode file for STMicroelectronics.FP-ATR-SIGFOX1.3.2.0
2023-09-28 15:53:19,849 [WARN] PackLoader:240 - Cannot read IP mode file for SEGGER.I-CUBE-embOS.1.3.1
2023-09-28 15:53:19,975 [WARN] PackLoader:240 - Cannot read IP mode file for STMicroelectronics.X-CUBE-GNSS1.6.0.0
2023-09-28 15:53:20,043 [WARN] PackLoader:240 - Cannot read IP mode file for STMicroelectronics.X-CUBE-AZRTOS-F4.1.1.0
2023-09-28 15:53:20,055 [WARN] PackLoader:240 - Cannot read IP mode file for wolfSSL.I-CUBE-wolfSSL.5.6.3
2023-09-28 15:53:20,094 [WARN] PackLoader:240 - Cannot read IP mode file for STMicroelectronics.X-CUBE-AZRTOS-L5.2.0.0
2023-09-28 15:53:20,173 [WARN] PackLoader:240 - Cannot read IP mode file for STMicroelectronics.X-CUBE-MEMS1.9.6.0
2023-09-28 15:53:20,596 [WARN] PackLoader:240 - Cannot read IP mode file for STMicroelectronics.X-CUBE-BLEMGR.2.0.0
2023-09-28 15:53:20,684 [WARN] ConditionMgr:438 - getConditionDescription Invalid condition id : UX DEVICE CLASS RTOS Condition cause : null
2023-09-28 15:53:20,685 [WARN] ConditionMgr:438 - getConditionDescription Invalid condition id : UX DEVICE CLASS RTOS Condition cause : null
2023-09-28 15:53:20,700 [WARN] PackLoader:240 - Cannot read IP mode file for STMicroelectronics.X-CUBE-AZRTOS-H7.3.1.0
2023-09-28 15:53:20,704 [WARN] ConditionMgr:1039 - genDependencies : Invalid condition id : UX DEVICE CLASS RTOS Condition cause : null
2023-09-28 15:53:20,705 [WARN] ConditionMgr:1039 - genDependencies : Invalid condition id : UX DEVICE CLASS RTOS Condition cause : null
2023-09-28 15:53:20,708 [WARN] ConditionMgr:1039 - genDependencies : Invalid condition id : UX DEVICE CLASS RTOS Condition cause : null
2023-09-28 15:53:20,710 [WARN] ConditionMgr:1039 - genDependencies : Invalid condition id : UX DEVICE CLASS RTOS Condition cause : null
2023-09-28 15:53:20,710 [WARN] ConditionMgr:1039 - genDependencies : Invalid condition id : UX DEVICE CLASS RTOS Condition cause : null
2023-09-28 15:53:20,731 [WARN] PackLoader:240 - Cannot read IP mode file for STMicroelectronics.X-CUBE-NFC7.1.0.1
2023-09-28 15:53:20,755 [WARN] PackLoader:240 - Cannot read IP mode file for STMicroelectronics.X-CUBE-NFC6.3.0.0
2023-09-28 15:53:20,774 [WARN] PackLoader:240 - Cannot read IP mode file for STMicroelectronics.X-CUBE-EEPRMA1.4.1.0
2023-09-28 15:53:20,786 [WARN] PackLoader:240 - Cannot read IP mode file for STMicroelectronics.X-CUBE-AI.8.1.0
2023-09-28 15:53:20,867 [WARN] ConditionMgr:438 - getConditionDescription Invalid condition id : LAN8742 Phy interface Condition cause : null
2023-09-28 15:53:20,869 [WARN] PackLoader:240 - Cannot read IP mode file for STMicroelectronics.X-CUBE-AZRTOS-L4.2.0.0
2023-09-28 15:53:20,873 [WARN] ConditionMgr:1039 - genDependencies : Invalid condition id : LAN8742 Phy interface Condition cause : null
2023-09-28 15:53:20,874 [WARN] ConditionMgr:1039 - genDependencies : Invalid condition id : LAN8742 Phy interface Condition cause : null
2023-09-28 15:53:20,876 [WARN] ConditionMgr:1039 - genDependencies : Invalid condition id : LAN8742 Phy interface Condition cause : null
2023-09-28 15:53:20,912 [WARN] PackLoader:240 - Cannot read IP mode file for STMicroelectronics.X-CUBE-SFXS2LP1.4.0.0
2023-09-28 15:53:20,930 [WARN] PackLoader:240 - Cannot read IP mode file for STMicroelectronics.X-CUBE-ISPU.1.1.0
2023-09-28 15:53:20,981 [WARN] ConditionMgr:438 - getConditionDescription Invalid condition id : UX DEVICE CLASS RTOS Condition cause : null
2023-09-28 15:53:20,982 [WARN] ConditionMgr:438 - getConditionDescription Invalid condition id : UX DEVICE CLASS RTOS Condition cause : null
2023-09-28 15:53:20,988 [WARN] PackLoader:240 - Cannot read IP mode file for STMicroelectronics.X-CUBE-AZRTOS-WB.2.0.0
2023-09-28 15:53:21,006 [WARN] ConditionMgr:1039 - genDependencies : Invalid condition id : UX DEVICE CLASS RTOS Condition cause : null
2023-09-28 15:53:21,006 [WARN] ConditionMgr:1039 - genDependencies : Invalid condition id : UX DEVICE CLASS RTOS Condition cause : null
2023-09-28 15:53:21,007 [WARN] ConditionMgr:1039 - genDependencies : Invalid condition id : UX DEVICE CLASS RTOS Condition cause : null
2023-09-28 15:53:21,008 [WARN] ConditionMgr:1039 - genDependencies : Invalid condition id : UX DEVICE CLASS RTOS Condition cause : null
2023-09-28 15:53:21,009 [WARN] ConditionMgr:1039 - genDependencies : Invalid condition id : UX DEVICE CLASS RTOS Condition cause : null
2023-09-28 15:53:21,020 [WARN] PackLoader:240 - Cannot read IP mode file for STMicroelectronics.X-CUBE-FREERTOS.1.0.1
2023-09-28 15:53:21,077 [WARN] PackLoader:240 - Cannot read IP mode file for STMicroelectronics.X-CUBE-AZRTOS-L5.1.1.0
2023-09-28 15:53:21,099 [WARN] PackLoader:240 - Cannot read IP mode file for STMicroelectronics.X-CUBE-AI.8.0.1
2023-09-28 15:53:21,207 [WARN] PackLoader:240 - Cannot read IP mode file for STMicroelectronics.X-CUBE-SUBG2.5.0.0
2023-09-28 15:53:21,266 [WARN] PackLoader:240 - Cannot read IP mode file for STMicroelectronics.X-CUBE-TOF1.3.3.1
2023-09-28 15:53:21,362 [WARN] PackLoader:240 - Cannot read IP mode file for STMicroelectronics.X-CUBE-AZRTOS-G4.2.0.0
2023-09-28 15:53:21,407 [WARN] PackLoader:240 - Cannot read IP mode file for STMicroelectronics.X-CUBE-TOF1.3.3.0
2023-09-28 15:53:21,442 [WARN] PackLoader:240 - Cannot read IP mode file for STMicroelectronics.X-CUBE-FREERTOS.1.1.0
2023-09-28 15:53:21,462 [WARN] PackLoader:240 - Cannot read IP mode file for portGmbH.I-Cube-SoM-uGOAL.1.1.0
2023-09-28 15:53:21,471 [WARN] PackLoader:240 - Cannot read IP mode file for STMicroelectronics.X-CUBE-ALS.1.0.1
2023-09-28 15:53:21,531 [WARN] PackLoader:240 - Cannot read IP mode file for STMicroelectronics.X-CUBE-AZRTOS-WB.1.1.0
2023-09-28 15:53:21,552 [WARN] PackLoader:240 - Cannot read IP mode file for STMicroelectronics.FP-ATR-ASTRA1.2.0.0
2023-09-28 15:53:21,554 [INFO] ThirdParty:978 - Integrity check success = true
2023-09-28 15:53:21,554 [INFO] IntegrityCheckThread:100 - exiting critical section [integrity check]
2023-09-28 15:53:21,554 [INFO] IntegrityCheckThread:103 - End integrity checks thread
2023-09-28 15:53:40,457 [ERROR] LogOutputStream:75 - [STDERR_REDIRECT] SLF4J: Failed to load class "org.slf4j.impl.StaticLoggerBinder".
2023-09-28 15:53:40,459 [ERROR] LogOutputStream:75 - [STDERR_REDIRECT] SLF4J: Defaulting to no-operation (NOP) logger implementation
2023-09-28 15:53:40,460 [ERROR] LogOutputStream:75 - [STDERR_REDIRECT] SLF4J: See http://www.slf4j.org/codes.html#StaticLoggerBinder for further details.
