2023-09-21 21:52:58,356 [INFO] Activator:176 - 


2023-09-21 21:52:58,364 [INFO] Activator:177 - !SESSION log4j initialized
2023-09-21 21:53:06,989 [INFO] LogOutputStream:77 - [STDOUT_REDIRECT] 
2023-09-21 21:53:10,011 [INFO] ApplicationProperties:184 - Using Application install path: /opt/st/stm32cubeide_1.13.0/plugins/com.st.stm32cube.common.mx_6.9.0.202307051724
2023-09-21 21:53:10,048 [INFO] DbMcusXml:78 - Set database path to: /opt/st/stm32cubeide_1.13.0/plugins/com.st.stm32cube.common.mx_6.9.0.202307051724//db//mcu/
2023-09-21 21:53:10,049 [INFO] ApiDb:274 - Set plugin database path to: /opt/st/stm32cubeide_1.13.0/plugins/com.st.stm32cube.common.mx_6.9.0.202307051724//db//plugins/boardmanager/
2023-09-21 21:53:10,050 [WARN] ApiDb:259 - Overriding images path with different value:  => /opt/st/stm32cubeide_1.13.0/plugins/com.st.stm32cube.common.mx_6.9.0.202307051724//db//plugins/mcufinder/images/
2023-09-21 21:53:10,080 [INFO] ApiDb:250 - Set database path to: /home/northy/.stmcufinder/plugins/mcufinder//mcu/
2023-09-21 21:53:10,083 [INFO] DbMcusAds:125 - Set database path to: /home/northy/.stmcufinder/plugins/mcufinder//mcu/
2023-09-21 21:53:10,094 [INFO] CrossReferenceDbSqlite:203 - Set database path to: /home/northy/.stmcufinder/plugins/mcufinder//mcu/cs/
2023-09-21 21:53:10,325 [INFO] RulesReader:64 - Compatibility file has been processed (293 Rules)
2023-09-21 21:53:10,448 [INFO] DbMcusXml:78 - Set database path to: /opt/st/stm32cubeide_1.13.0/plugins/com.st.stm32cube.common.mx_6.9.0.202307051724//db//mcu/
2023-09-21 21:53:10,449 [INFO] ApiDb:274 - Set plugin database path to: /opt/st/stm32cubeide_1.13.0/plugins/com.st.stm32cube.common.mx_6.9.0.202307051724//db//plugins/boardmanager/
2023-09-21 21:53:10,449 [INFO] ApiDb:261 - Set plugin images path to: /opt/st/stm32cubeide_1.13.0/plugins/com.st.stm32cube.common.mx_6.9.0.202307051724//db//plugins/mcufinder/images/
2023-09-21 21:53:10,450 [WARN] DbFile:41 - Overriding database path with different value: /home/northy/.stmcufinder/plugins/mcufinder/ => /home/northy/.stmcufinder/plugins/mcufinder
2023-09-21 21:53:10,450 [INFO] ApiDb:250 - Set database path to: /home/northy/.stmcufinder/plugins/mcufinder//mcu/
2023-09-21 21:53:10,451 [WARN] DbFile:41 - Overriding database path with different value: /home/northy/.stmcufinder/plugins/mcufinder/ => /home/northy/.stmcufinder/plugins/mcufinder
2023-09-21 21:53:10,451 [INFO] DbMcusAds:125 - Set database path to: /home/northy/.stmcufinder/plugins/mcufinder//mcu/
2023-09-21 21:53:10,452 [WARN] DbFile:41 - Overriding database path with different value: /home/northy/.stmcufinder/plugins/mcufinder/ => /home/northy/.stmcufinder/plugins/mcufinder
2023-09-21 21:53:10,452 [WARN] DbFile:41 - Overriding database path with different value: /home/northy/.stmcufinder/plugins/mcufinder/ => /home/northy/.stmcufinder/plugins/mcufinder
2023-09-21 21:53:10,452 [INFO] CrossReferenceDbSqlite:203 - Set database path to: /home/northy/.stmcufinder/plugins/mcufinder//mcu/cs/
2023-09-21 21:53:10,637 [INFO] MainPanel:262 - HeapMemory: 268435456
2023-09-21 21:53:10,857 [INFO] DbMcusXml:78 - Set database path to: /opt/st/stm32cubeide_1.13.0/plugins/com.st.stm32cube.common.mx_6.9.0.202307051724//db//mcu/
2023-09-21 21:53:10,857 [INFO] ApiDb:274 - Set plugin database path to: /opt/st/stm32cubeide_1.13.0/plugins/com.st.stm32cube.common.mx_6.9.0.202307051724//db//plugins/boardmanager/
2023-09-21 21:53:10,857 [INFO] ApiDb:261 - Set plugin images path to: /opt/st/stm32cubeide_1.13.0/plugins/com.st.stm32cube.common.mx_6.9.0.202307051724//db//plugins/mcufinder/images/
2023-09-21 21:53:10,858 [WARN] DbFile:41 - Overriding database path with different value: /home/northy/.stmcufinder/plugins/mcufinder/ => /home/northy/.stmcufinder/plugins/mcufinder
2023-09-21 21:53:10,858 [INFO] ApiDb:250 - Set database path to: /home/northy/.stmcufinder/plugins/mcufinder//mcu/
2023-09-21 21:53:10,859 [WARN] DbFile:41 - Overriding database path with different value: /home/northy/.stmcufinder/plugins/mcufinder/ => /home/northy/.stmcufinder/plugins/mcufinder
2023-09-21 21:53:10,859 [INFO] DbMcusAds:125 - Set database path to: /home/northy/.stmcufinder/plugins/mcufinder//mcu/
2023-09-21 21:53:10,859 [WARN] DbFile:41 - Overriding database path with different value: /home/northy/.stmcufinder/plugins/mcufinder/ => /home/northy/.stmcufinder/plugins/mcufinder
2023-09-21 21:53:10,859 [WARN] DbFile:41 - Overriding database path with different value: /home/northy/.stmcufinder/plugins/mcufinder/ => /home/northy/.stmcufinder/plugins/mcufinder
2023-09-21 21:53:10,859 [INFO] CrossReferenceDbSqlite:203 - Set database path to: /home/northy/.stmcufinder/plugins/mcufinder//mcu/cs/
2023-09-21 21:53:10,891 [INFO] ApplicationProperties:184 - Using Application install path: /opt/st/stm32cubeide_1.13.0/plugins/com.st.stm32cube.common.mx_6.9.0.202307051724
2023-09-21 21:53:10,893 [INFO] PluginManage:196 - Search for loadable plugins [exclusion list=, ]
2023-09-21 21:53:10,896 [INFO] PluginManage:310 - Check plugin analytics
2023-09-21 21:53:11,204 [INFO] AnalyticsPlugin:253 - Accepted Software Licenses: 
2023-09-21 21:53:11,205 [INFO] AnalyticsPlugin:255 - Accepted CMSIS Pack Licenses: 
2023-09-21 21:53:11,205 [INFO] AnalyticsPlugin:257 - Accepted Firmware Licenses: FW.F7.1.17.0
2023-09-21 21:53:11,210 [INFO] PluginManage:359 - Loaded plugin analytics (category:tool,tabindex:-1)
2023-09-21 21:53:11,211 [INFO] PluginManage:310 - Check plugin cadmodel
2023-09-21 21:53:11,341 [INFO] CADModel:105 - Init CAD model plugin
2023-09-21 21:53:11,341 [INFO] PluginManage:359 - Loaded plugin cadmodel (category:power,tabindex:5)
2023-09-21 21:53:11,341 [INFO] PluginManage:310 - Check plugin clock
2023-09-21 21:53:11,360 [INFO] PluginManage:359 - Loaded plugin clock (category:base,tabindex:2)
2023-09-21 21:53:11,360 [INFO] PluginManage:310 - Check plugin ddr
2023-09-21 21:53:11,364 [INFO] PluginManage:359 - Loaded plugin ddr (category:tool,tabindex:6)
2023-09-21 21:53:11,364 [INFO] PluginManage:310 - Check plugin filemanager
2023-09-21 21:53:11,577 [INFO] PluginManage:359 - Loaded plugin filemanager (category:base,tabindex:10)
2023-09-21 21:53:11,577 [INFO] PluginManage:310 - Check plugin ipmanager
2023-09-21 21:53:11,588 [INFO] PluginManage:359 - Loaded plugin ipmanager (category:base,tabindex:5)
2023-09-21 21:53:11,588 [INFO] PluginManage:310 - Check plugin lpbam
2023-09-21 21:53:11,605 [INFO] PluginManage:359 - Loaded plugin lpbam (category:base,tabindex:0)
2023-09-21 21:53:11,605 [INFO] PluginManage:310 - Check plugin memorymap
2023-09-21 21:53:11,623 [INFO] PluginManage:359 - Loaded plugin memorymap (category:base,tabindex:4)
2023-09-21 21:53:11,624 [INFO] PluginManage:310 - Check plugin pinoutandconfiguration
2023-09-21 21:53:11,636 [INFO] PluginManage:359 - Loaded plugin pinoutandconfiguration (category:base,tabindex:1)
2023-09-21 21:53:11,636 [INFO] PluginManage:310 - Check plugin pinoutconfig
2023-09-21 21:53:11,773 [WARN] SupportedApi:132 - Cannot load RTOS API schema: s4s-elt-must-match.1: The content of 'definitions' must match (annotation?, (simpleType | complexType)?, (unique | key | keyref)*)). A problem was found starting at: attribute.
2023-09-21 21:53:11,999 [INFO] PluginManage:359 - Loaded plugin pinoutconfig (category:base,tabindex:0)
2023-09-21 21:53:12,000 [INFO] PluginManage:310 - Check plugin power
2023-09-21 21:53:12,021 [INFO] PluginManage:359 - Loaded plugin power (category:power,tabindex:4)
2023-09-21 21:53:12,021 [INFO] PluginManage:310 - Check plugin projectmanager
2023-09-21 21:53:12,043 [INFO] PluginManage:359 - Loaded plugin projectmanager (category:projectmanager,tabindex:3)
2023-09-21 21:53:12,043 [INFO] PluginManage:310 - Check plugin thirdparty
2023-09-21 21:53:12,247 [INFO] PluginManage:359 - Loaded plugin thirdparty (category:base,tabindex:-1)
2023-09-21 21:53:12,247 [WARN] IntegrityCheckThread:84 - waiting for thirdparty lock release [integrity check]
2023-09-21 21:53:12,248 [INFO] PluginManage:310 - Check plugin tools
2023-09-21 21:53:12,248 [INFO] IntegrityCheckThread:86 - entering critical section [integrity check]
2023-09-21 21:53:12,249 [INFO] ThirdPartyUpdaterWithRetryManager:70 - Updater plugin not ready yet. [1/15]
2023-09-21 21:53:12,252 [INFO] PluginManage:359 - Loaded plugin tools (category:base,tabindex:7)
2023-09-21 21:53:12,253 [INFO] PluginManage:310 - Check plugin tutovideos
2023-09-21 21:53:12,552 [INFO] PluginManage:359 - Loaded plugin tutovideos (category:base,tabindex:-1)
2023-09-21 21:53:12,552 [INFO] PluginManage:310 - Check plugin updater
2023-09-21 21:53:12,578 [INFO] PluginManage:359 - Loaded plugin updater (category:base,tabindex:12)
2023-09-21 21:53:12,578 [INFO] PluginManage:310 - Check plugin userauth
2023-09-21 21:53:12,589 [INFO] UserAuth:113 - Init User Auth plugin
2023-09-21 21:53:12,589 [INFO] PluginManage:359 - Loaded plugin userauth (category:base,tabindex:14)
2023-09-21 21:53:12,590 [INFO] PluginManage:283 - PluginManage : Loaded plugins [17]
2023-09-21 21:53:12,901 [INFO] PinOutPanel:1499 - setPackage(No Configuration,No Configuration)
2023-09-21 21:53:13,062 [INFO] CADModel:165 - CPN selected for project level
2023-09-21 21:53:13,063 [INFO] CADModel:114 - Register for checkConnection events
2023-09-21 21:53:13,088 [INFO] IPUIPlugin:80 - create IPUIPlugin
2023-09-21 21:53:13,089 [INFO] PluginManager:220 - loadIPPluginJar : add ts
2023-09-21 21:53:13,099 [INFO] IPUIPlugin:80 - create IPUIPlugin
2023-09-21 21:53:13,099 [INFO] PluginManager:220 - loadIPPluginJar : add pdm2pcm
2023-09-21 21:53:13,102 [INFO] IPUIPlugin:80 - create IPUIPlugin
2023-09-21 21:53:13,102 [INFO] PluginManager:220 - loadIPPluginJar : add fatfs
2023-09-21 21:53:13,107 [INFO] IPUIPlugin:80 - create IPUIPlugin
2023-09-21 21:53:13,107 [INFO] PluginManager:220 - loadIPPluginJar : add gfxmmu
2023-09-21 21:53:13,116 [INFO] IPUIPlugin:80 - create IPUIPlugin
2023-09-21 21:53:13,117 [INFO] PluginManager:220 - loadIPPluginJar : add gpio
2023-09-21 21:53:13,126 [INFO] IPUIPlugin:80 - create IPUIPlugin
2023-09-21 21:53:13,126 [INFO] PluginManager:220 - loadIPPluginJar : add freertos
2023-09-21 21:53:13,130 [INFO] IPUIPlugin:80 - create IPUIPlugin
2023-09-21 21:53:13,131 [INFO] PluginManager:220 - loadIPPluginJar : add spi
2023-09-21 21:53:13,133 [INFO] IPUIPlugin:80 - create IPUIPlugin
2023-09-21 21:53:13,134 [INFO] PluginManager:220 - loadIPPluginJar : add quadspi
2023-09-21 21:53:13,136 [INFO] IPUIPlugin:80 - create IPUIPlugin
2023-09-21 21:53:13,137 [INFO] PluginManager:220 - loadIPPluginJar : add tim
2023-09-21 21:53:13,141 [INFO] IPUIPlugin:80 - create IPUIPlugin
2023-09-21 21:53:13,141 [INFO] PluginManager:220 - loadIPPluginJar : add aes
2023-09-21 21:53:13,151 [INFO] IPUIPlugin:80 - create IPUIPlugin
2023-09-21 21:53:13,152 [INFO] PluginManager:220 - loadIPPluginJar : add dma
2023-09-21 21:53:13,155 [INFO] IPUIPlugin:80 - create IPUIPlugin
2023-09-21 21:53:13,155 [INFO] PluginManager:220 - loadIPPluginJar : add tracer_emb
2023-09-21 21:53:13,157 [INFO] IPUIPlugin:80 - create IPUIPlugin
2023-09-21 21:53:13,158 [INFO] PluginManager:220 - loadIPPluginJar : add comp
2023-09-21 21:53:13,163 [INFO] IPUIPlugin:80 - create IPUIPlugin
2023-09-21 21:53:13,163 [INFO] PluginManager:220 - loadIPPluginJar : add openamp
2023-09-21 21:53:13,168 [INFO] IPUIPlugin:80 - create IPUIPlugin
2023-09-21 21:53:13,168 [INFO] PluginManager:220 - loadIPPluginJar : add dfsdm
2023-09-21 21:53:13,172 [INFO] IPUIPlugin:80 - create IPUIPlugin
2023-09-21 21:53:13,172 [INFO] PluginManager:220 - loadIPPluginJar : add cryp
2023-09-21 21:53:13,177 [INFO] IPUIPlugin:80 - create IPUIPlugin
2023-09-21 21:53:13,177 [INFO] PluginManager:220 - loadIPPluginJar : add i2s
2023-09-21 21:53:13,188 [INFO] IPUIPlugin:80 - create IPUIPlugin
2023-09-21 21:53:13,192 [INFO] PluginManager:220 - loadIPPluginJar : add plateformsettings
2023-09-21 21:53:13,198 [INFO] IPUIPlugin:80 - create IPUIPlugin
2023-09-21 21:53:13,198 [INFO] PluginManager:220 - loadIPPluginJar : add touchsensing
2023-09-21 21:53:13,202 [INFO] IPUIPlugin:80 - create IPUIPlugin
2023-09-21 21:53:13,203 [INFO] PluginManager:220 - loadIPPluginJar : add i3c
2023-09-21 21:53:13,206 [INFO] IPUIPlugin:80 - create IPUIPlugin
2023-09-21 21:53:13,207 [INFO] PluginManager:220 - loadIPPluginJar : add usart
2023-09-21 21:53:13,211 [INFO] IPUIPlugin:80 - create IPUIPlugin
2023-09-21 21:53:13,211 [INFO] PluginManager:220 - loadIPPluginJar : add i2c
2023-09-21 21:53:13,221 [INFO] IPUIPlugin:80 - create IPUIPlugin
2023-09-21 21:53:13,222 [INFO] PluginManager:220 - loadIPPluginJar : add mdma
2023-09-21 21:53:13,225 [INFO] IPUIPlugin:80 - create IPUIPlugin
2023-09-21 21:53:13,225 [INFO] PluginManager:220 - loadIPPluginJar : add ucpd
2023-09-21 21:53:13,229 [INFO] IPUIPlugin:80 - create IPUIPlugin
2023-09-21 21:53:13,230 [INFO] PluginManager:220 - loadIPPluginJar : add lorawan
2023-09-21 21:53:13,232 [INFO] IPUIPlugin:80 - create IPUIPlugin
2023-09-21 21:53:13,233 [INFO] PluginManager:220 - loadIPPluginJar : add ltdc
2023-09-21 21:53:13,238 [INFO] IPUIPlugin:80 - create IPUIPlugin
2023-09-21 21:53:13,238 [INFO] PluginManager:220 - loadIPPluginJar : add ipddr
2023-09-21 21:53:13,248 [INFO] IPUIPlugin:80 - create IPUIPlugin
2023-09-21 21:53:13,248 [INFO] PluginManager:220 - loadIPPluginJar : add stm32_wpan
2023-09-21 21:53:13,251 [INFO] IPUIPlugin:80 - create IPUIPlugin
2023-09-21 21:53:13,251 [INFO] PluginManager:220 - loadIPPluginJar : add genericplugin
2023-09-21 21:53:13,259 [INFO] IPUIPlugin:80 - create IPUIPlugin
2023-09-21 21:53:13,259 [INFO] PluginManager:220 - loadIPPluginJar : add adc
2023-09-21 21:53:13,265 [INFO] IPUIPlugin:80 - create IPUIPlugin
2023-09-21 21:53:13,265 [INFO] PluginManager:220 - loadIPPluginJar : add nvic
2023-09-21 21:53:13,270 [INFO] IPUIPlugin:80 - create IPUIPlugin
2023-09-21 21:53:13,270 [INFO] PluginManager:220 - loadIPPluginJar : add sai
2023-09-21 21:53:13,272 [INFO] IPUIPlugin:80 - create IPUIPlugin
2023-09-21 21:53:13,272 [INFO] PluginManager:220 - loadIPPluginJar : add tsc
2023-09-21 21:53:13,280 [INFO] IPUIPlugin:80 - create IPUIPlugin
2023-09-21 21:53:13,280 [INFO] PluginManager:220 - loadIPPluginJar : add gic
2023-09-21 21:53:13,291 [INFO] IPUIPlugin:80 - create IPUIPlugin
2023-09-21 21:53:13,291 [INFO] PluginManager:220 - loadIPPluginJar : add linkedlist
2023-09-21 21:53:13,297 [INFO] IPUIPlugin:80 - create IPUIPlugin
2023-09-21 21:53:13,297 [INFO] PluginManager:220 - loadIPPluginJar : add resmgrutility
2023-09-21 21:53:13,301 [INFO] IPUIPlugin:80 - create IPUIPlugin
2023-09-21 21:53:13,301 [INFO] PluginManager:220 - loadIPPluginJar : add dma3
2023-09-21 21:53:13,305 [INFO] IPUIPlugin:80 - create IPUIPlugin
2023-09-21 21:53:13,306 [INFO] PluginManager:220 - loadIPPluginJar : add usbx
2023-09-21 21:53:13,311 [INFO] IPUIPlugin:80 - create IPUIPlugin
2023-09-21 21:53:13,311 [INFO] PluginManager:220 - loadIPPluginJar : add can
2023-09-21 21:53:13,318 [INFO] IPUIPlugin:80 - create IPUIPlugin
2023-09-21 21:53:13,319 [INFO] PluginManager:220 - loadIPPluginJar : add gtzc
2023-09-21 21:53:13,326 [INFO] IPUIPlugin:80 - create IPUIPlugin
2023-09-21 21:53:13,326 [INFO] PluginManager:220 - loadIPPluginJar : add fmc
2023-09-21 21:53:13,330 [INFO] IPUIPlugin:80 - create IPUIPlugin
2023-09-21 21:53:13,331 [INFO] PluginManager:220 - loadIPPluginJar : add hash
2023-09-21 21:53:13,337 [INFO] IPUIPlugin:80 - create IPUIPlugin
2023-09-21 21:53:13,338 [INFO] PluginManager:220 - loadIPPluginJar : add opamp
2023-09-21 21:53:13,460 [INFO] CADModel:165 - CPN selected for project level
2023-09-21 21:53:13,460 [INFO] CADModel:114 - Register for checkConnection events
2023-09-21 21:53:13,461 [FATAL] Updater:308 - Updater called before beeing initialized
2023-09-21 21:53:13,461 [ERROR] CADModel:125 - Updater not yet initialized, retry later 
2023-09-21 21:53:13,703 [INFO] CADModel:165 - CPN selected for project level
2023-09-21 21:53:13,704 [INFO] CADModel:114 - Register for checkConnection events
2023-09-21 21:53:13,704 [FATAL] Updater:308 - Updater called before beeing initialized
2023-09-21 21:53:13,704 [ERROR] CADModel:125 - Updater not yet initialized, retry later 
2023-09-21 21:53:13,710 [FATAL] Updater:308 - Updater called before beeing initialized
2023-09-21 21:53:13,872 [FATAL] Updater:308 - Updater called before beeing initialized
2023-09-21 21:53:13,883 [INFO] DbMcusAds:53 - JSON generation date=Tue Mar 07 15:50:55 ICT 2023 (1678179055114)
2023-09-21 21:53:13,883 [FATAL] Updater:308 - Updater called before beeing initialized
2023-09-21 21:53:13,954 [WARN] DetailPanel:346 - Failed to get advertising image, set to default
2023-09-21 21:53:14,111 [FATAL] Updater:308 - Updater called before beeing initialized
2023-09-21 21:53:14,115 [FATAL] Updater:308 - Updater called before beeing initialized
2023-09-21 21:53:14,115 [FATAL] Updater:308 - Updater called before beeing initialized
2023-09-21 21:53:14,115 [WARN] DetailPanel:346 - Failed to get advertising image, set to default
2023-09-21 21:53:14,117 [FATAL] Updater:308 - Updater called before beeing initialized
2023-09-21 21:53:14,169 [ERROR] Updater:1120 - MainUpdater not yet initialized. External WinMGr cannot be set.
2023-09-21 21:53:14,172 [INFO] Updater:1056 - Updater Version found : 6.9.0
2023-09-21 21:53:14,205 [INFO] ApplicationProperties:184 - Using Application install path: /opt/st/stm32cubeide_1.13.0/plugins/com.st.stm32cube.common.mx_6.9.0.202307051724
2023-09-21 21:53:15,249 [INFO] ThirdPartyUpdaterWithRetryManager:70 - Updater plugin not ready yet. [2/15]
2023-09-21 21:53:17,524 [WARN] ServerAccessManage:1168 - Warning during Server Connection :  timeout Read timed out
2023-09-21 21:53:18,250 [FATAL] Updater:308 - Updater called before beeing initialized
2023-09-21 21:53:18,251 [ERROR] IntegrityCheckThread:130 - Cannot retrieve database content from updater: error 21
2023-09-21 21:53:18,251 [INFO] ThirdParty:978 - Integrity check success = false
2023-09-21 21:53:18,251 [INFO] IntegrityCheckThread:100 - exiting critical section [integrity check]
2023-09-21 21:53:18,251 [INFO] IntegrityCheckThread:103 - End integrity checks thread
2023-09-21 21:53:18,572 [INFO] MainUpdater:2868 - connection check result : 10
2023-09-21 21:53:18,573 [INFO] MainUpdater:285 - Updater Check For Update Now.
2023-09-21 21:53:18,574 [INFO] MicroXplorer:498 - Change Database Version : DB.6.0.90
2023-09-21 21:53:18,583 [INFO] McuFinderGlobals:63 - Set McuFinder mode to 2 (CubeIDE integrated)
2023-09-21 21:53:18,832 [INFO] CheckServerUpdateThread:120 - End of CheckServer Thread
2023-09-21 21:53:39,629 [ERROR] LogOutputStream:75 - [STDERR_REDIRECT] SLF4J: Failed to load class "org.slf4j.impl.StaticLoggerBinder".
2023-09-21 21:53:39,630 [ERROR] LogOutputStream:75 - [STDERR_REDIRECT] SLF4J: Defaulting to no-operation (NOP) logger implementation
2023-09-21 21:53:39,631 [ERROR] LogOutputStream:75 - [STDERR_REDIRECT] SLF4J: See http://www.slf4j.org/codes.html#StaticLoggerBinder for further details.
2023-09-21 22:14:11,771 [INFO] Activator:176 - 


2023-09-21 22:14:11,774 [INFO] Activator:177 - !SESSION log4j initialized
2023-09-21 22:14:18,894 [INFO] LogOutputStream:77 - [STDOUT_REDIRECT] 
2023-09-21 22:14:21,044 [INFO] ApplicationProperties:184 - Using Application install path: /opt/st/stm32cubeide_1.13.0/plugins/com.st.stm32cube.common.mx_6.9.0.202307051724
2023-09-21 22:14:21,075 [INFO] DbMcusXml:78 - Set database path to: /opt/st/stm32cubeide_1.13.0/plugins/com.st.stm32cube.common.mx_6.9.0.202307051724//db//mcu/
2023-09-21 22:14:21,076 [INFO] ApiDb:274 - Set plugin database path to: /opt/st/stm32cubeide_1.13.0/plugins/com.st.stm32cube.common.mx_6.9.0.202307051724//db//plugins/boardmanager/
2023-09-21 22:14:21,077 [WARN] ApiDb:259 - Overriding images path with different value:  => /opt/st/stm32cubeide_1.13.0/plugins/com.st.stm32cube.common.mx_6.9.0.202307051724//db//plugins/mcufinder/images/
2023-09-21 22:14:21,096 [INFO] ApiDb:250 - Set database path to: /home/northy/.stmcufinder/plugins/mcufinder//mcu/
2023-09-21 22:14:21,099 [INFO] DbMcusAds:125 - Set database path to: /home/northy/.stmcufinder/plugins/mcufinder//mcu/
2023-09-21 22:14:21,103 [INFO] CrossReferenceDbSqlite:203 - Set database path to: /home/northy/.stmcufinder/plugins/mcufinder//mcu/cs/
2023-09-21 22:14:21,364 [INFO] RulesReader:64 - Compatibility file has been processed (293 Rules)
2023-09-21 22:14:21,501 [INFO] DbMcusXml:78 - Set database path to: /opt/st/stm32cubeide_1.13.0/plugins/com.st.stm32cube.common.mx_6.9.0.202307051724//db//mcu/
2023-09-21 22:14:21,501 [INFO] ApiDb:274 - Set plugin database path to: /opt/st/stm32cubeide_1.13.0/plugins/com.st.stm32cube.common.mx_6.9.0.202307051724//db//plugins/boardmanager/
2023-09-21 22:14:21,502 [INFO] ApiDb:261 - Set plugin images path to: /opt/st/stm32cubeide_1.13.0/plugins/com.st.stm32cube.common.mx_6.9.0.202307051724//db//plugins/mcufinder/images/
2023-09-21 22:14:21,502 [WARN] DbFile:41 - Overriding database path with different value: /home/northy/.stmcufinder/plugins/mcufinder/ => /home/northy/.stmcufinder/plugins/mcufinder
2023-09-21 22:14:21,503 [INFO] ApiDb:250 - Set database path to: /home/northy/.stmcufinder/plugins/mcufinder//mcu/
2023-09-21 22:14:21,503 [WARN] DbFile:41 - Overriding database path with different value: /home/northy/.stmcufinder/plugins/mcufinder/ => /home/northy/.stmcufinder/plugins/mcufinder
2023-09-21 22:14:21,503 [INFO] DbMcusAds:125 - Set database path to: /home/northy/.stmcufinder/plugins/mcufinder//mcu/
2023-09-21 22:14:21,504 [WARN] DbFile:41 - Overriding database path with different value: /home/northy/.stmcufinder/plugins/mcufinder/ => /home/northy/.stmcufinder/plugins/mcufinder
2023-09-21 22:14:21,504 [WARN] DbFile:41 - Overriding database path with different value: /home/northy/.stmcufinder/plugins/mcufinder/ => /home/northy/.stmcufinder/plugins/mcufinder
2023-09-21 22:14:21,504 [INFO] CrossReferenceDbSqlite:203 - Set database path to: /home/northy/.stmcufinder/plugins/mcufinder//mcu/cs/
2023-09-21 22:14:21,644 [INFO] MainPanel:262 - HeapMemory: 268435456
2023-09-21 22:14:21,659 [ERROR] ConfigurationRetriever:142 - IOException on connection: Read timed out
2023-09-21 22:14:21,857 [INFO] DbMcusXml:78 - Set database path to: /opt/st/stm32cubeide_1.13.0/plugins/com.st.stm32cube.common.mx_6.9.0.202307051724//db//mcu/
2023-09-21 22:14:21,858 [INFO] ApiDb:274 - Set plugin database path to: /opt/st/stm32cubeide_1.13.0/plugins/com.st.stm32cube.common.mx_6.9.0.202307051724//db//plugins/boardmanager/
2023-09-21 22:14:21,858 [INFO] ApiDb:261 - Set plugin images path to: /opt/st/stm32cubeide_1.13.0/plugins/com.st.stm32cube.common.mx_6.9.0.202307051724//db//plugins/mcufinder/images/
2023-09-21 22:14:21,859 [WARN] DbFile:41 - Overriding database path with different value: /home/northy/.stmcufinder/plugins/mcufinder/ => /home/northy/.stmcufinder/plugins/mcufinder
2023-09-21 22:14:21,860 [INFO] ApiDb:250 - Set database path to: /home/northy/.stmcufinder/plugins/mcufinder//mcu/
2023-09-21 22:14:21,860 [WARN] DbFile:41 - Overriding database path with different value: /home/northy/.stmcufinder/plugins/mcufinder/ => /home/northy/.stmcufinder/plugins/mcufinder
2023-09-21 22:14:21,860 [INFO] DbMcusAds:125 - Set database path to: /home/northy/.stmcufinder/plugins/mcufinder//mcu/
2023-09-21 22:14:21,861 [WARN] DbFile:41 - Overriding database path with different value: /home/northy/.stmcufinder/plugins/mcufinder/ => /home/northy/.stmcufinder/plugins/mcufinder
2023-09-21 22:14:21,861 [WARN] DbFile:41 - Overriding database path with different value: /home/northy/.stmcufinder/plugins/mcufinder/ => /home/northy/.stmcufinder/plugins/mcufinder
2023-09-21 22:14:21,862 [INFO] CrossReferenceDbSqlite:203 - Set database path to: /home/northy/.stmcufinder/plugins/mcufinder//mcu/cs/
2023-09-21 22:14:21,895 [INFO] ApplicationProperties:184 - Using Application install path: /opt/st/stm32cubeide_1.13.0/plugins/com.st.stm32cube.common.mx_6.9.0.202307051724
2023-09-21 22:14:21,899 [INFO] PluginManage:196 - Search for loadable plugins [exclusion list=, ]
2023-09-21 22:14:21,902 [INFO] PluginManage:310 - Check plugin analytics
2023-09-21 22:14:22,209 [INFO] AnalyticsPlugin:253 - Accepted Software Licenses: 
2023-09-21 22:14:22,210 [INFO] AnalyticsPlugin:255 - Accepted CMSIS Pack Licenses: 
2023-09-21 22:14:22,211 [INFO] AnalyticsPlugin:257 - Accepted Firmware Licenses: FW.F7.1.17.0
2023-09-21 22:14:22,217 [INFO] PluginManage:359 - Loaded plugin analytics (category:tool,tabindex:-1)
2023-09-21 22:14:22,218 [INFO] PluginManage:310 - Check plugin cadmodel
2023-09-21 22:14:22,329 [INFO] CADModel:105 - Init CAD model plugin
2023-09-21 22:14:22,329 [INFO] PluginManage:359 - Loaded plugin cadmodel (category:power,tabindex:5)
2023-09-21 22:14:22,329 [INFO] PluginManage:310 - Check plugin clock
2023-09-21 22:14:22,345 [INFO] PluginManage:359 - Loaded plugin clock (category:base,tabindex:2)
2023-09-21 22:14:22,345 [INFO] PluginManage:310 - Check plugin ddr
2023-09-21 22:14:22,348 [INFO] PluginManage:359 - Loaded plugin ddr (category:tool,tabindex:6)
2023-09-21 22:14:22,348 [INFO] PluginManage:310 - Check plugin filemanager
2023-09-21 22:14:22,587 [INFO] PluginManage:359 - Loaded plugin filemanager (category:base,tabindex:10)
2023-09-21 22:14:22,588 [INFO] PluginManage:310 - Check plugin ipmanager
2023-09-21 22:14:22,596 [INFO] PluginManage:359 - Loaded plugin ipmanager (category:base,tabindex:5)
2023-09-21 22:14:22,597 [INFO] PluginManage:310 - Check plugin lpbam
2023-09-21 22:14:22,611 [INFO] PluginManage:359 - Loaded plugin lpbam (category:base,tabindex:0)
2023-09-21 22:14:22,611 [INFO] PluginManage:310 - Check plugin memorymap
2023-09-21 22:14:22,628 [INFO] PluginManage:359 - Loaded plugin memorymap (category:base,tabindex:4)
2023-09-21 22:14:22,628 [INFO] PluginManage:310 - Check plugin pinoutandconfiguration
2023-09-21 22:14:22,639 [INFO] PluginManage:359 - Loaded plugin pinoutandconfiguration (category:base,tabindex:1)
2023-09-21 22:14:22,640 [INFO] PluginManage:310 - Check plugin pinoutconfig
2023-09-21 22:14:22,780 [WARN] SupportedApi:132 - Cannot load RTOS API schema: s4s-elt-must-match.1: The content of 'definitions' must match (annotation?, (simpleType | complexType)?, (unique | key | keyref)*)). A problem was found starting at: attribute.
2023-09-21 22:14:23,003 [INFO] PluginManage:359 - Loaded plugin pinoutconfig (category:base,tabindex:0)
2023-09-21 22:14:23,003 [INFO] PluginManage:310 - Check plugin power
2023-09-21 22:14:23,017 [INFO] PluginManage:359 - Loaded plugin power (category:power,tabindex:4)
2023-09-21 22:14:23,018 [INFO] PluginManage:310 - Check plugin projectmanager
2023-09-21 22:14:23,044 [INFO] PluginManage:359 - Loaded plugin projectmanager (category:projectmanager,tabindex:3)
2023-09-21 22:14:23,045 [INFO] PluginManage:310 - Check plugin thirdparty
2023-09-21 22:14:23,254 [WARN] IntegrityCheckThread:84 - waiting for thirdparty lock release [integrity check]
2023-09-21 22:14:23,254 [INFO] PluginManage:359 - Loaded plugin thirdparty (category:base,tabindex:-1)
2023-09-21 22:14:23,254 [INFO] IntegrityCheckThread:86 - entering critical section [integrity check]
2023-09-21 22:14:23,254 [INFO] PluginManage:310 - Check plugin tools
2023-09-21 22:14:23,255 [INFO] ThirdPartyUpdaterWithRetryManager:70 - Updater plugin not ready yet. [1/15]
2023-09-21 22:14:23,258 [INFO] PluginManage:359 - Loaded plugin tools (category:base,tabindex:7)
2023-09-21 22:14:23,259 [INFO] PluginManage:310 - Check plugin tutovideos
2023-09-21 22:14:23,530 [INFO] PluginManage:359 - Loaded plugin tutovideos (category:base,tabindex:-1)
2023-09-21 22:14:23,531 [INFO] PluginManage:310 - Check plugin updater
2023-09-21 22:14:23,548 [INFO] PluginManage:359 - Loaded plugin updater (category:base,tabindex:12)
2023-09-21 22:14:23,548 [INFO] PluginManage:310 - Check plugin userauth
2023-09-21 22:14:23,556 [INFO] UserAuth:113 - Init User Auth plugin
2023-09-21 22:14:23,557 [INFO] PluginManage:359 - Loaded plugin userauth (category:base,tabindex:14)
2023-09-21 22:14:23,557 [INFO] PluginManage:283 - PluginManage : Loaded plugins [17]
2023-09-21 22:14:23,854 [INFO] PinOutPanel:1499 - setPackage(No Configuration,No Configuration)
2023-09-21 22:14:23,993 [INFO] CADModel:165 - CPN selected for project level
2023-09-21 22:14:23,993 [INFO] CADModel:114 - Register for checkConnection events
2023-09-21 22:14:24,007 [INFO] IPUIPlugin:80 - create IPUIPlugin
2023-09-21 22:14:24,007 [INFO] PluginManager:220 - loadIPPluginJar : add ts
2023-09-21 22:14:24,014 [INFO] IPUIPlugin:80 - create IPUIPlugin
2023-09-21 22:14:24,015 [INFO] PluginManager:220 - loadIPPluginJar : add pdm2pcm
2023-09-21 22:14:24,017 [INFO] IPUIPlugin:80 - create IPUIPlugin
2023-09-21 22:14:24,017 [INFO] PluginManager:220 - loadIPPluginJar : add fatfs
2023-09-21 22:14:24,020 [INFO] IPUIPlugin:80 - create IPUIPlugin
2023-09-21 22:14:24,020 [INFO] PluginManager:220 - loadIPPluginJar : add gfxmmu
2023-09-21 22:14:24,027 [INFO] IPUIPlugin:80 - create IPUIPlugin
2023-09-21 22:14:24,027 [INFO] PluginManager:220 - loadIPPluginJar : add gpio
2023-09-21 22:14:24,035 [INFO] IPUIPlugin:80 - create IPUIPlugin
2023-09-21 22:14:24,035 [INFO] PluginManager:220 - loadIPPluginJar : add freertos
2023-09-21 22:14:24,038 [INFO] IPUIPlugin:80 - create IPUIPlugin
2023-09-21 22:14:24,039 [INFO] PluginManager:220 - loadIPPluginJar : add spi
2023-09-21 22:14:24,041 [INFO] IPUIPlugin:80 - create IPUIPlugin
2023-09-21 22:14:24,041 [INFO] PluginManager:220 - loadIPPluginJar : add quadspi
2023-09-21 22:14:24,043 [INFO] IPUIPlugin:80 - create IPUIPlugin
2023-09-21 22:14:24,044 [INFO] PluginManager:220 - loadIPPluginJar : add tim
2023-09-21 22:14:24,047 [INFO] IPUIPlugin:80 - create IPUIPlugin
2023-09-21 22:14:24,047 [INFO] PluginManager:220 - loadIPPluginJar : add aes
2023-09-21 22:14:24,056 [INFO] IPUIPlugin:80 - create IPUIPlugin
2023-09-21 22:14:24,056 [INFO] PluginManager:220 - loadIPPluginJar : add dma
2023-09-21 22:14:24,059 [INFO] IPUIPlugin:80 - create IPUIPlugin
2023-09-21 22:14:24,059 [INFO] PluginManager:220 - loadIPPluginJar : add tracer_emb
2023-09-21 22:14:24,061 [INFO] IPUIPlugin:80 - create IPUIPlugin
2023-09-21 22:14:24,061 [INFO] PluginManager:220 - loadIPPluginJar : add comp
2023-09-21 22:14:24,065 [INFO] IPUIPlugin:80 - create IPUIPlugin
2023-09-21 22:14:24,066 [INFO] PluginManager:220 - loadIPPluginJar : add openamp
2023-09-21 22:14:24,070 [INFO] IPUIPlugin:80 - create IPUIPlugin
2023-09-21 22:14:24,071 [INFO] PluginManager:220 - loadIPPluginJar : add dfsdm
2023-09-21 22:14:24,075 [INFO] IPUIPlugin:80 - create IPUIPlugin
2023-09-21 22:14:24,075 [INFO] PluginManager:220 - loadIPPluginJar : add cryp
2023-09-21 22:14:24,080 [INFO] IPUIPlugin:80 - create IPUIPlugin
2023-09-21 22:14:24,080 [INFO] PluginManager:220 - loadIPPluginJar : add i2s
2023-09-21 22:14:24,091 [INFO] IPUIPlugin:80 - create IPUIPlugin
2023-09-21 22:14:24,097 [INFO] PluginManager:220 - loadIPPluginJar : add plateformsettings
2023-09-21 22:14:24,103 [INFO] IPUIPlugin:80 - create IPUIPlugin
2023-09-21 22:14:24,103 [INFO] PluginManager:220 - loadIPPluginJar : add touchsensing
2023-09-21 22:14:24,108 [INFO] IPUIPlugin:80 - create IPUIPlugin
2023-09-21 22:14:24,108 [INFO] PluginManager:220 - loadIPPluginJar : add i3c
2023-09-21 22:14:24,112 [INFO] IPUIPlugin:80 - create IPUIPlugin
2023-09-21 22:14:24,112 [INFO] PluginManager:220 - loadIPPluginJar : add usart
2023-09-21 22:14:24,117 [INFO] IPUIPlugin:80 - create IPUIPlugin
2023-09-21 22:14:24,117 [INFO] PluginManager:220 - loadIPPluginJar : add i2c
2023-09-21 22:14:24,127 [INFO] IPUIPlugin:80 - create IPUIPlugin
2023-09-21 22:14:24,127 [INFO] PluginManager:220 - loadIPPluginJar : add mdma
2023-09-21 22:14:24,130 [INFO] IPUIPlugin:80 - create IPUIPlugin
2023-09-21 22:14:24,131 [INFO] PluginManager:220 - loadIPPluginJar : add ucpd
2023-09-21 22:14:24,135 [INFO] IPUIPlugin:80 - create IPUIPlugin
2023-09-21 22:14:24,136 [INFO] PluginManager:220 - loadIPPluginJar : add lorawan
2023-09-21 22:14:24,138 [INFO] IPUIPlugin:80 - create IPUIPlugin
2023-09-21 22:14:24,138 [INFO] PluginManager:220 - loadIPPluginJar : add ltdc
2023-09-21 22:14:24,143 [INFO] IPUIPlugin:80 - create IPUIPlugin
2023-09-21 22:14:24,144 [INFO] PluginManager:220 - loadIPPluginJar : add ipddr
2023-09-21 22:14:24,154 [INFO] IPUIPlugin:80 - create IPUIPlugin
2023-09-21 22:14:24,154 [INFO] PluginManager:220 - loadIPPluginJar : add stm32_wpan
2023-09-21 22:14:24,157 [INFO] IPUIPlugin:80 - create IPUIPlugin
2023-09-21 22:14:24,157 [INFO] PluginManager:220 - loadIPPluginJar : add genericplugin
2023-09-21 22:14:24,166 [INFO] IPUIPlugin:80 - create IPUIPlugin
2023-09-21 22:14:24,167 [INFO] PluginManager:220 - loadIPPluginJar : add adc
2023-09-21 22:14:24,172 [INFO] IPUIPlugin:80 - create IPUIPlugin
2023-09-21 22:14:24,172 [INFO] PluginManager:220 - loadIPPluginJar : add nvic
2023-09-21 22:14:24,176 [INFO] IPUIPlugin:80 - create IPUIPlugin
2023-09-21 22:14:24,177 [INFO] PluginManager:220 - loadIPPluginJar : add sai
2023-09-21 22:14:24,179 [INFO] IPUIPlugin:80 - create IPUIPlugin
2023-09-21 22:14:24,179 [INFO] PluginManager:220 - loadIPPluginJar : add tsc
2023-09-21 22:14:24,189 [INFO] IPUIPlugin:80 - create IPUIPlugin
2023-09-21 22:14:24,189 [INFO] PluginManager:220 - loadIPPluginJar : add gic
2023-09-21 22:14:24,202 [INFO] IPUIPlugin:80 - create IPUIPlugin
2023-09-21 22:14:24,202 [INFO] PluginManager:220 - loadIPPluginJar : add linkedlist
2023-09-21 22:14:24,207 [INFO] IPUIPlugin:80 - create IPUIPlugin
2023-09-21 22:14:24,207 [INFO] PluginManager:220 - loadIPPluginJar : add resmgrutility
2023-09-21 22:14:24,211 [INFO] IPUIPlugin:80 - create IPUIPlugin
2023-09-21 22:14:24,211 [INFO] PluginManager:220 - loadIPPluginJar : add dma3
2023-09-21 22:14:24,215 [INFO] IPUIPlugin:80 - create IPUIPlugin
2023-09-21 22:14:24,216 [INFO] PluginManager:220 - loadIPPluginJar : add usbx
2023-09-21 22:14:24,220 [INFO] IPUIPlugin:80 - create IPUIPlugin
2023-09-21 22:14:24,220 [INFO] PluginManager:220 - loadIPPluginJar : add can
2023-09-21 22:14:24,224 [INFO] IPUIPlugin:80 - create IPUIPlugin
2023-09-21 22:14:24,224 [INFO] PluginManager:220 - loadIPPluginJar : add gtzc
2023-09-21 22:14:24,232 [INFO] IPUIPlugin:80 - create IPUIPlugin
2023-09-21 22:14:24,232 [INFO] PluginManager:220 - loadIPPluginJar : add fmc
2023-09-21 22:14:24,235 [INFO] IPUIPlugin:80 - create IPUIPlugin
2023-09-21 22:14:24,235 [INFO] PluginManager:220 - loadIPPluginJar : add hash
2023-09-21 22:14:24,239 [INFO] IPUIPlugin:80 - create IPUIPlugin
2023-09-21 22:14:24,239 [INFO] PluginManager:220 - loadIPPluginJar : add opamp
2023-09-21 22:14:24,361 [INFO] CADModel:165 - CPN selected for project level
2023-09-21 22:14:24,361 [INFO] CADModel:114 - Register for checkConnection events
2023-09-21 22:14:24,362 [FATAL] Updater:308 - Updater called before beeing initialized
2023-09-21 22:14:24,362 [ERROR] CADModel:125 - Updater not yet initialized, retry later 
2023-09-21 22:14:24,554 [INFO] CADModel:165 - CPN selected for project level
2023-09-21 22:14:24,554 [INFO] CADModel:114 - Register for checkConnection events
2023-09-21 22:14:24,554 [FATAL] Updater:308 - Updater called before beeing initialized
2023-09-21 22:14:24,554 [ERROR] CADModel:125 - Updater not yet initialized, retry later 
2023-09-21 22:14:24,560 [FATAL] Updater:308 - Updater called before beeing initialized
2023-09-21 22:14:24,691 [FATAL] Updater:308 - Updater called before beeing initialized
2023-09-21 22:14:24,701 [INFO] DbMcusAds:53 - JSON generation date=Tue Mar 07 15:50:55 ICT 2023 (1678179055114)
2023-09-21 22:14:24,701 [FATAL] Updater:308 - Updater called before beeing initialized
2023-09-21 22:14:24,764 [WARN] DetailPanel:346 - Failed to get advertising image, set to default
2023-09-21 22:14:24,951 [FATAL] Updater:308 - Updater called before beeing initialized
2023-09-21 22:14:24,954 [FATAL] Updater:308 - Updater called before beeing initialized
2023-09-21 22:14:24,954 [FATAL] Updater:308 - Updater called before beeing initialized
2023-09-21 22:14:24,954 [WARN] DetailPanel:346 - Failed to get advertising image, set to default
2023-09-21 22:14:24,956 [FATAL] Updater:308 - Updater called before beeing initialized
2023-09-21 22:14:25,007 [ERROR] Updater:1120 - MainUpdater not yet initialized. External WinMGr cannot be set.
2023-09-21 22:14:25,010 [INFO] Updater:1056 - Updater Version found : 6.9.0
2023-09-21 22:14:25,037 [INFO] ApplicationProperties:184 - Using Application install path: /opt/st/stm32cubeide_1.13.0/plugins/com.st.stm32cube.common.mx_6.9.0.202307051724
2023-09-21 22:14:25,346 [INFO] MainUpdater:2868 - connection check result : 10
2023-09-21 22:14:25,347 [INFO] MainUpdater:285 - Updater Check For Update Now.
2023-09-21 22:14:25,347 [INFO] MicroXplorer:498 - Change Database Version : DB.6.0.90
2023-09-21 22:14:25,356 [INFO] McuFinderGlobals:63 - Set McuFinder mode to 2 (CubeIDE integrated)
2023-09-21 22:14:25,610 [INFO] CheckServerUpdateThread:120 - End of CheckServer Thread
2023-09-21 22:14:26,452 [WARN] PackLoader:240 - Cannot read IP mode file for STMicroelectronics.X-CUBE-SMBUS.2.1.0
2023-09-21 22:14:26,513 [WARN] PackLoader:240 - Cannot read IP mode file for STMicroelectronics.X-CUBE-AZRTOS-F7.1.1.0
2023-09-21 22:14:26,531 [WARN] PackLoader:240 - Cannot read IP mode file for STMicroelectronics.FP-SNS-MOTENV1.4.3.2
2023-09-21 22:14:26,542 [WARN] PackLoader:240 - Cannot read IP mode file for STMicroelectronics.FP-SNS-FLIGHT1.5.0.1
2023-09-21 22:14:26,552 [WARN] PackLoader:240 - Cannot read IP mode file for STMicroelectronics.X-CUBE-BLE1.6.2.4
2023-09-21 22:14:26,559 [WARN] PackLoader:240 - Cannot read IP mode file for STMicroelectronics.FP-SNS-FLIGHT1.5.0.2
2023-09-21 22:14:26,572 [WARN] PackLoader:240 - Cannot read IP mode file for STMicroelectronics.X-CUBE-DISPLAY.3.0.0
2023-09-21 22:14:26,588 [WARN] PackLoader:240 - Cannot read IP mode file for STMicroelectronics.X-CUBE-BLE1.7.0.0
2023-09-21 22:14:26,596 [WARN] PackLoader:240 - Cannot read IP mode file for emotas.I-CUBE-CANOPEN.1.3.0
2023-09-21 22:14:26,601 [WARN] PackLoader:240 - Cannot read IP mode file for STMicroelectronics.X-CUBE-TOUCHGFX.4.22.0
2023-09-21 22:14:26,608 [WARN] PackLoader:240 - Cannot read IP mode file for STMicroelectronics.FP-SNS-SMARTAG2.1.2.0
2023-09-21 22:14:26,626 [INFO] LogOutputStream:77 - [STDOUT_REDIRECT] 1 : Invalid condition id : UX_CORESTACK_Condition cause : null
2023-09-21 22:14:26,627 [INFO] LogOutputStream:77 - [STDOUT_REDIRECT] 1 : Invalid condition id : UX_CORESTACK_Condition cause : null
2023-09-21 22:14:26,628 [INFO] LogOutputStream:77 - [STDOUT_REDIRECT] 1 : Invalid condition id : UX_CORESTACK_Condition cause : null
2023-09-21 22:14:26,628 [INFO] LogOutputStream:77 - [STDOUT_REDIRECT] 1 : Invalid condition id : UX_CORESTACK_Condition cause : null
2023-09-21 22:14:26,629 [INFO] LogOutputStream:77 - [STDOUT_REDIRECT] 1 : Invalid condition id : UX_CORESTACK_Condition cause : null
2023-09-21 22:14:26,636 [WARN] PackLoader:240 - Cannot read IP mode file for STMicroelectronics.X-CUBE-AZRTOS-WL.2.0.0
2023-09-21 22:14:26,649 [WARN] PackLoader:240 - Cannot read IP mode file for WES.I-CUBE-Cesium.1.3.0
2023-09-21 22:14:26,656 [WARN] PackLoader:240 - Cannot read IP mode file for STMicroelectronics.X-CUBE-BLE2.3.3.0
2023-09-21 22:14:26,666 [WARN] PackLoader:240 - Cannot read IP mode file for STMicroelectronics.X-CUBE-ALGOBUILD.1.3.0
2023-09-21 22:14:26,697 [WARN] PackLoader:240 - Cannot read IP mode file for STMicroelectronics.X-CUBE-AZRTOS-G0.1.1.0
2023-09-21 22:14:26,707 [WARN] PackLoader:240 - Cannot read IP mode file for STMicroelectronics.X-CUBE-NFC4.3.0.0
2023-09-21 22:14:26,714 [WARN] PackLoader:240 - Cannot read IP mode file for STMicroelectronics.FP-ATR-SIGFOX1.3.2.0
2023-09-21 22:14:26,763 [WARN] PackLoader:240 - Cannot read IP mode file for SEGGER.I-CUBE-embOS.1.3.1
2023-09-21 22:14:26,879 [WARN] PackLoader:240 - Cannot read IP mode file for STMicroelectronics.X-CUBE-GNSS1.6.0.0
2023-09-21 22:14:26,922 [WARN] PackLoader:240 - Cannot read IP mode file for STMicroelectronics.X-CUBE-AZRTOS-F4.1.1.0
2023-09-21 22:14:26,934 [WARN] PackLoader:240 - Cannot read IP mode file for wolfSSL.I-CUBE-wolfSSL.5.6.3
2023-09-21 22:14:26,988 [WARN] PackLoader:240 - Cannot read IP mode file for STMicroelectronics.X-CUBE-AZRTOS-L5.2.0.0
2023-09-21 22:14:27,106 [WARN] PackLoader:240 - Cannot read IP mode file for STMicroelectronics.X-CUBE-MEMS1.9.6.0
2023-09-21 22:14:27,617 [WARN] PackLoader:240 - Cannot read IP mode file for STMicroelectronics.X-CUBE-BLEMGR.2.0.0
2023-09-21 22:14:27,656 [WARN] ConditionMgr:438 - getConditionDescription Invalid condition id : UX DEVICE CLASS RTOS Condition cause : null
2023-09-21 22:14:27,657 [WARN] ConditionMgr:438 - getConditionDescription Invalid condition id : UX DEVICE CLASS RTOS Condition cause : null
2023-09-21 22:14:27,664 [WARN] PackLoader:240 - Cannot read IP mode file for STMicroelectronics.X-CUBE-AZRTOS-H7.3.1.0
2023-09-21 22:14:27,666 [WARN] ConditionMgr:1039 - genDependencies : Invalid condition id : UX DEVICE CLASS RTOS Condition cause : null
2023-09-21 22:14:27,667 [WARN] ConditionMgr:1039 - genDependencies : Invalid condition id : UX DEVICE CLASS RTOS Condition cause : null
2023-09-21 22:14:27,669 [WARN] ConditionMgr:1039 - genDependencies : Invalid condition id : UX DEVICE CLASS RTOS Condition cause : null
2023-09-21 22:14:27,670 [WARN] ConditionMgr:1039 - genDependencies : Invalid condition id : UX DEVICE CLASS RTOS Condition cause : null
2023-09-21 22:14:27,670 [WARN] ConditionMgr:1039 - genDependencies : Invalid condition id : UX DEVICE CLASS RTOS Condition cause : null
2023-09-21 22:14:27,680 [WARN] PackLoader:240 - Cannot read IP mode file for STMicroelectronics.X-CUBE-NFC7.1.0.1
2023-09-21 22:14:27,695 [WARN] PackLoader:240 - Cannot read IP mode file for STMicroelectronics.X-CUBE-NFC6.3.0.0
2023-09-21 22:14:27,709 [WARN] PackLoader:240 - Cannot read IP mode file for STMicroelectronics.X-CUBE-EEPRMA1.4.1.0
2023-09-21 22:14:27,717 [WARN] PackLoader:240 - Cannot read IP mode file for STMicroelectronics.X-CUBE-AI.8.1.0
2023-09-21 22:14:27,752 [WARN] ConditionMgr:438 - getConditionDescription Invalid condition id : LAN8742 Phy interface Condition cause : null
2023-09-21 22:14:27,754 [WARN] PackLoader:240 - Cannot read IP mode file for STMicroelectronics.X-CUBE-AZRTOS-L4.2.0.0
2023-09-21 22:14:27,757 [WARN] ConditionMgr:1039 - genDependencies : Invalid condition id : LAN8742 Phy interface Condition cause : null
2023-09-21 22:14:27,758 [WARN] ConditionMgr:1039 - genDependencies : Invalid condition id : LAN8742 Phy interface Condition cause : null
2023-09-21 22:14:27,760 [WARN] ConditionMgr:1039 - genDependencies : Invalid condition id : LAN8742 Phy interface Condition cause : null
2023-09-21 22:14:27,772 [WARN] PackLoader:240 - Cannot read IP mode file for STMicroelectronics.X-CUBE-SFXS2LP1.4.0.0
2023-09-21 22:14:27,782 [WARN] PackLoader:240 - Cannot read IP mode file for STMicroelectronics.X-CUBE-ISPU.1.1.0
2023-09-21 22:14:27,807 [WARN] ConditionMgr:438 - getConditionDescription Invalid condition id : UX DEVICE CLASS RTOS Condition cause : null
2023-09-21 22:14:27,807 [WARN] ConditionMgr:438 - getConditionDescription Invalid condition id : UX DEVICE CLASS RTOS Condition cause : null
2023-09-21 22:14:27,812 [WARN] PackLoader:240 - Cannot read IP mode file for STMicroelectronics.X-CUBE-AZRTOS-WB.2.0.0
2023-09-21 22:14:27,814 [WARN] ConditionMgr:1039 - genDependencies : Invalid condition id : UX DEVICE CLASS RTOS Condition cause : null
2023-09-21 22:14:27,814 [WARN] ConditionMgr:1039 - genDependencies : Invalid condition id : UX DEVICE CLASS RTOS Condition cause : null
2023-09-21 22:14:27,815 [WARN] ConditionMgr:1039 - genDependencies : Invalid condition id : UX DEVICE CLASS RTOS Condition cause : null
2023-09-21 22:14:27,817 [WARN] ConditionMgr:1039 - genDependencies : Invalid condition id : UX DEVICE CLASS RTOS Condition cause : null
2023-09-21 22:14:27,817 [WARN] ConditionMgr:1039 - genDependencies : Invalid condition id : UX DEVICE CLASS RTOS Condition cause : null
2023-09-21 22:14:27,824 [WARN] PackLoader:240 - Cannot read IP mode file for STMicroelectronics.X-CUBE-FREERTOS.1.0.1
2023-09-21 22:14:27,861 [WARN] PackLoader:240 - Cannot read IP mode file for STMicroelectronics.X-CUBE-AZRTOS-L5.1.1.0
2023-09-21 22:14:27,870 [WARN] PackLoader:240 - Cannot read IP mode file for STMicroelectronics.X-CUBE-AI.8.0.1
2023-09-21 22:14:27,885 [WARN] PackLoader:240 - Cannot read IP mode file for STMicroelectronics.X-CUBE-SUBG2.5.0.0
2023-09-21 22:14:27,912 [WARN] PackLoader:240 - Cannot read IP mode file for STMicroelectronics.X-CUBE-TOF1.3.3.1
2023-09-21 22:14:27,966 [WARN] PackLoader:240 - Cannot read IP mode file for STMicroelectronics.X-CUBE-AZRTOS-G4.2.0.0
2023-09-21 22:14:27,988 [WARN] PackLoader:240 - Cannot read IP mode file for STMicroelectronics.X-CUBE-TOF1.3.3.0
2023-09-21 22:14:28,021 [WARN] PackLoader:240 - Cannot read IP mode file for STMicroelectronics.X-CUBE-FREERTOS.1.1.0
2023-09-21 22:14:28,041 [WARN] PackLoader:240 - Cannot read IP mode file for portGmbH.I-Cube-SoM-uGOAL.1.1.0
2023-09-21 22:14:28,050 [WARN] PackLoader:240 - Cannot read IP mode file for STMicroelectronics.X-CUBE-ALS.1.0.1
2023-09-21 22:14:28,082 [WARN] PackLoader:240 - Cannot read IP mode file for STMicroelectronics.X-CUBE-AZRTOS-WB.1.1.0
2023-09-21 22:14:28,094 [WARN] PackLoader:240 - Cannot read IP mode file for STMicroelectronics.FP-ATR-ASTRA1.2.0.0
2023-09-21 22:14:28,099 [INFO] ThirdParty:978 - Integrity check success = true
2023-09-21 22:14:28,100 [INFO] IntegrityCheckThread:100 - exiting critical section [integrity check]
2023-09-21 22:14:28,100 [INFO] IntegrityCheckThread:103 - End integrity checks thread
2023-09-21 22:14:46,463 [ERROR] LogOutputStream:75 - [STDERR_REDIRECT] SLF4J: Failed to load class "org.slf4j.impl.StaticLoggerBinder".
2023-09-21 22:14:46,464 [ERROR] LogOutputStream:75 - [STDERR_REDIRECT] SLF4J: Defaulting to no-operation (NOP) logger implementation
2023-09-21 22:14:46,465 [ERROR] LogOutputStream:75 - [STDERR_REDIRECT] SLF4J: See http://www.slf4j.org/codes.html#StaticLoggerBinder for further details.
2023-09-21 22:37:39,557 [ERROR] ConfigurationRetriever:142 - IOException on connection: sw-center.st.com
2023-09-21 22:37:39,558 [ERROR] ConfigurationRetriever:142 - IOException on connection: sw-center.st.com
2023-09-21 22:37:39,559 [ERROR] ConfigurationRetriever:142 - IOException on connection: sw-center.st.com
