2023-09-08 18:56:44,405 [INFO] Activator:176 - 


2023-09-08 18:56:44,414 [INFO] Activator:177 - !SESSION log4j initialized
2023-09-08 18:56:52,852 [INFO] LogOutputStream:77 - [STDOUT_REDIRECT] 
2023-09-08 18:56:55,040 [INFO] ApplicationProperties:184 - Using Application install path: /opt/st/stm32cubeide_1.13.0/plugins/com.st.stm32cube.common.mx_6.9.0.202307051724
2023-09-08 18:56:55,078 [INFO] DbMcusXml:78 - Set database path to: /opt/st/stm32cubeide_1.13.0/plugins/com.st.stm32cube.common.mx_6.9.0.202307051724//db//mcu/
2023-09-08 18:56:55,079 [INFO] ApiDb:274 - Set plugin database path to: /opt/st/stm32cubeide_1.13.0/plugins/com.st.stm32cube.common.mx_6.9.0.202307051724//db//plugins/boardmanager/
2023-09-08 18:56:55,079 [WARN] ApiDb:259 - Overriding images path with different value:  => /opt/st/stm32cubeide_1.13.0/plugins/com.st.stm32cube.common.mx_6.9.0.202307051724//db//plugins/mcufinder/images/
2023-09-08 18:56:55,105 [INFO] ApiDb:250 - Set database path to: /home/northy/.stmcufinder/plugins/mcufinder//mcu/
2023-09-08 18:56:55,107 [INFO] DbMcusAds:125 - Set database path to: /home/northy/.stmcufinder/plugins/mcufinder//mcu/
2023-09-08 18:56:55,115 [INFO] CrossReferenceDbSqlite:203 - Set database path to: /home/northy/.stmcufinder/plugins/mcufinder//mcu/cs/
2023-09-08 18:56:55,407 [INFO] RulesReader:64 - Compatibility file has been processed (293 Rules)
2023-09-08 18:56:55,554 [INFO] DbMcusXml:78 - Set database path to: /opt/st/stm32cubeide_1.13.0/plugins/com.st.stm32cube.common.mx_6.9.0.202307051724//db//mcu/
2023-09-08 18:56:55,554 [INFO] ApiDb:274 - Set plugin database path to: /opt/st/stm32cubeide_1.13.0/plugins/com.st.stm32cube.common.mx_6.9.0.202307051724//db//plugins/boardmanager/
2023-09-08 18:56:55,555 [INFO] ApiDb:261 - Set plugin images path to: /opt/st/stm32cubeide_1.13.0/plugins/com.st.stm32cube.common.mx_6.9.0.202307051724//db//plugins/mcufinder/images/
2023-09-08 18:56:55,555 [WARN] DbFile:41 - Overriding database path with different value: /home/northy/.stmcufinder/plugins/mcufinder/ => /home/northy/.stmcufinder/plugins/mcufinder
2023-09-08 18:56:55,556 [INFO] ApiDb:250 - Set database path to: /home/northy/.stmcufinder/plugins/mcufinder//mcu/
2023-09-08 18:56:55,556 [WARN] DbFile:41 - Overriding database path with different value: /home/northy/.stmcufinder/plugins/mcufinder/ => /home/northy/.stmcufinder/plugins/mcufinder
2023-09-08 18:56:55,556 [INFO] DbMcusAds:125 - Set database path to: /home/northy/.stmcufinder/plugins/mcufinder//mcu/
2023-09-08 18:56:55,556 [WARN] DbFile:41 - Overriding database path with different value: /home/northy/.stmcufinder/plugins/mcufinder/ => /home/northy/.stmcufinder/plugins/mcufinder
2023-09-08 18:56:55,556 [WARN] DbFile:41 - Overriding database path with different value: /home/northy/.stmcufinder/plugins/mcufinder/ => /home/northy/.stmcufinder/plugins/mcufinder
2023-09-08 18:56:55,557 [INFO] CrossReferenceDbSqlite:203 - Set database path to: /home/northy/.stmcufinder/plugins/mcufinder//mcu/cs/
2023-09-08 18:56:55,696 [INFO] MainPanel:262 - HeapMemory: 268435456
2023-09-08 18:56:55,866 [INFO] DbMcusXml:78 - Set database path to: /opt/st/stm32cubeide_1.13.0/plugins/com.st.stm32cube.common.mx_6.9.0.202307051724//db//mcu/
2023-09-08 18:56:55,867 [INFO] ApiDb:274 - Set plugin database path to: /opt/st/stm32cubeide_1.13.0/plugins/com.st.stm32cube.common.mx_6.9.0.202307051724//db//plugins/boardmanager/
2023-09-08 18:56:55,867 [INFO] ApiDb:261 - Set plugin images path to: /opt/st/stm32cubeide_1.13.0/plugins/com.st.stm32cube.common.mx_6.9.0.202307051724//db//plugins/mcufinder/images/
2023-09-08 18:56:55,868 [WARN] DbFile:41 - Overriding database path with different value: /home/northy/.stmcufinder/plugins/mcufinder/ => /home/northy/.stmcufinder/plugins/mcufinder
2023-09-08 18:56:55,868 [INFO] ApiDb:250 - Set database path to: /home/northy/.stmcufinder/plugins/mcufinder//mcu/
2023-09-08 18:56:55,868 [WARN] DbFile:41 - Overriding database path with different value: /home/northy/.stmcufinder/plugins/mcufinder/ => /home/northy/.stmcufinder/plugins/mcufinder
2023-09-08 18:56:55,869 [INFO] DbMcusAds:125 - Set database path to: /home/northy/.stmcufinder/plugins/mcufinder//mcu/
2023-09-08 18:56:55,869 [WARN] DbFile:41 - Overriding database path with different value: /home/northy/.stmcufinder/plugins/mcufinder/ => /home/northy/.stmcufinder/plugins/mcufinder
2023-09-08 18:56:55,869 [WARN] DbFile:41 - Overriding database path with different value: /home/northy/.stmcufinder/plugins/mcufinder/ => /home/northy/.stmcufinder/plugins/mcufinder
2023-09-08 18:56:55,869 [INFO] CrossReferenceDbSqlite:203 - Set database path to: /home/northy/.stmcufinder/plugins/mcufinder//mcu/cs/
2023-09-08 18:56:55,901 [INFO] ApplicationProperties:184 - Using Application install path: /opt/st/stm32cubeide_1.13.0/plugins/com.st.stm32cube.common.mx_6.9.0.202307051724
2023-09-08 18:56:55,904 [INFO] PluginManage:196 - Search for loadable plugins [exclusion list=, ]
2023-09-08 18:56:55,907 [INFO] PluginManage:310 - Check plugin analytics
2023-09-08 18:56:56,277 [INFO] AnalyticsPlugin:253 - Accepted Software Licenses: 
2023-09-08 18:56:56,277 [INFO] AnalyticsPlugin:255 - Accepted CMSIS Pack Licenses: 
2023-09-08 18:56:56,278 [INFO] AnalyticsPlugin:257 - Accepted Firmware Licenses: FW.F7.1.17.0
2023-09-08 18:56:56,284 [INFO] PluginManage:359 - Loaded plugin analytics (category:tool,tabindex:-1)
2023-09-08 18:56:56,284 [INFO] PluginManage:310 - Check plugin cadmodel
2023-09-08 18:56:56,434 [INFO] CADModel:105 - Init CAD model plugin
2023-09-08 18:56:56,435 [INFO] PluginManage:359 - Loaded plugin cadmodel (category:power,tabindex:5)
2023-09-08 18:56:56,435 [INFO] PluginManage:310 - Check plugin clock
2023-09-08 18:56:56,460 [INFO] PluginManage:359 - Loaded plugin clock (category:base,tabindex:2)
2023-09-08 18:56:56,461 [INFO] PluginManage:310 - Check plugin ddr
2023-09-08 18:56:56,469 [INFO] PluginManage:359 - Loaded plugin ddr (category:tool,tabindex:6)
2023-09-08 18:56:56,470 [INFO] PluginManage:310 - Check plugin filemanager
2023-09-08 18:56:56,764 [INFO] PluginManage:359 - Loaded plugin filemanager (category:base,tabindex:10)
2023-09-08 18:56:56,764 [INFO] PluginManage:310 - Check plugin ipmanager
2023-09-08 18:56:56,774 [INFO] PluginManage:359 - Loaded plugin ipmanager (category:base,tabindex:5)
2023-09-08 18:56:56,775 [INFO] PluginManage:310 - Check plugin lpbam
2023-09-08 18:56:56,793 [INFO] PluginManage:359 - Loaded plugin lpbam (category:base,tabindex:0)
2023-09-08 18:56:56,793 [INFO] PluginManage:310 - Check plugin memorymap
2023-09-08 18:56:56,815 [INFO] PluginManage:359 - Loaded plugin memorymap (category:base,tabindex:4)
2023-09-08 18:56:56,815 [INFO] PluginManage:310 - Check plugin pinoutandconfiguration
2023-09-08 18:56:56,828 [INFO] PluginManage:359 - Loaded plugin pinoutandconfiguration (category:base,tabindex:1)
2023-09-08 18:56:56,828 [INFO] PluginManage:310 - Check plugin pinoutconfig
2023-09-08 18:56:56,973 [WARN] SupportedApi:132 - Cannot load RTOS API schema: s4s-elt-must-match.1: The content of 'definitions' must match (annotation?, (simpleType | complexType)?, (unique | key | keyref)*)). A problem was found starting at: attribute.
2023-09-08 18:56:57,358 [INFO] PluginManage:359 - Loaded plugin pinoutconfig (category:base,tabindex:0)
2023-09-08 18:56:57,359 [INFO] PluginManage:310 - Check plugin power
2023-09-08 18:56:57,380 [INFO] PluginManage:359 - Loaded plugin power (category:power,tabindex:4)
2023-09-08 18:56:57,381 [INFO] PluginManage:310 - Check plugin projectmanager
2023-09-08 18:56:57,407 [INFO] PluginManage:359 - Loaded plugin projectmanager (category:projectmanager,tabindex:3)
2023-09-08 18:56:57,408 [INFO] PluginManage:310 - Check plugin thirdparty
2023-09-08 18:56:57,658 [WARN] IntegrityCheckThread:84 - waiting for thirdparty lock release [integrity check]
2023-09-08 18:56:57,658 [INFO] PluginManage:359 - Loaded plugin thirdparty (category:base,tabindex:-1)
2023-09-08 18:56:57,658 [INFO] IntegrityCheckThread:86 - entering critical section [integrity check]
2023-09-08 18:56:57,659 [INFO] PluginManage:310 - Check plugin tools
2023-09-08 18:56:57,659 [INFO] ThirdPartyUpdaterWithRetryManager:70 - Updater plugin not ready yet. [1/15]
2023-09-08 18:56:57,663 [INFO] PluginManage:359 - Loaded plugin tools (category:base,tabindex:7)
2023-09-08 18:56:57,664 [INFO] PluginManage:310 - Check plugin tutovideos
2023-09-08 18:56:57,994 [INFO] PluginManage:359 - Loaded plugin tutovideos (category:base,tabindex:-1)
2023-09-08 18:56:57,994 [INFO] PluginManage:310 - Check plugin updater
2023-09-08 18:56:58,014 [INFO] PluginManage:359 - Loaded plugin updater (category:base,tabindex:12)
2023-09-08 18:56:58,014 [INFO] PluginManage:310 - Check plugin userauth
2023-09-08 18:56:58,023 [INFO] UserAuth:113 - Init User Auth plugin
2023-09-08 18:56:58,023 [INFO] PluginManage:359 - Loaded plugin userauth (category:base,tabindex:14)
2023-09-08 18:56:58,024 [INFO] PluginManage:283 - PluginManage : Loaded plugins [17]
2023-09-08 18:56:58,555 [INFO] PinOutPanel:1499 - setPackage(No Configuration,No Configuration)
2023-09-08 18:56:58,806 [INFO] CADModel:165 - CPN selected for project level
2023-09-08 18:56:58,807 [INFO] CADModel:114 - Register for checkConnection events
2023-09-08 18:56:58,830 [INFO] IPUIPlugin:80 - create IPUIPlugin
2023-09-08 18:56:58,831 [INFO] PluginManager:220 - loadIPPluginJar : add ts
2023-09-08 18:56:58,842 [INFO] IPUIPlugin:80 - create IPUIPlugin
2023-09-08 18:56:58,842 [INFO] PluginManager:220 - loadIPPluginJar : add pdm2pcm
2023-09-08 18:56:58,846 [INFO] IPUIPlugin:80 - create IPUIPlugin
2023-09-08 18:56:58,846 [INFO] PluginManager:220 - loadIPPluginJar : add fatfs
2023-09-08 18:56:58,850 [INFO] IPUIPlugin:80 - create IPUIPlugin
2023-09-08 18:56:58,851 [INFO] PluginManager:220 - loadIPPluginJar : add gfxmmu
2023-09-08 18:56:58,860 [INFO] IPUIPlugin:80 - create IPUIPlugin
2023-09-08 18:56:58,862 [INFO] PluginManager:220 - loadIPPluginJar : add gpio
2023-09-08 18:56:58,871 [INFO] IPUIPlugin:80 - create IPUIPlugin
2023-09-08 18:56:58,871 [INFO] PluginManager:220 - loadIPPluginJar : add freertos
2023-09-08 18:56:58,876 [INFO] IPUIPlugin:80 - create IPUIPlugin
2023-09-08 18:56:58,876 [INFO] PluginManager:220 - loadIPPluginJar : add spi
2023-09-08 18:56:58,879 [INFO] IPUIPlugin:80 - create IPUIPlugin
2023-09-08 18:56:58,879 [INFO] PluginManager:220 - loadIPPluginJar : add quadspi
2023-09-08 18:56:58,882 [INFO] IPUIPlugin:80 - create IPUIPlugin
2023-09-08 18:56:58,882 [INFO] PluginManager:220 - loadIPPluginJar : add tim
2023-09-08 18:56:58,887 [INFO] IPUIPlugin:80 - create IPUIPlugin
2023-09-08 18:56:58,887 [INFO] PluginManager:220 - loadIPPluginJar : add aes
2023-09-08 18:56:58,898 [INFO] IPUIPlugin:80 - create IPUIPlugin
2023-09-08 18:56:58,899 [INFO] PluginManager:220 - loadIPPluginJar : add dma
2023-09-08 18:56:58,902 [INFO] IPUIPlugin:80 - create IPUIPlugin
2023-09-08 18:56:58,902 [INFO] PluginManager:220 - loadIPPluginJar : add tracer_emb
2023-09-08 18:56:58,905 [INFO] IPUIPlugin:80 - create IPUIPlugin
2023-09-08 18:56:58,905 [INFO] PluginManager:220 - loadIPPluginJar : add comp
2023-09-08 18:56:58,911 [INFO] IPUIPlugin:80 - create IPUIPlugin
2023-09-08 18:56:58,911 [INFO] PluginManager:220 - loadIPPluginJar : add openamp
2023-09-08 18:56:58,916 [INFO] IPUIPlugin:80 - create IPUIPlugin
2023-09-08 18:56:58,916 [INFO] PluginManager:220 - loadIPPluginJar : add dfsdm
2023-09-08 18:56:58,920 [INFO] IPUIPlugin:80 - create IPUIPlugin
2023-09-08 18:56:58,920 [INFO] PluginManager:220 - loadIPPluginJar : add cryp
2023-09-08 18:56:58,925 [INFO] IPUIPlugin:80 - create IPUIPlugin
2023-09-08 18:56:58,926 [INFO] PluginManager:220 - loadIPPluginJar : add i2s
2023-09-08 18:56:58,938 [INFO] IPUIPlugin:80 - create IPUIPlugin
2023-09-08 18:56:58,944 [INFO] PluginManager:220 - loadIPPluginJar : add plateformsettings
2023-09-08 18:56:58,950 [INFO] IPUIPlugin:80 - create IPUIPlugin
2023-09-08 18:56:58,951 [INFO] PluginManager:220 - loadIPPluginJar : add touchsensing
2023-09-08 18:56:58,956 [INFO] IPUIPlugin:80 - create IPUIPlugin
2023-09-08 18:56:58,956 [INFO] PluginManager:220 - loadIPPluginJar : add i3c
2023-09-08 18:56:58,960 [INFO] IPUIPlugin:80 - create IPUIPlugin
2023-09-08 18:56:58,961 [INFO] PluginManager:220 - loadIPPluginJar : add usart
2023-09-08 18:56:58,966 [INFO] IPUIPlugin:80 - create IPUIPlugin
2023-09-08 18:56:58,966 [INFO] PluginManager:220 - loadIPPluginJar : add i2c
2023-09-08 18:56:59,008 [INFO] IPUIPlugin:80 - create IPUIPlugin
2023-09-08 18:56:59,009 [INFO] PluginManager:220 - loadIPPluginJar : add mdma
2023-09-08 18:56:59,015 [INFO] IPUIPlugin:80 - create IPUIPlugin
2023-09-08 18:56:59,015 [INFO] PluginManager:220 - loadIPPluginJar : add ucpd
2023-09-08 18:56:59,021 [INFO] IPUIPlugin:80 - create IPUIPlugin
2023-09-08 18:56:59,022 [INFO] PluginManager:220 - loadIPPluginJar : add lorawan
2023-09-08 18:56:59,026 [INFO] IPUIPlugin:80 - create IPUIPlugin
2023-09-08 18:56:59,026 [INFO] PluginManager:220 - loadIPPluginJar : add ltdc
2023-09-08 18:56:59,035 [INFO] IPUIPlugin:80 - create IPUIPlugin
2023-09-08 18:56:59,035 [INFO] PluginManager:220 - loadIPPluginJar : add ipddr
2023-09-08 18:56:59,051 [INFO] IPUIPlugin:80 - create IPUIPlugin
2023-09-08 18:56:59,052 [INFO] PluginManager:220 - loadIPPluginJar : add stm32_wpan
2023-09-08 18:56:59,057 [INFO] IPUIPlugin:80 - create IPUIPlugin
2023-09-08 18:56:59,057 [INFO] PluginManager:220 - loadIPPluginJar : add genericplugin
2023-09-08 18:56:59,071 [INFO] IPUIPlugin:80 - create IPUIPlugin
2023-09-08 18:56:59,071 [INFO] PluginManager:220 - loadIPPluginJar : add adc
2023-09-08 18:56:59,081 [INFO] IPUIPlugin:80 - create IPUIPlugin
2023-09-08 18:56:59,082 [INFO] PluginManager:220 - loadIPPluginJar : add nvic
2023-09-08 18:56:59,088 [INFO] IPUIPlugin:80 - create IPUIPlugin
2023-09-08 18:56:59,088 [INFO] PluginManager:220 - loadIPPluginJar : add sai
2023-09-08 18:56:59,092 [INFO] IPUIPlugin:80 - create IPUIPlugin
2023-09-08 18:56:59,092 [INFO] PluginManager:220 - loadIPPluginJar : add tsc
2023-09-08 18:56:59,104 [INFO] IPUIPlugin:80 - create IPUIPlugin
2023-09-08 18:56:59,105 [INFO] PluginManager:220 - loadIPPluginJar : add gic
2023-09-08 18:56:59,120 [INFO] IPUIPlugin:80 - create IPUIPlugin
2023-09-08 18:56:59,120 [INFO] PluginManager:220 - loadIPPluginJar : add linkedlist
2023-09-08 18:56:59,128 [INFO] IPUIPlugin:80 - create IPUIPlugin
2023-09-08 18:56:59,128 [INFO] PluginManager:220 - loadIPPluginJar : add resmgrutility
2023-09-08 18:56:59,133 [INFO] IPUIPlugin:80 - create IPUIPlugin
2023-09-08 18:56:59,133 [INFO] PluginManager:220 - loadIPPluginJar : add dma3
2023-09-08 18:56:59,138 [INFO] IPUIPlugin:80 - create IPUIPlugin
2023-09-08 18:56:59,139 [INFO] PluginManager:220 - loadIPPluginJar : add usbx
2023-09-08 18:56:59,144 [INFO] IPUIPlugin:80 - create IPUIPlugin
2023-09-08 18:56:59,144 [INFO] PluginManager:220 - loadIPPluginJar : add can
2023-09-08 18:56:59,150 [INFO] IPUIPlugin:80 - create IPUIPlugin
2023-09-08 18:56:59,150 [INFO] PluginManager:220 - loadIPPluginJar : add gtzc
2023-09-08 18:56:59,159 [INFO] IPUIPlugin:80 - create IPUIPlugin
2023-09-08 18:56:59,159 [INFO] PluginManager:220 - loadIPPluginJar : add fmc
2023-09-08 18:56:59,163 [INFO] IPUIPlugin:80 - create IPUIPlugin
2023-09-08 18:56:59,164 [INFO] PluginManager:220 - loadIPPluginJar : add hash
2023-09-08 18:56:59,169 [INFO] IPUIPlugin:80 - create IPUIPlugin
2023-09-08 18:56:59,169 [INFO] PluginManager:220 - loadIPPluginJar : add opamp
2023-09-08 18:56:59,307 [INFO] CADModel:165 - CPN selected for project level
2023-09-08 18:56:59,307 [INFO] CADModel:114 - Register for checkConnection events
2023-09-08 18:56:59,307 [FATAL] Updater:308 - Updater called before beeing initialized
2023-09-08 18:56:59,307 [ERROR] CADModel:125 - Updater not yet initialized, retry later 
2023-09-08 18:56:59,557 [INFO] CADModel:165 - CPN selected for project level
2023-09-08 18:56:59,557 [INFO] CADModel:114 - Register for checkConnection events
2023-09-08 18:56:59,557 [FATAL] Updater:308 - Updater called before beeing initialized
2023-09-08 18:56:59,557 [ERROR] CADModel:125 - Updater not yet initialized, retry later 
2023-09-08 18:56:59,564 [FATAL] Updater:308 - Updater called before beeing initialized
2023-09-08 18:56:59,732 [FATAL] Updater:308 - Updater called before beeing initialized
2023-09-08 18:56:59,741 [INFO] DbMcusAds:53 - JSON generation date=Tue Mar 07 15:50:55 ICT 2023 (1678179055114)
2023-09-08 18:56:59,741 [FATAL] Updater:308 - Updater called before beeing initialized
2023-09-08 18:56:59,815 [WARN] DetailPanel:346 - Failed to get advertising image, set to default
2023-09-08 18:56:59,984 [FATAL] Updater:308 - Updater called before beeing initialized
2023-09-08 18:56:59,987 [FATAL] Updater:308 - Updater called before beeing initialized
2023-09-08 18:56:59,988 [FATAL] Updater:308 - Updater called before beeing initialized
2023-09-08 18:56:59,988 [WARN] DetailPanel:346 - Failed to get advertising image, set to default
2023-09-08 18:56:59,989 [FATAL] Updater:308 - Updater called before beeing initialized
2023-09-08 18:57:00,049 [ERROR] Updater:1120 - MainUpdater not yet initialized. External WinMGr cannot be set.
2023-09-08 18:57:00,052 [INFO] Updater:1056 - Updater Version found : 6.9.0
2023-09-08 18:57:00,092 [INFO] ApplicationProperties:184 - Using Application install path: /opt/st/stm32cubeide_1.13.0/plugins/com.st.stm32cube.common.mx_6.9.0.202307051724
2023-09-08 18:57:00,481 [INFO] MainUpdater:2868 - connection check result : 10
2023-09-08 18:57:00,483 [INFO] MainUpdater:285 - Updater Check For Update Now.
2023-09-08 18:57:00,483 [INFO] MicroXplorer:498 - Change Database Version : DB.6.0.90
2023-09-08 18:57:00,494 [INFO] McuFinderGlobals:63 - Set McuFinder mode to 2 (CubeIDE integrated)
2023-09-08 18:57:00,660 [WARN] MainUpdater:1189 - Updater busy. Cannot search thirdparties
2023-09-08 18:57:00,661 [INFO] ThirdPartyUpdaterWithRetryManager:96 - Updater plugin is busy. [1/15]
2023-09-08 18:57:00,742 [INFO] CheckServerUpdateThread:120 - End of CheckServer Thread
2023-09-08 18:57:03,826 [WARN] PackLoader:240 - Cannot read IP mode file for STMicroelectronics.X-CUBE-SMBUS.2.1.0
2023-09-08 18:57:03,896 [WARN] PackLoader:240 - Cannot read IP mode file for STMicroelectronics.X-CUBE-AZRTOS-F7.1.1.0
2023-09-08 18:57:03,916 [WARN] PackLoader:240 - Cannot read IP mode file for STMicroelectronics.FP-SNS-MOTENV1.4.3.2
2023-09-08 18:57:03,928 [WARN] PackLoader:240 - Cannot read IP mode file for STMicroelectronics.FP-SNS-FLIGHT1.5.0.1
2023-09-08 18:57:03,940 [WARN] PackLoader:240 - Cannot read IP mode file for STMicroelectronics.X-CUBE-BLE1.6.2.4
2023-09-08 18:57:03,948 [WARN] PackLoader:240 - Cannot read IP mode file for STMicroelectronics.FP-SNS-FLIGHT1.5.0.2
2023-09-08 18:57:03,964 [WARN] PackLoader:240 - Cannot read IP mode file for STMicroelectronics.X-CUBE-DISPLAY.3.0.0
2023-09-08 18:57:03,987 [WARN] PackLoader:240 - Cannot read IP mode file for STMicroelectronics.X-CUBE-BLE1.7.0.0
2023-09-08 18:57:03,996 [WARN] PackLoader:240 - Cannot read IP mode file for emotas.I-CUBE-CANOPEN.1.3.0
2023-09-08 18:57:04,002 [WARN] PackLoader:240 - Cannot read IP mode file for STMicroelectronics.X-CUBE-TOUCHGFX.4.22.0
2023-09-08 18:57:04,021 [INFO] LogOutputStream:77 - [STDOUT_REDIRECT] 1 : Invalid condition id : UX_CORESTACK_Condition cause : null
2023-09-08 18:57:04,023 [INFO] LogOutputStream:77 - [STDOUT_REDIRECT] 1 : Invalid condition id : UX_CORESTACK_Condition cause : null
2023-09-08 18:57:04,023 [INFO] LogOutputStream:77 - [STDOUT_REDIRECT] 1 : Invalid condition id : UX_CORESTACK_Condition cause : null
2023-09-08 18:57:04,024 [INFO] LogOutputStream:77 - [STDOUT_REDIRECT] 1 : Invalid condition id : UX_CORESTACK_Condition cause : null
2023-09-08 18:57:04,025 [INFO] LogOutputStream:77 - [STDOUT_REDIRECT] 1 : Invalid condition id : UX_CORESTACK_Condition cause : null
2023-09-08 18:57:04,031 [WARN] PackLoader:240 - Cannot read IP mode file for STMicroelectronics.X-CUBE-AZRTOS-WL.2.0.0
2023-09-08 18:57:04,045 [WARN] PackLoader:240 - Cannot read IP mode file for WES.I-CUBE-Cesium.1.3.0
2023-09-08 18:57:04,052 [WARN] PackLoader:240 - Cannot read IP mode file for STMicroelectronics.X-CUBE-BLE2.3.3.0
2023-09-08 18:57:04,064 [WARN] PackLoader:240 - Cannot read IP mode file for STMicroelectronics.X-CUBE-ALGOBUILD.1.3.0
2023-09-08 18:57:04,104 [WARN] PackLoader:240 - Cannot read IP mode file for STMicroelectronics.X-CUBE-AZRTOS-G0.1.1.0
2023-09-08 18:57:04,121 [WARN] PackLoader:240 - Cannot read IP mode file for STMicroelectronics.X-CUBE-NFC4.3.0.0
2023-09-08 18:57:04,132 [WARN] PackLoader:240 - Cannot read IP mode file for STMicroelectronics.FP-ATR-SIGFOX1.3.2.0
2023-09-08 18:57:04,214 [WARN] PackLoader:240 - Cannot read IP mode file for SEGGER.I-CUBE-embOS.1.3.1
2023-09-08 18:57:04,381 [WARN] PackLoader:240 - Cannot read IP mode file for STMicroelectronics.X-CUBE-GNSS1.6.0.0
2023-09-08 18:57:04,430 [WARN] PackLoader:240 - Cannot read IP mode file for STMicroelectronics.X-CUBE-AZRTOS-F4.1.1.0
2023-09-08 18:57:04,446 [WARN] PackLoader:240 - Cannot read IP mode file for wolfSSL.I-CUBE-wolfSSL.5.6.3
2023-09-08 18:57:04,498 [WARN] PackLoader:240 - Cannot read IP mode file for STMicroelectronics.X-CUBE-AZRTOS-L5.2.0.0
2023-09-08 18:57:04,612 [WARN] PackLoader:240 - Cannot read IP mode file for STMicroelectronics.X-CUBE-MEMS1.9.6.0
2023-09-08 18:57:04,986 [WARN] PackLoader:240 - Cannot read IP mode file for STMicroelectronics.X-CUBE-BLEMGR.2.0.0
2023-09-08 18:57:05,011 [WARN] ConditionMgr:438 - getConditionDescription Invalid condition id : UX DEVICE CLASS RTOS Condition cause : null
2023-09-08 18:57:05,011 [WARN] ConditionMgr:438 - getConditionDescription Invalid condition id : UX DEVICE CLASS RTOS Condition cause : null
2023-09-08 18:57:05,016 [WARN] PackLoader:240 - Cannot read IP mode file for STMicroelectronics.X-CUBE-AZRTOS-H7.3.1.0
2023-09-08 18:57:05,018 [WARN] ConditionMgr:1039 - genDependencies : Invalid condition id : UX DEVICE CLASS RTOS Condition cause : null
2023-09-08 18:57:05,018 [WARN] ConditionMgr:1039 - genDependencies : Invalid condition id : UX DEVICE CLASS RTOS Condition cause : null
2023-09-08 18:57:05,019 [WARN] ConditionMgr:1039 - genDependencies : Invalid condition id : UX DEVICE CLASS RTOS Condition cause : null
2023-09-08 18:57:05,020 [WARN] ConditionMgr:1039 - genDependencies : Invalid condition id : UX DEVICE CLASS RTOS Condition cause : null
2023-09-08 18:57:05,020 [WARN] ConditionMgr:1039 - genDependencies : Invalid condition id : UX DEVICE CLASS RTOS Condition cause : null
2023-09-08 18:57:05,028 [WARN] PackLoader:240 - Cannot read IP mode file for STMicroelectronics.X-CUBE-NFC7.1.0.1
2023-09-08 18:57:05,036 [WARN] PackLoader:240 - Cannot read IP mode file for STMicroelectronics.X-CUBE-EEPRMA1.4.1.0
2023-09-08 18:57:05,042 [WARN] PackLoader:240 - Cannot read IP mode file for STMicroelectronics.X-CUBE-AI.8.1.0
2023-09-08 18:57:05,080 [WARN] ConditionMgr:438 - getConditionDescription Invalid condition id : LAN8742 Phy interface Condition cause : null
2023-09-08 18:57:05,081 [WARN] PackLoader:240 - Cannot read IP mode file for STMicroelectronics.X-CUBE-AZRTOS-L4.2.0.0
2023-09-08 18:57:05,084 [WARN] ConditionMgr:1039 - genDependencies : Invalid condition id : LAN8742 Phy interface Condition cause : null
2023-09-08 18:57:05,085 [WARN] ConditionMgr:1039 - genDependencies : Invalid condition id : LAN8742 Phy interface Condition cause : null
2023-09-08 18:57:05,087 [WARN] ConditionMgr:1039 - genDependencies : Invalid condition id : LAN8742 Phy interface Condition cause : null
2023-09-08 18:57:05,100 [WARN] PackLoader:240 - Cannot read IP mode file for STMicroelectronics.X-CUBE-SFXS2LP1.4.0.0
2023-09-08 18:57:05,108 [WARN] PackLoader:240 - Cannot read IP mode file for STMicroelectronics.X-CUBE-ISPU.1.1.0
2023-09-08 18:57:05,129 [WARN] ConditionMgr:438 - getConditionDescription Invalid condition id : UX DEVICE CLASS RTOS Condition cause : null
2023-09-08 18:57:05,130 [WARN] ConditionMgr:438 - getConditionDescription Invalid condition id : UX DEVICE CLASS RTOS Condition cause : null
2023-09-08 18:57:05,135 [WARN] PackLoader:240 - Cannot read IP mode file for STMicroelectronics.X-CUBE-AZRTOS-WB.2.0.0
2023-09-08 18:57:05,136 [WARN] ConditionMgr:1039 - genDependencies : Invalid condition id : UX DEVICE CLASS RTOS Condition cause : null
2023-09-08 18:57:05,137 [WARN] ConditionMgr:1039 - genDependencies : Invalid condition id : UX DEVICE CLASS RTOS Condition cause : null
2023-09-08 18:57:05,138 [WARN] ConditionMgr:1039 - genDependencies : Invalid condition id : UX DEVICE CLASS RTOS Condition cause : null
2023-09-08 18:57:05,139 [WARN] ConditionMgr:1039 - genDependencies : Invalid condition id : UX DEVICE CLASS RTOS Condition cause : null
2023-09-08 18:57:05,139 [WARN] ConditionMgr:1039 - genDependencies : Invalid condition id : UX DEVICE CLASS RTOS Condition cause : null
2023-09-08 18:57:05,148 [WARN] PackLoader:240 - Cannot read IP mode file for STMicroelectronics.X-CUBE-FREERTOS.1.0.1
2023-09-08 18:57:05,183 [WARN] PackLoader:240 - Cannot read IP mode file for STMicroelectronics.X-CUBE-AZRTOS-L5.1.1.0
2023-09-08 18:57:05,196 [WARN] PackLoader:240 - Cannot read IP mode file for STMicroelectronics.X-CUBE-AI.8.0.1
2023-09-08 18:57:05,215 [WARN] PackLoader:240 - Cannot read IP mode file for STMicroelectronics.X-CUBE-SUBG2.5.0.0
2023-09-08 18:57:05,249 [WARN] PackLoader:240 - Cannot read IP mode file for STMicroelectronics.X-CUBE-TOF1.3.3.1
2023-09-08 18:57:05,321 [WARN] PackLoader:240 - Cannot read IP mode file for STMicroelectronics.X-CUBE-AZRTOS-G4.2.0.0
2023-09-08 18:57:05,349 [WARN] PackLoader:240 - Cannot read IP mode file for STMicroelectronics.X-CUBE-TOF1.3.3.0
2023-09-08 18:57:05,389 [WARN] PackLoader:240 - Cannot read IP mode file for STMicroelectronics.X-CUBE-FREERTOS.1.1.0
2023-09-08 18:57:05,400 [WARN] PackLoader:240 - Cannot read IP mode file for portGmbH.I-Cube-SoM-uGOAL.1.1.0
2023-09-08 18:57:05,407 [WARN] PackLoader:240 - Cannot read IP mode file for STMicroelectronics.X-CUBE-ALS.1.0.1
2023-09-08 18:57:05,442 [WARN] PackLoader:240 - Cannot read IP mode file for STMicroelectronics.X-CUBE-AZRTOS-WB.1.1.0
2023-09-08 18:57:05,452 [WARN] PackLoader:240 - Cannot read IP mode file for STMicroelectronics.FP-ATR-ASTRA1.2.0.0
2023-09-08 18:57:05,453 [INFO] ThirdParty:978 - Integrity check success = true
2023-09-08 18:57:05,454 [INFO] IntegrityCheckThread:100 - exiting critical section [integrity check]
2023-09-08 18:57:05,454 [INFO] IntegrityCheckThread:103 - End integrity checks thread
2023-09-08 18:57:21,643 [ERROR] LogOutputStream:75 - [STDERR_REDIRECT] SLF4J: Failed to load class "org.slf4j.impl.StaticLoggerBinder".
2023-09-08 18:57:21,645 [ERROR] LogOutputStream:75 - [STDERR_REDIRECT] SLF4J: Defaulting to no-operation (NOP) logger implementation
2023-09-08 18:57:21,645 [ERROR] LogOutputStream:75 - [STDERR_REDIRECT] SLF4J: See http://www.slf4j.org/codes.html#StaticLoggerBinder for further details.
2023-09-08 19:00:44,378 [INFO] McuFinderGlobals:63 - Set McuFinder mode to 2 (CubeIDE integrated)
2023-09-08 19:00:44,383 [INFO] MainUpdater:2868 - connection check result : 10
2023-09-08 19:00:44,384 [INFO] MainUpdater:2868 - connection check result : 10
2023-09-08 19:00:44,431 [INFO] MicroXplorer:468 - Change Database Path : 
2023-09-08 19:00:44,432 [INFO] MicroXplorer:498 - Change Database Version : DB.6.0.90
2023-09-08 19:00:44,438 [WARN] ThirdParty:871 - waiting for thirdparty lock release [close project]
2023-09-08 19:00:44,438 [INFO] ThirdParty:873 - entering critical section [close project]
2023-09-08 19:00:44,440 [INFO] ThirdParty:883 - exiting critical section [close project]
2023-09-08 19:00:44,444 [INFO] PinOutPanel:1499 - setPackage(No Configuration,No Configuration)
2023-09-08 19:00:44,457 [INFO] UtilMem:75 - Begin LoadConfig() Used Memory: 392386360 Bytes (691011584)
2023-09-08 19:00:44,459 [INFO] MicroXplorer:468 - Change Database Path : 
2023-09-08 19:00:44,460 [INFO] MicroXplorer:498 - Change Database Version : DB.6.0.90
2023-09-08 19:00:44,460 [INFO] OpenFileManager:308 - Change cursor
2023-09-08 19:00:44,522 [INFO] Mcu:1946 - Initializing MCU STM32F767ZITx STM32F767ZITx STM32F767ZIT6
2023-09-08 19:00:48,335 [INFO] Context:659 - Trying to add GPIOservice into a context  which must be forbidden
2023-09-08 19:00:49,855 [INFO] RtosManager:555 - Registered RTOS mode: class=CMSIS, group=RTOS, mode=CMSIS_V1, owner=FREERTOS
2023-09-08 19:00:49,856 [INFO] RtosManager:555 - Registered RTOS mode: class=CMSIS, group=RTOS2, mode=CMSIS_V2, owner=FREERTOS
2023-09-08 19:00:49,856 [INFO] RtosManager:555 - Registered RTOS mode: class=RTOS, group=Core, mode=CMSIS_V1, owner=FREERTOS
2023-09-08 19:00:49,856 [INFO] RtosManager:555 - Registered RTOS mode: class=RTOS, group=Core, mode=CMSIS_V2, owner=FREERTOS
2023-09-08 19:00:49,857 [WARN] ModelIntegratedComponent:184 - Missing modes for component STMicroelectronics:FreeRTOS:0.0.1:STMicroelectronics:RTOS:FreeRTOS:Core:::10.2.0:
2023-09-08 19:00:49,889 [WARN] ModelIntegratedComponent:63 - No mode defined for component null
2023-09-08 19:00:49,889 [WARN] ModelIntegratedComponent:63 - No mode defined for component null
2023-09-08 19:00:49,889 [WARN] ModelIntegratedComponent:63 - No mode defined for component null
2023-09-08 19:00:49,889 [WARN] ModelIntegratedComponent:63 - No mode defined for component null
2023-09-08 19:00:49,889 [WARN] ModelIntegratedComponent:63 - No mode defined for component null
2023-09-08 19:00:49,889 [WARN] ModelIntegratedComponent:63 - No mode defined for component null
2023-09-08 19:00:49,890 [WARN] ModelIntegratedComponent:63 - No mode defined for component null
2023-09-08 19:00:49,890 [WARN] ModelIntegratedComponent:63 - No mode defined for component null
2023-09-08 19:00:49,890 [WARN] ModelIntegratedComponent:63 - No mode defined for component null
2023-09-08 19:00:49,890 [WARN] ModelIntegratedComponent:63 - No mode defined for component null
2023-09-08 19:00:49,890 [WARN] ModelIntegratedComponent:63 - No mode defined for component null
2023-09-08 19:00:49,890 [WARN] ModelIntegratedComponent:63 - No mode defined for component null
2023-09-08 19:00:49,891 [WARN] ModelIntegratedComponent:63 - No mode defined for component null
2023-09-08 19:00:49,891 [WARN] ModelIntegratedComponent:63 - No mode defined for component null
2023-09-08 19:00:49,891 [WARN] ModelIntegratedComponent:63 - No mode defined for component null
2023-09-08 19:00:49,891 [WARN] ModelIntegratedComponent:63 - No mode defined for component null
2023-09-08 19:00:49,891 [WARN] ModelIntegratedComponent:63 - No mode defined for component null
2023-09-08 19:00:49,891 [WARN] ModelIntegratedComponent:63 - No mode defined for component null
2023-09-08 19:00:49,891 [WARN] ModelIntegratedComponent:63 - No mode defined for component null
2023-09-08 19:00:49,891 [WARN] ModelIntegratedComponent:63 - No mode defined for component null
2023-09-08 19:00:49,892 [WARN] ModelIntegratedComponent:63 - No mode defined for component null
2023-09-08 19:00:49,892 [WARN] ModelIntegratedComponent:63 - No mode defined for component null
2023-09-08 19:00:49,892 [WARN] ModelIntegratedComponent:63 - No mode defined for component null
2023-09-08 19:00:49,892 [WARN] ModelIntegratedComponent:63 - No mode defined for component null
2023-09-08 19:00:49,892 [WARN] ModelIntegratedComponent:63 - No mode defined for component null
2023-09-08 19:00:49,892 [WARN] ModelIntegratedComponent:63 - No mode defined for component null
2023-09-08 19:00:49,892 [WARN] ModelIntegratedComponent:63 - No mode defined for component null
2023-09-08 19:00:49,892 [WARN] ModelIntegratedComponent:63 - No mode defined for component null
2023-09-08 19:00:49,893 [WARN] ModelIntegratedComponent:63 - No mode defined for component null
2023-09-08 19:00:49,893 [WARN] ModelIntegratedComponent:63 - No mode defined for component null
2023-09-08 19:00:49,893 [WARN] ModelIntegratedComponent:63 - No mode defined for component null
2023-09-08 19:00:49,893 [WARN] ModelIntegratedComponent:63 - No mode defined for component null
2023-09-08 19:00:49,893 [WARN] ModelIntegratedComponent:63 - No mode defined for component null
2023-09-08 19:00:49,934 [INFO] ThirdPartyModel:298 - Start build external matchings
2023-09-08 19:00:50,706 [INFO] ThirdPartyModel:316 - End build external matchings
2023-09-08 19:00:51,383 [INFO] UtilMem:75 - End LoadConfig() Used Memory: 666671944 Bytes (1053818880)
2023-09-08 19:00:51,589 [INFO] ApiDb:581 - Connected to CubeFinder SQLite database (/home/northy/.stmcufinder/plugins/mcufinder/mcu/cube-finder-db.db)
2023-09-08 19:00:51,704 [INFO] ApiDb:668 - CubeFinder database Data Model version=2.1
2023-09-08 19:00:51,704 [INFO] ApiDb:669 - CubeFinder database Configuration version=3.0.37
2023-09-08 19:00:51,705 [INFO] ApiDb:670 - CubeFinder database generation date=2023-08-09 (1691586011)
2023-09-08 19:00:51,705 [INFO] ApiDb:671 - CubeFinder database FW Pack versions=[FP-ATR-ASTRA1_V2.0.0, FP-SNS-FLIGHT1_V5.0.1, FP-SNS-FLIGHT1_V5.0.2, FP-SNS-MOTENV1_V4.3.1, FP-SNS-MOTENV1_V4.3.2, STM32Cube_FW_C0_V1.1.0, STM32Cube_FW_F4_V1.27.1, STM32Cube_FW_F7_V1.17.0, STM32Cube_FW_G0_V1.6.1, STM32Cube_FW_G4_V1.5.1, STM32Cube_FW_H5_V0.5.1, STM32Cube_FW_H5_V1.1.0, STM32Cube_FW_H7_V1.11.0, STM32Cube_FW_L0_V1.12.2, STM32Cube_FW_L5_V1.5.0, STM32Cube_FW_U5_V1.3.0, STM32Cube_FW_U5_V1.3.0RC4, STM32Cube_FW_WBA_V1.0.0RC1, STM32Cube_FW_WBA_V1.1.0, STM32Cube_FW_WBA_V1.1.0RC1, STM32Cube_FW_WB_V1.15.0RC1, STM32Cube_FW_WB_V1.16.0, STM32Cube_FW_WB_V1.16.0RC2, STM32Cube_FW_WB_V1.17.0, STM32Cube_FW_WL_V1.3.0, X-CUBE-ALGOBUILD_V1.3.0, X-CUBE-ALS_V1.0.1, X-CUBE-AZRTOS-F4_V1.1.0, X-CUBE-AZRTOS-F7_V1.1.0, X-CUBE-AZRTOS-G0_V1.1.0, X-CUBE-AZRTOS-G4_V2.0.0, X-CUBE-AZRTOS-H7_V3.1.0, X-CUBE-AZRTOS-L4_V1.0.0, X-CUBE-AZRTOS-L4_V2.0.0, X-CUBE-AZRTOS-L5_V1.1.0, X-CUBE-AZRTOS-WB_V1.1.0, X-CUBE-AZRTOS-WL_V2.0.0, X-CUBE-BLE1_V7.0.0, X-CUBE-BLE2_V3.3.0, X-CUBE-BLEMGR_V2.0.0, X-CUBE-EEPRMA1_V4.1.0, X-CUBE-FREERTOS_V1.1.0, X-CUBE-GNSS1_V6.0.0, X-CUBE-MEMS1_V9.1.0, X-CUBE-MEMS1_V9.4.0, X-CUBE-MEMS1_V9.6.0, X-CUBE-NFC4_V3.0.0, X-CUBE-NFC7_V1.0.0, X-CUBE-SFXS2LP1_V4.0.0, X-CUBE-SUBG2_V5.0.0, X-CUBE-TOF1_V3.3.1]
2023-09-08 19:00:55,605 [INFO] ApiDb:240 - Found 323 in-development CPN: [B-G473E-ZEST1S, B-WB1M-WPAN1, B-WL5M-SUBG1, NUCLEO-C031C6, NUCLEO-H503RB, NUCLEO-H563ZI, NUCLEO-U545RE-Q, NUCLEO-U5A5ZJ-Q, NUCLEO-WBA52CG, STEVAL-PROTEUS1, STEVAL-SMARTAG2, STEVAL-STWINBX1, STM320518-EVAL, STM32C0116-DK, STM32C011D6Y3TR, STM32C011D6Y6TR, STM32C011F4P3, STM32C011F4P6, STM32C011F4U3, STM32C011F4U6TR, STM32C011F6P3, STM32C011F6P6, STM32C011F6U3, STM32C011F6U6TR, STM32C011J4M3, STM32C011J4M6, STM32C011J6M3, STM32C011J6M6, STM32C0316-DK, STM32C031C4T3, STM32C031C4T6, STM32C031C4U3, STM32C031C4U6, STM32C031C6T3, STM32C031C6T6, STM32C031C6U3, STM32C031C6U6, STM32C031F4P3, STM32C031F4P6, STM32C031F6P3, STM32C031F6P6, STM32C031G4U3, STM32C031G4U6, STM32C031G6U3, STM32C031G6U6, STM32C031K4T3, STM32C031K4T6, STM32C031K4U3, STM32C031K4U6, STM32C031K6T3, STM32C031K6T6, STM32C031K6U3, STM32C031K6U6, STM32G071K8TXN, STM32G071K8UXN, STM32G081GBU6N, STM32G081KBT6N, STM32G081KBUXN, STM32G0B1CCT6N, STM32G0B1KCT6, STM32G0B1NEY6TR, STM32G0B1RCT6N, STM32G0C1CCT6, STM32G0C1CCT6N, STM32G0C1CCU6N, STM32G0C1CET6N, STM32G0C1CEU6N, STM32G0C1KCT6, STM32G0C1NEY6TR, STM32G0C1RCI6N, STM32G0C1RCT6N, STM32G0C1REI6N, STM32G0C1RET6N, STM32G0C1VCI6, STM32G0C1VEI6, STM32G471CCT6, STM32G471CCU6, STM32G471CET3, STM32G471CET6, STM32G471CEU3, STM32G471CEU6, STM32G471MCT6, STM32G471MET3, STM32G471MET6, STM32G471MEY6TR, STM32G471QCT6, STM32G471QET3, STM32G471RCT6, STM32G471RET3, STM32G471RET6, STM32G471VCH6, STM32G471VCI6, STM32G471VCT6, STM32G471VEH3, STM32G471VEH6, STM32G471VEI3, STM32G471VEI6, STM32G471VET3, STM32G471VET6, STM32G474CCT6, STM32H503CBT6, STM32H503CBU6, STM32H503EBY6TR, STM32H503KBU6, STM32H503RBT6, STM32H562AGI6, STM32H562AII6, STM32H562IGK6, STM32H562IGT6, STM32H562IIK6, STM32H562IIT6, STM32H562RGT6, STM32H562RGV6, STM32H562RIT6, STM32H562RIV6, STM32H562VGT6, STM32H562VIT6, STM32H562ZGT6, STM32H562ZIT6, STM32H563AGI6, STM32H563AII3Q, STM32H563AII6, STM32H563IGK6, STM32H563IGT6, STM32H563IIK3Q, STM32H563IIK6, STM32H563IIT3Q, STM32H563IIT6, STM32H563MIY3QTR, STM32H563RGT6, STM32H563RGV6, STM32H563RIT6, STM32H563RIV6, STM32H563VGT6, STM32H563VIT3Q, STM32H563VIT6, STM32H563ZGT6, STM32H563ZIT3Q, STM32H563ZIT6, STM32H573AII3Q, STM32H573AII6, STM32H573I-DK, STM32H573IIK3Q, STM32H573IIK6, STM32H573IIT3Q, STM32H573IIT6, STM32H573MIY3QTR, STM32H573RIT6, STM32H573RIV6, STM32H573VIT3Q, STM32H573VIT6, STM32H573ZIT3Q, STM32H573ZIT6, STM32L4R5QGI6STR, STM32MP131AAE3, STM32MP131AAF3, STM32MP131AAG3, STM32MP131CAE3, STM32MP131CAF3, STM32MP131CAG3, STM32MP131DAE7, STM32MP131DAF7, STM32MP131DAG7, STM32MP131FAE7, STM32MP131FAF7, STM32MP131FAG7, STM32MP133AAE3, STM32MP133AAF3, STM32MP133AAG3, STM32MP133CAE3, STM32MP133CAF3, STM32MP133CAG3, STM32MP133DAE7, STM32MP133DAF7, STM32MP133DAG7, STM32MP133FAE7, STM32MP133FAF7, STM32MP133FAG7, STM32MP135AAE3, STM32MP135AAF3, STM32MP135AAG3, STM32MP135CAE3, STM32MP135CAF3, STM32MP135CAG3, STM32MP135DAE7, STM32MP135DAF7, STM32MP135DAG7, STM32MP135F-DK, STM32MP135FAE7, STM32MP135FAF7, STM32MP135FAF7T, STM32MP135FAF7U, STM32MP135FAG7, STM32U535CBT6, STM32U535CBT6Q, STM32U535CBU6, STM32U535CBU6Q, STM32U535CCT6, STM32U535CCT6Q, STM32U535CCU6, STM32U535CCU6Q, STM32U535CET6, STM32U535CET6Q, STM32U535CEU6, STM32U535CEU6Q, STM32U535JEY6QTR, STM32U535NCY6QTR, STM32U535NEY6QTR, STM32U535RBI6, STM32U535RBI6Q, STM32U535RBT6, STM32U535RBT6Q, STM32U535RCI6, STM32U535RCI6Q, STM32U535RCT6, STM32U535RCT6Q, STM32U535REI6, STM32U535REI6Q, STM32U535RET6, STM32U535RET6Q, STM32U535VCI6, STM32U535VCI6Q, STM32U535VCT6, STM32U535VCT6Q, STM32U535VEI6, STM32U535VEI6Q, STM32U535VET6, STM32U535VET6Q, STM32U545CET6, STM32U545CET6Q, STM32U545CEU6, STM32U545CEU6Q, STM32U545JEY6QTR, STM32U545NEY6QTR, STM32U545REI6, STM32U545REI6Q, STM32U545RET6, STM32U545RET6Q, STM32U545VEI6, STM32U545VEI6Q, STM32U545VET6, STM32U545VET6Q, STM32U595AIH6, STM32U595AIH6Q, STM32U595AJH6, STM32U595AJH6Q, STM32U595QII6, STM32U595QII6Q, STM32U595QJI6, STM32U595QJI6Q, STM32U595RIT6, STM32U595RIT6Q, STM32U595RJT6, STM32U595RJT6Q, STM32U595VIT6, STM32U595VIT6Q, STM32U595VJT6, STM32U595VJT6Q, STM32U595ZIT6, STM32U595ZIT6Q, STM32U595ZIY6QTR, STM32U595ZJT6, STM32U595ZJT6Q, STM32U595ZJY6QTR, STM32U599BJY6QTR, STM32U599NIH6Q, STM32U599NJH6Q, STM32U599VIT6Q, STM32U599VJT6, STM32U599VJT6Q, STM32U599ZIT6Q, STM32U599ZIY6QTR, STM32U599ZJT6Q, STM32U599ZJY6QTR, STM32U5A5AJH6, STM32U5A5AJH6Q, STM32U5A5QJI6, STM32U5A5QJI6Q, STM32U5A5RJT6, STM32U5A5RJT6Q, STM32U5A5VJT6, STM32U5A5VJT6Q, STM32U5A5ZJT6, STM32U5A5ZJT6Q, STM32U5A5ZJY6QTR, STM32U5A9BJY6QTR, STM32U5A9J-DK, STM32U5A9NJH6Q, STM32U5A9VJT6Q, STM32U5A9ZJT6Q, STM32U5A9ZJY6QTR, STM32U5F7VIT6, STM32U5F7VIT6Q, STM32U5F7VJT6, STM32U5F7VJT6Q, STM32U5F9BJY6QTR, STM32U5F9NJH6Q, STM32U5F9VIT6Q, STM32U5F9VJT6Q, STM32U5F9ZIJ6QTR, STM32U5F9ZIT6Q, STM32U5F9ZJJ6QTR, STM32U5F9ZJT6Q, STM32U5G7VJT6, STM32U5G7VJT6Q, STM32U5G9BJY6QTR, STM32U5G9J-DK1, STM32U5G9J-DK2, STM32U5G9NJH6Q, STM32U5G9VJT6Q, STM32U5G9ZJJ6QTR, STM32U5G9ZJT6Q, STM32WB1MMCH6, STM32WBA52CEU6, STM32WBA52CEU6T, STM32WBA52CGU6, STM32WBA52CGU6T, STM32WBA52KEU6, STM32WBA52KEU6T, STM32WBA52KGU6, STM32WBA52KGU6T, STM32WL5MOCH6, STM32WL5MOCH6TR]
2023-09-08 19:00:55,612 [INFO] DbMcus:217 - Found 3848 MCUs, 3848 are supported
2023-09-08 19:00:55,614 [INFO] ApiDb:423 - Load user favorites file /home/northy/.stm32cubeide/favorites.mcus.txt: 1 item(s)
2023-09-08 19:00:55,614 [INFO] ApiDb:427 - User favorites MCUs=[STM32F767ZIT6]
2023-09-08 19:00:55,614 [INFO] DbMcus:223 - Set 1 / 1 favorites MCUs
2023-09-08 19:00:56,369 [WARN] ThirdParty:833 - waiting for thirdparty lock release [change project]
2023-09-08 19:00:56,370 [INFO] ThirdParty:835 - entering critical section [change project]
2023-09-08 19:00:56,370 [INFO] ThirdParty:1030 - CMSIS Pack Vendor :STMicroelectronics X-CUBE-ISPU 1.1.0
2023-09-08 19:00:56,370 [INFO] ThirdParty:1030 - CMSIS Pack Vendor :STMicroelectronics USBPD 4.1
2023-09-08 19:00:56,370 [INFO] ThirdParty:1030 - CMSIS Pack Vendor :STMicroelectronics X-CUBE-GNSS1 6.0.0
2023-09-08 19:00:56,370 [INFO] ThirdParty:1030 - CMSIS Pack Vendor :STMicroelectronics USB_HOST 2.0.0
2023-09-08 19:00:56,370 [INFO] ThirdParty:1030 - CMSIS Pack Vendor :STMicroelectronics X-CUBE-AZRTOS-F4 1.1.0
2023-09-08 19:00:56,370 [INFO] ThirdParty:1030 - CMSIS Pack Vendor :STMicroelectronics LIBJPEG 8.0.0
2023-09-08 19:00:56,371 [INFO] ThirdParty:1030 - CMSIS Pack Vendor :wolfSSL I-CUBE-wolfSSL 5.6.3
2023-09-08 19:00:56,371 [INFO] ThirdParty:1030 - CMSIS Pack Vendor :STMicroelectronics X-CUBE-SMBUS 2.1.0
2023-09-08 19:00:56,371 [INFO] ThirdParty:1030 - CMSIS Pack Vendor :STMicroelectronics USB_DEVICE 3.0.0
2023-09-08 19:00:56,371 [INFO] ThirdParty:1030 - CMSIS Pack Vendor :STMicroelectronics X-CUBE-AZRTOS-WB 2.0.0
2023-09-08 19:00:56,371 [INFO] ThirdParty:1030 - CMSIS Pack Vendor :STMicroelectronics X-CUBE-FREERTOS 1.0.1
2023-09-08 19:00:56,371 [INFO] ThirdParty:1030 - CMSIS Pack Vendor :STMicroelectronics X-CUBE-AZRTOS-F7 1.1.0
2023-09-08 19:00:56,371 [INFO] ThirdParty:1030 - CMSIS Pack Vendor :STMicroelectronics X-CUBE-AZRTOS-L5 2.0.0
2023-09-08 19:00:56,371 [INFO] ThirdParty:1030 - CMSIS Pack Vendor :STMicroelectronics USB_DEVICE 2.0.0
2023-09-08 19:00:56,371 [INFO] ThirdParty:1030 - CMSIS Pack Vendor :STMicroelectronics X-CUBE-MEMS1 9.6.0
2023-09-08 19:00:56,371 [INFO] ThirdParty:1030 - CMSIS Pack Vendor :STMicroelectronics FP-SNS-MOTENV1 4.3.2
2023-09-08 19:00:56,371 [INFO] ThirdParty:1030 - CMSIS Pack Vendor :STMicroelectronics FP-SNS-FLIGHT1 5.0.1
2023-09-08 19:00:56,372 [INFO] ThirdParty:1030 - CMSIS Pack Vendor :STMicroelectronics X-CUBE-ALGOBUILD 1.3.0
2023-09-08 19:00:56,372 [INFO] ThirdParty:1030 - CMSIS Pack Vendor :STMicroelectronics X-CUBE-BLE1 6.2.4
2023-09-08 19:00:56,372 [INFO] ThirdParty:1030 - CMSIS Pack Vendor :STMicroelectronics X-CUBE-AZRTOS-L5 1.1.0
2023-09-08 19:00:56,372 [INFO] ThirdParty:1030 - CMSIS Pack Vendor :STMicroelectronics FreeRTOS 0.0.1
2023-09-08 19:00:56,372 [INFO] ThirdParty:1030 - CMSIS Pack Vendor :STMicroelectronics X-CUBE-AZRTOS-G0 1.1.0
2023-09-08 19:00:56,372 [INFO] ThirdParty:1030 - CMSIS Pack Vendor :STMicroelectronics X-CUBE-BLEMGR 2.0.0
2023-09-08 19:00:56,372 [INFO] ThirdParty:1030 - CMSIS Pack Vendor :STMicroelectronics X-CUBE-AI 8.0.1
2023-09-08 19:00:56,372 [INFO] ThirdParty:1030 - CMSIS Pack Vendor :STMicroelectronics X-CUBE-NFC4 3.0.0
2023-09-08 19:00:56,372 [INFO] ThirdParty:1030 - CMSIS Pack Vendor :STMicroelectronics X-CUBE-SUBG2 5.0.0
2023-09-08 19:00:56,372 [INFO] ThirdParty:1030 - CMSIS Pack Vendor :STMicroelectronics STM32_WPAN 1.0.0
2023-09-08 19:00:56,372 [INFO] ThirdParty:1030 - CMSIS Pack Vendor :STMicroelectronics lwIP 2.0.3
2023-09-08 19:00:56,373 [INFO] ThirdParty:1030 - CMSIS Pack Vendor :STMicroelectronics FP-SNS-FLIGHT1 5.0.2
2023-09-08 19:00:56,373 [INFO] ThirdParty:1030 - CMSIS Pack Vendor :STMicroelectronics USB_HOST 1.0.0
2023-09-08 19:00:56,373 [INFO] ThirdParty:1030 - CMSIS Pack Vendor :STMicroelectronics X-CUBE-TOF1 3.3.1
2023-09-08 19:00:56,373 [INFO] ThirdParty:1030 - CMSIS Pack Vendor :STMicroelectronics X-CUBE-AZRTOS-G4 2.0.0
2023-09-08 19:00:56,373 [INFO] ThirdParty:1030 - CMSIS Pack Vendor :STMicroelectronics PDM2PCM 3.1.0
2023-09-08 19:00:56,373 [INFO] ThirdParty:1030 - CMSIS Pack Vendor :STMicroelectronics X-CUBE-AZRTOS-H7 3.1.0
2023-09-08 19:00:56,373 [INFO] ThirdParty:1030 - CMSIS Pack Vendor :STMicroelectronics X-CUBE-TOF1 3.3.0
2023-09-08 19:00:56,373 [INFO] ThirdParty:1030 - CMSIS Pack Vendor :STMicroelectronics PDM2PCM 3.3.0
2023-09-08 19:00:56,373 [INFO] ThirdParty:1030 - CMSIS Pack Vendor :STMicroelectronics X-CUBE-DISPLAY 3.0.0
2023-09-08 19:00:56,373 [INFO] ThirdParty:1030 - CMSIS Pack Vendor :STMicroelectronics X-CUBE-BLE1 7.0.0
2023-09-08 19:00:56,373 [INFO] ThirdParty:1030 - CMSIS Pack Vendor :STMicroelectronics FP-ATR-SIGFOX1 3.2.0
2023-09-08 19:00:56,374 [INFO] ThirdParty:1030 - CMSIS Pack Vendor :STMicroelectronics HAL Drivers 0.0.0
2023-09-08 19:00:56,374 [INFO] ThirdParty:1030 - CMSIS Pack Vendor :STMicroelectronics MBEDTLS 2.16.2
2023-09-08 19:00:56,374 [INFO] ThirdParty:1030 - CMSIS Pack Vendor :emotas I-CUBE-CANOPEN 1.3.0
2023-09-08 19:00:56,374 [INFO] ThirdParty:1030 - CMSIS Pack Vendor :STMicroelectronics X-CUBE-FREERTOS 1.1.0
2023-09-08 19:00:56,374 [INFO] ThirdParty:1030 - CMSIS Pack Vendor :STMicroelectronics X-CUBE-TOUCHGFX 4.22.0
2023-09-08 19:00:56,374 [INFO] ThirdParty:1030 - CMSIS Pack Vendor :STMicroelectronics X-CUBE-NFC7 1.0.1
2023-09-08 19:00:56,374 [INFO] ThirdParty:1030 - CMSIS Pack Vendor :STMicroelectronics MBEDTLS 2.14.1
2023-09-08 19:00:56,374 [INFO] ThirdParty:1030 - CMSIS Pack Vendor :STMicroelectronics X-CUBE-EEPRMA1 4.1.0
2023-09-08 19:00:56,374 [INFO] ThirdParty:1030 - CMSIS Pack Vendor :portGmbH I-Cube-SoM-uGOAL 1.1.0
2023-09-08 19:00:56,374 [INFO] ThirdParty:1030 - CMSIS Pack Vendor :STMicroelectronics X-CUBE-ALS 1.0.1
2023-09-08 19:00:56,375 [INFO] ThirdParty:1030 - CMSIS Pack Vendor :STMicroelectronics ThreadX 1.0.0
2023-09-08 19:00:56,375 [INFO] ThirdParty:1030 - CMSIS Pack Vendor :STMicroelectronics X-CUBE-AZRTOS-WB 1.1.0
2023-09-08 19:00:56,375 [INFO] ThirdParty:1030 - CMSIS Pack Vendor :STMicroelectronics X-CUBE-AZRTOS-WL 2.0.0
2023-09-08 19:00:56,375 [INFO] ThirdParty:1030 - CMSIS Pack Vendor :SEGGER I-CUBE-embOS 1.3.1
2023-09-08 19:00:56,375 [INFO] ThirdParty:1030 - CMSIS Pack Vendor :STMicroelectronics USB_DEVICE 1.0.0
2023-09-08 19:00:56,375 [INFO] ThirdParty:1030 - CMSIS Pack Vendor :STMicroelectronics X-CUBE-AI 8.1.0
2023-09-08 19:00:56,375 [INFO] ThirdParty:1030 - CMSIS Pack Vendor :STMicroelectronics X-CUBE-AZRTOS-L4 2.0.0
2023-09-08 19:00:56,375 [INFO] ThirdParty:1030 - CMSIS Pack Vendor :STMicroelectronics ThreadX 0.0.2
2023-09-08 19:00:56,375 [INFO] ThirdParty:1030 - CMSIS Pack Vendor :WES I-CUBE-Cesium 1.3.0
2023-09-08 19:00:56,375 [INFO] ThirdParty:1030 - CMSIS Pack Vendor :STMicroelectronics FP-ATR-ASTRA1 2.0.0
2023-09-08 19:00:56,376 [INFO] ThirdParty:1030 - CMSIS Pack Vendor :STMicroelectronics lwIP 2.1.2
2023-09-08 19:00:56,376 [INFO] ThirdParty:1030 - CMSIS Pack Vendor :STMicroelectronics X-CUBE-SFXS2LP1 4.0.0
2023-09-08 19:00:56,376 [INFO] ThirdParty:1030 - CMSIS Pack Vendor :STMicroelectronics X-CUBE-BLE2 3.3.0
2023-09-08 19:00:56,376 [INFO] ThirdParty:1030 - CMSIS Pack Vendor :STMicroelectronics PDM2PCM 3.2.0
2023-09-08 19:00:56,376 [INFO] ThirdParty:841 - exiting critical section [change project]
2023-09-08 19:00:57,409 [INFO] PinOutPanel:1499 - setPackage(No Configuration,No Configuration)
2023-09-08 19:00:57,410 [INFO] PinOutPanel:1499 - setPackage(STM32F767ZITx,LQFP144)
2023-09-08 19:00:58,710 [INFO] UtilMem:75 - Before build in PCC Used Memory: 722955776 Bytes (1053818880)
2023-09-08 19:00:59,807 [INFO] UtilMem:75 - After build in PCC Used Memory: 848262656 Bytes (1053818880)
2023-09-08 19:00:59,891 [INFO] IPUIPlugin:80 - create IPUIPlugin
2023-09-08 19:00:59,892 [INFO] IPUIPlugin:80 - create IPUIPlugin
2023-09-08 19:00:59,892 [INFO] IPUIPlugin:80 - create IPUIPlugin
2023-09-08 19:00:59,893 [INFO] IPUIPlugin:80 - create IPUIPlugin
2023-09-08 19:00:59,893 [INFO] IPUIPlugin:80 - create IPUIPlugin
2023-09-08 19:00:59,893 [INFO] IPUIPlugin:80 - create IPUIPlugin
2023-09-08 19:00:59,894 [INFO] IPUIPlugin:80 - create IPUIPlugin
2023-09-08 19:00:59,894 [INFO] IPUIPlugin:80 - create IPUIPlugin
2023-09-08 19:00:59,895 [INFO] IPUIPlugin:80 - create IPUIPlugin
2023-09-08 19:00:59,895 [INFO] IPUIPlugin:80 - create IPUIPlugin
2023-09-08 19:00:59,896 [INFO] IPUIPlugin:80 - create IPUIPlugin
2023-09-08 19:00:59,896 [INFO] IPUIPlugin:80 - create IPUIPlugin
2023-09-08 19:00:59,897 [INFO] IPUIPlugin:80 - create IPUIPlugin
2023-09-08 19:00:59,897 [INFO] IPUIPlugin:80 - create IPUIPlugin
2023-09-08 19:00:59,898 [INFO] IPUIPlugin:80 - create IPUIPlugin
2023-09-08 19:00:59,898 [INFO] IPUIPlugin:80 - create IPUIPlugin
2023-09-08 19:00:59,898 [INFO] IPUIPlugin:80 - create IPUIPlugin
2023-09-08 19:00:59,898 [INFO] IPUIPlugin:80 - create IPUIPlugin
2023-09-08 19:00:59,899 [INFO] IPUIPlugin:80 - create IPUIPlugin
2023-09-08 19:00:59,899 [INFO] IPUIPlugin:80 - create IPUIPlugin
2023-09-08 19:00:59,899 [INFO] IPUIPlugin:80 - create IPUIPlugin
2023-09-08 19:00:59,899 [INFO] IPUIPlugin:80 - create IPUIPlugin
2023-09-08 19:00:59,900 [INFO] IPUIPlugin:80 - create IPUIPlugin
2023-09-08 19:00:59,900 [INFO] IPUIPlugin:80 - create IPUIPlugin
2023-09-08 19:00:59,900 [INFO] IPUIPlugin:80 - create IPUIPlugin
2023-09-08 19:00:59,901 [INFO] IPUIPlugin:80 - create IPUIPlugin
2023-09-08 19:00:59,901 [INFO] IPUIPlugin:80 - create IPUIPlugin
2023-09-08 19:00:59,902 [INFO] IPUIPlugin:80 - create IPUIPlugin
2023-09-08 19:00:59,903 [INFO] IPUIPlugin:80 - create IPUIPlugin
2023-09-08 19:00:59,903 [INFO] IPUIPlugin:80 - create IPUIPlugin
2023-09-08 19:00:59,904 [INFO] IPUIPlugin:80 - create IPUIPlugin
2023-09-08 19:00:59,904 [INFO] IPUIPlugin:80 - create IPUIPlugin
2023-09-08 19:00:59,905 [INFO] IPUIPlugin:80 - create IPUIPlugin
2023-09-08 19:00:59,906 [INFO] IPUIPlugin:80 - create IPUIPlugin
2023-09-08 19:00:59,906 [INFO] IPUIPlugin:80 - create IPUIPlugin
2023-09-08 19:00:59,906 [INFO] IPUIPlugin:80 - create IPUIPlugin
2023-09-08 19:00:59,906 [INFO] IPUIPlugin:80 - create IPUIPlugin
2023-09-08 19:00:59,907 [INFO] IPUIPlugin:80 - create IPUIPlugin
2023-09-08 19:00:59,908 [INFO] IPUIPlugin:80 - create IPUIPlugin
2023-09-08 19:00:59,909 [INFO] IPUIPlugin:80 - create IPUIPlugin
2023-09-08 19:00:59,909 [INFO] IPUIPlugin:80 - create IPUIPlugin
2023-09-08 19:00:59,910 [INFO] IPUIPlugin:80 - create IPUIPlugin
2023-09-08 19:00:59,911 [INFO] IPUIPlugin:80 - create IPUIPlugin
2023-09-08 19:00:59,912 [INFO] IPUIPlugin:80 - create IPUIPlugin
2023-09-08 19:00:59,912 [INFO] IPUIPlugin:80 - create IPUIPlugin
2023-09-08 19:00:59,913 [INFO] IPUIPlugin:80 - create IPUIPlugin
2023-09-08 19:00:59,913 [INFO] IPUIPlugin:80 - create IPUIPlugin
2023-09-08 19:00:59,913 [INFO] IPUIPlugin:80 - create IPUIPlugin
2023-09-08 19:00:59,914 [INFO] IPUIPlugin:80 - create IPUIPlugin
2023-09-08 19:00:59,914 [INFO] IPUIPlugin:80 - create IPUIPlugin
2023-09-08 19:00:59,914 [INFO] IPUIPlugin:80 - create IPUIPlugin
2023-09-08 19:00:59,915 [INFO] IPUIPlugin:80 - create IPUIPlugin
2023-09-08 19:00:59,915 [INFO] IPUIPlugin:80 - create IPUIPlugin
2023-09-08 19:00:59,915 [INFO] IPUIPlugin:80 - create IPUIPlugin
2023-09-08 19:00:59,915 [INFO] IPUIPlugin:80 - create IPUIPlugin
2023-09-08 19:00:59,916 [INFO] IPUIPlugin:80 - create IPUIPlugin
2023-09-08 19:00:59,916 [INFO] IPUIPlugin:80 - create IPUIPlugin
2023-09-08 19:00:59,916 [INFO] IPUIPlugin:80 - create IPUIPlugin
2023-09-08 19:00:59,916 [INFO] IPUIPlugin:80 - create IPUIPlugin
2023-09-08 19:00:59,916 [INFO] IPUIPlugin:80 - create IPUIPlugin
2023-09-08 19:00:59,917 [INFO] IPUIPlugin:80 - create IPUIPlugin
2023-09-08 19:00:59,917 [INFO] IPUIPlugin:80 - create IPUIPlugin
2023-09-08 19:00:59,918 [INFO] IPUIPlugin:80 - create IPUIPlugin
2023-09-08 19:00:59,918 [INFO] IPUIPlugin:80 - create IPUIPlugin
2023-09-08 19:00:59,919 [INFO] IPUIPlugin:80 - create IPUIPlugin
2023-09-08 19:00:59,919 [INFO] IPUIPlugin:80 - create IPUIPlugin
2023-09-08 19:00:59,919 [INFO] IPUIPlugin:80 - create IPUIPlugin
2023-09-08 19:00:59,920 [INFO] IPUIPlugin:80 - create IPUIPlugin
2023-09-08 19:00:59,920 [INFO] IPUIPlugin:80 - create IPUIPlugin
2023-09-08 19:00:59,921 [INFO] IPUIPlugin:80 - create IPUIPlugin
2023-09-08 19:00:59,922 [INFO] IPUIPlugin:80 - create IPUIPlugin
2023-09-08 19:00:59,922 [INFO] IPUIPlugin:80 - create IPUIPlugin
2023-09-08 19:00:59,923 [INFO] IPUIPlugin:80 - create IPUIPlugin
2023-09-08 19:00:59,923 [INFO] IPUIPlugin:80 - create IPUIPlugin
2023-09-08 19:00:59,924 [INFO] IPUIPlugin:80 - create IPUIPlugin
2023-09-08 19:00:59,925 [INFO] IPUIPlugin:80 - create IPUIPlugin
2023-09-08 19:00:59,927 [INFO] IPUIPlugin:80 - create IPUIPlugin
2023-09-08 19:00:59,928 [INFO] IPUIPlugin:80 - create IPUIPlugin
2023-09-08 19:00:59,929 [INFO] IPUIPlugin:80 - create IPUIPlugin
2023-09-08 19:01:00,015 [INFO] ApiDbMcu:507 - Load IP Config File for PDM2PCM
2023-09-08 19:01:00,410 [INFO] CADModel:165 - CPN selected for project levelSTM32F767ZIT6
2023-09-08 19:01:00,410 [INFO] CADModel:114 - Register for checkConnection events
2023-09-08 19:01:00,460 [INFO] OpenFileManager:328 - Restore cursor
