2023-07-20 18:20:43,414 [INFO] Activator:176 - 


2023-07-20 18:20:43,428 [INFO] Activator:177 - !SESSION log4j initialized
2023-07-20 18:20:52,867 [INFO] LogOutputStream:77 - [STDOUT_REDIRECT] 
2023-07-20 18:20:54,544 [INFO] ApplicationProperties:184 - Using Application install path: /opt/st/stm32cubeide_1.13.0/plugins/com.st.stm32cube.common.mx_6.9.0.202307051724
2023-07-20 18:20:54,591 [INFO] DbMcusXml:78 - Set database path to: /opt/st/stm32cubeide_1.13.0/plugins/com.st.stm32cube.common.mx_6.9.0.202307051724//db//mcu/
2023-07-20 18:20:54,592 [INFO] ApiDb:274 - Set plugin database path to: /opt/st/stm32cubeide_1.13.0/plugins/com.st.stm32cube.common.mx_6.9.0.202307051724//db//plugins/boardmanager/
2023-07-20 18:20:54,593 [WARN] ApiDb:259 - Overriding images path with different value:  => /opt/st/stm32cubeide_1.13.0/plugins/com.st.stm32cube.common.mx_6.9.0.202307051724//db//plugins/mcufinder/images/
2023-07-20 18:20:54,625 [INFO] ApiDb:250 - Set database path to: /home/northy/.stmcufinder/plugins/mcufinder//mcu/
2023-07-20 18:20:54,627 [INFO] DbMcusAds:125 - Set database path to: /home/northy/.stmcufinder/plugins/mcufinder//mcu/
2023-07-20 18:20:54,634 [INFO] CrossReferenceDbSqlite:203 - Set database path to: /home/northy/.stmcufinder/plugins/mcufinder//mcu/cs/
2023-07-20 18:20:54,926 [INFO] RulesReader:64 - Compatibility file has been processed (293 Rules)
2023-07-20 18:20:55,068 [INFO] DbMcusXml:78 - Set database path to: /opt/st/stm32cubeide_1.13.0/plugins/com.st.stm32cube.common.mx_6.9.0.202307051724//db//mcu/
2023-07-20 18:20:55,068 [INFO] ApiDb:274 - Set plugin database path to: /opt/st/stm32cubeide_1.13.0/plugins/com.st.stm32cube.common.mx_6.9.0.202307051724//db//plugins/boardmanager/
2023-07-20 18:20:55,069 [INFO] ApiDb:261 - Set plugin images path to: /opt/st/stm32cubeide_1.13.0/plugins/com.st.stm32cube.common.mx_6.9.0.202307051724//db//plugins/mcufinder/images/
2023-07-20 18:20:55,070 [WARN] DbFile:41 - Overriding database path with different value: /home/northy/.stmcufinder/plugins/mcufinder/ => /home/northy/.stmcufinder/plugins/mcufinder
2023-07-20 18:20:55,070 [INFO] ApiDb:250 - Set database path to: /home/northy/.stmcufinder/plugins/mcufinder//mcu/
2023-07-20 18:20:55,071 [WARN] DbFile:41 - Overriding database path with different value: /home/northy/.stmcufinder/plugins/mcufinder/ => /home/northy/.stmcufinder/plugins/mcufinder
2023-07-20 18:20:55,071 [INFO] DbMcusAds:125 - Set database path to: /home/northy/.stmcufinder/plugins/mcufinder//mcu/
2023-07-20 18:20:55,071 [WARN] DbFile:41 - Overriding database path with different value: /home/northy/.stmcufinder/plugins/mcufinder/ => /home/northy/.stmcufinder/plugins/mcufinder
2023-07-20 18:20:55,071 [WARN] DbFile:41 - Overriding database path with different value: /home/northy/.stmcufinder/plugins/mcufinder/ => /home/northy/.stmcufinder/plugins/mcufinder
2023-07-20 18:20:55,072 [INFO] CrossReferenceDbSqlite:203 - Set database path to: /home/northy/.stmcufinder/plugins/mcufinder//mcu/cs/
2023-07-20 18:20:55,214 [INFO] MainPanel:262 - HeapMemory: 268435456
2023-07-20 18:20:55,432 [INFO] DbMcusXml:78 - Set database path to: /opt/st/stm32cubeide_1.13.0/plugins/com.st.stm32cube.common.mx_6.9.0.202307051724//db//mcu/
2023-07-20 18:20:55,433 [INFO] ApiDb:274 - Set plugin database path to: /opt/st/stm32cubeide_1.13.0/plugins/com.st.stm32cube.common.mx_6.9.0.202307051724//db//plugins/boardmanager/
2023-07-20 18:20:55,433 [INFO] ApiDb:261 - Set plugin images path to: /opt/st/stm32cubeide_1.13.0/plugins/com.st.stm32cube.common.mx_6.9.0.202307051724//db//plugins/mcufinder/images/
2023-07-20 18:20:55,434 [WARN] DbFile:41 - Overriding database path with different value: /home/northy/.stmcufinder/plugins/mcufinder/ => /home/northy/.stmcufinder/plugins/mcufinder
2023-07-20 18:20:55,434 [INFO] ApiDb:250 - Set database path to: /home/northy/.stmcufinder/plugins/mcufinder//mcu/
2023-07-20 18:20:55,435 [WARN] DbFile:41 - Overriding database path with different value: /home/northy/.stmcufinder/plugins/mcufinder/ => /home/northy/.stmcufinder/plugins/mcufinder
2023-07-20 18:20:55,435 [INFO] DbMcusAds:125 - Set database path to: /home/northy/.stmcufinder/plugins/mcufinder//mcu/
2023-07-20 18:20:55,435 [WARN] DbFile:41 - Overriding database path with different value: /home/northy/.stmcufinder/plugins/mcufinder/ => /home/northy/.stmcufinder/plugins/mcufinder
2023-07-20 18:20:55,435 [WARN] DbFile:41 - Overriding database path with different value: /home/northy/.stmcufinder/plugins/mcufinder/ => /home/northy/.stmcufinder/plugins/mcufinder
2023-07-20 18:20:55,435 [INFO] CrossReferenceDbSqlite:203 - Set database path to: /home/northy/.stmcufinder/plugins/mcufinder//mcu/cs/
2023-07-20 18:20:55,465 [INFO] ApplicationProperties:184 - Using Application install path: /opt/st/stm32cubeide_1.13.0/plugins/com.st.stm32cube.common.mx_6.9.0.202307051724
2023-07-20 18:20:55,468 [INFO] PluginManage:196 - Search for loadable plugins [exclusion list=, ]
2023-07-20 18:20:55,471 [INFO] PluginManage:310 - Check plugin analytics
2023-07-20 18:20:55,768 [INFO] AnalyticsPlugin:253 - Accepted Software Licenses: 
2023-07-20 18:20:55,769 [INFO] AnalyticsPlugin:255 - Accepted CMSIS Pack Licenses: 
2023-07-20 18:20:55,770 [INFO] AnalyticsPlugin:257 - Accepted Firmware Licenses: FW.F7.1.17.0
2023-07-20 18:20:55,775 [INFO] PluginManage:359 - Loaded plugin analytics (category:tool,tabindex:-1)
2023-07-20 18:20:55,775 [INFO] PluginManage:310 - Check plugin cadmodel
2023-07-20 18:20:55,925 [INFO] CADModel:105 - Init CAD model plugin
2023-07-20 18:20:55,925 [INFO] PluginManage:359 - Loaded plugin cadmodel (category:power,tabindex:5)
2023-07-20 18:20:55,925 [INFO] PluginManage:310 - Check plugin clock
2023-07-20 18:20:55,944 [INFO] PluginManage:359 - Loaded plugin clock (category:base,tabindex:2)
2023-07-20 18:20:55,944 [INFO] PluginManage:310 - Check plugin ddr
2023-07-20 18:20:55,948 [INFO] PluginManage:359 - Loaded plugin ddr (category:tool,tabindex:6)
2023-07-20 18:20:55,949 [INFO] PluginManage:310 - Check plugin filemanager
2023-07-20 18:20:56,199 [INFO] PluginManage:359 - Loaded plugin filemanager (category:base,tabindex:10)
2023-07-20 18:20:56,199 [INFO] PluginManage:310 - Check plugin ipmanager
2023-07-20 18:20:56,211 [INFO] PluginManage:359 - Loaded plugin ipmanager (category:base,tabindex:5)
2023-07-20 18:20:56,212 [INFO] PluginManage:310 - Check plugin lpbam
2023-07-20 18:20:56,232 [INFO] PluginManage:359 - Loaded plugin lpbam (category:base,tabindex:0)
2023-07-20 18:20:56,232 [INFO] PluginManage:310 - Check plugin memorymap
2023-07-20 18:20:56,256 [INFO] PluginManage:359 - Loaded plugin memorymap (category:base,tabindex:4)
2023-07-20 18:20:56,256 [INFO] PluginManage:310 - Check plugin pinoutandconfiguration
2023-07-20 18:20:56,271 [INFO] PluginManage:359 - Loaded plugin pinoutandconfiguration (category:base,tabindex:1)
2023-07-20 18:20:56,271 [INFO] PluginManage:310 - Check plugin pinoutconfig
2023-07-20 18:20:56,435 [WARN] SupportedApi:132 - Cannot load RTOS API schema: s4s-elt-must-match.1: The content of 'definitions' must match (annotation?, (simpleType | complexType)?, (unique | key | keyref)*)). A problem was found starting at: attribute.
2023-07-20 18:20:56,717 [INFO] PluginManage:359 - Loaded plugin pinoutconfig (category:base,tabindex:0)
2023-07-20 18:20:56,717 [INFO] PluginManage:310 - Check plugin power
2023-07-20 18:20:56,740 [INFO] PluginManage:359 - Loaded plugin power (category:power,tabindex:4)
2023-07-20 18:20:56,741 [INFO] PluginManage:310 - Check plugin projectmanager
2023-07-20 18:20:56,770 [INFO] PluginManage:359 - Loaded plugin projectmanager (category:projectmanager,tabindex:3)
2023-07-20 18:20:56,771 [INFO] PluginManage:310 - Check plugin thirdparty
2023-07-20 18:20:57,090 [WARN] IntegrityCheckThread:84 - waiting for thirdparty lock release [integrity check]
2023-07-20 18:20:57,091 [INFO] PluginManage:359 - Loaded plugin thirdparty (category:base,tabindex:-1)
2023-07-20 18:20:57,091 [INFO] IntegrityCheckThread:86 - entering critical section [integrity check]
2023-07-20 18:20:57,091 [INFO] PluginManage:310 - Check plugin tools
2023-07-20 18:20:57,104 [INFO] ThirdPartyUpdaterWithRetryManager:70 - Updater plugin not ready yet. [1/15]
2023-07-20 18:20:57,108 [INFO] PluginManage:359 - Loaded plugin tools (category:base,tabindex:7)
2023-07-20 18:20:57,109 [INFO] PluginManage:310 - Check plugin tutovideos
2023-07-20 18:20:57,456 [INFO] PluginManage:359 - Loaded plugin tutovideos (category:base,tabindex:-1)
2023-07-20 18:20:57,456 [INFO] PluginManage:310 - Check plugin updater
2023-07-20 18:20:57,479 [INFO] PluginManage:359 - Loaded plugin updater (category:base,tabindex:12)
2023-07-20 18:20:57,480 [INFO] PluginManage:310 - Check plugin userauth
2023-07-20 18:20:57,490 [INFO] UserAuth:113 - Init User Auth plugin
2023-07-20 18:20:57,491 [INFO] PluginManage:359 - Loaded plugin userauth (category:base,tabindex:14)
2023-07-20 18:20:57,492 [INFO] PluginManage:283 - PluginManage : Loaded plugins [17]
2023-07-20 18:20:57,838 [INFO] PinOutPanel:1499 - setPackage(No Configuration,No Configuration)
2023-07-20 18:20:58,020 [INFO] CADModel:165 - CPN selected for project level
2023-07-20 18:20:58,020 [INFO] CADModel:114 - Register for checkConnection events
2023-07-20 18:20:58,042 [INFO] IPUIPlugin:80 - create IPUIPlugin
2023-07-20 18:20:58,042 [INFO] PluginManager:220 - loadIPPluginJar : add ts
2023-07-20 18:20:58,055 [INFO] IPUIPlugin:80 - create IPUIPlugin
2023-07-20 18:20:58,056 [INFO] PluginManager:220 - loadIPPluginJar : add pdm2pcm
2023-07-20 18:20:58,060 [INFO] IPUIPlugin:80 - create IPUIPlugin
2023-07-20 18:20:58,060 [INFO] PluginManager:220 - loadIPPluginJar : add fatfs
2023-07-20 18:20:58,066 [INFO] IPUIPlugin:80 - create IPUIPlugin
2023-07-20 18:20:58,067 [INFO] PluginManager:220 - loadIPPluginJar : add gfxmmu
2023-07-20 18:20:58,078 [INFO] IPUIPlugin:80 - create IPUIPlugin
2023-07-20 18:20:58,080 [INFO] PluginManager:220 - loadIPPluginJar : add gpio
2023-07-20 18:20:58,091 [INFO] IPUIPlugin:80 - create IPUIPlugin
2023-07-20 18:20:58,091 [INFO] PluginManager:220 - loadIPPluginJar : add freertos
2023-07-20 18:20:58,096 [INFO] IPUIPlugin:80 - create IPUIPlugin
2023-07-20 18:20:58,096 [INFO] PluginManager:220 - loadIPPluginJar : add spi
2023-07-20 18:20:58,100 [INFO] IPUIPlugin:80 - create IPUIPlugin
2023-07-20 18:20:58,100 [INFO] PluginManager:220 - loadIPPluginJar : add quadspi
2023-07-20 18:20:58,105 [INFO] IPUIPlugin:80 - create IPUIPlugin
2023-07-20 18:20:58,105 [INFO] PluginManager:220 - loadIPPluginJar : add tim
2023-07-20 18:20:58,111 [INFO] IPUIPlugin:80 - create IPUIPlugin
2023-07-20 18:20:58,111 [INFO] PluginManager:220 - loadIPPluginJar : add aes
2023-07-20 18:20:58,124 [INFO] IPUIPlugin:80 - create IPUIPlugin
2023-07-20 18:20:58,125 [INFO] PluginManager:220 - loadIPPluginJar : add dma
2023-07-20 18:20:58,129 [INFO] IPUIPlugin:80 - create IPUIPlugin
2023-07-20 18:20:58,129 [INFO] PluginManager:220 - loadIPPluginJar : add tracer_emb
2023-07-20 18:20:58,133 [INFO] IPUIPlugin:80 - create IPUIPlugin
2023-07-20 18:20:58,133 [INFO] PluginManager:220 - loadIPPluginJar : add comp
2023-07-20 18:20:58,140 [INFO] IPUIPlugin:80 - create IPUIPlugin
2023-07-20 18:20:58,141 [INFO] PluginManager:220 - loadIPPluginJar : add openamp
2023-07-20 18:20:58,146 [INFO] IPUIPlugin:80 - create IPUIPlugin
2023-07-20 18:20:58,147 [INFO] PluginManager:220 - loadIPPluginJar : add dfsdm
2023-07-20 18:20:58,152 [INFO] IPUIPlugin:80 - create IPUIPlugin
2023-07-20 18:20:58,152 [INFO] PluginManager:220 - loadIPPluginJar : add cryp
2023-07-20 18:20:58,158 [INFO] IPUIPlugin:80 - create IPUIPlugin
2023-07-20 18:20:58,159 [INFO] PluginManager:220 - loadIPPluginJar : add i2s
2023-07-20 18:20:58,174 [INFO] IPUIPlugin:80 - create IPUIPlugin
2023-07-20 18:20:58,181 [INFO] PluginManager:220 - loadIPPluginJar : add plateformsettings
2023-07-20 18:20:58,188 [INFO] IPUIPlugin:80 - create IPUIPlugin
2023-07-20 18:20:58,188 [INFO] PluginManager:220 - loadIPPluginJar : add touchsensing
2023-07-20 18:20:58,194 [INFO] IPUIPlugin:80 - create IPUIPlugin
2023-07-20 18:20:58,195 [INFO] PluginManager:220 - loadIPPluginJar : add i3c
2023-07-20 18:20:58,201 [INFO] IPUIPlugin:80 - create IPUIPlugin
2023-07-20 18:20:58,201 [INFO] PluginManager:220 - loadIPPluginJar : add usart
2023-07-20 18:20:58,207 [INFO] IPUIPlugin:80 - create IPUIPlugin
2023-07-20 18:20:58,208 [INFO] PluginManager:220 - loadIPPluginJar : add i2c
2023-07-20 18:20:58,221 [INFO] IPUIPlugin:80 - create IPUIPlugin
2023-07-20 18:20:58,221 [INFO] PluginManager:220 - loadIPPluginJar : add mdma
2023-07-20 18:20:58,225 [INFO] IPUIPlugin:80 - create IPUIPlugin
2023-07-20 18:20:58,226 [INFO] PluginManager:220 - loadIPPluginJar : add ucpd
2023-07-20 18:20:58,231 [INFO] IPUIPlugin:80 - create IPUIPlugin
2023-07-20 18:20:58,231 [INFO] PluginManager:220 - loadIPPluginJar : add lorawan
2023-07-20 18:20:58,234 [INFO] IPUIPlugin:80 - create IPUIPlugin
2023-07-20 18:20:58,234 [INFO] PluginManager:220 - loadIPPluginJar : add ltdc
2023-07-20 18:20:58,241 [INFO] IPUIPlugin:80 - create IPUIPlugin
2023-07-20 18:20:58,241 [INFO] PluginManager:220 - loadIPPluginJar : add ipddr
2023-07-20 18:20:58,254 [INFO] IPUIPlugin:80 - create IPUIPlugin
2023-07-20 18:20:58,255 [INFO] PluginManager:220 - loadIPPluginJar : add stm32_wpan
2023-07-20 18:20:58,258 [INFO] IPUIPlugin:80 - create IPUIPlugin
2023-07-20 18:20:58,258 [INFO] PluginManager:220 - loadIPPluginJar : add genericplugin
2023-07-20 18:20:58,270 [INFO] IPUIPlugin:80 - create IPUIPlugin
2023-07-20 18:20:58,271 [INFO] PluginManager:220 - loadIPPluginJar : add adc
2023-07-20 18:20:58,278 [INFO] IPUIPlugin:80 - create IPUIPlugin
2023-07-20 18:20:58,278 [INFO] PluginManager:220 - loadIPPluginJar : add nvic
2023-07-20 18:20:58,285 [INFO] IPUIPlugin:80 - create IPUIPlugin
2023-07-20 18:20:58,286 [INFO] PluginManager:220 - loadIPPluginJar : add sai
2023-07-20 18:20:58,289 [INFO] IPUIPlugin:80 - create IPUIPlugin
2023-07-20 18:20:58,290 [INFO] PluginManager:220 - loadIPPluginJar : add tsc
2023-07-20 18:20:58,300 [INFO] IPUIPlugin:80 - create IPUIPlugin
2023-07-20 18:20:58,301 [INFO] PluginManager:220 - loadIPPluginJar : add gic
2023-07-20 18:20:58,318 [INFO] IPUIPlugin:80 - create IPUIPlugin
2023-07-20 18:20:58,318 [INFO] PluginManager:220 - loadIPPluginJar : add linkedlist
2023-07-20 18:20:58,326 [INFO] IPUIPlugin:80 - create IPUIPlugin
2023-07-20 18:20:58,326 [INFO] PluginManager:220 - loadIPPluginJar : add resmgrutility
2023-07-20 18:20:58,331 [INFO] IPUIPlugin:80 - create IPUIPlugin
2023-07-20 18:20:58,332 [INFO] PluginManager:220 - loadIPPluginJar : add dma3
2023-07-20 18:20:58,338 [INFO] IPUIPlugin:80 - create IPUIPlugin
2023-07-20 18:20:58,338 [INFO] PluginManager:220 - loadIPPluginJar : add usbx
2023-07-20 18:20:58,345 [INFO] IPUIPlugin:80 - create IPUIPlugin
2023-07-20 18:20:58,345 [INFO] PluginManager:220 - loadIPPluginJar : add can
2023-07-20 18:20:58,353 [INFO] IPUIPlugin:80 - create IPUIPlugin
2023-07-20 18:20:58,354 [INFO] PluginManager:220 - loadIPPluginJar : add gtzc
2023-07-20 18:20:58,364 [INFO] IPUIPlugin:80 - create IPUIPlugin
2023-07-20 18:20:58,365 [INFO] PluginManager:220 - loadIPPluginJar : add fmc
2023-07-20 18:20:58,370 [INFO] IPUIPlugin:80 - create IPUIPlugin
2023-07-20 18:20:58,371 [INFO] PluginManager:220 - loadIPPluginJar : add hash
2023-07-20 18:20:58,378 [INFO] IPUIPlugin:80 - create IPUIPlugin
2023-07-20 18:20:58,378 [INFO] PluginManager:220 - loadIPPluginJar : add opamp
2023-07-20 18:20:58,518 [INFO] CADModel:165 - CPN selected for project level
2023-07-20 18:20:58,518 [INFO] CADModel:114 - Register for checkConnection events
2023-07-20 18:20:58,518 [FATAL] Updater:308 - Updater called before beeing initialized
2023-07-20 18:20:58,519 [ERROR] CADModel:125 - Updater not yet initialized, retry later 
2023-07-20 18:20:58,776 [INFO] CADModel:165 - CPN selected for project level
2023-07-20 18:20:58,776 [INFO] CADModel:114 - Register for checkConnection events
2023-07-20 18:20:58,776 [FATAL] Updater:308 - Updater called before beeing initialized
2023-07-20 18:20:58,776 [ERROR] CADModel:125 - Updater not yet initialized, retry later 
2023-07-20 18:20:58,782 [FATAL] Updater:308 - Updater called before beeing initialized
2023-07-20 18:20:58,973 [FATAL] Updater:308 - Updater called before beeing initialized
2023-07-20 18:20:58,986 [INFO] DbMcusAds:53 - JSON generation date=Tue Mar 07 15:50:55 ICT 2023 (1678179055114)
2023-07-20 18:20:58,987 [FATAL] Updater:308 - Updater called before beeing initialized
2023-07-20 18:20:59,068 [WARN] DetailPanel:346 - Failed to get advertising image, set to default
2023-07-20 18:20:59,254 [FATAL] Updater:308 - Updater called before beeing initialized
2023-07-20 18:20:59,258 [FATAL] Updater:308 - Updater called before beeing initialized
2023-07-20 18:20:59,258 [FATAL] Updater:308 - Updater called before beeing initialized
2023-07-20 18:20:59,259 [WARN] DetailPanel:346 - Failed to get advertising image, set to default
2023-07-20 18:20:59,260 [FATAL] Updater:308 - Updater called before beeing initialized
2023-07-20 18:20:59,325 [ERROR] Updater:1120 - MainUpdater not yet initialized. External WinMGr cannot be set.
2023-07-20 18:20:59,329 [INFO] Updater:1056 - Updater Version found : 6.9.0
2023-07-20 18:20:59,372 [INFO] ApplicationProperties:184 - Using Application install path: /opt/st/stm32cubeide_1.13.0/plugins/com.st.stm32cube.common.mx_6.9.0.202307051724
2023-07-20 18:20:59,912 [INFO] MainUpdater:2868 - connection check result : 10
2023-07-20 18:20:59,914 [INFO] MainUpdater:285 - Updater Check For Update Now.
2023-07-20 18:20:59,914 [INFO] MicroXplorer:498 - Change Database Version : DB.6.0.90
2023-07-20 18:20:59,926 [INFO] McuFinderGlobals:63 - Set McuFinder mode to 2 (CubeIDE integrated)
2023-07-20 18:21:00,106 [WARN] MainUpdater:1189 - Updater busy. Cannot search thirdparties
2023-07-20 18:21:00,106 [INFO] ThirdPartyUpdaterWithRetryManager:96 - Updater plugin is busy. [1/15]
2023-07-20 18:21:00,185 [INFO] CheckServerUpdateThread:120 - End of CheckServer Thread
2023-07-20 18:21:03,283 [WARN] PackLoader:240 - Cannot read IP mode file for STMicroelectronics.X-CUBE-SMBUS.2.1.0
2023-07-20 18:21:03,446 [WARN] PackLoader:240 - Cannot read IP mode file for STMicroelectronics.X-CUBE-AZRTOS-F7.1.1.0
2023-07-20 18:21:03,469 [WARN] PackLoader:240 - Cannot read IP mode file for STMicroelectronics.FP-SNS-MOTENV1.4.3.2
2023-07-20 18:21:03,487 [WARN] PackLoader:240 - Cannot read IP mode file for STMicroelectronics.FP-SNS-FLIGHT1.5.0.1
2023-07-20 18:21:03,517 [WARN] PackLoader:240 - Cannot read IP mode file for STMicroelectronics.X-CUBE-BLE1.6.2.4
2023-07-20 18:21:03,539 [WARN] PackLoader:240 - Cannot read IP mode file for STMicroelectronics.X-CUBE-DISPLAY.3.0.0
2023-07-20 18:21:03,563 [WARN] PackLoader:240 - Cannot read IP mode file for emotas.I-CUBE-CANOPEN.1.3.0
2023-07-20 18:21:03,571 [WARN] PackLoader:240 - Cannot read IP mode file for STMicroelectronics.X-CUBE-TOUCHGFX.4.22.0
2023-07-20 18:21:03,593 [INFO] LogOutputStream:77 - [STDOUT_REDIRECT] 1 : Invalid condition id : UX_CORESTACK_Condition cause : null
2023-07-20 18:21:03,594 [INFO] LogOutputStream:77 - [STDOUT_REDIRECT] 1 : Invalid condition id : UX_CORESTACK_Condition cause : null
2023-07-20 18:21:03,595 [INFO] LogOutputStream:77 - [STDOUT_REDIRECT] 1 : Invalid condition id : UX_CORESTACK_Condition cause : null
2023-07-20 18:21:03,596 [INFO] LogOutputStream:77 - [STDOUT_REDIRECT] 1 : Invalid condition id : UX_CORESTACK_Condition cause : null
2023-07-20 18:21:03,596 [INFO] LogOutputStream:77 - [STDOUT_REDIRECT] 1 : Invalid condition id : UX_CORESTACK_Condition cause : null
2023-07-20 18:21:03,608 [WARN] PackLoader:240 - Cannot read IP mode file for STMicroelectronics.X-CUBE-AZRTOS-WL.2.0.0
2023-07-20 18:21:03,627 [WARN] PackLoader:240 - Cannot read IP mode file for WES.I-CUBE-Cesium.1.3.0
2023-07-20 18:21:03,636 [WARN] PackLoader:240 - Cannot read IP mode file for STMicroelectronics.X-CUBE-BLE2.3.3.0
2023-07-20 18:21:03,649 [WARN] PackLoader:240 - Cannot read IP mode file for STMicroelectronics.X-CUBE-ALGOBUILD.1.3.0
2023-07-20 18:21:03,686 [WARN] PackLoader:240 - Cannot read IP mode file for STMicroelectronics.X-CUBE-AZRTOS-G0.1.1.0
2023-07-20 18:21:03,700 [WARN] PackLoader:240 - Cannot read IP mode file for STMicroelectronics.X-CUBE-NFC4.3.0.0
2023-07-20 18:21:03,708 [WARN] PackLoader:240 - Cannot read IP mode file for STMicroelectronics.FP-ATR-SIGFOX1.3.2.0
2023-07-20 18:21:03,776 [WARN] PackLoader:240 - Cannot read IP mode file for SEGGER.I-CUBE-embOS.1.3.1
2023-07-20 18:21:03,855 [WARN] PackLoader:240 - Cannot read IP mode file for STMicroelectronics.X-CUBE-GNSS1.6.0.0
2023-07-20 18:21:03,885 [WARN] PackLoader:240 - Cannot read IP mode file for STMicroelectronics.X-CUBE-AZRTOS-F4.1.1.0
2023-07-20 18:21:03,894 [WARN] PackLoader:240 - Cannot read IP mode file for wolfSSL.I-CUBE-wolfSSL.5.6.3
2023-07-20 18:21:03,970 [WARN] PackLoader:240 - Cannot read IP mode file for STMicroelectronics.X-CUBE-MEMS1.9.6.0
2023-07-20 18:21:04,540 [WARN] PackLoader:240 - Cannot read IP mode file for STMicroelectronics.X-CUBE-BLEMGR.2.0.0
2023-07-20 18:21:04,591 [WARN] ConditionMgr:438 - getConditionDescription Invalid condition id : UX DEVICE CLASS RTOS Condition cause : null
2023-07-20 18:21:04,592 [WARN] ConditionMgr:438 - getConditionDescription Invalid condition id : UX DEVICE CLASS RTOS Condition cause : null
2023-07-20 18:21:04,603 [WARN] PackLoader:240 - Cannot read IP mode file for STMicroelectronics.X-CUBE-AZRTOS-H7.3.1.0
2023-07-20 18:21:04,606 [WARN] ConditionMgr:1039 - genDependencies : Invalid condition id : UX DEVICE CLASS RTOS Condition cause : null
2023-07-20 18:21:04,607 [WARN] ConditionMgr:1039 - genDependencies : Invalid condition id : UX DEVICE CLASS RTOS Condition cause : null
2023-07-20 18:21:04,609 [WARN] ConditionMgr:1039 - genDependencies : Invalid condition id : UX DEVICE CLASS RTOS Condition cause : null
2023-07-20 18:21:04,611 [WARN] ConditionMgr:1039 - genDependencies : Invalid condition id : UX DEVICE CLASS RTOS Condition cause : null
2023-07-20 18:21:04,611 [WARN] ConditionMgr:1039 - genDependencies : Invalid condition id : UX DEVICE CLASS RTOS Condition cause : null
2023-07-20 18:21:04,624 [WARN] PackLoader:240 - Cannot read IP mode file for STMicroelectronics.X-CUBE-NFC7.1.0.1
2023-07-20 18:21:04,635 [WARN] PackLoader:240 - Cannot read IP mode file for STMicroelectronics.X-CUBE-EEPRMA1.4.1.0
2023-07-20 18:21:04,696 [WARN] ConditionMgr:438 - getConditionDescription Invalid condition id : LAN8742 Phy interface Condition cause : null
2023-07-20 18:21:04,698 [WARN] PackLoader:240 - Cannot read IP mode file for STMicroelectronics.X-CUBE-AZRTOS-L4.2.0.0
2023-07-20 18:21:04,701 [WARN] ConditionMgr:1039 - genDependencies : Invalid condition id : LAN8742 Phy interface Condition cause : null
2023-07-20 18:21:04,702 [WARN] ConditionMgr:1039 - genDependencies : Invalid condition id : LAN8742 Phy interface Condition cause : null
2023-07-20 18:21:04,704 [WARN] ConditionMgr:1039 - genDependencies : Invalid condition id : LAN8742 Phy interface Condition cause : null
2023-07-20 18:21:04,726 [WARN] PackLoader:240 - Cannot read IP mode file for STMicroelectronics.X-CUBE-SFXS2LP1.4.0.0
2023-07-20 18:21:04,735 [WARN] PackLoader:240 - Cannot read IP mode file for STMicroelectronics.X-CUBE-ISPU.1.1.0
2023-07-20 18:21:04,744 [WARN] PackLoader:240 - Cannot read IP mode file for STMicroelectronics.X-CUBE-FREERTOS.1.0.1
2023-07-20 18:21:04,782 [WARN] PackLoader:240 - Cannot read IP mode file for STMicroelectronics.X-CUBE-AZRTOS-L5.1.1.0
2023-07-20 18:21:04,794 [WARN] PackLoader:240 - Cannot read IP mode file for STMicroelectronics.X-CUBE-AI.8.0.1
2023-07-20 18:21:04,816 [WARN] PackLoader:240 - Cannot read IP mode file for STMicroelectronics.X-CUBE-SUBG2.5.0.0
2023-07-20 18:21:04,870 [WARN] PackLoader:240 - Cannot read IP mode file for STMicroelectronics.X-CUBE-AZRTOS-G4.2.0.0
2023-07-20 18:21:04,899 [WARN] PackLoader:240 - Cannot read IP mode file for STMicroelectronics.X-CUBE-TOF1.3.3.0
2023-07-20 18:21:04,932 [WARN] PackLoader:240 - Cannot read IP mode file for portGmbH.I-Cube-SoM-uGOAL.1.1.0
2023-07-20 18:21:04,940 [WARN] PackLoader:240 - Cannot read IP mode file for STMicroelectronics.X-CUBE-ALS.1.0.1
2023-07-20 18:21:04,971 [WARN] PackLoader:240 - Cannot read IP mode file for STMicroelectronics.X-CUBE-AZRTOS-WB.1.1.0
2023-07-20 18:21:04,981 [WARN] PackLoader:240 - Cannot read IP mode file for STMicroelectronics.FP-ATR-ASTRA1.2.0.0
2023-07-20 18:21:04,983 [INFO] ThirdParty:978 - Integrity check success = true
2023-07-20 18:21:04,984 [INFO] IntegrityCheckThread:100 - exiting critical section [integrity check]
2023-07-20 18:21:04,984 [INFO] IntegrityCheckThread:103 - End integrity checks thread
2023-07-20 18:21:21,584 [ERROR] LogOutputStream:75 - [STDERR_REDIRECT] SLF4J: Failed to load class "org.slf4j.impl.StaticLoggerBinder".
2023-07-20 18:21:21,585 [ERROR] LogOutputStream:75 - [STDERR_REDIRECT] SLF4J: Defaulting to no-operation (NOP) logger implementation
2023-07-20 18:21:21,586 [ERROR] LogOutputStream:75 - [STDERR_REDIRECT] SLF4J: See http://www.slf4j.org/codes.html#StaticLoggerBinder for further details.
2023-07-20 19:37:37,713 [INFO] McuFinderGlobals:63 - Set McuFinder mode to 2 (CubeIDE integrated)
2023-07-20 19:37:37,718 [INFO] MainUpdater:2868 - connection check result : 10
2023-07-20 19:37:37,721 [INFO] McuFinderGlobals:76 - Set McuFinderConnectedMode to true
2023-07-20 19:37:39,343 [INFO] ServerAccessManage:473 - Download File mcusAds.json._tmp_
2023-07-20 19:37:39,448 [INFO] LoadUrlFilesThread:156 - End of LoadUrlFiles Thread
2023-07-20 19:37:42,410 [INFO] ServerAccessManage:473 - Download File cube-finder-db.zip
2023-07-20 19:40:13,521 [INFO] FileExtend:240 - Unzip File : cube-finder-db.zip
2023-07-20 19:40:13,521 [INFO] FileExtend:255 - Standard Zip Deflate
2023-07-20 19:40:14,476 [INFO] LoadUrlFilesThread:156 - End of LoadUrlFiles Thread
2023-07-20 19:40:16,294 [INFO] ServerAccessManage:473 - Download File crdb.zip
2023-07-20 19:40:18,695 [INFO] FileExtend:240 - Unzip File : crdb.zip
2023-07-20 19:40:18,695 [INFO] FileExtend:255 - Standard Zip Deflate
2023-07-20 19:40:18,834 [INFO] LoadUrlFilesThread:156 - End of LoadUrlFiles Thread
2023-07-20 19:40:21,047 [INFO] ServerAccessManage:473 - Download File tutoVideoDB.zip
2023-07-20 19:40:21,153 [INFO] FileExtend:240 - Unzip File : tutoVideoDB.zip
2023-07-20 19:40:21,154 [INFO] FileExtend:255 - Standard Zip Deflate
2023-07-20 19:40:21,260 [INFO] LoadUrlFilesThread:156 - End of LoadUrlFiles Thread
2023-07-20 19:40:21,267 [WARN] DbFile:41 - Overriding database path with different value: /home/northy/.stmcufinder/plugins/mcufinder/ => /home/northy/.stmcufinder/plugins/mcufinder
2023-07-20 19:40:22,113 [INFO] ServerAccessManage:473 - Download File api_config.json
2023-07-20 19:40:22,221 [INFO] LoadUrlFilesThread:156 - End of LoadUrlFiles Thread
2023-07-20 19:40:22,223 [INFO] DbMcusAds:53 - JSON generation date=Tue Mar 07 15:50:55 ICT 2023 (1678179055114)
2023-07-20 19:40:22,269 [INFO] LoadUrlFilesThread:185 - End of LoadServerUrlFiles without Thread
2023-07-20 19:40:22,269 [INFO] TargetSelectorAdapter:259 - Refresh data is successful
2023-07-20 19:40:22,428 [INFO] ApiDb:581 - Connected to CubeFinder SQLite database (/home/northy/.stmcufinder/plugins/mcufinder/mcu/cube-finder-db.db)
2023-07-20 19:40:22,511 [INFO] ApiDb:668 - CubeFinder database Data Model version=2.1
2023-07-20 19:40:22,511 [INFO] ApiDb:669 - CubeFinder database Configuration version=3.0.37
2023-07-20 19:40:22,513 [INFO] ApiDb:670 - CubeFinder database generation date=2023-06-26 (1687786131)
2023-07-20 19:40:22,514 [INFO] ApiDb:671 - CubeFinder database FW Pack versions=[FP-ATR-ASTRA1_V2.0.0, FP-SNS-FLIGHT1_V5.0.1, FP-SNS-MOTENV1_V4.3.1, STM32Cube_FW_C0_V1.1.0, STM32Cube_FW_F4_V1.27.1, STM32Cube_FW_F7_V1.17.0, STM32Cube_FW_G0_V1.6.1, STM32Cube_FW_G4_V1.5.1, STM32Cube_FW_H5_V0.5.1, STM32Cube_FW_H5_V1.1.0, STM32Cube_FW_H7_V1.11.0, STM32Cube_FW_L0_V1.12.2, STM32Cube_FW_L5_V1.5.0, STM32Cube_FW_U5_V1.3.0, STM32Cube_FW_U5_V1.3.0RC4, STM32Cube_FW_WBA_V1.0.0RC1, STM32Cube_FW_WBA_V1.1.0, STM32Cube_FW_WBA_V1.1.0RC1, STM32Cube_FW_WB_V1.15.0RC1, STM32Cube_FW_WB_V1.16.0, STM32Cube_FW_WB_V1.16.0RC2, STM32Cube_FW_WB_V1.17.0, STM32Cube_FW_WL_V1.3.0, X-CUBE-ALGOBUILD_V1.3.0, X-CUBE-ALS_V1.0.1, X-CUBE-AZRTOS-F4_V1.1.0, X-CUBE-AZRTOS-F7_V1.1.0, X-CUBE-AZRTOS-G0_V1.1.0, X-CUBE-AZRTOS-G4_V2.0.0, X-CUBE-AZRTOS-H7_V3.1.0, X-CUBE-AZRTOS-L4_V1.0.0, X-CUBE-AZRTOS-L4_V2.0.0, X-CUBE-AZRTOS-L5_V1.1.0, X-CUBE-AZRTOS-WB_V1.1.0, X-CUBE-AZRTOS-WL_V2.0.0, X-CUBE-BLE1_V6.2.4, X-CUBE-BLE2_V3.3.0, X-CUBE-BLEMGR_V2.0.0, X-CUBE-EEPRMA1_V4.1.0, X-CUBE-FREERTOS_V1.0.1, X-CUBE-GNSS1_V6.0.0, X-CUBE-MEMS1_V9.1.0, X-CUBE-MEMS1_V9.4.0, X-CUBE-MEMS1_V9.6.0, X-CUBE-NFC4_V3.0.0, X-CUBE-NFC7_V1.0.0, X-CUBE-SFXS2LP1_V4.0.0, X-CUBE-SUBG2_V5.0.0]
2023-07-20 19:40:26,363 [INFO] ApiDb:240 - Found 323 in-development CPN: [B-G473E-ZEST1S, B-WB1M-WPAN1, B-WL5M-SUBG1, NUCLEO-C031C6, NUCLEO-H503RB, NUCLEO-H563ZI, NUCLEO-U545RE-Q, NUCLEO-U5A5ZJ-Q, NUCLEO-WBA52CG, STEVAL-PROTEUS1, STEVAL-SMARTAG2, STEVAL-STWINBX1, STM320518-EVAL, STM32C0116-DK, STM32C011D6Y3TR, STM32C011D6Y6TR, STM32C011F4P3, STM32C011F4P6, STM32C011F4U3, STM32C011F4U6TR, STM32C011F6P3, STM32C011F6P6, STM32C011F6U3, STM32C011F6U6TR, STM32C011J4M3, STM32C011J4M6, STM32C011J6M3, STM32C011J6M6, STM32C0316-DK, STM32C031C4T3, STM32C031C4T6, STM32C031C4U3, STM32C031C4U6, STM32C031C6T3, STM32C031C6T6, STM32C031C6U3, STM32C031C6U6, STM32C031F4P3, STM32C031F4P6, STM32C031F6P3, STM32C031F6P6, STM32C031G4U3, STM32C031G4U6, STM32C031G6U3, STM32C031G6U6, STM32C031K4T3, STM32C031K4T6, STM32C031K4U3, STM32C031K4U6, STM32C031K6T3, STM32C031K6T6, STM32C031K6U3, STM32C031K6U6, STM32G071K8TXN, STM32G071K8UXN, STM32G081GBU6N, STM32G081KBT6N, STM32G081KBUXN, STM32G0B1CCT6N, STM32G0B1KCT6, STM32G0B1NEY6TR, STM32G0B1RCT6N, STM32G0C1CCT6, STM32G0C1CCT6N, STM32G0C1CCU6N, STM32G0C1CET6N, STM32G0C1CEU6N, STM32G0C1KCT6, STM32G0C1NEY6TR, STM32G0C1RCI6N, STM32G0C1RCT6N, STM32G0C1REI6N, STM32G0C1RET6N, STM32G0C1VCI6, STM32G0C1VEI6, STM32G471CCT6, STM32G471CCU6, STM32G471CET3, STM32G471CET6, STM32G471CEU3, STM32G471CEU6, STM32G471MCT6, STM32G471MET3, STM32G471MET6, STM32G471MEY6TR, STM32G471QCT6, STM32G471QET3, STM32G471RCT6, STM32G471RET3, STM32G471RET6, STM32G471VCH6, STM32G471VCI6, STM32G471VCT6, STM32G471VEH3, STM32G471VEH6, STM32G471VEI3, STM32G471VEI6, STM32G471VET3, STM32G471VET6, STM32G474CCT6, STM32H503CBT6, STM32H503CBU6, STM32H503EBY6TR, STM32H503KBU6, STM32H503RBT6, STM32H562AGI6, STM32H562AII6, STM32H562IGK6, STM32H562IGT6, STM32H562IIK6, STM32H562IIT6, STM32H562RGT6, STM32H562RGV6, STM32H562RIT6, STM32H562RIV6, STM32H562VGT6, STM32H562VIT6, STM32H562ZGT6, STM32H562ZIT6, STM32H563AGI6, STM32H563AII3Q, STM32H563AII6, STM32H563IGK6, STM32H563IGT6, STM32H563IIK3Q, STM32H563IIK6, STM32H563IIT3Q, STM32H563IIT6, STM32H563MIY3QTR, STM32H563RGT6, STM32H563RGV6, STM32H563RIT6, STM32H563RIV6, STM32H563VGT6, STM32H563VIT3Q, STM32H563VIT6, STM32H563ZGT6, STM32H563ZIT3Q, STM32H563ZIT6, STM32H573AII3Q, STM32H573AII6, STM32H573I-DK, STM32H573IIK3Q, STM32H573IIK6, STM32H573IIT3Q, STM32H573IIT6, STM32H573MIY3QTR, STM32H573RIT6, STM32H573RIV6, STM32H573VIT3Q, STM32H573VIT6, STM32H573ZIT3Q, STM32H573ZIT6, STM32L4R5QGI6STR, STM32MP131AAE3, STM32MP131AAF3, STM32MP131AAG3, STM32MP131CAE3, STM32MP131CAF3, STM32MP131CAG3, STM32MP131DAE7, STM32MP131DAF7, STM32MP131DAG7, STM32MP131FAE7, STM32MP131FAF7, STM32MP131FAG7, STM32MP133AAE3, STM32MP133AAF3, STM32MP133AAG3, STM32MP133CAE3, STM32MP133CAF3, STM32MP133CAG3, STM32MP133DAE7, STM32MP133DAF7, STM32MP133DAG7, STM32MP133FAE7, STM32MP133FAF7, STM32MP133FAG7, STM32MP135AAE3, STM32MP135AAF3, STM32MP135AAG3, STM32MP135CAE3, STM32MP135CAF3, STM32MP135CAG3, STM32MP135DAE7, STM32MP135DAF7, STM32MP135DAG7, STM32MP135F-DK, STM32MP135FAE7, STM32MP135FAF7, STM32MP135FAF7T, STM32MP135FAF7U, STM32MP135FAG7, STM32U535CBT6, STM32U535CBT6Q, STM32U535CBU6, STM32U535CBU6Q, STM32U535CCT6, STM32U535CCT6Q, STM32U535CCU6, STM32U535CCU6Q, STM32U535CET6, STM32U535CET6Q, STM32U535CEU6, STM32U535CEU6Q, STM32U535JEY6QTR, STM32U535NCY6QTR, STM32U535NEY6QTR, STM32U535RBI6, STM32U535RBI6Q, STM32U535RBT6, STM32U535RBT6Q, STM32U535RCI6, STM32U535RCI6Q, STM32U535RCT6, STM32U535RCT6Q, STM32U535REI6, STM32U535REI6Q, STM32U535RET6, STM32U535RET6Q, STM32U535VCI6, STM32U535VCI6Q, STM32U535VCT6, STM32U535VCT6Q, STM32U535VEI6, STM32U535VEI6Q, STM32U535VET6, STM32U535VET6Q, STM32U545CET6, STM32U545CET6Q, STM32U545CEU6, STM32U545CEU6Q, STM32U545JEY6QTR, STM32U545NEY6QTR, STM32U545REI6, STM32U545REI6Q, STM32U545RET6, STM32U545RET6Q, STM32U545VEI6, STM32U545VEI6Q, STM32U545VET6, STM32U545VET6Q, STM32U595AIH6, STM32U595AIH6Q, STM32U595AJH6, STM32U595AJH6Q, STM32U595QII6, STM32U595QII6Q, STM32U595QJI6, STM32U595QJI6Q, STM32U595RIT6, STM32U595RIT6Q, STM32U595RJT6, STM32U595RJT6Q, STM32U595VIT6, STM32U595VIT6Q, STM32U595VJT6, STM32U595VJT6Q, STM32U595ZIT6, STM32U595ZIT6Q, STM32U595ZIY6QTR, STM32U595ZJT6, STM32U595ZJT6Q, STM32U595ZJY6QTR, STM32U599BJY6QTR, STM32U599NIH6Q, STM32U599NJH6Q, STM32U599VIT6Q, STM32U599VJT6, STM32U599VJT6Q, STM32U599ZIT6Q, STM32U599ZIY6QTR, STM32U599ZJT6Q, STM32U599ZJY6QTR, STM32U5A5AJH6, STM32U5A5AJH6Q, STM32U5A5QJI6, STM32U5A5QJI6Q, STM32U5A5RJT6, STM32U5A5RJT6Q, STM32U5A5VJT6, STM32U5A5VJT6Q, STM32U5A5ZJT6, STM32U5A5ZJT6Q, STM32U5A5ZJY6QTR, STM32U5A9BJY6QTR, STM32U5A9J-DK, STM32U5A9NJH6Q, STM32U5A9VJT6Q, STM32U5A9ZJT6Q, STM32U5A9ZJY6QTR, STM32U5F7VIT6, STM32U5F7VIT6Q, STM32U5F7VJT6, STM32U5F7VJT6Q, STM32U5F9BJY6QTR, STM32U5F9NJH6Q, STM32U5F9VIT6Q, STM32U5F9VJT6Q, STM32U5F9ZIJ6QTR, STM32U5F9ZIT6Q, STM32U5F9ZJJ6QTR, STM32U5F9ZJT6Q, STM32U5G7VJT6, STM32U5G7VJT6Q, STM32U5G9BJY6QTR, STM32U5G9J-DK1, STM32U5G9J-DK2, STM32U5G9NJH6Q, STM32U5G9VJT6Q, STM32U5G9ZJJ6QTR, STM32U5G9ZJT6Q, STM32WB1MMCH6, STM32WBA52CEU6, STM32WBA52CEU6T, STM32WBA52CGU6, STM32WBA52CGU6T, STM32WBA52KEU6, STM32WBA52KEU6T, STM32WBA52KGU6, STM32WBA52KGU6T, STM32WL5MOCH6, STM32WL5MOCH6TR]
2023-07-20 19:40:26,372 [INFO] DbMcus:217 - Found 3848 MCUs, 3848 are supported
2023-07-20 19:40:26,375 [INFO] ApiDb:423 - Load user favorites file /home/northy/.stm32cubeide/favorites.mcus.txt: 1 item(s)
2023-07-20 19:40:26,376 [INFO] ApiDb:427 - User favorites MCUs=[STM32F767ZIT6]
2023-07-20 19:40:26,376 [INFO] DbMcus:223 - Set 1 / 1 favorites MCUs
2023-07-20 19:40:26,726 [INFO] ApiDb:668 - CubeFinder database Data Model version=2.1
2023-07-20 19:40:26,726 [INFO] ApiDb:669 - CubeFinder database Configuration version=3.0.37
2023-07-20 19:40:26,726 [INFO] ApiDb:670 - CubeFinder database generation date=2023-06-26 (1687786131)
2023-07-20 19:40:26,726 [INFO] ApiDb:671 - CubeFinder database FW Pack versions=[FP-ATR-ASTRA1_V2.0.0, FP-SNS-FLIGHT1_V5.0.1, FP-SNS-MOTENV1_V4.3.1, STM32Cube_FW_C0_V1.1.0, STM32Cube_FW_F4_V1.27.1, STM32Cube_FW_F7_V1.17.0, STM32Cube_FW_G0_V1.6.1, STM32Cube_FW_G4_V1.5.1, STM32Cube_FW_H5_V0.5.1, STM32Cube_FW_H5_V1.1.0, STM32Cube_FW_H7_V1.11.0, STM32Cube_FW_L0_V1.12.2, STM32Cube_FW_L5_V1.5.0, STM32Cube_FW_U5_V1.3.0, STM32Cube_FW_U5_V1.3.0RC4, STM32Cube_FW_WBA_V1.0.0RC1, STM32Cube_FW_WBA_V1.1.0, STM32Cube_FW_WBA_V1.1.0RC1, STM32Cube_FW_WB_V1.15.0RC1, STM32Cube_FW_WB_V1.16.0, STM32Cube_FW_WB_V1.16.0RC2, STM32Cube_FW_WB_V1.17.0, STM32Cube_FW_WL_V1.3.0, X-CUBE-ALGOBUILD_V1.3.0, X-CUBE-ALS_V1.0.1, X-CUBE-AZRTOS-F4_V1.1.0, X-CUBE-AZRTOS-F7_V1.1.0, X-CUBE-AZRTOS-G0_V1.1.0, X-CUBE-AZRTOS-G4_V2.0.0, X-CUBE-AZRTOS-H7_V3.1.0, X-CUBE-AZRTOS-L4_V1.0.0, X-CUBE-AZRTOS-L4_V2.0.0, X-CUBE-AZRTOS-L5_V1.1.0, X-CUBE-AZRTOS-WB_V1.1.0, X-CUBE-AZRTOS-WL_V2.0.0, X-CUBE-BLE1_V6.2.4, X-CUBE-BLE2_V3.3.0, X-CUBE-BLEMGR_V2.0.0, X-CUBE-EEPRMA1_V4.1.0, X-CUBE-FREERTOS_V1.0.1, X-CUBE-GNSS1_V6.0.0, X-CUBE-MEMS1_V9.1.0, X-CUBE-MEMS1_V9.4.0, X-CUBE-MEMS1_V9.6.0, X-CUBE-NFC4_V3.0.0, X-CUBE-NFC7_V1.0.0, X-CUBE-SFXS2LP1_V4.0.0, X-CUBE-SUBG2_V5.0.0]
2023-07-20 19:40:26,823 [INFO] DbBoardsSqlite:226 - include board P-NUCLEO-WB55-NUCLEO as a kit item of type 'Nucleo-64'
2023-07-20 19:40:26,823 [INFO] DbBoardsSqlite:226 - include board P-NUCLEO-WB55-USBDONGLE as a kit item of type 'Nucleo USB Dongle'
2023-07-20 19:40:26,824 [INFO] DbBoardsSqlite:226 - include board STEVAL-IDP005V1 as a kit item of type 'Evaluation Board'
2023-07-20 19:40:26,824 [INFO] DbBoardsSqlite:226 - include board STEVAL-IDP005V2 as a kit item of type 'Evaluation Board'
2023-07-20 19:40:26,869 [INFO] ApiDb:240 - Found 323 in-development CPN: [B-G473E-ZEST1S, B-WB1M-WPAN1, B-WL5M-SUBG1, NUCLEO-C031C6, NUCLEO-H503RB, NUCLEO-H563ZI, NUCLEO-U545RE-Q, NUCLEO-U5A5ZJ-Q, NUCLEO-WBA52CG, STEVAL-PROTEUS1, STEVAL-SMARTAG2, STEVAL-STWINBX1, STM320518-EVAL, STM32C0116-DK, STM32C011D6Y3TR, STM32C011D6Y6TR, STM32C011F4P3, STM32C011F4P6, STM32C011F4U3, STM32C011F4U6TR, STM32C011F6P3, STM32C011F6P6, STM32C011F6U3, STM32C011F6U6TR, STM32C011J4M3, STM32C011J4M6, STM32C011J6M3, STM32C011J6M6, STM32C0316-DK, STM32C031C4T3, STM32C031C4T6, STM32C031C4U3, STM32C031C4U6, STM32C031C6T3, STM32C031C6T6, STM32C031C6U3, STM32C031C6U6, STM32C031F4P3, STM32C031F4P6, STM32C031F6P3, STM32C031F6P6, STM32C031G4U3, STM32C031G4U6, STM32C031G6U3, STM32C031G6U6, STM32C031K4T3, STM32C031K4T6, STM32C031K4U3, STM32C031K4U6, STM32C031K6T3, STM32C031K6T6, STM32C031K6U3, STM32C031K6U6, STM32G071K8TXN, STM32G071K8UXN, STM32G081GBU6N, STM32G081KBT6N, STM32G081KBUXN, STM32G0B1CCT6N, STM32G0B1KCT6, STM32G0B1NEY6TR, STM32G0B1RCT6N, STM32G0C1CCT6, STM32G0C1CCT6N, STM32G0C1CCU6N, STM32G0C1CET6N, STM32G0C1CEU6N, STM32G0C1KCT6, STM32G0C1NEY6TR, STM32G0C1RCI6N, STM32G0C1RCT6N, STM32G0C1REI6N, STM32G0C1RET6N, STM32G0C1VCI6, STM32G0C1VEI6, STM32G471CCT6, STM32G471CCU6, STM32G471CET3, STM32G471CET6, STM32G471CEU3, STM32G471CEU6, STM32G471MCT6, STM32G471MET3, STM32G471MET6, STM32G471MEY6TR, STM32G471QCT6, STM32G471QET3, STM32G471RCT6, STM32G471RET3, STM32G471RET6, STM32G471VCH6, STM32G471VCI6, STM32G471VCT6, STM32G471VEH3, STM32G471VEH6, STM32G471VEI3, STM32G471VEI6, STM32G471VET3, STM32G471VET6, STM32G474CCT6, STM32H503CBT6, STM32H503CBU6, STM32H503EBY6TR, STM32H503KBU6, STM32H503RBT6, STM32H562AGI6, STM32H562AII6, STM32H562IGK6, STM32H562IGT6, STM32H562IIK6, STM32H562IIT6, STM32H562RGT6, STM32H562RGV6, STM32H562RIT6, STM32H562RIV6, STM32H562VGT6, STM32H562VIT6, STM32H562ZGT6, STM32H562ZIT6, STM32H563AGI6, STM32H563AII3Q, STM32H563AII6, STM32H563IGK6, STM32H563IGT6, STM32H563IIK3Q, STM32H563IIK6, STM32H563IIT3Q, STM32H563IIT6, STM32H563MIY3QTR, STM32H563RGT6, STM32H563RGV6, STM32H563RIT6, STM32H563RIV6, STM32H563VGT6, STM32H563VIT3Q, STM32H563VIT6, STM32H563ZGT6, STM32H563ZIT3Q, STM32H563ZIT6, STM32H573AII3Q, STM32H573AII6, STM32H573I-DK, STM32H573IIK3Q, STM32H573IIK6, STM32H573IIT3Q, STM32H573IIT6, STM32H573MIY3QTR, STM32H573RIT6, STM32H573RIV6, STM32H573VIT3Q, STM32H573VIT6, STM32H573ZIT3Q, STM32H573ZIT6, STM32L4R5QGI6STR, STM32MP131AAE3, STM32MP131AAF3, STM32MP131AAG3, STM32MP131CAE3, STM32MP131CAF3, STM32MP131CAG3, STM32MP131DAE7, STM32MP131DAF7, STM32MP131DAG7, STM32MP131FAE7, STM32MP131FAF7, STM32MP131FAG7, STM32MP133AAE3, STM32MP133AAF3, STM32MP133AAG3, STM32MP133CAE3, STM32MP133CAF3, STM32MP133CAG3, STM32MP133DAE7, STM32MP133DAF7, STM32MP133DAG7, STM32MP133FAE7, STM32MP133FAF7, STM32MP133FAG7, STM32MP135AAE3, STM32MP135AAF3, STM32MP135AAG3, STM32MP135CAE3, STM32MP135CAF3, STM32MP135CAG3, STM32MP135DAE7, STM32MP135DAF7, STM32MP135DAG7, STM32MP135F-DK, STM32MP135FAE7, STM32MP135FAF7, STM32MP135FAF7T, STM32MP135FAF7U, STM32MP135FAG7, STM32U535CBT6, STM32U535CBT6Q, STM32U535CBU6, STM32U535CBU6Q, STM32U535CCT6, STM32U535CCT6Q, STM32U535CCU6, STM32U535CCU6Q, STM32U535CET6, STM32U535CET6Q, STM32U535CEU6, STM32U535CEU6Q, STM32U535JEY6QTR, STM32U535NCY6QTR, STM32U535NEY6QTR, STM32U535RBI6, STM32U535RBI6Q, STM32U535RBT6, STM32U535RBT6Q, STM32U535RCI6, STM32U535RCI6Q, STM32U535RCT6, STM32U535RCT6Q, STM32U535REI6, STM32U535REI6Q, STM32U535RET6, STM32U535RET6Q, STM32U535VCI6, STM32U535VCI6Q, STM32U535VCT6, STM32U535VCT6Q, STM32U535VEI6, STM32U535VEI6Q, STM32U535VET6, STM32U535VET6Q, STM32U545CET6, STM32U545CET6Q, STM32U545CEU6, STM32U545CEU6Q, STM32U545JEY6QTR, STM32U545NEY6QTR, STM32U545REI6, STM32U545REI6Q, STM32U545RET6, STM32U545RET6Q, STM32U545VEI6, STM32U545VEI6Q, STM32U545VET6, STM32U545VET6Q, STM32U595AIH6, STM32U595AIH6Q, STM32U595AJH6, STM32U595AJH6Q, STM32U595QII6, STM32U595QII6Q, STM32U595QJI6, STM32U595QJI6Q, STM32U595RIT6, STM32U595RIT6Q, STM32U595RJT6, STM32U595RJT6Q, STM32U595VIT6, STM32U595VIT6Q, STM32U595VJT6, STM32U595VJT6Q, STM32U595ZIT6, STM32U595ZIT6Q, STM32U595ZIY6QTR, STM32U595ZJT6, STM32U595ZJT6Q, STM32U595ZJY6QTR, STM32U599BJY6QTR, STM32U599NIH6Q, STM32U599NJH6Q, STM32U599VIT6Q, STM32U599VJT6, STM32U599VJT6Q, STM32U599ZIT6Q, STM32U599ZIY6QTR, STM32U599ZJT6Q, STM32U599ZJY6QTR, STM32U5A5AJH6, STM32U5A5AJH6Q, STM32U5A5QJI6, STM32U5A5QJI6Q, STM32U5A5RJT6, STM32U5A5RJT6Q, STM32U5A5VJT6, STM32U5A5VJT6Q, STM32U5A5ZJT6, STM32U5A5ZJT6Q, STM32U5A5ZJY6QTR, STM32U5A9BJY6QTR, STM32U5A9J-DK, STM32U5A9NJH6Q, STM32U5A9VJT6Q, STM32U5A9ZJT6Q, STM32U5A9ZJY6QTR, STM32U5F7VIT6, STM32U5F7VIT6Q, STM32U5F7VJT6, STM32U5F7VJT6Q, STM32U5F9BJY6QTR, STM32U5F9NJH6Q, STM32U5F9VIT6Q, STM32U5F9VJT6Q, STM32U5F9ZIJ6QTR, STM32U5F9ZIT6Q, STM32U5F9ZJJ6QTR, STM32U5F9ZJT6Q, STM32U5G7VJT6, STM32U5G7VJT6Q, STM32U5G9BJY6QTR, STM32U5G9J-DK1, STM32U5G9J-DK2, STM32U5G9NJH6Q, STM32U5G9VJT6Q, STM32U5G9ZJJ6QTR, STM32U5G9ZJT6Q, STM32WB1MMCH6, STM32WBA52CEU6, STM32WBA52CEU6T, STM32WBA52CGU6, STM32WBA52CGU6T, STM32WBA52KEU6, STM32WBA52KEU6T, STM32WBA52KGU6, STM32WBA52KGU6T, STM32WL5MOCH6, STM32WL5MOCH6TR]
2023-07-20 19:40:27,017 [INFO] BoardInfo:880 - No configuration file found for board P-NUCLEO-WB55
2023-07-20 19:40:27,017 [INFO] DbBoards:157 - Kit is not supported: P-NUCLEO-WB55
2023-07-20 19:40:27,023 [INFO] BoardInfo:880 - No configuration file found for board STEVAL-BFA001V1B
2023-07-20 19:40:27,023 [INFO] DbBoards:157 - Kit is not supported: STEVAL-BFA001V1B
2023-07-20 19:40:27,025 [INFO] BoardInfo:880 - No configuration file found for board STEVAL-BFA001V2B
2023-07-20 19:40:27,025 [INFO] DbBoards:157 - Kit is not supported: STEVAL-BFA001V2B
2023-07-20 19:40:27,172 [INFO] DbBoards:161 - Found 190 boards, 187 are supported
2023-07-20 19:40:27,177 [INFO] ApiDb:414 - User favorites file not found: /home/northy/.stm32cubeide/favorites.boards.txt
2023-07-20 19:40:27,177 [INFO] DbBoards:190 - Set 0 / 0 favorites Boards
2023-07-20 19:40:27,181 [INFO] ApiDb:668 - CubeFinder database Data Model version=2.1
2023-07-20 19:40:27,181 [INFO] ApiDb:669 - CubeFinder database Configuration version=3.0.37
2023-07-20 19:40:27,181 [INFO] ApiDb:670 - CubeFinder database generation date=2023-06-26 (1687786131)
2023-07-20 19:40:27,181 [INFO] ApiDb:671 - CubeFinder database FW Pack versions=[FP-ATR-ASTRA1_V2.0.0, FP-SNS-FLIGHT1_V5.0.1, FP-SNS-MOTENV1_V4.3.1, STM32Cube_FW_C0_V1.1.0, STM32Cube_FW_F4_V1.27.1, STM32Cube_FW_F7_V1.17.0, STM32Cube_FW_G0_V1.6.1, STM32Cube_FW_G4_V1.5.1, STM32Cube_FW_H5_V0.5.1, STM32Cube_FW_H5_V1.1.0, STM32Cube_FW_H7_V1.11.0, STM32Cube_FW_L0_V1.12.2, STM32Cube_FW_L5_V1.5.0, STM32Cube_FW_U5_V1.3.0, STM32Cube_FW_U5_V1.3.0RC4, STM32Cube_FW_WBA_V1.0.0RC1, STM32Cube_FW_WBA_V1.1.0, STM32Cube_FW_WBA_V1.1.0RC1, STM32Cube_FW_WB_V1.15.0RC1, STM32Cube_FW_WB_V1.16.0, STM32Cube_FW_WB_V1.16.0RC2, STM32Cube_FW_WB_V1.17.0, STM32Cube_FW_WL_V1.3.0, X-CUBE-ALGOBUILD_V1.3.0, X-CUBE-ALS_V1.0.1, X-CUBE-AZRTOS-F4_V1.1.0, X-CUBE-AZRTOS-F7_V1.1.0, X-CUBE-AZRTOS-G0_V1.1.0, X-CUBE-AZRTOS-G4_V2.0.0, X-CUBE-AZRTOS-H7_V3.1.0, X-CUBE-AZRTOS-L4_V1.0.0, X-CUBE-AZRTOS-L4_V2.0.0, X-CUBE-AZRTOS-L5_V1.1.0, X-CUBE-AZRTOS-WB_V1.1.0, X-CUBE-AZRTOS-WL_V2.0.0, X-CUBE-BLE1_V6.2.4, X-CUBE-BLE2_V3.3.0, X-CUBE-BLEMGR_V2.0.0, X-CUBE-EEPRMA1_V4.1.0, X-CUBE-FREERTOS_V1.0.1, X-CUBE-GNSS1_V6.0.0, X-CUBE-MEMS1_V9.1.0, X-CUBE-MEMS1_V9.4.0, X-CUBE-MEMS1_V9.6.0, X-CUBE-NFC4_V3.0.0, X-CUBE-NFC7_V1.0.0, X-CUBE-SFXS2LP1_V4.0.0, X-CUBE-SUBG2_V5.0.0]
2023-07-20 19:40:28,550 [INFO] DbExamplesSqlite:395 - Ignored 27 examples not supported by CubeIDE
2023-07-20 19:40:28,551 [INFO] DbExamplesSqlite:396 - Found 7164 examples active
2023-07-20 19:40:28,551 [INFO] DbExamplesSqlite:397 - Found 677 examples obsolete
2023-07-20 19:40:28,551 [INFO] DbExamplesSqlite:398 - Found 0 examples under development
2023-07-20 19:40:28,551 [INFO] DbExamplesSqlite:399 - Found 74 examples not building
2023-07-20 19:40:28,554 [INFO] DbExamples:125 - Found 7211 examples
2023-07-20 19:40:28,582 [INFO] DbExamples:222 - Found 92 boards with related examples
2023-07-20 19:40:28,583 [INFO] DbExamples:235 - Found 78 MCUs with related examples
2023-07-20 19:40:28,620 [INFO] ApiDb:414 - User favorites file not found: /home/northy/.stm32cubeide/favorites.examples.txt
2023-07-20 19:40:28,621 [INFO] DbExamples:250 - Set 0 / 0 favorites Examples
2023-07-20 19:40:28,775 [INFO] McuFinderGlobals:76 - Set McuFinderConnectedMode to true
2023-07-20 19:40:28,787 [INFO] MultiScanPanel:200 - Auto-refresh data requested => check proxy status ongoing
2023-07-20 19:40:28,792 [INFO] FinderPluginLoader:95 - Searching for filters in installed packs
2023-07-20 19:40:31,185 [INFO] LoadUrlFilesThread:185 - End of LoadServerUrlFiles without Thread
2023-07-20 19:40:31,203 [INFO] DetailPanel:341 - Set advertising image to /home/northy/STM32Cube/Repository//en.prom-stm32h5-mcu-finder.jpg
2023-07-20 19:40:45,631 [INFO] McuFinderGlobals:76 - Set McuFinderConnectedMode to true
2023-07-20 19:40:46,207 [INFO] ApiDb:448 - Save user favorites file /home/northy/.stm32cubeide/favorites.mcus.txt: 1 item(s)
2023-07-20 19:40:46,208 [INFO] ApiDb:452 - User favorites MCUs=[STM32F767ZIT6]
2023-07-20 21:39:11,191 [INFO] MainUpdater:2868 - connection check result : 10
2023-07-20 21:39:11,392 [INFO] McuFinderGlobals:76 - Set McuFinderConnectedMode to true
2023-07-20 21:39:11,392 [INFO] MultiScanPanel:200 - Auto-refresh data requested => check proxy status ongoing
2023-07-20 21:39:11,393 [INFO] FinderPluginLoader:95 - Searching for filters in installed packs
2023-07-20 21:39:12,864 [INFO] LoadUrlFilesThread:185 - End of LoadServerUrlFiles without Thread
2023-07-20 21:39:12,865 [INFO] DetailPanel:341 - Set advertising image to /home/northy/STM32Cube/Repository//en.prom-stm32h5-mcu-finder.jpg
2023-07-20 21:41:54,685 [INFO] ApiDb:581 - Connected to CubeFinder SQLite database (/home/northy/.stmcufinder/plugins/mcufinder/mcu/cube-finder-db.db)
2023-07-20 21:42:02,525 [INFO] McuAction:76 - Docs & Resources
2023-07-20 21:42:06,546 [INFO] ServerAccessManage:473 - Download File 
2023-07-20 21:42:07,363 [INFO] LoadUrlFilesThread:185 - End of LoadServerUrlFiles without Thread
2023-07-20 21:42:07,396 [INFO] McuAction:171 - Block Diagram
2023-07-20 21:42:12,761 [INFO] ServerAccessManage:473 - Download File DS11532.pdf
2023-07-20 21:42:37,504 [INFO] LoadUrlFilesThread:156 - End of LoadUrlFiles Thread
2023-07-20 21:42:37,664 [INFO] McuAction:140 - Datasheet
2023-07-20 21:52:50,187 [INFO] McuAction:196 - https://www.st.com/content/ccc/fragment/product_related/rpn_information/product_circuit_diagram/2f/74/3a/eb/6c/03/43/ad/bd_stm32f767xi_2mb.jpg/files/bd_stm32f767xi_2mb.jpg/jcr:content/translations/en.bd_stm32f767xi_2mb.jpg
2023-07-20 21:52:50,189 [INFO] McuDetailPanel:502 - Internet connection configuration mode: 1
2023-07-20 21:52:50,211 [INFO] JxBrowserEngine:151 - Initiate JxBrowser Engine with user profile folder
2023-07-20 21:52:51,748 [INFO] WebAppUi:272 - Instantiating new browser for Project
2023-07-20 21:52:52,762 [INFO] WebAppUi:1170 - Register for checkConnection events
2023-07-20 21:52:52,762 [INFO] WebAppUi:1205 - Apply proxy settings
2023-07-20 21:52:52,763 [INFO] WebAppUi:1243 - Chromium requires no authentication
2023-07-20 21:52:52,771 [INFO] WebAppUi:1229 - Direct internet connection detected
2023-07-20 21:52:52,993 [INFO] WebAppUi:297 - Starting web application
2023-07-20 21:52:52,994 [INFO] WebAppUi:1101 - Web application path used /opt/st/stm32cubeide_1.13.0/plugins/com.st.stm32cube.common.mx_6.9.0.202307051724/db/plugins/mcufinder/reactClient/index.html
2023-07-20 21:52:53,066 [INFO] WebAppUi:870 - Path where api_config.json is located /home/northy/.stmcufinder/plugins/mcufinder//mcu/api_config.json
2023-07-20 21:52:53,066 [INFO] WebAppUi:871 - Setting api config in window object
2023-07-20 21:52:53,117 [WARN] WebAppUi:908 - Cannot access cad_preferences.json
2023-07-20 21:52:53,118 [WARN] WebAppUi:911 - Fallback to default consent
2023-07-20 21:52:53,119 [INFO] WebAppUi:879 - Path where cad_preferences.json is located /home/northy/.stm32cubeide/
2023-07-20 21:52:53,119 [INFO] WebAppUi:880 - Setting consent info in window object
2023-07-20 21:52:54,362 [INFO] WebAppUi:775 - Allow Downloads
2023-07-20 21:52:54,364 [INFO] WebAppUi:272 - Instantiating new browser for Finder
2023-07-20 21:52:54,577 [INFO] WebAppUi:1170 - Register for checkConnection events
2023-07-20 21:52:54,577 [INFO] WebAppUi:1205 - Apply proxy settings
2023-07-20 21:52:54,578 [INFO] WebAppUi:1243 - Chromium requires no authentication
2023-07-20 21:52:54,580 [INFO] WebAppUi:1229 - Direct internet connection detected
2023-07-20 21:52:54,605 [INFO] WebAppUi:297 - Starting web application
2023-07-20 21:52:54,605 [INFO] WebAppUi:1101 - Web application path used /opt/st/stm32cubeide_1.13.0/plugins/com.st.stm32cube.common.mx_6.9.0.202307051724/db/plugins/mcufinder/reactClient/index.html
2023-07-20 21:52:54,649 [INFO] WebAppUi:870 - Path where api_config.json is located /home/northy/.stmcufinder/plugins/mcufinder//mcu/api_config.json
2023-07-20 21:52:54,650 [INFO] WebAppUi:871 - Setting api config in window object
2023-07-20 21:52:54,692 [INFO] WebAppUi:879 - Path where cad_preferences.json is located /home/northy/.stm32cubeide/
2023-07-20 21:52:54,692 [INFO] WebAppUi:880 - Setting consent info in window object
2023-07-20 21:52:55,710 [INFO] WebAppUi:775 - Allow Downloads
2023-07-20 21:52:55,711 [INFO] WebAppUi:596 - RPN selected STM32F767ZI
2023-07-20 21:52:55,711 [INFO] WebAppUi:597 - RefName selected STM32F767ZITx
2023-07-20 21:52:55,712 [INFO] WebAppUi:598 - CPN selected STM32F767ZIT6
2023-07-20 21:52:55,720 [INFO] WebAppUi:761 - Which Bigleton in use 1 and which CPN is about STM32F767ZIT6
2023-07-20 21:52:55,722 [INFO] WebAppUi:635 - Have injected Javascript into web application
2023-07-20 21:52:55,722 [INFO] WebAppUiContainer:149 - Web application run mode: Finder CPN: STM32F767ZIT6
2023-07-20 21:52:55,724 [INFO] McuAction:200 - CAD Resources
2023-07-20 21:52:55,745 [INFO] WebAppUi:1035 - Web application message: [UlApiManager component] Connected to Ultra Librarian SSO
2023-07-20 21:52:55,746 [INFO] WebAppUi:1035 - Web application message: [UlApiManager component] Connected to Ultra Librarian API
2023-07-20 21:52:56,760 [INFO] WebAppUi:1035 - Web application message: [UlApiManager component] Connected to Ultra Librarian SSO
2023-07-20 21:52:56,763 [INFO] WebAppUi:1035 - Web application message: [UlApiManager component] Connected to Ultra Librarian API
2023-07-20 21:52:57,226 [INFO] WebAppUi:1035 - Web application message: CAD resources feature launch attempt
2023-07-20 21:53:02,888 [INFO] WebAppUi:870 - Path where api_config.json is located /home/northy/.stmcufinder/plugins/mcufinder//mcu/api_config.json
2023-07-20 21:53:02,889 [INFO] WebAppUi:871 - Setting api config in window object
2023-07-20 21:53:02,916 [INFO] WebAppUi:879 - Path where cad_preferences.json is located /home/northy/.stm32cubeide/
2023-07-20 21:53:02,916 [INFO] WebAppUi:880 - Setting consent info in window object
2023-07-20 21:53:07,460 [INFO] WebAppUi:1035 - Web application message: THREE.WebGLRenderer 101
2023-07-20 21:53:12,159 [INFO] McuAction:76 - Docs & Resources
2023-07-20 21:53:26,041 [INFO] ServerAccessManage:473 - Download File PM0253.pdf
2023-07-20 21:53:39,021 [INFO] LoadUrlFilesThread:156 - End of LoadUrlFiles Thread
2023-07-20 22:10:16,947 [INFO] McuFinderGlobals:76 - Set McuFinderConnectedMode to true
2023-07-20 22:10:17,549 [INFO] ApiDb:448 - Save user favorites file /home/northy/.stm32cubeide/favorites.mcus.txt: 1 item(s)
2023-07-20 22:10:17,549 [INFO] ApiDb:452 - User favorites MCUs=[STM32F767ZIT6]
2023-07-20 22:10:17,708 [ERROR] LogOutputStream:75 - [STDERR_REDIRECT] Exception in thread "AWT-EventQueue-0" java.lang.NullPointerException: Cannot invoke "com.st.stm32cube.common.mx.targetselector.IdeMcuFinder.cleanUp(boolean)" because "this.this$0.mcuFinder" is null
2023-07-20 22:10:17,709 [ERROR] LogOutputStream:75 - [STDERR_REDIRECT] 	at com.st.stm32cube.common.mx.targetselector.TargetSelectorAdapter$7.run(TargetSelectorAdapter.java:353)
2023-07-20 22:10:17,709 [ERROR] LogOutputStream:75 - [STDERR_REDIRECT] 	at com.st.stm32cube.common.mx.oss.core.awtswtbridge.AwtEnvironment$2.run(AwtEnvironment.java:166)
2023-07-20 22:10:17,709 [ERROR] LogOutputStream:75 - [STDERR_REDIRECT] 	at java.desktop/java.awt.event.InvocationEvent.dispatch(InvocationEvent.java:318)
2023-07-20 22:10:17,710 [ERROR] LogOutputStream:75 - [STDERR_REDIRECT] 	at java.desktop/java.awt.EventQueue.dispatchEventImpl(EventQueue.java:771)
2023-07-20 22:10:17,710 [ERROR] LogOutputStream:75 - [STDERR_REDIRECT] 	at java.desktop/java.awt.EventQueue$4.run(EventQueue.java:722)
2023-07-20 22:10:17,710 [ERROR] LogOutputStream:75 - [STDERR_REDIRECT] 	at java.desktop/java.awt.EventQueue$4.run(EventQueue.java:716)
2023-07-20 22:10:17,710 [ERROR] LogOutputStream:75 - [STDERR_REDIRECT] 	at java.base/java.security.AccessController.doPrivileged(AccessController.java:399)
2023-07-20 22:10:17,711 [ERROR] LogOutputStream:75 - [STDERR_REDIRECT] 	at java.base/java.security.ProtectionDomain$JavaSecurityAccessImpl.doIntersectionPrivilege(ProtectionDomain.java:86)
2023-07-20 22:10:17,711 [ERROR] LogOutputStream:75 - [STDERR_REDIRECT] 	at java.desktop/java.awt.EventQueue.dispatchEvent(EventQueue.java:741)
2023-07-20 22:10:17,712 [ERROR] LogOutputStream:75 - [STDERR_REDIRECT] 	at java.desktop/java.awt.EventDispatchThread.pumpOneEventForFilters(EventDispatchThread.java:203)
2023-07-20 22:10:17,712 [ERROR] LogOutputStream:75 - [STDERR_REDIRECT] 	at java.desktop/java.awt.EventDispatchThread.pumpEventsForFilter(EventDispatchThread.java:124)
2023-07-20 22:10:17,713 [ERROR] LogOutputStream:75 - [STDERR_REDIRECT] 	at java.desktop/java.awt.EventDispatchThread.pumpEventsForHierarchy(EventDispatchThread.java:113)
2023-07-20 22:10:17,713 [ERROR] LogOutputStream:75 - [STDERR_REDIRECT] 	at java.desktop/java.awt.EventDispatchThread.pumpEvents(EventDispatchThread.java:109)
2023-07-20 22:10:17,714 [ERROR] LogOutputStream:75 - [STDERR_REDIRECT] 	at java.desktop/java.awt.EventDispatchThread.pumpEvents(EventDispatchThread.java:101)
2023-07-20 22:10:17,714 [ERROR] LogOutputStream:75 - [STDERR_REDIRECT] 	at java.desktop/java.awt.EventDispatchThread.run(EventDispatchThread.java:90)
2023-07-20 22:41:40,906 [ERROR] AdobePublisher:183 - Exception while getting the server answer: java.net.SocketTimeoutException: Read timed out
2023-07-20 22:41:42,119 [INFO] WebAppUi:241 - Path where cad_preferences.json is located /home/northy/.stm32cubeide/
2023-07-20 22:41:42,120 [INFO] WebAppUi:242 - Updating consent from JSON file
2023-07-20 22:41:42,280 [INFO] WebAppUi:430 - JxBrowser engine has been closed 
2023-07-20 22:41:42,280 [INFO] WebAppUi:467 - Close the Jxbrowser engine manually
2023-07-20 22:41:43,003 [ERROR] LogOutputStream:75 - [STDERR_REDIRECT] 
